ERROR - 2022-07-05 22:21:41 --> Unknown column 'datajadwal.guru' in 'where clause'
CRITICAL - 2022-07-05 22:21:41 --> Unknown column 'datajadwal.guru' in 'where clause'
#0 /mnt/work/coding/ta/ta/vendor/codeigniter4/framework/system/Database/MySQLi/Connection.php(292): mysqli->query()
#1 /mnt/work/coding/ta/ta/vendor/codeigniter4/framework/system/Database/BaseConnection.php(670): CodeIgniter\Database\MySQLi\Connection->execute()
#2 /mnt/work/coding/ta/ta/vendor/codeigniter4/framework/system/Database/BaseConnection.php(598): CodeIgniter\Database\BaseConnection->simpleQuery()
#3 /mnt/work/coding/ta/ta/vendor/codeigniter4/framework/system/Database/BaseBuilder.php(1455): CodeIgniter\Database\BaseConnection->query()
#4 /mnt/work/coding/ta/ta/app/Controllers/Guru/Kelas.php(64): CodeIgniter\Database\BaseBuilder->get()
#5 /mnt/work/coding/ta/ta/vendor/codeigniter4/framework/system/CodeIgniter.php(825): App\Controllers\Guru\Kelas->detail()
#6 /mnt/work/coding/ta/ta/vendor/codeigniter4/framework/system/CodeIgniter.php(412): CodeIgniter\CodeIgniter->runController()
#7 /mnt/work/coding/ta/ta/vendor/codeigniter4/framework/system/CodeIgniter.php(320): CodeIgniter\CodeIgniter->handleRequest()
#8 /mnt/work/coding/ta/ta/public/index.php(37): CodeIgniter\CodeIgniter->run()
#9 /mnt/work/coding/ta/ta/vendor/codeigniter4/framework/system/Commands/Server/rewrite.php(43): require_once('...')
#10 {main}
ERROR - 2022-07-05 22:21:43 --> Unknown column 'datajadwal.guru' in 'where clause'
CRITICAL - 2022-07-05 22:21:43 --> Unknown column 'datajadwal.guru' in 'where clause'
#0 /mnt/work/coding/ta/ta/vendor/codeigniter4/framework/system/Database/MySQLi/Connection.php(292): mysqli->query()
#1 /mnt/work/coding/ta/ta/vendor/codeigniter4/framework/system/Database/BaseConnection.php(670): CodeIgniter\Database\MySQLi\Connection->execute()
#2 /mnt/work/coding/ta/ta/vendor/codeigniter4/framework/system/Database/BaseConnection.php(598): CodeIgniter\Database\BaseConnection->simpleQuery()
#3 /mnt/work/coding/ta/ta/vendor/codeigniter4/framework/system/Database/BaseBuilder.php(1455): CodeIgniter\Database\BaseConnection->query()
#4 /mnt/work/coding/ta/ta/app/Controllers/Guru/Kelas.php(64): CodeIgniter\Database\BaseBuilder->get()
#5 /mnt/work/coding/ta/ta/vendor/codeigniter4/framework/system/CodeIgniter.php(825): App\Controllers\Guru\Kelas->detail()
#6 /mnt/work/coding/ta/ta/vendor/codeigniter4/framework/system/CodeIgniter.php(412): CodeIgniter\CodeIgniter->runController()
#7 /mnt/work/coding/ta/ta/vendor/codeigniter4/framework/system/CodeIgniter.php(320): CodeIgniter\CodeIgniter->handleRequest()
#8 /mnt/work/coding/ta/ta/public/index.php(37): CodeIgniter\CodeIgniter->run()
#9 /mnt/work/coding/ta/ta/vendor/codeigniter4/framework/system/Commands/Server/rewrite.php(43): require_once('...')
#10 {main}
CRITICAL - 2022-07-05 22:40:59 --> Call to undefined function App\Controllers\Guru\findKelasAjar()
#0 /mnt/work/coding/ta/ta/vendor/codeigniter4/framework/system/CodeIgniter.php(825): App\Controllers\Guru\Kelas->detail()
#1 /mnt/work/coding/ta/ta/vendor/codeigniter4/framework/system/CodeIgniter.php(412): CodeIgniter\CodeIgniter->runController()
#2 /mnt/work/coding/ta/ta/vendor/codeigniter4/framework/system/CodeIgniter.php(320): CodeIgniter\CodeIgniter->handleRequest()
#3 /mnt/work/coding/ta/ta/public/index.php(37): CodeIgniter\CodeIgniter->run()
#4 /mnt/work/coding/ta/ta/vendor/codeigniter4/framework/system/Commands/Server/rewrite.php(43): require_once('...')
#5 {main}
CRITICAL - 2022-07-05 22:41:49 --> Call to undefined function App\Controllers\Guru\findKelasAjar()
#0 /mnt/work/coding/ta/ta/vendor/codeigniter4/framework/system/CodeIgniter.php(825): App\Controllers\Guru\Kelas->detail()
#1 /mnt/work/coding/ta/ta/vendor/codeigniter4/framework/system/CodeIgniter.php(412): CodeIgniter\CodeIgniter->runController()
#2 /mnt/work/coding/ta/ta/vendor/codeigniter4/framework/system/CodeIgniter.php(320): CodeIgniter\CodeIgniter->handleRequest()
#3 /mnt/work/coding/ta/ta/public/index.php(37): CodeIgniter\CodeIgniter->run()
#4 /mnt/work/coding/ta/ta/vendor/codeigniter4/framework/system/Commands/Server/rewrite.php(43): require_once('...')
#5 {main}
CRITICAL - 2022-07-05 22:41:50 --> Call to undefined function App\Controllers\Guru\findKelasAjar()
#0 /mnt/work/coding/ta/ta/vendor/codeigniter4/framework/system/CodeIgniter.php(825): App\Controllers\Guru\Kelas->detail()
#1 /mnt/work/coding/ta/ta/vendor/codeigniter4/framework/system/CodeIgniter.php(412): CodeIgniter\CodeIgniter->runController()
#2 /mnt/work/coding/ta/ta/vendor/codeigniter4/framework/system/CodeIgniter.php(320): CodeIgniter\CodeIgniter->handleRequest()
#3 /mnt/work/coding/ta/ta/public/index.php(37): CodeIgniter\CodeIgniter->run()
#4 /mnt/work/coding/ta/ta/vendor/codeigniter4/framework/system/Commands/Server/rewrite.php(43): require_once('...')
#5 {main}
CRITICAL - 2022-07-05 22:41:51 --> Call to undefined function App\Controllers\Guru\findKelasAjar()
#0 /mnt/work/coding/ta/ta/vendor/codeigniter4/framework/system/CodeIgniter.php(825): App\Controllers\Guru\Kelas->detail()
#1 /mnt/work/coding/ta/ta/vendor/codeigniter4/framework/system/CodeIgniter.php(412): CodeIgniter\CodeIgniter->runController()
#2 /mnt/work/coding/ta/ta/vendor/codeigniter4/framework/system/CodeIgniter.php(320): CodeIgniter\CodeIgniter->handleRequest()
#3 /mnt/work/coding/ta/ta/public/index.php(37): CodeIgniter\CodeIgniter->run()
#4 /mnt/work/coding/ta/ta/vendor/codeigniter4/framework/system/Commands/Server/rewrite.php(43): require_once('...')
#5 {main}
CRITICAL - 2022-07-05 22:41:51 --> Call to undefined function App\Controllers\Guru\findKelasAjar()
#0 /mnt/work/coding/ta/ta/vendor/codeigniter4/framework/system/CodeIgniter.php(825): App\Controllers\Guru\Kelas->detail()
#1 /mnt/work/coding/ta/ta/vendor/codeigniter4/framework/system/CodeIgniter.php(412): CodeIgniter\CodeIgniter->runController()
#2 /mnt/work/coding/ta/ta/vendor/codeigniter4/framework/system/CodeIgniter.php(320): CodeIgniter\CodeIgniter->handleRequest()
#3 /mnt/work/coding/ta/ta/public/index.php(37): CodeIgniter\CodeIgniter->run()
#4 /mnt/work/coding/ta/ta/vendor/codeigniter4/framework/system/Commands/Server/rewrite.php(43): require_once('...')
#5 {main}
CRITICAL - 2022-07-05 22:41:51 --> Call to undefined function App\Controllers\Guru\findKelasAjar()
#0 /mnt/work/coding/ta/ta/vendor/codeigniter4/framework/system/CodeIgniter.php(825): App\Controllers\Guru\Kelas->detail()
#1 /mnt/work/coding/ta/ta/vendor/codeigniter4/framework/system/CodeIgniter.php(412): CodeIgniter\CodeIgniter->runController()
#2 /mnt/work/coding/ta/ta/vendor/codeigniter4/framework/system/CodeIgniter.php(320): CodeIgniter\CodeIgniter->handleRequest()
#3 /mnt/work/coding/ta/ta/public/index.php(37): CodeIgniter\CodeIgniter->run()
#4 /mnt/work/coding/ta/ta/vendor/codeigniter4/framework/system/Commands/Server/rewrite.php(43): require_once('...')
#5 {main}
CRITICAL - 2022-07-05 22:41:51 --> Call to undefined function App\Controllers\Guru\findKelasAjar()
#0 /mnt/work/coding/ta/ta/vendor/codeigniter4/framework/system/CodeIgniter.php(825): App\Controllers\Guru\Kelas->detail()
#1 /mnt/work/coding/ta/ta/vendor/codeigniter4/framework/system/CodeIgniter.php(412): CodeIgniter\CodeIgniter->runController()
#2 /mnt/work/coding/ta/ta/vendor/codeigniter4/framework/system/CodeIgniter.php(320): CodeIgniter\CodeIgniter->handleRequest()
#3 /mnt/work/coding/ta/ta/public/index.php(37): CodeIgniter\CodeIgniter->run()
#4 /mnt/work/coding/ta/ta/vendor/codeigniter4/framework/system/Commands/Server/rewrite.php(43): require_once('...')
#5 {main}
CRITICAL - 2022-07-05 22:41:58 --> Call to undefined function App\Controllers\Guru\findKelasAjar()
#0 /mnt/work/coding/ta/ta/vendor/codeigniter4/framework/system/CodeIgniter.php(825): App\Controllers\Guru\Kelas->detail()
#1 /mnt/work/coding/ta/ta/vendor/codeigniter4/framework/system/CodeIgniter.php(412): CodeIgniter\CodeIgniter->runController()
#2 /mnt/work/coding/ta/ta/vendor/codeigniter4/framework/system/CodeIgniter.php(320): CodeIgniter\CodeIgniter->handleRequest()
#3 /mnt/work/coding/ta/ta/public/index.php(37): CodeIgniter\CodeIgniter->run()
#4 /mnt/work/coding/ta/ta/vendor/codeigniter4/framework/system/Commands/Server/rewrite.php(43): require_once('...')
#5 {main}
CRITICAL - 2022-07-05 22:41:58 --> Call to undefined function App\Controllers\Guru\findKelasAjar()
#0 /mnt/work/coding/ta/ta/vendor/codeigniter4/framework/system/CodeIgniter.php(825): App\Controllers\Guru\Kelas->detail()
#1 /mnt/work/coding/ta/ta/vendor/codeigniter4/framework/system/CodeIgniter.php(412): CodeIgniter\CodeIgniter->runController()
#2 /mnt/work/coding/ta/ta/vendor/codeigniter4/framework/system/CodeIgniter.php(320): CodeIgniter\CodeIgniter->handleRequest()
#3 /mnt/work/coding/ta/ta/public/index.php(37): CodeIgniter\CodeIgniter->run()
#4 /mnt/work/coding/ta/ta/vendor/codeigniter4/framework/system/Commands/Server/rewrite.php(43): require_once('...')
#5 {main}
CRITICAL - 2022-07-05 22:41:58 --> Call to undefined function App\Controllers\Guru\findKelasAjar()
#0 /mnt/work/coding/ta/ta/vendor/codeigniter4/framework/system/CodeIgniter.php(825): App\Controllers\Guru\Kelas->detail()
#1 /mnt/work/coding/ta/ta/vendor/codeigniter4/framework/system/CodeIgniter.php(412): CodeIgniter\CodeIgniter->runController()
#2 /mnt/work/coding/ta/ta/vendor/codeigniter4/framework/system/CodeIgniter.php(320): CodeIgniter\CodeIgniter->handleRequest()
#3 /mnt/work/coding/ta/ta/public/index.php(37): CodeIgniter\CodeIgniter->run()
#4 /mnt/work/coding/ta/ta/vendor/codeigniter4/framework/system/Commands/Server/rewrite.php(43): require_once('...')
#5 {main}
CRITICAL - 2022-07-05 22:43:16 --> Call to undefined function App\Controllers\Guru\findKelasAjar()
#0 /mnt/work/coding/ta/ta/vendor/codeigniter4/framework/system/CodeIgniter.php(825): App\Controllers\Guru\Kelas->detail()
#1 /mnt/work/coding/ta/ta/vendor/codeigniter4/framework/system/CodeIgniter.php(412): CodeIgniter\CodeIgniter->runController()
#2 /mnt/work/coding/ta/ta/vendor/codeigniter4/framework/system/CodeIgniter.php(320): CodeIgniter\CodeIgniter->handleRequest()
#3 /mnt/work/coding/ta/ta/public/index.php(37): CodeIgniter\CodeIgniter->run()
#4 /mnt/work/coding/ta/ta/vendor/codeigniter4/framework/system/Commands/Server/rewrite.php(43): require_once('...')
#5 {main}
CRITICAL - 2022-07-05 22:43:16 --> Call to undefined function App\Controllers\Guru\findKelasAjar()
#0 /mnt/work/coding/ta/ta/vendor/codeigniter4/framework/system/CodeIgniter.php(825): App\Controllers\Guru\Kelas->detail()
#1 /mnt/work/coding/ta/ta/vendor/codeigniter4/framework/system/CodeIgniter.php(412): CodeIgniter\CodeIgniter->runController()
#2 /mnt/work/coding/ta/ta/vendor/codeigniter4/framework/system/CodeIgniter.php(320): CodeIgniter\CodeIgniter->handleRequest()
#3 /mnt/work/coding/ta/ta/public/index.php(37): CodeIgniter\CodeIgniter->run()
#4 /mnt/work/coding/ta/ta/vendor/codeigniter4/framework/system/Commands/Server/rewrite.php(43): require_once('...')
#5 {main}
CRITICAL - 2022-07-05 22:43:17 --> Call to undefined function App\Controllers\Guru\findKelasAjar()
#0 /mnt/work/coding/ta/ta/vendor/codeigniter4/framework/system/CodeIgniter.php(825): App\Controllers\Guru\Kelas->detail()
#1 /mnt/work/coding/ta/ta/vendor/codeigniter4/framework/system/CodeIgniter.php(412): CodeIgniter\CodeIgniter->runController()
#2 /mnt/work/coding/ta/ta/vendor/codeigniter4/framework/system/CodeIgniter.php(320): CodeIgniter\CodeIgniter->handleRequest()
#3 /mnt/work/coding/ta/ta/public/index.php(37): CodeIgniter\CodeIgniter->run()
#4 /mnt/work/coding/ta/ta/vendor/codeigniter4/framework/system/Commands/Server/rewrite.php(43): require_once('...')
#5 {main}
CRITICAL - 2022-07-05 22:43:17 --> Call to undefined function App\Controllers\Guru\findKelasAjar()
#0 /mnt/work/coding/ta/ta/vendor/codeigniter4/framework/system/CodeIgniter.php(825): App\Controllers\Guru\Kelas->detail()
#1 /mnt/work/coding/ta/ta/vendor/codeigniter4/framework/system/CodeIgniter.php(412): CodeIgniter\CodeIgniter->runController()
#2 /mnt/work/coding/ta/ta/vendor/codeigniter4/framework/system/CodeIgniter.php(320): CodeIgniter\CodeIgniter->handleRequest()
#3 /mnt/work/coding/ta/ta/public/index.php(37): CodeIgniter\CodeIgniter->run()
#4 /mnt/work/coding/ta/ta/vendor/codeigniter4/framework/system/Commands/Server/rewrite.php(43): require_once('...')
#5 {main}
CRITICAL - 2022-07-05 22:43:17 --> Call to undefined function App\Controllers\Guru\findKelasAjar()
#0 /mnt/work/coding/ta/ta/vendor/codeigniter4/framework/system/CodeIgniter.php(825): App\Controllers\Guru\Kelas->detail()
#1 /mnt/work/coding/ta/ta/vendor/codeigniter4/framework/system/CodeIgniter.php(412): CodeIgniter\CodeIgniter->runController()
#2 /mnt/work/coding/ta/ta/vendor/codeigniter4/framework/system/CodeIgniter.php(320): CodeIgniter\CodeIgniter->handleRequest()
#3 /mnt/work/coding/ta/ta/public/index.php(37): CodeIgniter\CodeIgniter->run()
#4 /mnt/work/coding/ta/ta/vendor/codeigniter4/framework/system/Commands/Server/rewrite.php(43): require_once('...')
#5 {main}
CRITICAL - 2022-07-05 22:43:17 --> Call to undefined function App\Controllers\Guru\findKelasAjar()
#0 /mnt/work/coding/ta/ta/vendor/codeigniter4/framework/system/CodeIgniter.php(825): App\Controllers\Guru\Kelas->detail()
#1 /mnt/work/coding/ta/ta/vendor/codeigniter4/framework/system/CodeIgniter.php(412): CodeIgniter\CodeIgniter->runController()
#2 /mnt/work/coding/ta/ta/vendor/codeigniter4/framework/system/CodeIgniter.php(320): CodeIgniter\CodeIgniter->handleRequest()
#3 /mnt/work/coding/ta/ta/public/index.php(37): CodeIgniter\CodeIgniter->run()
#4 /mnt/work/coding/ta/ta/vendor/codeigniter4/framework/system/Commands/Server/rewrite.php(43): require_once('...')
#5 {main}
CRITICAL - 2022-07-05 22:43:17 --> Call to undefined function App\Controllers\Guru\findKelasAjar()
#0 /mnt/work/coding/ta/ta/vendor/codeigniter4/framework/system/CodeIgniter.php(825): App\Controllers\Guru\Kelas->detail()
#1 /mnt/work/coding/ta/ta/vendor/codeigniter4/framework/system/CodeIgniter.php(412): CodeIgniter\CodeIgniter->runController()
#2 /mnt/work/coding/ta/ta/vendor/codeigniter4/framework/system/CodeIgniter.php(320): CodeIgniter\CodeIgniter->handleRequest()
#3 /mnt/work/coding/ta/ta/public/index.php(37): CodeIgniter\CodeIgniter->run()
#4 /mnt/work/coding/ta/ta/vendor/codeigniter4/framework/system/Commands/Server/rewrite.php(43): require_once('...')
#5 {main}
CRITICAL - 2022-07-05 22:44:55 --> Call to undefined function App\Controllers\Guru\findKelasAjar()
#0 /mnt/work/coding/ta/ta/vendor/codeigniter4/framework/system/CodeIgniter.php(825): App\Controllers\Guru\Kelas->detail()
#1 /mnt/work/coding/ta/ta/vendor/codeigniter4/framework/system/CodeIgniter.php(412): CodeIgniter\CodeIgniter->runController()
#2 /mnt/work/coding/ta/ta/vendor/codeigniter4/framework/system/CodeIgniter.php(320): CodeIgniter\CodeIgniter->handleRequest()
#3 /mnt/work/coding/ta/ta/public/index.php(37): CodeIgniter\CodeIgniter->run()
#4 /mnt/work/coding/ta/ta/vendor/codeigniter4/framework/system/Commands/Server/rewrite.php(43): require_once('...')
#5 {main}
CRITICAL - 2022-07-05 22:45:01 --> Call to undefined function App\Controllers\Guru\findKelasAjar()
#0 /mnt/work/coding/ta/ta/vendor/codeigniter4/framework/system/CodeIgniter.php(825): App\Controllers\Guru\Kelas->detail()
#1 /mnt/work/coding/ta/ta/vendor/codeigniter4/framework/system/CodeIgniter.php(412): CodeIgniter\CodeIgniter->runController()
#2 /mnt/work/coding/ta/ta/vendor/codeigniter4/framework/system/CodeIgniter.php(320): CodeIgniter\CodeIgniter->handleRequest()
#3 /mnt/work/coding/ta/ta/public/index.php(37): CodeIgniter\CodeIgniter->run()
#4 /mnt/work/coding/ta/ta/vendor/codeigniter4/framework/system/Commands/Server/rewrite.php(43): require_once('...')
#5 {main}
CRITICAL - 2022-07-05 22:45:01 --> Call to undefined function App\Controllers\Guru\findKelasAjar()
#0 /mnt/work/coding/ta/ta/vendor/codeigniter4/framework/system/CodeIgniter.php(825): App\Controllers\Guru\Kelas->detail()
#1 /mnt/work/coding/ta/ta/vendor/codeigniter4/framework/system/CodeIgniter.php(412): CodeIgniter\CodeIgniter->runController()
#2 /mnt/work/coding/ta/ta/vendor/codeigniter4/framework/system/CodeIgniter.php(320): CodeIgniter\CodeIgniter->handleRequest()
#3 /mnt/work/coding/ta/ta/public/index.php(37): CodeIgniter\CodeIgniter->run()
#4 /mnt/work/coding/ta/ta/vendor/codeigniter4/framework/system/Commands/Server/rewrite.php(43): require_once('...')
#5 {main}
CRITICAL - 2022-07-05 22:45:01 --> Call to undefined function App\Controllers\Guru\findKelasAjar()
#0 /mnt/work/coding/ta/ta/vendor/codeigniter4/framework/system/CodeIgniter.php(825): App\Controllers\Guru\Kelas->detail()
#1 /mnt/work/coding/ta/ta/vendor/codeigniter4/framework/system/CodeIgniter.php(412): CodeIgniter\CodeIgniter->runController()
#2 /mnt/work/coding/ta/ta/vendor/codeigniter4/framework/system/CodeIgniter.php(320): CodeIgniter\CodeIgniter->handleRequest()
#3 /mnt/work/coding/ta/ta/public/index.php(37): CodeIgniter\CodeIgniter->run()
#4 /mnt/work/coding/ta/ta/vendor/codeigniter4/framework/system/Commands/Server/rewrite.php(43): require_once('...')
#5 {main}
CRITICAL - 2022-07-05 22:45:01 --> Call to undefined function App\Controllers\Guru\findKelasAjar()
#0 /mnt/work/coding/ta/ta/vendor/codeigniter4/framework/system/CodeIgniter.php(825): App\Controllers\Guru\Kelas->detail()
#1 /mnt/work/coding/ta/ta/vendor/codeigniter4/framework/system/CodeIgniter.php(412): CodeIgniter\CodeIgniter->runController()
#2 /mnt/work/coding/ta/ta/vendor/codeigniter4/framework/system/CodeIgniter.php(320): CodeIgniter\CodeIgniter->handleRequest()
#3 /mnt/work/coding/ta/ta/public/index.php(37): CodeIgniter\CodeIgniter->run()
#4 /mnt/work/coding/ta/ta/vendor/codeigniter4/framework/system/Commands/Server/rewrite.php(43): require_once('...')
#5 {main}
CRITICAL - 2022-07-05 22:45:02 --> Call to undefined function App\Controllers\Guru\findKelasAjar()
#0 /mnt/work/coding/ta/ta/vendor/codeigniter4/framework/system/CodeIgniter.php(825): App\Controllers\Guru\Kelas->detail()
#1 /mnt/work/coding/ta/ta/vendor/codeigniter4/framework/system/CodeIgniter.php(412): CodeIgniter\CodeIgniter->runController()
#2 /mnt/work/coding/ta/ta/vendor/codeigniter4/framework/system/CodeIgniter.php(320): CodeIgniter\CodeIgniter->handleRequest()
#3 /mnt/work/coding/ta/ta/public/index.php(37): CodeIgniter\CodeIgniter->run()
#4 /mnt/work/coding/ta/ta/vendor/codeigniter4/framework/system/Commands/Server/rewrite.php(43): require_once('...')
#5 {main}
CRITICAL - 2022-07-05 22:45:02 --> Call to undefined function App\Controllers\Guru\findKelasAjar()
#0 /mnt/work/coding/ta/ta/vendor/codeigniter4/framework/system/CodeIgniter.php(825): App\Controllers\Guru\Kelas->detail()
#1 /mnt/work/coding/ta/ta/vendor/codeigniter4/framework/system/CodeIgniter.php(412): CodeIgniter\CodeIgniter->runController()
#2 /mnt/work/coding/ta/ta/vendor/codeigniter4/framework/system/CodeIgniter.php(320): CodeIgniter\CodeIgniter->handleRequest()
#3 /mnt/work/coding/ta/ta/public/index.php(37): CodeIgniter\CodeIgniter->run()
#4 /mnt/work/coding/ta/ta/vendor/codeigniter4/framework/system/Commands/Server/rewrite.php(43): require_once('...')
#5 {main}
CRITICAL - 2022-07-05 22:45:02 --> Call to undefined function App\Controllers\Guru\findKelasAjar()
#0 /mnt/work/coding/ta/ta/vendor/codeigniter4/framework/system/CodeIgniter.php(825): App\Controllers\Guru\Kelas->detail()
#1 /mnt/work/coding/ta/ta/vendor/codeigniter4/framework/system/CodeIgniter.php(412): CodeIgniter\CodeIgniter->runController()
#2 /mnt/work/coding/ta/ta/vendor/codeigniter4/framework/system/CodeIgniter.php(320): CodeIgniter\CodeIgniter->handleRequest()
#3 /mnt/work/coding/ta/ta/public/index.php(37): CodeIgniter\CodeIgniter->run()
#4 /mnt/work/coding/ta/ta/vendor/codeigniter4/framework/system/Commands/Server/rewrite.php(43): require_once('...')
#5 {main}
CRITICAL - 2022-07-05 22:45:11 --> Call to undefined function App\Controllers\Guru\findKelasAjar()
#0 /mnt/work/coding/ta/ta/vendor/codeigniter4/framework/system/CodeIgniter.php(825): App\Controllers\Guru\Kelas->detail()
#1 /mnt/work/coding/ta/ta/vendor/codeigniter4/framework/system/CodeIgniter.php(412): CodeIgniter\CodeIgniter->runController()
#2 /mnt/work/coding/ta/ta/vendor/codeigniter4/framework/system/CodeIgniter.php(320): CodeIgniter\CodeIgniter->handleRequest()
#3 /mnt/work/coding/ta/ta/public/index.php(37): CodeIgniter\CodeIgniter->run()
#4 /mnt/work/coding/ta/ta/vendor/codeigniter4/framework/system/Commands/Server/rewrite.php(43): require_once('...')
#5 {main}
CRITICAL - 2022-07-05 22:45:12 --> Call to undefined function App\Controllers\Guru\findKelasAjar()
#0 /mnt/work/coding/ta/ta/vendor/codeigniter4/framework/system/CodeIgniter.php(825): App\Controllers\Guru\Kelas->detail()
#1 /mnt/work/coding/ta/ta/vendor/codeigniter4/framework/system/CodeIgniter.php(412): CodeIgniter\CodeIgniter->runController()
#2 /mnt/work/coding/ta/ta/vendor/codeigniter4/framework/system/CodeIgniter.php(320): CodeIgniter\CodeIgniter->handleRequest()
#3 /mnt/work/coding/ta/ta/public/index.php(37): CodeIgniter\CodeIgniter->run()
#4 /mnt/work/coding/ta/ta/vendor/codeigniter4/framework/system/Commands/Server/rewrite.php(43): require_once('...')
#5 {main}
CRITICAL - 2022-07-05 22:45:12 --> Call to undefined function App\Controllers\Guru\findKelasAjar()
#0 /mnt/work/coding/ta/ta/vendor/codeigniter4/framework/system/CodeIgniter.php(825): App\Controllers\Guru\Kelas->detail()
#1 /mnt/work/coding/ta/ta/vendor/codeigniter4/framework/system/CodeIgniter.php(412): CodeIgniter\CodeIgniter->runController()
#2 /mnt/work/coding/ta/ta/vendor/codeigniter4/framework/system/CodeIgniter.php(320): CodeIgniter\CodeIgniter->handleRequest()
#3 /mnt/work/coding/ta/ta/public/index.php(37): CodeIgniter\CodeIgniter->run()
#4 /mnt/work/coding/ta/ta/vendor/codeigniter4/framework/system/Commands/Server/rewrite.php(43): require_once('...')
#5 {main}
CRITICAL - 2022-07-05 22:45:12 --> Call to undefined function App\Controllers\Guru\findKelasAjar()
#0 /mnt/work/coding/ta/ta/vendor/codeigniter4/framework/system/CodeIgniter.php(825): App\Controllers\Guru\Kelas->detail()
#1 /mnt/work/coding/ta/ta/vendor/codeigniter4/framework/system/CodeIgniter.php(412): CodeIgniter\CodeIgniter->runController()
#2 /mnt/work/coding/ta/ta/vendor/codeigniter4/framework/system/CodeIgniter.php(320): CodeIgniter\CodeIgniter->handleRequest()
#3 /mnt/work/coding/ta/ta/public/index.php(37): CodeIgniter\CodeIgniter->run()
#4 /mnt/work/coding/ta/ta/vendor/codeigniter4/framework/system/Commands/Server/rewrite.php(43): require_once('...')
#5 {main}
CRITICAL - 2022-07-05 22:45:12 --> Call to undefined function App\Controllers\Guru\findKelasAjar()
#0 /mnt/work/coding/ta/ta/vendor/codeigniter4/framework/system/CodeIgniter.php(825): App\Controllers\Guru\Kelas->detail()
#1 /mnt/work/coding/ta/ta/vendor/codeigniter4/framework/system/CodeIgniter.php(412): CodeIgniter\CodeIgniter->runController()
#2 /mnt/work/coding/ta/ta/vendor/codeigniter4/framework/system/CodeIgniter.php(320): CodeIgniter\CodeIgniter->handleRequest()
#3 /mnt/work/coding/ta/ta/public/index.php(37): CodeIgniter\CodeIgniter->run()
#4 /mnt/work/coding/ta/ta/vendor/codeigniter4/framework/system/Commands/Server/rewrite.php(43): require_once('...')
#5 {main}
CRITICAL - 2022-07-05 22:45:13 --> Call to undefined function App\Controllers\Guru\findKelasAjar()
#0 /mnt/work/coding/ta/ta/vendor/codeigniter4/framework/system/CodeIgniter.php(825): App\Controllers\Guru\Kelas->detail()
#1 /mnt/work/coding/ta/ta/vendor/codeigniter4/framework/system/CodeIgniter.php(412): CodeIgniter\CodeIgniter->runController()
#2 /mnt/work/coding/ta/ta/vendor/codeigniter4/framework/system/CodeIgniter.php(320): CodeIgniter\CodeIgniter->handleRequest()
#3 /mnt/work/coding/ta/ta/public/index.php(37): CodeIgniter\CodeIgniter->run()
#4 /mnt/work/coding/ta/ta/vendor/codeigniter4/framework/system/Commands/Server/rewrite.php(43): require_once('...')
#5 {main}
CRITICAL - 2022-07-05 22:45:49 --> Call to undefined function App\Controllers\Guru\findKelasAjar()
#0 /mnt/work/coding/ta/ta/vendor/codeigniter4/framework/system/CodeIgniter.php(825): App\Controllers\Guru\Kelas->detail()
#1 /mnt/work/coding/ta/ta/vendor/codeigniter4/framework/system/CodeIgniter.php(412): CodeIgniter\CodeIgniter->runController()
#2 /mnt/work/coding/ta/ta/vendor/codeigniter4/framework/system/CodeIgniter.php(320): CodeIgniter\CodeIgniter->handleRequest()
#3 /mnt/work/coding/ta/ta/public/index.php(37): CodeIgniter\CodeIgniter->run()
#4 /mnt/work/coding/ta/ta/vendor/codeigniter4/framework/system/Commands/Server/rewrite.php(43): require_once('...')
#5 {main}
CRITICAL - 2022-07-05 22:45:50 --> Call to undefined function App\Controllers\Guru\findKelasAjar()
#0 /mnt/work/coding/ta/ta/vendor/codeigniter4/framework/system/CodeIgniter.php(825): App\Controllers\Guru\Kelas->detail()
#1 /mnt/work/coding/ta/ta/vendor/codeigniter4/framework/system/CodeIgniter.php(412): CodeIgniter\CodeIgniter->runController()
#2 /mnt/work/coding/ta/ta/vendor/codeigniter4/framework/system/CodeIgniter.php(320): CodeIgniter\CodeIgniter->handleRequest()
#3 /mnt/work/coding/ta/ta/public/index.php(37): CodeIgniter\CodeIgniter->run()
#4 /mnt/work/coding/ta/ta/vendor/codeigniter4/framework/system/Commands/Server/rewrite.php(43): require_once('...')
#5 {main}
CRITICAL - 2022-07-05 22:45:50 --> Call to undefined function App\Controllers\Guru\findKelasAjar()
#0 /mnt/work/coding/ta/ta/vendor/codeigniter4/framework/system/CodeIgniter.php(825): App\Controllers\Guru\Kelas->detail()
#1 /mnt/work/coding/ta/ta/vendor/codeigniter4/framework/system/CodeIgniter.php(412): CodeIgniter\CodeIgniter->runController()
#2 /mnt/work/coding/ta/ta/vendor/codeigniter4/framework/system/CodeIgniter.php(320): CodeIgniter\CodeIgniter->handleRequest()
#3 /mnt/work/coding/ta/ta/public/index.php(37): CodeIgniter\CodeIgniter->run()
#4 /mnt/work/coding/ta/ta/vendor/codeigniter4/framework/system/Commands/Server/rewrite.php(43): require_once('...')
#5 {main}
CRITICAL - 2022-07-05 22:45:50 --> Call to undefined function App\Controllers\Guru\findKelasAjar()
#0 /mnt/work/coding/ta/ta/vendor/codeigniter4/framework/system/CodeIgniter.php(825): App\Controllers\Guru\Kelas->detail()
#1 /mnt/work/coding/ta/ta/vendor/codeigniter4/framework/system/CodeIgniter.php(412): CodeIgniter\CodeIgniter->runController()
#2 /mnt/work/coding/ta/ta/vendor/codeigniter4/framework/system/CodeIgniter.php(320): CodeIgniter\CodeIgniter->handleRequest()
#3 /mnt/work/coding/ta/ta/public/index.php(37): CodeIgniter\CodeIgniter->run()
#4 /mnt/work/coding/ta/ta/vendor/codeigniter4/framework/system/Commands/Server/rewrite.php(43): require_once('...')
#5 {main}
CRITICAL - 2022-07-05 22:45:50 --> Call to undefined function App\Controllers\Guru\findKelasAjar()
#0 /mnt/work/coding/ta/ta/vendor/codeigniter4/framework/system/CodeIgniter.php(825): App\Controllers\Guru\Kelas->detail()
#1 /mnt/work/coding/ta/ta/vendor/codeigniter4/framework/system/CodeIgniter.php(412): CodeIgniter\CodeIgniter->runController()
#2 /mnt/work/coding/ta/ta/vendor/codeigniter4/framework/system/CodeIgniter.php(320): CodeIgniter\CodeIgniter->handleRequest()
#3 /mnt/work/coding/ta/ta/public/index.php(37): CodeIgniter\CodeIgniter->run()
#4 /mnt/work/coding/ta/ta/vendor/codeigniter4/framework/system/Commands/Server/rewrite.php(43): require_once('...')
#5 {main}
CRITICAL - 2022-07-05 22:46:11 --> Call to undefined function App\Controllers\Guru\findKelasAjar()
#0 /mnt/work/coding/ta/ta/vendor/codeigniter4/framework/system/CodeIgniter.php(825): App\Controllers\Guru\Kelas->detail()
#1 /mnt/work/coding/ta/ta/vendor/codeigniter4/framework/system/CodeIgniter.php(412): CodeIgniter\CodeIgniter->runController()
#2 /mnt/work/coding/ta/ta/vendor/codeigniter4/framework/system/CodeIgniter.php(320): CodeIgniter\CodeIgniter->handleRequest()
#3 /mnt/work/coding/ta/ta/public/index.php(37): CodeIgniter\CodeIgniter->run()
#4 /mnt/work/coding/ta/ta/vendor/codeigniter4/framework/system/Commands/Server/rewrite.php(43): require_once('...')
#5 {main}
CRITICAL - 2022-07-05 22:47:55 --> Call to undefined function App\Controllers\Guru\findKelasAjar()
#0 /mnt/work/coding/ta/ta/vendor/codeigniter4/framework/system/CodeIgniter.php(825): App\Controllers\Guru\Kelas->detail()
#1 /mnt/work/coding/ta/ta/vendor/codeigniter4/framework/system/CodeIgniter.php(412): CodeIgniter\CodeIgniter->runController()
#2 /mnt/work/coding/ta/ta/vendor/codeigniter4/framework/system/CodeIgniter.php(320): CodeIgniter\CodeIgniter->handleRequest()
#3 /mnt/work/coding/ta/ta/public/index.php(37): CodeIgniter\CodeIgniter->run()
#4 /mnt/work/coding/ta/ta/vendor/codeigniter4/framework/system/Commands/Server/rewrite.php(43): require_once('...')
#5 {main}
CRITICAL - 2022-07-05 22:47:56 --> Call to undefined function App\Controllers\Guru\findKelasAjar()
#0 /mnt/work/coding/ta/ta/vendor/codeigniter4/framework/system/CodeIgniter.php(825): App\Controllers\Guru\Kelas->detail()
#1 /mnt/work/coding/ta/ta/vendor/codeigniter4/framework/system/CodeIgniter.php(412): CodeIgniter\CodeIgniter->runController()
#2 /mnt/work/coding/ta/ta/vendor/codeigniter4/framework/system/CodeIgniter.php(320): CodeIgniter\CodeIgniter->handleRequest()
#3 /mnt/work/coding/ta/ta/public/index.php(37): CodeIgniter\CodeIgniter->run()
#4 /mnt/work/coding/ta/ta/vendor/codeigniter4/framework/system/Commands/Server/rewrite.php(43): require_once('...')
#5 {main}
CRITICAL - 2022-07-05 22:47:56 --> Call to undefined function App\Controllers\Guru\findKelasAjar()
#0 /mnt/work/coding/ta/ta/vendor/codeigniter4/framework/system/CodeIgniter.php(825): App\Controllers\Guru\Kelas->detail()
#1 /mnt/work/coding/ta/ta/vendor/codeigniter4/framework/system/CodeIgniter.php(412): CodeIgniter\CodeIgniter->runController()
#2 /mnt/work/coding/ta/ta/vendor/codeigniter4/framework/system/CodeIgniter.php(320): CodeIgniter\CodeIgniter->handleRequest()
#3 /mnt/work/coding/ta/ta/public/index.php(37): CodeIgniter\CodeIgniter->run()
#4 /mnt/work/coding/ta/ta/vendor/codeigniter4/framework/system/Commands/Server/rewrite.php(43): require_once('...')
#5 {main}
CRITICAL - 2022-07-05 22:47:56 --> Call to undefined function App\Controllers\Guru\findKelasAjar()
#0 /mnt/work/coding/ta/ta/vendor/codeigniter4/framework/system/CodeIgniter.php(825): App\Controllers\Guru\Kelas->detail()
#1 /mnt/work/coding/ta/ta/vendor/codeigniter4/framework/system/CodeIgniter.php(412): CodeIgniter\CodeIgniter->runController()
#2 /mnt/work/coding/ta/ta/vendor/codeigniter4/framework/system/CodeIgniter.php(320): CodeIgniter\CodeIgniter->handleRequest()
#3 /mnt/work/coding/ta/ta/public/index.php(37): CodeIgniter\CodeIgniter->run()
#4 /mnt/work/coding/ta/ta/vendor/codeigniter4/framework/system/Commands/Server/rewrite.php(43): require_once('...')
#5 {main}
CRITICAL - 2022-07-05 22:47:57 --> Call to undefined function App\Controllers\Guru\findKelasAjar()
#0 /mnt/work/coding/ta/ta/vendor/codeigniter4/framework/system/CodeIgniter.php(825): App\Controllers\Guru\Kelas->detail()
#1 /mnt/work/coding/ta/ta/vendor/codeigniter4/framework/system/CodeIgniter.php(412): CodeIgniter\CodeIgniter->runController()
#2 /mnt/work/coding/ta/ta/vendor/codeigniter4/framework/system/CodeIgniter.php(320): CodeIgniter\CodeIgniter->handleRequest()
#3 /mnt/work/coding/ta/ta/public/index.php(37): CodeIgniter\CodeIgniter->run()
#4 /mnt/work/coding/ta/ta/vendor/codeigniter4/framework/system/Commands/Server/rewrite.php(43): require_once('...')
#5 {main}
CRITICAL - 2022-07-05 22:47:57 --> Call to undefined function App\Controllers\Guru\findKelasAjar()
#0 /mnt/work/coding/ta/ta/vendor/codeigniter4/framework/system/CodeIgniter.php(825): App\Controllers\Guru\Kelas->detail()
#1 /mnt/work/coding/ta/ta/vendor/codeigniter4/framework/system/CodeIgniter.php(412): CodeIgniter\CodeIgniter->runController()
#2 /mnt/work/coding/ta/ta/vendor/codeigniter4/framework/system/CodeIgniter.php(320): CodeIgniter\CodeIgniter->handleRequest()
#3 /mnt/work/coding/ta/ta/public/index.php(37): CodeIgniter\CodeIgniter->run()
#4 /mnt/work/coding/ta/ta/vendor/codeigniter4/framework/system/Commands/Server/rewrite.php(43): require_once('...')
#5 {main}
CRITICAL - 2022-07-05 22:47:58 --> Call to undefined function App\Controllers\Guru\findKelasAjar()
#0 /mnt/work/coding/ta/ta/vendor/codeigniter4/framework/system/CodeIgniter.php(825): App\Controllers\Guru\Kelas->detail()
#1 /mnt/work/coding/ta/ta/vendor/codeigniter4/framework/system/CodeIgniter.php(412): CodeIgniter\CodeIgniter->runController()
#2 /mnt/work/coding/ta/ta/vendor/codeigniter4/framework/system/CodeIgniter.php(320): CodeIgniter\CodeIgniter->handleRequest()
#3 /mnt/work/coding/ta/ta/public/index.php(37): CodeIgniter\CodeIgniter->run()
#4 /mnt/work/coding/ta/ta/vendor/codeigniter4/framework/system/Commands/Server/rewrite.php(43): require_once('...')
#5 {main}
CRITICAL - 2022-07-05 22:47:58 --> Call to undefined function App\Controllers\Guru\findKelasAjar()
#0 /mnt/work/coding/ta/ta/vendor/codeigniter4/framework/system/CodeIgniter.php(825): App\Controllers\Guru\Kelas->detail()
#1 /mnt/work/coding/ta/ta/vendor/codeigniter4/framework/system/CodeIgniter.php(412): CodeIgniter\CodeIgniter->runController()
#2 /mnt/work/coding/ta/ta/vendor/codeigniter4/framework/system/CodeIgniter.php(320): CodeIgniter\CodeIgniter->handleRequest()
#3 /mnt/work/coding/ta/ta/public/index.php(37): CodeIgniter\CodeIgniter->run()
#4 /mnt/work/coding/ta/ta/vendor/codeigniter4/framework/system/Commands/Server/rewrite.php(43): require_once('...')
#5 {main}
CRITICAL - 2022-07-05 22:47:58 --> Call to undefined function App\Controllers\Guru\findKelasAjar()
#0 /mnt/work/coding/ta/ta/vendor/codeigniter4/framework/system/CodeIgniter.php(825): App\Controllers\Guru\Kelas->detail()
#1 /mnt/work/coding/ta/ta/vendor/codeigniter4/framework/system/CodeIgniter.php(412): CodeIgniter\CodeIgniter->runController()
#2 /mnt/work/coding/ta/ta/vendor/codeigniter4/framework/system/CodeIgniter.php(320): CodeIgniter\CodeIgniter->handleRequest()
#3 /mnt/work/coding/ta/ta/public/index.php(37): CodeIgniter\CodeIgniter->run()
#4 /mnt/work/coding/ta/ta/vendor/codeigniter4/framework/system/Commands/Server/rewrite.php(43): require_once('...')
#5 {main}
CRITICAL - 2022-07-05 22:47:58 --> Call to undefined function App\Controllers\Guru\findKelasAjar()
#0 /mnt/work/coding/ta/ta/vendor/codeigniter4/framework/system/CodeIgniter.php(825): App\Controllers\Guru\Kelas->detail()
#1 /mnt/work/coding/ta/ta/vendor/codeigniter4/framework/system/CodeIgniter.php(412): CodeIgniter\CodeIgniter->runController()
#2 /mnt/work/coding/ta/ta/vendor/codeigniter4/framework/system/CodeIgniter.php(320): CodeIgniter\CodeIgniter->handleRequest()
#3 /mnt/work/coding/ta/ta/public/index.php(37): CodeIgniter\CodeIgniter->run()
#4 /mnt/work/coding/ta/ta/vendor/codeigniter4/framework/system/Commands/Server/rewrite.php(43): require_once('...')
#5 {main}
CRITICAL - 2022-07-05 22:49:32 --> Undefined array key 7
#0 /mnt/work/coding/ta/ta/app/Controllers/Guru/Kelas.php(79): CodeIgniter\Debug\Exceptions->errorHandler()
#1 /mnt/work/coding/ta/ta/vendor/codeigniter4/framework/system/CodeIgniter.php(825): App\Controllers\Guru\Kelas->detail()
#2 /mnt/work/coding/ta/ta/vendor/codeigniter4/framework/system/CodeIgniter.php(412): CodeIgniter\CodeIgniter->runController()
#3 /mnt/work/coding/ta/ta/vendor/codeigniter4/framework/system/CodeIgniter.php(320): CodeIgniter\CodeIgniter->handleRequest()
#4 /mnt/work/coding/ta/ta/public/index.php(37): CodeIgniter\CodeIgniter->run()
#5 /mnt/work/coding/ta/ta/vendor/codeigniter4/framework/system/Commands/Server/rewrite.php(43): require_once('...')
#6 {main}
CRITICAL - 2022-07-05 22:50:07 --> Cannot use [] for reading
#0 [internal function]: CodeIgniter\Debug\Exceptions->shutdownHandler()
#1 {main}
CRITICAL - 2022-07-05 22:50:19 --> syntax error, unexpected token ","
#0 /mnt/work/coding/ta/ta/vendor/codeigniter4/framework/system/Router/Router.php(175): CodeIgniter\Router\Router->autoRoute()
#1 /mnt/work/coding/ta/ta/vendor/codeigniter4/framework/system/CodeIgniter.php(719): CodeIgniter\Router\Router->handle()
#2 /mnt/work/coding/ta/ta/vendor/codeigniter4/framework/system/CodeIgniter.php(361): CodeIgniter\CodeIgniter->tryToRouteIt()
#3 /mnt/work/coding/ta/ta/vendor/codeigniter4/framework/system/CodeIgniter.php(320): CodeIgniter\CodeIgniter->handleRequest()
#4 /mnt/work/coding/ta/ta/public/index.php(37): CodeIgniter\CodeIgniter->run()
#5 /mnt/work/coding/ta/ta/vendor/codeigniter4/framework/system/Commands/Server/rewrite.php(43): require_once('...')
#6 {main}
CRITICAL - 2022-07-05 22:55:45 --> Undefined property: App\Controllers\Guru\Kelas::$session
#0 /mnt/work/coding/ta/ta/app/Controllers/Guru/Kelas.php(17): CodeIgniter\Debug\Exceptions->errorHandler()
#1 /mnt/work/coding/ta/ta/vendor/codeigniter4/framework/system/CodeIgniter.php(802): App\Controllers\Guru\Kelas->__construct()
#2 /mnt/work/coding/ta/ta/vendor/codeigniter4/framework/system/CodeIgniter.php(403): CodeIgniter\CodeIgniter->createController()
#3 /mnt/work/coding/ta/ta/vendor/codeigniter4/framework/system/CodeIgniter.php(320): CodeIgniter\CodeIgniter->handleRequest()
#4 /mnt/work/coding/ta/ta/public/index.php(37): CodeIgniter\CodeIgniter->run()
#5 /mnt/work/coding/ta/ta/vendor/codeigniter4/framework/system/Commands/Server/rewrite.php(43): require_once('...')
#6 {main}
CRITICAL - 2022-07-05 22:56:00 --> Undefined property: App\Controllers\Guru\Kelas::$session
#0 /mnt/work/coding/ta/ta/app/Controllers/Guru/Kelas.php(17): CodeIgniter\Debug\Exceptions->errorHandler()
#1 /mnt/work/coding/ta/ta/vendor/codeigniter4/framework/system/CodeIgniter.php(802): App\Controllers\Guru\Kelas->__construct()
#2 /mnt/work/coding/ta/ta/vendor/codeigniter4/framework/system/CodeIgniter.php(403): CodeIgniter\CodeIgniter->createController()
#3 /mnt/work/coding/ta/ta/vendor/codeigniter4/framework/system/CodeIgniter.php(320): CodeIgniter\CodeIgniter->handleRequest()
#4 /mnt/work/coding/ta/ta/public/index.php(37): CodeIgniter\CodeIgniter->run()
#5 /mnt/work/coding/ta/ta/vendor/codeigniter4/framework/system/Commands/Server/rewrite.php(43): require_once('...')
#6 {main}
CRITICAL - 2022-07-05 22:56:01 --> Undefined property: App\Controllers\Guru\Kelas::$session
#0 /mnt/work/coding/ta/ta/app/Controllers/Guru/Kelas.php(17): CodeIgniter\Debug\Exceptions->errorHandler()
#1 /mnt/work/coding/ta/ta/vendor/codeigniter4/framework/system/CodeIgniter.php(802): App\Controllers\Guru\Kelas->__construct()
#2 /mnt/work/coding/ta/ta/vendor/codeigniter4/framework/system/CodeIgniter.php(403): CodeIgniter\CodeIgniter->createController()
#3 /mnt/work/coding/ta/ta/vendor/codeigniter4/framework/system/CodeIgniter.php(320): CodeIgniter\CodeIgniter->handleRequest()
#4 /mnt/work/coding/ta/ta/public/index.php(37): CodeIgniter\CodeIgniter->run()
#5 /mnt/work/coding/ta/ta/vendor/codeigniter4/framework/system/Commands/Server/rewrite.php(43): require_once('...')
#6 {main}
CRITICAL - 2022-07-05 22:56:01 --> Undefined property: App\Controllers\Guru\Kelas::$session
#0 /mnt/work/coding/ta/ta/app/Controllers/Guru/Kelas.php(17): CodeIgniter\Debug\Exceptions->errorHandler()
#1 /mnt/work/coding/ta/ta/vendor/codeigniter4/framework/system/CodeIgniter.php(802): App\Controllers\Guru\Kelas->__construct()
#2 /mnt/work/coding/ta/ta/vendor/codeigniter4/framework/system/CodeIgniter.php(403): CodeIgniter\CodeIgniter->createController()
#3 /mnt/work/coding/ta/ta/vendor/codeigniter4/framework/system/CodeIgniter.php(320): CodeIgniter\CodeIgniter->handleRequest()
#4 /mnt/work/coding/ta/ta/public/index.php(37): CodeIgniter\CodeIgniter->run()
#5 /mnt/work/coding/ta/ta/vendor/codeigniter4/framework/system/Commands/Server/rewrite.php(43): require_once('...')
#6 {main}
CRITICAL - 2022-07-05 22:56:01 --> Undefined property: App\Controllers\Guru\Kelas::$session
#0 /mnt/work/coding/ta/ta/app/Controllers/Guru/Kelas.php(17): CodeIgniter\Debug\Exceptions->errorHandler()
#1 /mnt/work/coding/ta/ta/vendor/codeigniter4/framework/system/CodeIgniter.php(802): App\Controllers\Guru\Kelas->__construct()
#2 /mnt/work/coding/ta/ta/vendor/codeigniter4/framework/system/CodeIgniter.php(403): CodeIgniter\CodeIgniter->createController()
#3 /mnt/work/coding/ta/ta/vendor/codeigniter4/framework/system/CodeIgniter.php(320): CodeIgniter\CodeIgniter->handleRequest()
#4 /mnt/work/coding/ta/ta/public/index.php(37): CodeIgniter\CodeIgniter->run()
#5 /mnt/work/coding/ta/ta/vendor/codeigniter4/framework/system/Commands/Server/rewrite.php(43): require_once('...')
#6 {main}
CRITICAL - 2022-07-05 22:56:03 --> Undefined property: App\Controllers\Guru\Kelas::$session
#0 /mnt/work/coding/ta/ta/app/Controllers/Guru/Kelas.php(17): CodeIgniter\Debug\Exceptions->errorHandler()
#1 /mnt/work/coding/ta/ta/vendor/codeigniter4/framework/system/CodeIgniter.php(802): App\Controllers\Guru\Kelas->__construct()
#2 /mnt/work/coding/ta/ta/vendor/codeigniter4/framework/system/CodeIgniter.php(403): CodeIgniter\CodeIgniter->createController()
#3 /mnt/work/coding/ta/ta/vendor/codeigniter4/framework/system/CodeIgniter.php(320): CodeIgniter\CodeIgniter->handleRequest()
#4 /mnt/work/coding/ta/ta/public/index.php(37): CodeIgniter\CodeIgniter->run()
#5 /mnt/work/coding/ta/ta/vendor/codeigniter4/framework/system/Commands/Server/rewrite.php(43): require_once('...')
#6 {main}
CRITICAL - 2022-07-05 22:56:03 --> Undefined property: App\Controllers\Guru\Kelas::$session
#0 /mnt/work/coding/ta/ta/app/Controllers/Guru/Kelas.php(17): CodeIgniter\Debug\Exceptions->errorHandler()
#1 /mnt/work/coding/ta/ta/vendor/codeigniter4/framework/system/CodeIgniter.php(802): App\Controllers\Guru\Kelas->__construct()
#2 /mnt/work/coding/ta/ta/vendor/codeigniter4/framework/system/CodeIgniter.php(403): CodeIgniter\CodeIgniter->createController()
#3 /mnt/work/coding/ta/ta/vendor/codeigniter4/framework/system/CodeIgniter.php(320): CodeIgniter\CodeIgniter->handleRequest()
#4 /mnt/work/coding/ta/ta/public/index.php(37): CodeIgniter\CodeIgniter->run()
#5 /mnt/work/coding/ta/ta/vendor/codeigniter4/framework/system/Commands/Server/rewrite.php(43): require_once('...')
#6 {main}
CRITICAL - 2022-07-05 22:56:03 --> Undefined property: App\Controllers\Guru\Kelas::$session
#0 /mnt/work/coding/ta/ta/app/Controllers/Guru/Kelas.php(17): CodeIgniter\Debug\Exceptions->errorHandler()
#1 /mnt/work/coding/ta/ta/vendor/codeigniter4/framework/system/CodeIgniter.php(802): App\Controllers\Guru\Kelas->__construct()
#2 /mnt/work/coding/ta/ta/vendor/codeigniter4/framework/system/CodeIgniter.php(403): CodeIgniter\CodeIgniter->createController()
#3 /mnt/work/coding/ta/ta/vendor/codeigniter4/framework/system/CodeIgniter.php(320): CodeIgniter\CodeIgniter->handleRequest()
#4 /mnt/work/coding/ta/ta/public/index.php(37): CodeIgniter\CodeIgniter->run()
#5 /mnt/work/coding/ta/ta/vendor/codeigniter4/framework/system/Commands/Server/rewrite.php(43): require_once('...')
#6 {main}
CRITICAL - 2022-07-05 22:56:04 --> Undefined property: App\Controllers\Guru\Kelas::$session
#0 /mnt/work/coding/ta/ta/app/Controllers/Guru/Kelas.php(17): CodeIgniter\Debug\Exceptions->errorHandler()
#1 /mnt/work/coding/ta/ta/vendor/codeigniter4/framework/system/CodeIgniter.php(802): App\Controllers\Guru\Kelas->__construct()
#2 /mnt/work/coding/ta/ta/vendor/codeigniter4/framework/system/CodeIgniter.php(403): CodeIgniter\CodeIgniter->createController()
#3 /mnt/work/coding/ta/ta/vendor/codeigniter4/framework/system/CodeIgniter.php(320): CodeIgniter\CodeIgniter->handleRequest()
#4 /mnt/work/coding/ta/ta/public/index.php(37): CodeIgniter\CodeIgniter->run()
#5 /mnt/work/coding/ta/ta/vendor/codeigniter4/framework/system/Commands/Server/rewrite.php(43): require_once('...')
#6 {main}
CRITICAL - 2022-07-05 22:56:14 --> Undefined property: App\Controllers\Guru\Kelas::$session
#0 /mnt/work/coding/ta/ta/app/Controllers/Guru/Kelas.php(17): CodeIgniter\Debug\Exceptions->errorHandler()
#1 /mnt/work/coding/ta/ta/vendor/codeigniter4/framework/system/CodeIgniter.php(802): App\Controllers\Guru\Kelas->__construct()
#2 /mnt/work/coding/ta/ta/vendor/codeigniter4/framework/system/CodeIgniter.php(403): CodeIgniter\CodeIgniter->createController()
#3 /mnt/work/coding/ta/ta/vendor/codeigniter4/framework/system/CodeIgniter.php(320): CodeIgniter\CodeIgniter->handleRequest()
#4 /mnt/work/coding/ta/ta/public/index.php(37): CodeIgniter\CodeIgniter->run()
#5 /mnt/work/coding/ta/ta/vendor/codeigniter4/framework/system/Commands/Server/rewrite.php(43): require_once('...')
#6 {main}
CRITICAL - 2022-07-05 22:56:14 --> Undefined property: App\Controllers\Guru\Kelas::$session
#0 /mnt/work/coding/ta/ta/app/Controllers/Guru/Kelas.php(17): CodeIgniter\Debug\Exceptions->errorHandler()
#1 /mnt/work/coding/ta/ta/vendor/codeigniter4/framework/system/CodeIgniter.php(802): App\Controllers\Guru\Kelas->__construct()
#2 /mnt/work/coding/ta/ta/vendor/codeigniter4/framework/system/CodeIgniter.php(403): CodeIgniter\CodeIgniter->createController()
#3 /mnt/work/coding/ta/ta/vendor/codeigniter4/framework/system/CodeIgniter.php(320): CodeIgniter\CodeIgniter->handleRequest()
#4 /mnt/work/coding/ta/ta/public/index.php(37): CodeIgniter\CodeIgniter->run()
#5 /mnt/work/coding/ta/ta/vendor/codeigniter4/framework/system/Commands/Server/rewrite.php(43): require_once('...')
#6 {main}
CRITICAL - 2022-07-05 22:56:14 --> Undefined property: App\Controllers\Guru\Kelas::$session
#0 /mnt/work/coding/ta/ta/app/Controllers/Guru/Kelas.php(17): CodeIgniter\Debug\Exceptions->errorHandler()
#1 /mnt/work/coding/ta/ta/vendor/codeigniter4/framework/system/CodeIgniter.php(802): App\Controllers\Guru\Kelas->__construct()
#2 /mnt/work/coding/ta/ta/vendor/codeigniter4/framework/system/CodeIgniter.php(403): CodeIgniter\CodeIgniter->createController()
#3 /mnt/work/coding/ta/ta/vendor/codeigniter4/framework/system/CodeIgniter.php(320): CodeIgniter\CodeIgniter->handleRequest()
#4 /mnt/work/coding/ta/ta/public/index.php(37): CodeIgniter\CodeIgniter->run()
#5 /mnt/work/coding/ta/ta/vendor/codeigniter4/framework/system/Commands/Server/rewrite.php(43): require_once('...')
#6 {main}
CRITICAL - 2022-07-05 22:56:37 --> Undefined property: App\Controllers\Guru\Kelas::$session
#0 /mnt/work/coding/ta/ta/app/Controllers/Guru/Kelas.php(17): CodeIgniter\Debug\Exceptions->errorHandler()
#1 /mnt/work/coding/ta/ta/vendor/codeigniter4/framework/system/CodeIgniter.php(802): App\Controllers\Guru\Kelas->__construct()
#2 /mnt/work/coding/ta/ta/vendor/codeigniter4/framework/system/CodeIgniter.php(403): CodeIgniter\CodeIgniter->createController()
#3 /mnt/work/coding/ta/ta/vendor/codeigniter4/framework/system/CodeIgniter.php(320): CodeIgniter\CodeIgniter->handleRequest()
#4 /mnt/work/coding/ta/ta/public/index.php(37): CodeIgniter\CodeIgniter->run()
#5 /mnt/work/coding/ta/ta/vendor/codeigniter4/framework/system/Commands/Server/rewrite.php(43): require_once('...')
#6 {main}
CRITICAL - 2022-07-05 22:56:37 --> Undefined property: App\Controllers\Guru\Kelas::$session
#0 /mnt/work/coding/ta/ta/app/Controllers/Guru/Kelas.php(17): CodeIgniter\Debug\Exceptions->errorHandler()
#1 /mnt/work/coding/ta/ta/vendor/codeigniter4/framework/system/CodeIgniter.php(802): App\Controllers\Guru\Kelas->__construct()
#2 /mnt/work/coding/ta/ta/vendor/codeigniter4/framework/system/CodeIgniter.php(403): CodeIgniter\CodeIgniter->createController()
#3 /mnt/work/coding/ta/ta/vendor/codeigniter4/framework/system/CodeIgniter.php(320): CodeIgniter\CodeIgniter->handleRequest()
#4 /mnt/work/coding/ta/ta/public/index.php(37): CodeIgniter\CodeIgniter->run()
#5 /mnt/work/coding/ta/ta/vendor/codeigniter4/framework/system/Commands/Server/rewrite.php(43): require_once('...')
#6 {main}
CRITICAL - 2022-07-05 22:56:37 --> Undefined property: App\Controllers\Guru\Kelas::$session
#0 /mnt/work/coding/ta/ta/app/Controllers/Guru/Kelas.php(17): CodeIgniter\Debug\Exceptions->errorHandler()
#1 /mnt/work/coding/ta/ta/vendor/codeigniter4/framework/system/CodeIgniter.php(802): App\Controllers\Guru\Kelas->__construct()
#2 /mnt/work/coding/ta/ta/vendor/codeigniter4/framework/system/CodeIgniter.php(403): CodeIgniter\CodeIgniter->createController()
#3 /mnt/work/coding/ta/ta/vendor/codeigniter4/framework/system/CodeIgniter.php(320): CodeIgniter\CodeIgniter->handleRequest()
#4 /mnt/work/coding/ta/ta/public/index.php(37): CodeIgniter\CodeIgniter->run()
#5 /mnt/work/coding/ta/ta/vendor/codeigniter4/framework/system/Commands/Server/rewrite.php(43): require_once('...')
#6 {main}
CRITICAL - 2022-07-05 22:56:37 --> Undefined property: App\Controllers\Guru\Kelas::$session
#0 /mnt/work/coding/ta/ta/app/Controllers/Guru/Kelas.php(17): CodeIgniter\Debug\Exceptions->errorHandler()
#1 /mnt/work/coding/ta/ta/vendor/codeigniter4/framework/system/CodeIgniter.php(802): App\Controllers\Guru\Kelas->__construct()
#2 /mnt/work/coding/ta/ta/vendor/codeigniter4/framework/system/CodeIgniter.php(403): CodeIgniter\CodeIgniter->createController()
#3 /mnt/work/coding/ta/ta/vendor/codeigniter4/framework/system/CodeIgniter.php(320): CodeIgniter\CodeIgniter->handleRequest()
#4 /mnt/work/coding/ta/ta/public/index.php(37): CodeIgniter\CodeIgniter->run()
#5 /mnt/work/coding/ta/ta/vendor/codeigniter4/framework/system/Commands/Server/rewrite.php(43): require_once('...')
#6 {main}
CRITICAL - 2022-07-05 22:56:37 --> Undefined property: App\Controllers\Guru\Kelas::$session
#0 /mnt/work/coding/ta/ta/app/Controllers/Guru/Kelas.php(17): CodeIgniter\Debug\Exceptions->errorHandler()
#1 /mnt/work/coding/ta/ta/vendor/codeigniter4/framework/system/CodeIgniter.php(802): App\Controllers\Guru\Kelas->__construct()
#2 /mnt/work/coding/ta/ta/vendor/codeigniter4/framework/system/CodeIgniter.php(403): CodeIgniter\CodeIgniter->createController()
#3 /mnt/work/coding/ta/ta/vendor/codeigniter4/framework/system/CodeIgniter.php(320): CodeIgniter\CodeIgniter->handleRequest()
#4 /mnt/work/coding/ta/ta/public/index.php(37): CodeIgniter\CodeIgniter->run()
#5 /mnt/work/coding/ta/ta/vendor/codeigniter4/framework/system/Commands/Server/rewrite.php(43): require_once('...')
#6 {main}
CRITICAL - 2022-07-05 22:56:38 --> Undefined property: App\Controllers\Guru\Kelas::$session
#0 /mnt/work/coding/ta/ta/app/Controllers/Guru/Kelas.php(17): CodeIgniter\Debug\Exceptions->errorHandler()
#1 /mnt/work/coding/ta/ta/vendor/codeigniter4/framework/system/CodeIgniter.php(802): App\Controllers\Guru\Kelas->__construct()
#2 /mnt/work/coding/ta/ta/vendor/codeigniter4/framework/system/CodeIgniter.php(403): CodeIgniter\CodeIgniter->createController()
#3 /mnt/work/coding/ta/ta/vendor/codeigniter4/framework/system/CodeIgniter.php(320): CodeIgniter\CodeIgniter->handleRequest()
#4 /mnt/work/coding/ta/ta/public/index.php(37): CodeIgniter\CodeIgniter->run()
#5 /mnt/work/coding/ta/ta/vendor/codeigniter4/framework/system/Commands/Server/rewrite.php(43): require_once('...')
#6 {main}
CRITICAL - 2022-07-05 22:56:38 --> Undefined property: App\Controllers\Guru\Kelas::$session
#0 /mnt/work/coding/ta/ta/app/Controllers/Guru/Kelas.php(17): CodeIgniter\Debug\Exceptions->errorHandler()
#1 /mnt/work/coding/ta/ta/vendor/codeigniter4/framework/system/CodeIgniter.php(802): App\Controllers\Guru\Kelas->__construct()
#2 /mnt/work/coding/ta/ta/vendor/codeigniter4/framework/system/CodeIgniter.php(403): CodeIgniter\CodeIgniter->createController()
#3 /mnt/work/coding/ta/ta/vendor/codeigniter4/framework/system/CodeIgniter.php(320): CodeIgniter\CodeIgniter->handleRequest()
#4 /mnt/work/coding/ta/ta/public/index.php(37): CodeIgniter\CodeIgniter->run()
#5 /mnt/work/coding/ta/ta/vendor/codeigniter4/framework/system/Commands/Server/rewrite.php(43): require_once('...')
#6 {main}
CRITICAL - 2022-07-05 22:56:38 --> Undefined property: App\Controllers\Guru\Kelas::$session
#0 /mnt/work/coding/ta/ta/app/Controllers/Guru/Kelas.php(17): CodeIgniter\Debug\Exceptions->errorHandler()
#1 /mnt/work/coding/ta/ta/vendor/codeigniter4/framework/system/CodeIgniter.php(802): App\Controllers\Guru\Kelas->__construct()
#2 /mnt/work/coding/ta/ta/vendor/codeigniter4/framework/system/CodeIgniter.php(403): CodeIgniter\CodeIgniter->createController()
#3 /mnt/work/coding/ta/ta/vendor/codeigniter4/framework/system/CodeIgniter.php(320): CodeIgniter\CodeIgniter->handleRequest()
#4 /mnt/work/coding/ta/ta/public/index.php(37): CodeIgniter\CodeIgniter->run()
#5 /mnt/work/coding/ta/ta/vendor/codeigniter4/framework/system/Commands/Server/rewrite.php(43): require_once('...')
#6 {main}
CRITICAL - 2022-07-05 22:56:38 --> Undefined property: App\Controllers\Guru\Kelas::$session
#0 /mnt/work/coding/ta/ta/app/Controllers/Guru/Kelas.php(17): CodeIgniter\Debug\Exceptions->errorHandler()
#1 /mnt/work/coding/ta/ta/vendor/codeigniter4/framework/system/CodeIgniter.php(802): App\Controllers\Guru\Kelas->__construct()
#2 /mnt/work/coding/ta/ta/vendor/codeigniter4/framework/system/CodeIgniter.php(403): CodeIgniter\CodeIgniter->createController()
#3 /mnt/work/coding/ta/ta/vendor/codeigniter4/framework/system/CodeIgniter.php(320): CodeIgniter\CodeIgniter->handleRequest()
#4 /mnt/work/coding/ta/ta/public/index.php(37): CodeIgniter\CodeIgniter->run()
#5 /mnt/work/coding/ta/ta/vendor/codeigniter4/framework/system/Commands/Server/rewrite.php(43): require_once('...')
#6 {main}
CRITICAL - 2022-07-05 22:56:58 --> Undefined property: App\Controllers\Guru\Kelas::$session
#0 /mnt/work/coding/ta/ta/app/Controllers/Guru/Kelas.php(17): CodeIgniter\Debug\Exceptions->errorHandler()
#1 /mnt/work/coding/ta/ta/vendor/codeigniter4/framework/system/CodeIgniter.php(802): App\Controllers\Guru\Kelas->__construct()
#2 /mnt/work/coding/ta/ta/vendor/codeigniter4/framework/system/CodeIgniter.php(403): CodeIgniter\CodeIgniter->createController()
#3 /mnt/work/coding/ta/ta/vendor/codeigniter4/framework/system/CodeIgniter.php(320): CodeIgniter\CodeIgniter->handleRequest()
#4 /mnt/work/coding/ta/ta/public/index.php(37): CodeIgniter\CodeIgniter->run()
#5 /mnt/work/coding/ta/ta/vendor/codeigniter4/framework/system/Commands/Server/rewrite.php(43): require_once('...')
#6 {main}
CRITICAL - 2022-07-05 22:56:59 --> Undefined property: App\Controllers\Guru\Kelas::$session
#0 /mnt/work/coding/ta/ta/app/Controllers/Guru/Kelas.php(17): CodeIgniter\Debug\Exceptions->errorHandler()
#1 /mnt/work/coding/ta/ta/vendor/codeigniter4/framework/system/CodeIgniter.php(802): App\Controllers\Guru\Kelas->__construct()
#2 /mnt/work/coding/ta/ta/vendor/codeigniter4/framework/system/CodeIgniter.php(403): CodeIgniter\CodeIgniter->createController()
#3 /mnt/work/coding/ta/ta/vendor/codeigniter4/framework/system/CodeIgniter.php(320): CodeIgniter\CodeIgniter->handleRequest()
#4 /mnt/work/coding/ta/ta/public/index.php(37): CodeIgniter\CodeIgniter->run()
#5 /mnt/work/coding/ta/ta/vendor/codeigniter4/framework/system/Commands/Server/rewrite.php(43): require_once('...')
#6 {main}
CRITICAL - 2022-07-05 22:56:59 --> Undefined property: App\Controllers\Guru\Kelas::$session
#0 /mnt/work/coding/ta/ta/app/Controllers/Guru/Kelas.php(17): CodeIgniter\Debug\Exceptions->errorHandler()
#1 /mnt/work/coding/ta/ta/vendor/codeigniter4/framework/system/CodeIgniter.php(802): App\Controllers\Guru\Kelas->__construct()
#2 /mnt/work/coding/ta/ta/vendor/codeigniter4/framework/system/CodeIgniter.php(403): CodeIgniter\CodeIgniter->createController()
#3 /mnt/work/coding/ta/ta/vendor/codeigniter4/framework/system/CodeIgniter.php(320): CodeIgniter\CodeIgniter->handleRequest()
#4 /mnt/work/coding/ta/ta/public/index.php(37): CodeIgniter\CodeIgniter->run()
#5 /mnt/work/coding/ta/ta/vendor/codeigniter4/framework/system/Commands/Server/rewrite.php(43): require_once('...')
#6 {main}
CRITICAL - 2022-07-05 22:56:59 --> Undefined property: App\Controllers\Guru\Kelas::$session
#0 /mnt/work/coding/ta/ta/app/Controllers/Guru/Kelas.php(17): CodeIgniter\Debug\Exceptions->errorHandler()
#1 /mnt/work/coding/ta/ta/vendor/codeigniter4/framework/system/CodeIgniter.php(802): App\Controllers\Guru\Kelas->__construct()
#2 /mnt/work/coding/ta/ta/vendor/codeigniter4/framework/system/CodeIgniter.php(403): CodeIgniter\CodeIgniter->createController()
#3 /mnt/work/coding/ta/ta/vendor/codeigniter4/framework/system/CodeIgniter.php(320): CodeIgniter\CodeIgniter->handleRequest()
#4 /mnt/work/coding/ta/ta/public/index.php(37): CodeIgniter\CodeIgniter->run()
#5 /mnt/work/coding/ta/ta/vendor/codeigniter4/framework/system/Commands/Server/rewrite.php(43): require_once('...')
#6 {main}
CRITICAL - 2022-07-05 22:56:59 --> Undefined property: App\Controllers\Guru\Kelas::$session
#0 /mnt/work/coding/ta/ta/app/Controllers/Guru/Kelas.php(17): CodeIgniter\Debug\Exceptions->errorHandler()
#1 /mnt/work/coding/ta/ta/vendor/codeigniter4/framework/system/CodeIgniter.php(802): App\Controllers\Guru\Kelas->__construct()
#2 /mnt/work/coding/ta/ta/vendor/codeigniter4/framework/system/CodeIgniter.php(403): CodeIgniter\CodeIgniter->createController()
#3 /mnt/work/coding/ta/ta/vendor/codeigniter4/framework/system/CodeIgniter.php(320): CodeIgniter\CodeIgniter->handleRequest()
#4 /mnt/work/coding/ta/ta/public/index.php(37): CodeIgniter\CodeIgniter->run()
#5 /mnt/work/coding/ta/ta/vendor/codeigniter4/framework/system/Commands/Server/rewrite.php(43): require_once('...')
#6 {main}
CRITICAL - 2022-07-05 22:57:00 --> Undefined property: App\Controllers\Guru\Kelas::$session
#0 /mnt/work/coding/ta/ta/app/Controllers/Guru/Kelas.php(17): CodeIgniter\Debug\Exceptions->errorHandler()
#1 /mnt/work/coding/ta/ta/vendor/codeigniter4/framework/system/CodeIgniter.php(802): App\Controllers\Guru\Kelas->__construct()
#2 /mnt/work/coding/ta/ta/vendor/codeigniter4/framework/system/CodeIgniter.php(403): CodeIgniter\CodeIgniter->createController()
#3 /mnt/work/coding/ta/ta/vendor/codeigniter4/framework/system/CodeIgniter.php(320): CodeIgniter\CodeIgniter->handleRequest()
#4 /mnt/work/coding/ta/ta/public/index.php(37): CodeIgniter\CodeIgniter->run()
#5 /mnt/work/coding/ta/ta/vendor/codeigniter4/framework/system/Commands/Server/rewrite.php(43): require_once('...')
#6 {main}
CRITICAL - 2022-07-05 22:57:00 --> Undefined property: App\Controllers\Guru\Kelas::$session
#0 /mnt/work/coding/ta/ta/app/Controllers/Guru/Kelas.php(17): CodeIgniter\Debug\Exceptions->errorHandler()
#1 /mnt/work/coding/ta/ta/vendor/codeigniter4/framework/system/CodeIgniter.php(802): App\Controllers\Guru\Kelas->__construct()
#2 /mnt/work/coding/ta/ta/vendor/codeigniter4/framework/system/CodeIgniter.php(403): CodeIgniter\CodeIgniter->createController()
#3 /mnt/work/coding/ta/ta/vendor/codeigniter4/framework/system/CodeIgniter.php(320): CodeIgniter\CodeIgniter->handleRequest()
#4 /mnt/work/coding/ta/ta/public/index.php(37): CodeIgniter\CodeIgniter->run()
#5 /mnt/work/coding/ta/ta/vendor/codeigniter4/framework/system/Commands/Server/rewrite.php(43): require_once('...')
#6 {main}
CRITICAL - 2022-07-05 22:57:00 --> Undefined property: App\Controllers\Guru\Kelas::$session
#0 /mnt/work/coding/ta/ta/app/Controllers/Guru/Kelas.php(17): CodeIgniter\Debug\Exceptions->errorHandler()
#1 /mnt/work/coding/ta/ta/vendor/codeigniter4/framework/system/CodeIgniter.php(802): App\Controllers\Guru\Kelas->__construct()
#2 /mnt/work/coding/ta/ta/vendor/codeigniter4/framework/system/CodeIgniter.php(403): CodeIgniter\CodeIgniter->createController()
#3 /mnt/work/coding/ta/ta/vendor/codeigniter4/framework/system/CodeIgniter.php(320): CodeIgniter\CodeIgniter->handleRequest()
#4 /mnt/work/coding/ta/ta/public/index.php(37): CodeIgniter\CodeIgniter->run()
#5 /mnt/work/coding/ta/ta/vendor/codeigniter4/framework/system/Commands/Server/rewrite.php(43): require_once('...')
#6 {main}
CRITICAL - 2022-07-05 22:57:00 --> Undefined property: App\Controllers\Guru\Kelas::$session
#0 /mnt/work/coding/ta/ta/app/Controllers/Guru/Kelas.php(17): CodeIgniter\Debug\Exceptions->errorHandler()
#1 /mnt/work/coding/ta/ta/vendor/codeigniter4/framework/system/CodeIgniter.php(802): App\Controllers\Guru\Kelas->__construct()
#2 /mnt/work/coding/ta/ta/vendor/codeigniter4/framework/system/CodeIgniter.php(403): CodeIgniter\CodeIgniter->createController()
#3 /mnt/work/coding/ta/ta/vendor/codeigniter4/framework/system/CodeIgniter.php(320): CodeIgniter\CodeIgniter->handleRequest()
#4 /mnt/work/coding/ta/ta/public/index.php(37): CodeIgniter\CodeIgniter->run()
#5 /mnt/work/coding/ta/ta/vendor/codeigniter4/framework/system/Commands/Server/rewrite.php(43): require_once('...')
#6 {main}
CRITICAL - 2022-07-05 22:57:00 --> Undefined property: App\Controllers\Guru\Kelas::$session
#0 /mnt/work/coding/ta/ta/app/Controllers/Guru/Kelas.php(17): CodeIgniter\Debug\Exceptions->errorHandler()
#1 /mnt/work/coding/ta/ta/vendor/codeigniter4/framework/system/CodeIgniter.php(802): App\Controllers\Guru\Kelas->__construct()
#2 /mnt/work/coding/ta/ta/vendor/codeigniter4/framework/system/CodeIgniter.php(403): CodeIgniter\CodeIgniter->createController()
#3 /mnt/work/coding/ta/ta/vendor/codeigniter4/framework/system/CodeIgniter.php(320): CodeIgniter\CodeIgniter->handleRequest()
#4 /mnt/work/coding/ta/ta/public/index.php(37): CodeIgniter\CodeIgniter->run()
#5 /mnt/work/coding/ta/ta/vendor/codeigniter4/framework/system/Commands/Server/rewrite.php(43): require_once('...')
#6 {main}
CRITICAL - 2022-07-05 22:57:31 --> Array to string conversion
#0 /mnt/work/coding/ta/ta/app/Views/template/parsial/head.php(9): CodeIgniter\Debug\Exceptions->errorHandler()
#1 /mnt/work/coding/ta/ta/vendor/codeigniter4/framework/system/View/View.php(210): include('...')
#2 /mnt/work/coding/ta/ta/vendor/codeigniter4/framework/system/View/View.php(213): CodeIgniter\View\View->CodeIgniter\View\{closure}()
#3 /mnt/work/coding/ta/ta/vendor/codeigniter4/framework/system/View/View.php(424): CodeIgniter\View\View->render()
#4 /mnt/work/coding/ta/ta/app/Views/template/guru/guruTemplate.php(4): CodeIgniter\View\View->include()
#5 /mnt/work/coding/ta/ta/vendor/codeigniter4/framework/system/View/View.php(210): include('...')
#6 /mnt/work/coding/ta/ta/vendor/codeigniter4/framework/system/View/View.php(213): CodeIgniter\View\View->CodeIgniter\View\{closure}()
#7 /mnt/work/coding/ta/ta/vendor/codeigniter4/framework/system/View/View.php(226): CodeIgniter\View\View->render()
#8 /mnt/work/coding/ta/ta/vendor/codeigniter4/framework/system/Common.php(1089): CodeIgniter\View\View->render()
#9 /mnt/work/coding/ta/ta/app/Controllers/Guru/Kelas.php(54): view()
#10 /mnt/work/coding/ta/ta/vendor/codeigniter4/framework/system/CodeIgniter.php(825): App\Controllers\Guru\Kelas->detail()
#11 /mnt/work/coding/ta/ta/vendor/codeigniter4/framework/system/CodeIgniter.php(412): CodeIgniter\CodeIgniter->runController()
#12 /mnt/work/coding/ta/ta/vendor/codeigniter4/framework/system/CodeIgniter.php(320): CodeIgniter\CodeIgniter->handleRequest()
#13 /mnt/work/coding/ta/ta/public/index.php(37): CodeIgniter\CodeIgniter->run()
#14 /mnt/work/coding/ta/ta/vendor/codeigniter4/framework/system/Commands/Server/rewrite.php(43): require_once('...')
#15 {main}
CRITICAL - 2022-07-05 22:57:50 --> Array to string conversion
#0 /mnt/work/coding/ta/ta/app/Views/template/parsial/head.php(9): CodeIgniter\Debug\Exceptions->errorHandler()
#1 /mnt/work/coding/ta/ta/vendor/codeigniter4/framework/system/View/View.php(210): include('...')
#2 /mnt/work/coding/ta/ta/vendor/codeigniter4/framework/system/View/View.php(213): CodeIgniter\View\View->CodeIgniter\View\{closure}()
#3 /mnt/work/coding/ta/ta/vendor/codeigniter4/framework/system/View/View.php(424): CodeIgniter\View\View->render()
#4 /mnt/work/coding/ta/ta/app/Views/template/guru/guruTemplate.php(4): CodeIgniter\View\View->include()
#5 /mnt/work/coding/ta/ta/vendor/codeigniter4/framework/system/View/View.php(210): include('...')
#6 /mnt/work/coding/ta/ta/vendor/codeigniter4/framework/system/View/View.php(213): CodeIgniter\View\View->CodeIgniter\View\{closure}()
#7 /mnt/work/coding/ta/ta/vendor/codeigniter4/framework/system/View/View.php(226): CodeIgniter\View\View->render()
#8 /mnt/work/coding/ta/ta/vendor/codeigniter4/framework/system/Common.php(1089): CodeIgniter\View\View->render()
#9 /mnt/work/coding/ta/ta/app/Controllers/Guru/Kelas.php(56): view()
#10 /mnt/work/coding/ta/ta/vendor/codeigniter4/framework/system/CodeIgniter.php(825): App\Controllers\Guru\Kelas->detail()
#11 /mnt/work/coding/ta/ta/vendor/codeigniter4/framework/system/CodeIgniter.php(412): CodeIgniter\CodeIgniter->runController()
#12 /mnt/work/coding/ta/ta/vendor/codeigniter4/framework/system/CodeIgniter.php(320): CodeIgniter\CodeIgniter->handleRequest()
#13 /mnt/work/coding/ta/ta/public/index.php(37): CodeIgniter\CodeIgniter->run()
#14 /mnt/work/coding/ta/ta/vendor/codeigniter4/framework/system/Commands/Server/rewrite.php(43): require_once('...')
#15 {main}
CRITICAL - 2022-07-05 22:57:50 --> Array to string conversion
#0 /mnt/work/coding/ta/ta/app/Views/template/parsial/head.php(9): CodeIgniter\Debug\Exceptions->errorHandler()
#1 /mnt/work/coding/ta/ta/vendor/codeigniter4/framework/system/View/View.php(210): include('...')
#2 /mnt/work/coding/ta/ta/vendor/codeigniter4/framework/system/View/View.php(213): CodeIgniter\View\View->CodeIgniter\View\{closure}()
#3 /mnt/work/coding/ta/ta/vendor/codeigniter4/framework/system/View/View.php(424): CodeIgniter\View\View->render()
#4 /mnt/work/coding/ta/ta/app/Views/template/guru/guruTemplate.php(4): CodeIgniter\View\View->include()
#5 /mnt/work/coding/ta/ta/vendor/codeigniter4/framework/system/View/View.php(210): include('...')
#6 /mnt/work/coding/ta/ta/vendor/codeigniter4/framework/system/View/View.php(213): CodeIgniter\View\View->CodeIgniter\View\{closure}()
#7 /mnt/work/coding/ta/ta/vendor/codeigniter4/framework/system/View/View.php(226): CodeIgniter\View\View->render()
#8 /mnt/work/coding/ta/ta/vendor/codeigniter4/framework/system/Common.php(1089): CodeIgniter\View\View->render()
#9 /mnt/work/coding/ta/ta/app/Controllers/Guru/Kelas.php(56): view()
#10 /mnt/work/coding/ta/ta/vendor/codeigniter4/framework/system/CodeIgniter.php(825): App\Controllers\Guru\Kelas->detail()
#11 /mnt/work/coding/ta/ta/vendor/codeigniter4/framework/system/CodeIgniter.php(412): CodeIgniter\CodeIgniter->runController()
#12 /mnt/work/coding/ta/ta/vendor/codeigniter4/framework/system/CodeIgniter.php(320): CodeIgniter\CodeIgniter->handleRequest()
#13 /mnt/work/coding/ta/ta/public/index.php(37): CodeIgniter\CodeIgniter->run()
#14 /mnt/work/coding/ta/ta/vendor/codeigniter4/framework/system/Commands/Server/rewrite.php(43): require_once('...')
#15 {main}
CRITICAL - 2022-07-05 22:57:51 --> Array to string conversion
#0 /mnt/work/coding/ta/ta/app/Views/template/parsial/head.php(9): CodeIgniter\Debug\Exceptions->errorHandler()
#1 /mnt/work/coding/ta/ta/vendor/codeigniter4/framework/system/View/View.php(210): include('...')
#2 /mnt/work/coding/ta/ta/vendor/codeigniter4/framework/system/View/View.php(213): CodeIgniter\View\View->CodeIgniter\View\{closure}()
#3 /mnt/work/coding/ta/ta/vendor/codeigniter4/framework/system/View/View.php(424): CodeIgniter\View\View->render()
#4 /mnt/work/coding/ta/ta/app/Views/template/guru/guruTemplate.php(4): CodeIgniter\View\View->include()
#5 /mnt/work/coding/ta/ta/vendor/codeigniter4/framework/system/View/View.php(210): include('...')
#6 /mnt/work/coding/ta/ta/vendor/codeigniter4/framework/system/View/View.php(213): CodeIgniter\View\View->CodeIgniter\View\{closure}()
#7 /mnt/work/coding/ta/ta/vendor/codeigniter4/framework/system/View/View.php(226): CodeIgniter\View\View->render()
#8 /mnt/work/coding/ta/ta/vendor/codeigniter4/framework/system/Common.php(1089): CodeIgniter\View\View->render()
#9 /mnt/work/coding/ta/ta/app/Controllers/Guru/Kelas.php(56): view()
#10 /mnt/work/coding/ta/ta/vendor/codeigniter4/framework/system/CodeIgniter.php(825): App\Controllers\Guru\Kelas->detail()
#11 /mnt/work/coding/ta/ta/vendor/codeigniter4/framework/system/CodeIgniter.php(412): CodeIgniter\CodeIgniter->runController()
#12 /mnt/work/coding/ta/ta/vendor/codeigniter4/framework/system/CodeIgniter.php(320): CodeIgniter\CodeIgniter->handleRequest()
#13 /mnt/work/coding/ta/ta/public/index.php(37): CodeIgniter\CodeIgniter->run()
#14 /mnt/work/coding/ta/ta/vendor/codeigniter4/framework/system/Commands/Server/rewrite.php(43): require_once('...')
#15 {main}
CRITICAL - 2022-07-05 22:58:21 --> Array to string conversion
#0 /mnt/work/coding/ta/ta/app/Views/template/parsial/head.php(9): CodeIgniter\Debug\Exceptions->errorHandler()
#1 /mnt/work/coding/ta/ta/vendor/codeigniter4/framework/system/View/View.php(210): include('...')
#2 /mnt/work/coding/ta/ta/vendor/codeigniter4/framework/system/View/View.php(213): CodeIgniter\View\View->CodeIgniter\View\{closure}()
#3 /mnt/work/coding/ta/ta/vendor/codeigniter4/framework/system/View/View.php(424): CodeIgniter\View\View->render()
#4 /mnt/work/coding/ta/ta/app/Views/template/guru/guruTemplate.php(4): CodeIgniter\View\View->include()
#5 /mnt/work/coding/ta/ta/vendor/codeigniter4/framework/system/View/View.php(210): include('...')
#6 /mnt/work/coding/ta/ta/vendor/codeigniter4/framework/system/View/View.php(213): CodeIgniter\View\View->CodeIgniter\View\{closure}()
#7 /mnt/work/coding/ta/ta/vendor/codeigniter4/framework/system/View/View.php(226): CodeIgniter\View\View->render()
#8 /mnt/work/coding/ta/ta/vendor/codeigniter4/framework/system/Common.php(1089): CodeIgniter\View\View->render()
#9 /mnt/work/coding/ta/ta/app/Controllers/Guru/Kelas.php(56): view()
#10 /mnt/work/coding/ta/ta/vendor/codeigniter4/framework/system/CodeIgniter.php(825): App\Controllers\Guru\Kelas->detail()
#11 /mnt/work/coding/ta/ta/vendor/codeigniter4/framework/system/CodeIgniter.php(412): CodeIgniter\CodeIgniter->runController()
#12 /mnt/work/coding/ta/ta/vendor/codeigniter4/framework/system/CodeIgniter.php(320): CodeIgniter\CodeIgniter->handleRequest()
#13 /mnt/work/coding/ta/ta/public/index.php(37): CodeIgniter\CodeIgniter->run()
#14 /mnt/work/coding/ta/ta/vendor/codeigniter4/framework/system/Commands/Server/rewrite.php(43): require_once('...')
#15 {main}
CRITICAL - 2022-07-05 22:58:22 --> Array to string conversion
#0 /mnt/work/coding/ta/ta/app/Views/template/parsial/head.php(9): CodeIgniter\Debug\Exceptions->errorHandler()
#1 /mnt/work/coding/ta/ta/vendor/codeigniter4/framework/system/View/View.php(210): include('...')
#2 /mnt/work/coding/ta/ta/vendor/codeigniter4/framework/system/View/View.php(213): CodeIgniter\View\View->CodeIgniter\View\{closure}()
#3 /mnt/work/coding/ta/ta/vendor/codeigniter4/framework/system/View/View.php(424): CodeIgniter\View\View->render()
#4 /mnt/work/coding/ta/ta/app/Views/template/guru/guruTemplate.php(4): CodeIgniter\View\View->include()
#5 /mnt/work/coding/ta/ta/vendor/codeigniter4/framework/system/View/View.php(210): include('...')
#6 /mnt/work/coding/ta/ta/vendor/codeigniter4/framework/system/View/View.php(213): CodeIgniter\View\View->CodeIgniter\View\{closure}()
#7 /mnt/work/coding/ta/ta/vendor/codeigniter4/framework/system/View/View.php(226): CodeIgniter\View\View->render()
#8 /mnt/work/coding/ta/ta/vendor/codeigniter4/framework/system/Common.php(1089): CodeIgniter\View\View->render()
#9 /mnt/work/coding/ta/ta/app/Controllers/Guru/Kelas.php(56): view()
#10 /mnt/work/coding/ta/ta/vendor/codeigniter4/framework/system/CodeIgniter.php(825): App\Controllers\Guru\Kelas->detail()
#11 /mnt/work/coding/ta/ta/vendor/codeigniter4/framework/system/CodeIgniter.php(412): CodeIgniter\CodeIgniter->runController()
#12 /mnt/work/coding/ta/ta/vendor/codeigniter4/framework/system/CodeIgniter.php(320): CodeIgniter\CodeIgniter->handleRequest()
#13 /mnt/work/coding/ta/ta/public/index.php(37): CodeIgniter\CodeIgniter->run()
#14 /mnt/work/coding/ta/ta/vendor/codeigniter4/framework/system/Commands/Server/rewrite.php(43): require_once('...')
#15 {main}
CRITICAL - 2022-07-05 23:03:24 --> Class "App\Database\Migrations\DataRuangankelas" not found
#0 /mnt/work/coding/ta/ta/vendor/codeigniter4/framework/system/CodeIgniter.php(802): App\Controllers\Guru\Kelas->__construct()
#1 /mnt/work/coding/ta/ta/vendor/codeigniter4/framework/system/CodeIgniter.php(403): CodeIgniter\CodeIgniter->createController()
#2 /mnt/work/coding/ta/ta/vendor/codeigniter4/framework/system/CodeIgniter.php(320): CodeIgniter\CodeIgniter->handleRequest()
#3 /mnt/work/coding/ta/ta/public/index.php(37): CodeIgniter\CodeIgniter->run()
#4 /mnt/work/coding/ta/ta/vendor/codeigniter4/framework/system/Commands/Server/rewrite.php(43): require_once('...')
#5 {main}
CRITICAL - 2022-07-05 23:03:24 --> Class "App\Database\Migrations\DataRuangankelas" not found
#0 /mnt/work/coding/ta/ta/vendor/codeigniter4/framework/system/CodeIgniter.php(802): App\Controllers\Guru\Kelas->__construct()
#1 /mnt/work/coding/ta/ta/vendor/codeigniter4/framework/system/CodeIgniter.php(403): CodeIgniter\CodeIgniter->createController()
#2 /mnt/work/coding/ta/ta/vendor/codeigniter4/framework/system/CodeIgniter.php(320): CodeIgniter\CodeIgniter->handleRequest()
#3 /mnt/work/coding/ta/ta/public/index.php(37): CodeIgniter\CodeIgniter->run()
#4 /mnt/work/coding/ta/ta/vendor/codeigniter4/framework/system/Commands/Server/rewrite.php(43): require_once('...')
#5 {main}
CRITICAL - 2022-07-05 23:03:25 --> Class "App\Database\Migrations\DataRuangankelas" not found
#0 /mnt/work/coding/ta/ta/vendor/codeigniter4/framework/system/CodeIgniter.php(802): App\Controllers\Guru\Kelas->__construct()
#1 /mnt/work/coding/ta/ta/vendor/codeigniter4/framework/system/CodeIgniter.php(403): CodeIgniter\CodeIgniter->createController()
#2 /mnt/work/coding/ta/ta/vendor/codeigniter4/framework/system/CodeIgniter.php(320): CodeIgniter\CodeIgniter->handleRequest()
#3 /mnt/work/coding/ta/ta/public/index.php(37): CodeIgniter\CodeIgniter->run()
#4 /mnt/work/coding/ta/ta/vendor/codeigniter4/framework/system/Commands/Server/rewrite.php(43): require_once('...')
#5 {main}
CRITICAL - 2022-07-05 23:03:25 --> Class "App\Database\Migrations\DataRuangankelas" not found
#0 /mnt/work/coding/ta/ta/vendor/codeigniter4/framework/system/CodeIgniter.php(802): App\Controllers\Guru\Kelas->__construct()
#1 /mnt/work/coding/ta/ta/vendor/codeigniter4/framework/system/CodeIgniter.php(403): CodeIgniter\CodeIgniter->createController()
#2 /mnt/work/coding/ta/ta/vendor/codeigniter4/framework/system/CodeIgniter.php(320): CodeIgniter\CodeIgniter->handleRequest()
#3 /mnt/work/coding/ta/ta/public/index.php(37): CodeIgniter\CodeIgniter->run()
#4 /mnt/work/coding/ta/ta/vendor/codeigniter4/framework/system/Commands/Server/rewrite.php(43): require_once('...')
#5 {main}
CRITICAL - 2022-07-05 23:04:16 --> Undefined variable $kelas
#0 /mnt/work/coding/ta/ta/app/Views/guru/kelas/detail.php(25): CodeIgniter\Debug\Exceptions->errorHandler()
#1 /mnt/work/coding/ta/ta/vendor/codeigniter4/framework/system/View/View.php(210): include('...')
#2 /mnt/work/coding/ta/ta/vendor/codeigniter4/framework/system/View/View.php(213): CodeIgniter\View\View->CodeIgniter\View\{closure}()
#3 /mnt/work/coding/ta/ta/vendor/codeigniter4/framework/system/Common.php(1089): CodeIgniter\View\View->render()
#4 /mnt/work/coding/ta/ta/app/Controllers/Guru/Kelas.php(47): view()
#5 /mnt/work/coding/ta/ta/vendor/codeigniter4/framework/system/CodeIgniter.php(825): App\Controllers\Guru\Kelas->detail()
#6 /mnt/work/coding/ta/ta/vendor/codeigniter4/framework/system/CodeIgniter.php(412): CodeIgniter\CodeIgniter->runController()
#7 /mnt/work/coding/ta/ta/vendor/codeigniter4/framework/system/CodeIgniter.php(320): CodeIgniter\CodeIgniter->handleRequest()
#8 /mnt/work/coding/ta/ta/public/index.php(37): CodeIgniter\CodeIgniter->run()
#9 /mnt/work/coding/ta/ta/vendor/codeigniter4/framework/system/Commands/Server/rewrite.php(43): require_once('...')
#10 {main}
CRITICAL - 2022-07-05 23:04:25 --> Undefined variable $kelas
#0 /mnt/work/coding/ta/ta/app/Views/guru/kelas/detail.php(25): CodeIgniter\Debug\Exceptions->errorHandler()
#1 /mnt/work/coding/ta/ta/vendor/codeigniter4/framework/system/View/View.php(210): include('...')
#2 /mnt/work/coding/ta/ta/vendor/codeigniter4/framework/system/View/View.php(213): CodeIgniter\View\View->CodeIgniter\View\{closure}()
#3 /mnt/work/coding/ta/ta/vendor/codeigniter4/framework/system/Common.php(1089): CodeIgniter\View\View->render()
#4 /mnt/work/coding/ta/ta/app/Controllers/Guru/Kelas.php(47): view()
#5 /mnt/work/coding/ta/ta/vendor/codeigniter4/framework/system/CodeIgniter.php(825): App\Controllers\Guru\Kelas->detail()
#6 /mnt/work/coding/ta/ta/vendor/codeigniter4/framework/system/CodeIgniter.php(412): CodeIgniter\CodeIgniter->runController()
#7 /mnt/work/coding/ta/ta/vendor/codeigniter4/framework/system/CodeIgniter.php(320): CodeIgniter\CodeIgniter->handleRequest()
#8 /mnt/work/coding/ta/ta/public/index.php(37): CodeIgniter\CodeIgniter->run()
#9 /mnt/work/coding/ta/ta/vendor/codeigniter4/framework/system/Commands/Server/rewrite.php(43): require_once('...')
#10 {main}
CRITICAL - 2022-07-05 23:04:26 --> Undefined variable $kelas
#0 /mnt/work/coding/ta/ta/app/Views/guru/kelas/detail.php(25): CodeIgniter\Debug\Exceptions->errorHandler()
#1 /mnt/work/coding/ta/ta/vendor/codeigniter4/framework/system/View/View.php(210): include('...')
#2 /mnt/work/coding/ta/ta/vendor/codeigniter4/framework/system/View/View.php(213): CodeIgniter\View\View->CodeIgniter\View\{closure}()
#3 /mnt/work/coding/ta/ta/vendor/codeigniter4/framework/system/Common.php(1089): CodeIgniter\View\View->render()
#4 /mnt/work/coding/ta/ta/app/Controllers/Guru/Kelas.php(47): view()
#5 /mnt/work/coding/ta/ta/vendor/codeigniter4/framework/system/CodeIgniter.php(825): App\Controllers\Guru\Kelas->detail()
#6 /mnt/work/coding/ta/ta/vendor/codeigniter4/framework/system/CodeIgniter.php(412): CodeIgniter\CodeIgniter->runController()
#7 /mnt/work/coding/ta/ta/vendor/codeigniter4/framework/system/CodeIgniter.php(320): CodeIgniter\CodeIgniter->handleRequest()
#8 /mnt/work/coding/ta/ta/public/index.php(37): CodeIgniter\CodeIgniter->run()
#9 /mnt/work/coding/ta/ta/vendor/codeigniter4/framework/system/Commands/Server/rewrite.php(43): require_once('...')
#10 {main}
CRITICAL - 2022-07-05 23:04:26 --> Undefined variable $kelas
#0 /mnt/work/coding/ta/ta/app/Views/guru/kelas/detail.php(25): CodeIgniter\Debug\Exceptions->errorHandler()
#1 /mnt/work/coding/ta/ta/vendor/codeigniter4/framework/system/View/View.php(210): include('...')
#2 /mnt/work/coding/ta/ta/vendor/codeigniter4/framework/system/View/View.php(213): CodeIgniter\View\View->CodeIgniter\View\{closure}()
#3 /mnt/work/coding/ta/ta/vendor/codeigniter4/framework/system/Common.php(1089): CodeIgniter\View\View->render()
#4 /mnt/work/coding/ta/ta/app/Controllers/Guru/Kelas.php(47): view()
#5 /mnt/work/coding/ta/ta/vendor/codeigniter4/framework/system/CodeIgniter.php(825): App\Controllers\Guru\Kelas->detail()
#6 /mnt/work/coding/ta/ta/vendor/codeigniter4/framework/system/CodeIgniter.php(412): CodeIgniter\CodeIgniter->runController()
#7 /mnt/work/coding/ta/ta/vendor/codeigniter4/framework/system/CodeIgniter.php(320): CodeIgniter\CodeIgniter->handleRequest()
#8 /mnt/work/coding/ta/ta/public/index.php(37): CodeIgniter\CodeIgniter->run()
#9 /mnt/work/coding/ta/ta/vendor/codeigniter4/framework/system/Commands/Server/rewrite.php(43): require_once('...')
#10 {main}
CRITICAL - 2022-07-05 23:04:26 --> Undefined variable $kelas
#0 /mnt/work/coding/ta/ta/app/Views/guru/kelas/detail.php(25): CodeIgniter\Debug\Exceptions->errorHandler()
#1 /mnt/work/coding/ta/ta/vendor/codeigniter4/framework/system/View/View.php(210): include('...')
#2 /mnt/work/coding/ta/ta/vendor/codeigniter4/framework/system/View/View.php(213): CodeIgniter\View\View->CodeIgniter\View\{closure}()
#3 /mnt/work/coding/ta/ta/vendor/codeigniter4/framework/system/Common.php(1089): CodeIgniter\View\View->render()
#4 /mnt/work/coding/ta/ta/app/Controllers/Guru/Kelas.php(47): view()
#5 /mnt/work/coding/ta/ta/vendor/codeigniter4/framework/system/CodeIgniter.php(825): App\Controllers\Guru\Kelas->detail()
#6 /mnt/work/coding/ta/ta/vendor/codeigniter4/framework/system/CodeIgniter.php(412): CodeIgniter\CodeIgniter->runController()
#7 /mnt/work/coding/ta/ta/vendor/codeigniter4/framework/system/CodeIgniter.php(320): CodeIgniter\CodeIgniter->handleRequest()
#8 /mnt/work/coding/ta/ta/public/index.php(37): CodeIgniter\CodeIgniter->run()
#9 /mnt/work/coding/ta/ta/vendor/codeigniter4/framework/system/Commands/Server/rewrite.php(43): require_once('...')
#10 {main}
CRITICAL - 2022-07-05 23:04:26 --> Undefined variable $kelas
#0 /mnt/work/coding/ta/ta/app/Views/guru/kelas/detail.php(25): CodeIgniter\Debug\Exceptions->errorHandler()
#1 /mnt/work/coding/ta/ta/vendor/codeigniter4/framework/system/View/View.php(210): include('...')
#2 /mnt/work/coding/ta/ta/vendor/codeigniter4/framework/system/View/View.php(213): CodeIgniter\View\View->CodeIgniter\View\{closure}()
#3 /mnt/work/coding/ta/ta/vendor/codeigniter4/framework/system/Common.php(1089): CodeIgniter\View\View->render()
#4 /mnt/work/coding/ta/ta/app/Controllers/Guru/Kelas.php(47): view()
#5 /mnt/work/coding/ta/ta/vendor/codeigniter4/framework/system/CodeIgniter.php(825): App\Controllers\Guru\Kelas->detail()
#6 /mnt/work/coding/ta/ta/vendor/codeigniter4/framework/system/CodeIgniter.php(412): CodeIgniter\CodeIgniter->runController()
#7 /mnt/work/coding/ta/ta/vendor/codeigniter4/framework/system/CodeIgniter.php(320): CodeIgniter\CodeIgniter->handleRequest()
#8 /mnt/work/coding/ta/ta/public/index.php(37): CodeIgniter\CodeIgniter->run()
#9 /mnt/work/coding/ta/ta/vendor/codeigniter4/framework/system/Commands/Server/rewrite.php(43): require_once('...')
#10 {main}
CRITICAL - 2022-07-05 23:04:26 --> Undefined variable $kelas
#0 /mnt/work/coding/ta/ta/app/Views/guru/kelas/detail.php(25): CodeIgniter\Debug\Exceptions->errorHandler()
#1 /mnt/work/coding/ta/ta/vendor/codeigniter4/framework/system/View/View.php(210): include('...')
#2 /mnt/work/coding/ta/ta/vendor/codeigniter4/framework/system/View/View.php(213): CodeIgniter\View\View->CodeIgniter\View\{closure}()
#3 /mnt/work/coding/ta/ta/vendor/codeigniter4/framework/system/Common.php(1089): CodeIgniter\View\View->render()
#4 /mnt/work/coding/ta/ta/app/Controllers/Guru/Kelas.php(47): view()
#5 /mnt/work/coding/ta/ta/vendor/codeigniter4/framework/system/CodeIgniter.php(825): App\Controllers\Guru\Kelas->detail()
#6 /mnt/work/coding/ta/ta/vendor/codeigniter4/framework/system/CodeIgniter.php(412): CodeIgniter\CodeIgniter->runController()
#7 /mnt/work/coding/ta/ta/vendor/codeigniter4/framework/system/CodeIgniter.php(320): CodeIgniter\CodeIgniter->handleRequest()
#8 /mnt/work/coding/ta/ta/public/index.php(37): CodeIgniter\CodeIgniter->run()
#9 /mnt/work/coding/ta/ta/vendor/codeigniter4/framework/system/Commands/Server/rewrite.php(43): require_once('...')
#10 {main}
CRITICAL - 2022-07-05 23:04:35 --> Undefined variable $kls
#0 /mnt/work/coding/ta/ta/app/Views/guru/kelas/detail.php(25): CodeIgniter\Debug\Exceptions->errorHandler()
#1 /mnt/work/coding/ta/ta/vendor/codeigniter4/framework/system/View/View.php(210): include('...')
#2 /mnt/work/coding/ta/ta/vendor/codeigniter4/framework/system/View/View.php(213): CodeIgniter\View\View->CodeIgniter\View\{closure}()
#3 /mnt/work/coding/ta/ta/vendor/codeigniter4/framework/system/Common.php(1089): CodeIgniter\View\View->render()
#4 /mnt/work/coding/ta/ta/app/Controllers/Guru/Kelas.php(47): view()
#5 /mnt/work/coding/ta/ta/vendor/codeigniter4/framework/system/CodeIgniter.php(825): App\Controllers\Guru\Kelas->detail()
#6 /mnt/work/coding/ta/ta/vendor/codeigniter4/framework/system/CodeIgniter.php(412): CodeIgniter\CodeIgniter->runController()
#7 /mnt/work/coding/ta/ta/vendor/codeigniter4/framework/system/CodeIgniter.php(320): CodeIgniter\CodeIgniter->handleRequest()
#8 /mnt/work/coding/ta/ta/public/index.php(37): CodeIgniter\CodeIgniter->run()
#9 /mnt/work/coding/ta/ta/vendor/codeigniter4/framework/system/Commands/Server/rewrite.php(43): require_once('...')
#10 {main}
CRITICAL - 2022-07-05 23:05:42 --> Undefined variable $kls
#0 /mnt/work/coding/ta/ta/app/Views/guru/kelas/detail.php(25): CodeIgniter\Debug\Exceptions->errorHandler()
#1 /mnt/work/coding/ta/ta/vendor/codeigniter4/framework/system/View/View.php(210): include('...')
#2 /mnt/work/coding/ta/ta/vendor/codeigniter4/framework/system/View/View.php(213): CodeIgniter\View\View->CodeIgniter\View\{closure}()
#3 /mnt/work/coding/ta/ta/vendor/codeigniter4/framework/system/Common.php(1089): CodeIgniter\View\View->render()
#4 /mnt/work/coding/ta/ta/app/Controllers/Guru/Kelas.php(49): view()
#5 /mnt/work/coding/ta/ta/vendor/codeigniter4/framework/system/CodeIgniter.php(825): App\Controllers\Guru\Kelas->detail()
#6 /mnt/work/coding/ta/ta/vendor/codeigniter4/framework/system/CodeIgniter.php(412): CodeIgniter\CodeIgniter->runController()
#7 /mnt/work/coding/ta/ta/vendor/codeigniter4/framework/system/CodeIgniter.php(320): CodeIgniter\CodeIgniter->handleRequest()
#8 /mnt/work/coding/ta/ta/public/index.php(37): CodeIgniter\CodeIgniter->run()
#9 /mnt/work/coding/ta/ta/vendor/codeigniter4/framework/system/Commands/Server/rewrite.php(43): require_once('...')
#10 {main}
CRITICAL - 2022-07-05 23:06:10 --> Illegal offset type
#0 /mnt/work/coding/ta/ta/vendor/codeigniter4/framework/system/CodeIgniter.php(825): App\Controllers\Guru\Kelas->detail()
#1 /mnt/work/coding/ta/ta/vendor/codeigniter4/framework/system/CodeIgniter.php(412): CodeIgniter\CodeIgniter->runController()
#2 /mnt/work/coding/ta/ta/vendor/codeigniter4/framework/system/CodeIgniter.php(320): CodeIgniter\CodeIgniter->handleRequest()
#3 /mnt/work/coding/ta/ta/public/index.php(37): CodeIgniter\CodeIgniter->run()
#4 /mnt/work/coding/ta/ta/vendor/codeigniter4/framework/system/Commands/Server/rewrite.php(43): require_once('...')
#5 {main}
CRITICAL - 2022-07-05 23:19:16 --> File not found: /mnt/work/coding/ta/ta/writable/uploads/tugas/1653109506_3d7245eb5aaff88bc9be.jpg
#0 /mnt/work/coding/ta/ta/vendor/codeigniter4/framework/system/Files/File.php(46): CodeIgniter\Files\Exceptions\FileNotFoundException::forFileNotFound()
#1 /mnt/work/coding/ta/ta/vendor/codeigniter4/framework/system/HTTP/DownloadResponse.php(107): CodeIgniter\Files\File->__construct()
#2 /mnt/work/coding/ta/ta/vendor/codeigniter4/framework/system/HTTP/ResponseTrait.php(774): CodeIgniter\HTTP\DownloadResponse->setFilePath()
#3 /mnt/work/coding/ta/ta/app/Controllers/Guru/Tugas.php(136): CodeIgniter\HTTP\Response->download()
#4 /mnt/work/coding/ta/ta/vendor/codeigniter4/framework/system/CodeIgniter.php(825): App\Controllers\Guru\Tugas->file()
#5 /mnt/work/coding/ta/ta/vendor/codeigniter4/framework/system/CodeIgniter.php(412): CodeIgniter\CodeIgniter->runController()
#6 /mnt/work/coding/ta/ta/vendor/codeigniter4/framework/system/CodeIgniter.php(320): CodeIgniter\CodeIgniter->handleRequest()
#7 /mnt/work/coding/ta/ta/public/index.php(37): CodeIgniter\CodeIgniter->run()
#8 /mnt/work/coding/ta/ta/vendor/codeigniter4/framework/system/Commands/Server/rewrite.php(43): require_once('...')
#9 {main}
CRITICAL - 2022-07-05 23:20:23 --> File not found: /mnt/work/coding/ta/ta/writable/uploads/tugas/1653725156_6f2da1491e7835e9299e.png
#0 /mnt/work/coding/ta/ta/vendor/codeigniter4/framework/system/Files/File.php(46): CodeIgniter\Files\Exceptions\FileNotFoundException::forFileNotFound()
#1 /mnt/work/coding/ta/ta/vendor/codeigniter4/framework/system/HTTP/DownloadResponse.php(107): CodeIgniter\Files\File->__construct()
#2 /mnt/work/coding/ta/ta/vendor/codeigniter4/framework/system/HTTP/ResponseTrait.php(774): CodeIgniter\HTTP\DownloadResponse->setFilePath()
#3 /mnt/work/coding/ta/ta/app/Controllers/Guru/Tugas.php(136): CodeIgniter\HTTP\Response->download()
#4 /mnt/work/coding/ta/ta/vendor/codeigniter4/framework/system/CodeIgniter.php(825): App\Controllers\Guru\Tugas->file()
#5 /mnt/work/coding/ta/ta/vendor/codeigniter4/framework/system/CodeIgniter.php(412): CodeIgniter\CodeIgniter->runController()
#6 /mnt/work/coding/ta/ta/vendor/codeigniter4/framework/system/CodeIgniter.php(320): CodeIgniter\CodeIgniter->handleRequest()
#7 /mnt/work/coding/ta/ta/public/index.php(37): CodeIgniter\CodeIgniter->run()
#8 /mnt/work/coding/ta/ta/vendor/codeigniter4/framework/system/Commands/Server/rewrite.php(43): require_once('...')
#9 {main}
CRITICAL - 2022-07-05 23:22:40 --> File not found: /mnt/work/coding/ta/ta/writable/uploads/materi/1653137031_ef879b51bc3420603c55.jpg
#0 /mnt/work/coding/ta/ta/vendor/codeigniter4/framework/system/Files/File.php(46): CodeIgniter\Files\Exceptions\FileNotFoundException::forFileNotFound()
#1 /mnt/work/coding/ta/ta/vendor/codeigniter4/framework/system/HTTP/DownloadResponse.php(107): CodeIgniter\Files\File->__construct()
#2 /mnt/work/coding/ta/ta/vendor/codeigniter4/framework/system/HTTP/ResponseTrait.php(774): CodeIgniter\HTTP\DownloadResponse->setFilePath()
#3 /mnt/work/coding/ta/ta/app/Controllers/Guru/Materi.php(79): CodeIgniter\HTTP\Response->download()
#4 /mnt/work/coding/ta/ta/vendor/codeigniter4/framework/system/CodeIgniter.php(825): App\Controllers\Guru\Materi->download()
#5 /mnt/work/coding/ta/ta/vendor/codeigniter4/framework/system/CodeIgniter.php(412): CodeIgniter\CodeIgniter->runController()
#6 /mnt/work/coding/ta/ta/vendor/codeigniter4/framework/system/CodeIgniter.php(320): CodeIgniter\CodeIgniter->handleRequest()
#7 /mnt/work/coding/ta/ta/public/index.php(37): CodeIgniter\CodeIgniter->run()
#8 /mnt/work/coding/ta/ta/vendor/codeigniter4/framework/system/Commands/Server/rewrite.php(43): require_once('...')
#9 {main}
CRITICAL - 2022-07-05 23:22:45 --> File not found: /mnt/work/coding/ta/ta/writable/uploads/materi/1653758766_2104ef5e8d134d47215f.png
#0 /mnt/work/coding/ta/ta/vendor/codeigniter4/framework/system/Files/File.php(46): CodeIgniter\Files\Exceptions\FileNotFoundException::forFileNotFound()
#1 /mnt/work/coding/ta/ta/vendor/codeigniter4/framework/system/HTTP/DownloadResponse.php(107): CodeIgniter\Files\File->__construct()
#2 /mnt/work/coding/ta/ta/vendor/codeigniter4/framework/system/HTTP/ResponseTrait.php(774): CodeIgniter\HTTP\DownloadResponse->setFilePath()
#3 /mnt/work/coding/ta/ta/app/Controllers/Guru/Materi.php(79): CodeIgniter\HTTP\Response->download()
#4 /mnt/work/coding/ta/ta/vendor/codeigniter4/framework/system/CodeIgniter.php(825): App\Controllers\Guru\Materi->download()
#5 /mnt/work/coding/ta/ta/vendor/codeigniter4/framework/system/CodeIgniter.php(412): CodeIgniter\CodeIgniter->runController()
#6 /mnt/work/coding/ta/ta/vendor/codeigniter4/framework/system/CodeIgniter.php(320): CodeIgniter\CodeIgniter->handleRequest()
#7 /mnt/work/coding/ta/ta/public/index.php(37): CodeIgniter\CodeIgniter->run()
#8 /mnt/work/coding/ta/ta/vendor/codeigniter4/framework/system/Commands/Server/rewrite.php(43): require_once('...')
#9 {main}
CRITICAL - 2022-07-05 23:23:01 --> File not found: /mnt/work/coding/ta/ta/writable/uploads/materi/1653137181_99acae778992080b57ca.jpg
#0 /mnt/work/coding/ta/ta/vendor/codeigniter4/framework/system/Files/File.php(46): CodeIgniter\Files\Exceptions\FileNotFoundException::forFileNotFound()
#1 /mnt/work/coding/ta/ta/vendor/codeigniter4/framework/system/HTTP/DownloadResponse.php(107): CodeIgniter\Files\File->__construct()
#2 /mnt/work/coding/ta/ta/vendor/codeigniter4/framework/system/HTTP/ResponseTrait.php(774): CodeIgniter\HTTP\DownloadResponse->setFilePath()
#3 /mnt/work/coding/ta/ta/app/Controllers/Guru/Materi.php(79): CodeIgniter\HTTP\Response->download()
#4 /mnt/work/coding/ta/ta/vendor/codeigniter4/framework/system/CodeIgniter.php(825): App\Controllers\Guru\Materi->download()
#5 /mnt/work/coding/ta/ta/vendor/codeigniter4/framework/system/CodeIgniter.php(412): CodeIgniter\CodeIgniter->runController()
#6 /mnt/work/coding/ta/ta/vendor/codeigniter4/framework/system/CodeIgniter.php(320): CodeIgniter\CodeIgniter->handleRequest()
#7 /mnt/work/coding/ta/ta/public/index.php(37): CodeIgniter\CodeIgniter->run()
#8 /mnt/work/coding/ta/ta/vendor/codeigniter4/framework/system/Commands/Server/rewrite.php(43): require_once('...')
#9 {main}
CRITICAL - 2022-07-05 23:47:57 --> Undefined variable $kelas
#0 /mnt/work/coding/ta/ta/app/Views/admin/dataguru/tambah.php(48): CodeIgniter\Debug\Exceptions->errorHandler()
#1 /mnt/work/coding/ta/ta/vendor/codeigniter4/framework/system/View/View.php(210): include('...')
#2 /mnt/work/coding/ta/ta/vendor/codeigniter4/framework/system/View/View.php(213): CodeIgniter\View\View->CodeIgniter\View\{closure}()
#3 /mnt/work/coding/ta/ta/vendor/codeigniter4/framework/system/View/View.php(424): CodeIgniter\View\View->render()
#4 /mnt/work/coding/ta/ta/app/Views/admin/dataguru/index.php(56): CodeIgniter\View\View->include()
#5 /mnt/work/coding/ta/ta/vendor/codeigniter4/framework/system/View/View.php(210): include('...')
#6 /mnt/work/coding/ta/ta/vendor/codeigniter4/framework/system/View/View.php(213): CodeIgniter\View\View->CodeIgniter\View\{closure}()
#7 /mnt/work/coding/ta/ta/vendor/codeigniter4/framework/system/Common.php(1089): CodeIgniter\View\View->render()
#8 /mnt/work/coding/ta/ta/app/Controllers/Admin/Dataguru.php(23): view()
#9 /mnt/work/coding/ta/ta/vendor/codeigniter4/framework/system/CodeIgniter.php(825): App\Controllers\Admin\Dataguru->index()
#10 /mnt/work/coding/ta/ta/vendor/codeigniter4/framework/system/CodeIgniter.php(412): CodeIgniter\CodeIgniter->runController()
#11 /mnt/work/coding/ta/ta/vendor/codeigniter4/framework/system/CodeIgniter.php(320): CodeIgniter\CodeIgniter->handleRequest()
#12 /mnt/work/coding/ta/ta/public/index.php(37): CodeIgniter\CodeIgniter->run()
#13 /mnt/work/coding/ta/ta/vendor/codeigniter4/framework/system/Commands/Server/rewrite.php(43): require_once('...')
#14 {main}
CRITICAL - 2022-07-05 23:48:01 --> Undefined variable $kelas
#0 /mnt/work/coding/ta/ta/app/Views/admin/dataguru/tambah.php(48): CodeIgniter\Debug\Exceptions->errorHandler()
#1 /mnt/work/coding/ta/ta/vendor/codeigniter4/framework/system/View/View.php(210): include('...')
#2 /mnt/work/coding/ta/ta/vendor/codeigniter4/framework/system/View/View.php(213): CodeIgniter\View\View->CodeIgniter\View\{closure}()
#3 /mnt/work/coding/ta/ta/vendor/codeigniter4/framework/system/View/View.php(424): CodeIgniter\View\View->render()
#4 /mnt/work/coding/ta/ta/app/Views/admin/dataguru/index.php(56): CodeIgniter\View\View->include()
#5 /mnt/work/coding/ta/ta/vendor/codeigniter4/framework/system/View/View.php(210): include('...')
#6 /mnt/work/coding/ta/ta/vendor/codeigniter4/framework/system/View/View.php(213): CodeIgniter\View\View->CodeIgniter\View\{closure}()
#7 /mnt/work/coding/ta/ta/vendor/codeigniter4/framework/system/Common.php(1089): CodeIgniter\View\View->render()
#8 /mnt/work/coding/ta/ta/app/Controllers/Admin/Dataguru.php(23): view()
#9 /mnt/work/coding/ta/ta/vendor/codeigniter4/framework/system/CodeIgniter.php(825): App\Controllers\Admin\Dataguru->index()
#10 /mnt/work/coding/ta/ta/vendor/codeigniter4/framework/system/CodeIgniter.php(412): CodeIgniter\CodeIgniter->runController()
#11 /mnt/work/coding/ta/ta/vendor/codeigniter4/framework/system/CodeIgniter.php(320): CodeIgniter\CodeIgniter->handleRequest()
#12 /mnt/work/coding/ta/ta/public/index.php(37): CodeIgniter\CodeIgniter->run()
#13 /mnt/work/coding/ta/ta/vendor/codeigniter4/framework/system/Commands/Server/rewrite.php(43): require_once('...')
#14 {main}
