ERROR - 2022-03-19 07:40:11 --> Error connecting to the database: No such file or directory
CRITICAL - 2022-03-19 07:40:11 --> Unable to connect to the database.
Main connection [MySQLi]: No such file or directory
#0 /media/disk/Work/coding/ta/ta/vendor/codeigniter4/framework/system/Database/BaseConnection.php(577): CodeIgniter\Database\BaseConnection->initialize()
#1 /media/disk/Work/coding/ta/ta/vendor/codeigniter4/framework/system/Database/BaseBuilder.php(1484): CodeIgniter\Database\BaseConnection->query()
#2 /media/disk/Work/coding/ta/ta/vendor/codeigniter4/framework/system/Model.php(728): CodeIgniter\Database\BaseBuilder->countAll()
#3 /media/disk/Work/coding/ta/ta/app/Controllers/Admin/Home.php(31): CodeIgniter\Model->__call()
#4 /media/disk/Work/coding/ta/ta/vendor/codeigniter4/framework/system/CodeIgniter.php(825): App\Controllers\Admin\Home->index()
#5 /media/disk/Work/coding/ta/ta/vendor/codeigniter4/framework/system/CodeIgniter.php(412): CodeIgniter\CodeIgniter->runController()
#6 /media/disk/Work/coding/ta/ta/vendor/codeigniter4/framework/system/CodeIgniter.php(320): CodeIgniter\CodeIgniter->handleRequest()
#7 /media/disk/Work/coding/ta/ta/public/index.php(37): CodeIgniter\CodeIgniter->run()
#8 /media/disk/Work/coding/ta/ta/vendor/codeigniter4/framework/system/Commands/Server/rewrite.php(43): require_once('...')
#9 {main}
CRITICAL - 2022-03-19 07:58:20 --> Undefined variable $validation
#0 /media/disk/Work/coding/ta/ta/app/Views/admin/dataadmin/tambah.php(1): CodeIgniter\Debug\Exceptions->errorHandler()
#1 /media/disk/Work/coding/ta/ta/vendor/codeigniter4/framework/system/View/View.php(210): include('...')
#2 /media/disk/Work/coding/ta/ta/vendor/codeigniter4/framework/system/View/View.php(213): CodeIgniter\View\View->CodeIgniter\View\{closure}()
#3 /media/disk/Work/coding/ta/ta/vendor/codeigniter4/framework/system/View/View.php(424): CodeIgniter\View\View->render()
#4 /media/disk/Work/coding/ta/ta/app/Views/admin/dataadmin/index.php(54): CodeIgniter\View\View->include()
#5 /media/disk/Work/coding/ta/ta/vendor/codeigniter4/framework/system/View/View.php(210): include('...')
#6 /media/disk/Work/coding/ta/ta/vendor/codeigniter4/framework/system/View/View.php(213): CodeIgniter\View\View->CodeIgniter\View\{closure}()
#7 /media/disk/Work/coding/ta/ta/vendor/codeigniter4/framework/system/Common.php(1089): CodeIgniter\View\View->render()
#8 /media/disk/Work/coding/ta/ta/app/Controllers/Admin/Dataadmin.php(24): view()
#9 /media/disk/Work/coding/ta/ta/vendor/codeigniter4/framework/system/CodeIgniter.php(825): App\Controllers\Admin\Dataadmin->index()
#10 /media/disk/Work/coding/ta/ta/vendor/codeigniter4/framework/system/CodeIgniter.php(412): CodeIgniter\CodeIgniter->runController()
#11 /media/disk/Work/coding/ta/ta/vendor/codeigniter4/framework/system/CodeIgniter.php(320): CodeIgniter\CodeIgniter->handleRequest()
#12 /media/disk/Work/coding/ta/ta/public/index.php(37): CodeIgniter\CodeIgniter->run()
#13 /media/disk/Work/coding/ta/ta/vendor/codeigniter4/framework/system/Commands/Server/rewrite.php(43): require_once('...')
#14 {main}
CRITICAL - 2022-03-19 08:39:04 --> Undefined variable $his
#0 /media/disk/Work/coding/ta/ta/app/Views/admin/dataadmin/index.php(56): CodeIgniter\Debug\Exceptions->errorHandler()
#1 /media/disk/Work/coding/ta/ta/vendor/codeigniter4/framework/system/View/View.php(210): include('...')
#2 /media/disk/Work/coding/ta/ta/vendor/codeigniter4/framework/system/View/View.php(213): CodeIgniter\View\View->CodeIgniter\View\{closure}()
#3 /media/disk/Work/coding/ta/ta/vendor/codeigniter4/framework/system/Common.php(1089): CodeIgniter\View\View->render()
#4 /media/disk/Work/coding/ta/ta/app/Controllers/Admin/Dataadmin.php(24): view()
#5 /media/disk/Work/coding/ta/ta/vendor/codeigniter4/framework/system/CodeIgniter.php(825): App\Controllers\Admin\Dataadmin->index()
#6 /media/disk/Work/coding/ta/ta/vendor/codeigniter4/framework/system/CodeIgniter.php(412): CodeIgniter\CodeIgniter->runController()
#7 /media/disk/Work/coding/ta/ta/vendor/codeigniter4/framework/system/CodeIgniter.php(320): CodeIgniter\CodeIgniter->handleRequest()
#8 /media/disk/Work/coding/ta/ta/public/index.php(37): CodeIgniter\CodeIgniter->run()
#9 /media/disk/Work/coding/ta/ta/vendor/codeigniter4/framework/system/Commands/Server/rewrite.php(43): require_once('...')
#10 {main}
CRITICAL - 2022-03-19 08:39:35 --> Invalid file: script.php
#0 /media/disk/Work/coding/ta/ta/vendor/codeigniter4/framework/system/View/View.php(198): CodeIgniter\Exceptions\FrameworkException::forInvalidFile()
#1 /media/disk/Work/coding/ta/ta/app/Views/template/parsial/script.php(70): CodeIgniter\View\View->render()
#2 /media/disk/Work/coding/ta/ta/vendor/codeigniter4/framework/system/View/View.php(210): include('...')
#3 /media/disk/Work/coding/ta/ta/vendor/codeigniter4/framework/system/View/View.php(213): CodeIgniter\View\View->CodeIgniter\View\{closure}()
#4 /media/disk/Work/coding/ta/ta/vendor/codeigniter4/framework/system/View/View.php(424): CodeIgniter\View\View->render()
#5 /media/disk/Work/coding/ta/ta/app/Views/template/admin/adminTemplate.php(29): CodeIgniter\View\View->include()
#6 /media/disk/Work/coding/ta/ta/vendor/codeigniter4/framework/system/View/View.php(210): include('...')
#7 /media/disk/Work/coding/ta/ta/vendor/codeigniter4/framework/system/View/View.php(213): CodeIgniter\View\View->CodeIgniter\View\{closure}()
#8 /media/disk/Work/coding/ta/ta/vendor/codeigniter4/framework/system/View/View.php(226): CodeIgniter\View\View->render()
#9 /media/disk/Work/coding/ta/ta/vendor/codeigniter4/framework/system/Common.php(1089): CodeIgniter\View\View->render()
#10 /media/disk/Work/coding/ta/ta/app/Controllers/Admin/Dataadmin.php(24): view()
#11 /media/disk/Work/coding/ta/ta/vendor/codeigniter4/framework/system/CodeIgniter.php(825): App\Controllers\Admin\Dataadmin->index()
#12 /media/disk/Work/coding/ta/ta/vendor/codeigniter4/framework/system/CodeIgniter.php(412): CodeIgniter\CodeIgniter->runController()
#13 /media/disk/Work/coding/ta/ta/vendor/codeigniter4/framework/system/CodeIgniter.php(320): CodeIgniter\CodeIgniter->handleRequest()
#14 /media/disk/Work/coding/ta/ta/public/index.php(37): CodeIgniter\CodeIgniter->run()
#15 /media/disk/Work/coding/ta/ta/vendor/codeigniter4/framework/system/Commands/Server/rewrite.php(43): require_once('...')
#16 {main}
CRITICAL - 2022-03-19 08:39:55 --> Invalid file: script.php
#0 /media/disk/Work/coding/ta/ta/vendor/codeigniter4/framework/system/View/View.php(198): CodeIgniter\Exceptions\FrameworkException::forInvalidFile()
#1 /media/disk/Work/coding/ta/ta/app/Views/template/parsial/script.php(70): CodeIgniter\View\View->render()
#2 /media/disk/Work/coding/ta/ta/vendor/codeigniter4/framework/system/View/View.php(210): include('...')
#3 /media/disk/Work/coding/ta/ta/vendor/codeigniter4/framework/system/View/View.php(213): CodeIgniter\View\View->CodeIgniter\View\{closure}()
#4 /media/disk/Work/coding/ta/ta/vendor/codeigniter4/framework/system/View/View.php(424): CodeIgniter\View\View->render()
#5 /media/disk/Work/coding/ta/ta/app/Views/template/admin/adminTemplate.php(29): CodeIgniter\View\View->include()
#6 /media/disk/Work/coding/ta/ta/vendor/codeigniter4/framework/system/View/View.php(210): include('...')
#7 /media/disk/Work/coding/ta/ta/vendor/codeigniter4/framework/system/View/View.php(213): CodeIgniter\View\View->CodeIgniter\View\{closure}()
#8 /media/disk/Work/coding/ta/ta/vendor/codeigniter4/framework/system/View/View.php(226): CodeIgniter\View\View->render()
#9 /media/disk/Work/coding/ta/ta/vendor/codeigniter4/framework/system/Common.php(1089): CodeIgniter\View\View->render()
#10 /media/disk/Work/coding/ta/ta/app/Controllers/Admin/Dataadmin.php(24): view()
#11 /media/disk/Work/coding/ta/ta/vendor/codeigniter4/framework/system/CodeIgniter.php(825): App\Controllers\Admin\Dataadmin->index()
#12 /media/disk/Work/coding/ta/ta/vendor/codeigniter4/framework/system/CodeIgniter.php(412): CodeIgniter\CodeIgniter->runController()
#13 /media/disk/Work/coding/ta/ta/vendor/codeigniter4/framework/system/CodeIgniter.php(320): CodeIgniter\CodeIgniter->handleRequest()
#14 /media/disk/Work/coding/ta/ta/public/index.php(37): CodeIgniter\CodeIgniter->run()
#15 /media/disk/Work/coding/ta/ta/vendor/codeigniter4/framework/system/Commands/Server/rewrite.php(43): require_once('...')
#16 {main}
CRITICAL - 2022-03-19 08:40:01 --> Invalid file: script.php
#0 /media/disk/Work/coding/ta/ta/vendor/codeigniter4/framework/system/View/View.php(198): CodeIgniter\Exceptions\FrameworkException::forInvalidFile()
#1 /media/disk/Work/coding/ta/ta/app/Views/template/parsial/script.php(70): CodeIgniter\View\View->render()
#2 /media/disk/Work/coding/ta/ta/vendor/codeigniter4/framework/system/View/View.php(210): include('...')
#3 /media/disk/Work/coding/ta/ta/vendor/codeigniter4/framework/system/View/View.php(213): CodeIgniter\View\View->CodeIgniter\View\{closure}()
#4 /media/disk/Work/coding/ta/ta/vendor/codeigniter4/framework/system/View/View.php(424): CodeIgniter\View\View->render()
#5 /media/disk/Work/coding/ta/ta/app/Views/template/admin/adminTemplate.php(29): CodeIgniter\View\View->include()
#6 /media/disk/Work/coding/ta/ta/vendor/codeigniter4/framework/system/View/View.php(210): include('...')
#7 /media/disk/Work/coding/ta/ta/vendor/codeigniter4/framework/system/View/View.php(213): CodeIgniter\View\View->CodeIgniter\View\{closure}()
#8 /media/disk/Work/coding/ta/ta/vendor/codeigniter4/framework/system/View/View.php(226): CodeIgniter\View\View->render()
#9 /media/disk/Work/coding/ta/ta/vendor/codeigniter4/framework/system/Common.php(1089): CodeIgniter\View\View->render()
#10 /media/disk/Work/coding/ta/ta/app/Controllers/Admin/Dataadmin.php(24): view()
#11 /media/disk/Work/coding/ta/ta/vendor/codeigniter4/framework/system/CodeIgniter.php(825): App\Controllers\Admin\Dataadmin->index()
#12 /media/disk/Work/coding/ta/ta/vendor/codeigniter4/framework/system/CodeIgniter.php(412): CodeIgniter\CodeIgniter->runController()
#13 /media/disk/Work/coding/ta/ta/vendor/codeigniter4/framework/system/CodeIgniter.php(320): CodeIgniter\CodeIgniter->handleRequest()
#14 /media/disk/Work/coding/ta/ta/public/index.php(37): CodeIgniter\CodeIgniter->run()
#15 /media/disk/Work/coding/ta/ta/vendor/codeigniter4/framework/system/Commands/Server/rewrite.php(43): require_once('...')
#16 {main}
CRITICAL - 2022-03-19 08:42:20 --> Undefined variable $validation
#0 /media/disk/Work/coding/ta/ta/app/Views/admin/dataadmin/index.php(59): CodeIgniter\Debug\Exceptions->errorHandler()
#1 /media/disk/Work/coding/ta/ta/vendor/codeigniter4/framework/system/View/View.php(210): include('...')
#2 /media/disk/Work/coding/ta/ta/vendor/codeigniter4/framework/system/View/View.php(213): CodeIgniter\View\View->CodeIgniter\View\{closure}()
#3 /media/disk/Work/coding/ta/ta/vendor/codeigniter4/framework/system/Common.php(1089): CodeIgniter\View\View->render()
#4 /media/disk/Work/coding/ta/ta/app/Controllers/Admin/Dataadmin.php(24): view()
#5 /media/disk/Work/coding/ta/ta/vendor/codeigniter4/framework/system/CodeIgniter.php(825): App\Controllers\Admin\Dataadmin->index()
#6 /media/disk/Work/coding/ta/ta/vendor/codeigniter4/framework/system/CodeIgniter.php(412): CodeIgniter\CodeIgniter->runController()
#7 /media/disk/Work/coding/ta/ta/vendor/codeigniter4/framework/system/CodeIgniter.php(320): CodeIgniter\CodeIgniter->handleRequest()
#8 /media/disk/Work/coding/ta/ta/public/index.php(37): CodeIgniter\CodeIgniter->run()
#9 /media/disk/Work/coding/ta/ta/vendor/codeigniter4/framework/system/Commands/Server/rewrite.php(43): require_once('...')
#10 {main}
CRITICAL - 2022-03-19 09:10:40 --> Undefined property: App\Controllers\Admin\Dataadmin::$admin
#0 /media/disk/Work/coding/ta/ta/app/Controllers/Admin/Dataadmin.php(65): CodeIgniter\Debug\Exceptions->errorHandler()
#1 /media/disk/Work/coding/ta/ta/vendor/codeigniter4/framework/system/CodeIgniter.php(825): App\Controllers\Admin\Dataadmin->tambah()
#2 /media/disk/Work/coding/ta/ta/vendor/codeigniter4/framework/system/CodeIgniter.php(412): CodeIgniter\CodeIgniter->runController()
#3 /media/disk/Work/coding/ta/ta/vendor/codeigniter4/framework/system/CodeIgniter.php(320): CodeIgniter\CodeIgniter->handleRequest()
#4 /media/disk/Work/coding/ta/ta/public/index.php(37): CodeIgniter\CodeIgniter->run()
#5 /media/disk/Work/coding/ta/ta/vendor/codeigniter4/framework/system/Commands/Server/rewrite.php(43): require_once('...')
#6 {main}
CRITICAL - 2022-03-19 09:15:51 --> Undefined property: App\Controllers\Admin\Dataadmin::$guruModel
#0 /media/disk/Work/coding/ta/ta/app/Controllers/Admin/Dataadmin.php(82): CodeIgniter\Debug\Exceptions->errorHandler()
#1 /media/disk/Work/coding/ta/ta/vendor/codeigniter4/framework/system/CodeIgniter.php(825): App\Controllers\Admin\Dataadmin->hapus()
#2 /media/disk/Work/coding/ta/ta/vendor/codeigniter4/framework/system/CodeIgniter.php(412): CodeIgniter\CodeIgniter->runController()
#3 /media/disk/Work/coding/ta/ta/vendor/codeigniter4/framework/system/CodeIgniter.php(320): CodeIgniter\CodeIgniter->handleRequest()
#4 /media/disk/Work/coding/ta/ta/public/index.php(37): CodeIgniter\CodeIgniter->run()
#5 /media/disk/Work/coding/ta/ta/vendor/codeigniter4/framework/system/Commands/Server/rewrite.php(43): require_once('...')
#6 {main}
CRITICAL - 2022-03-19 09:18:38 --> Undefined variable $title
#0 /media/disk/Work/coding/ta/ta/app/Views/admin/dataadmin/index.php(10): CodeIgniter\Debug\Exceptions->errorHandler()
#1 /media/disk/Work/coding/ta/ta/vendor/codeigniter4/framework/system/View/View.php(210): include('...')
#2 /media/disk/Work/coding/ta/ta/vendor/codeigniter4/framework/system/View/View.php(213): CodeIgniter\View\View->CodeIgniter\View\{closure}()
#3 /media/disk/Work/coding/ta/ta/vendor/codeigniter4/framework/system/Common.php(1089): CodeIgniter\View\View->render()
#4 /media/disk/Work/coding/ta/ta/app/Controllers/Admin/Dataadmin.php(32): view()
#5 /media/disk/Work/coding/ta/ta/vendor/codeigniter4/framework/system/CodeIgniter.php(825): App\Controllers\Admin\Dataadmin->index()
#6 /media/disk/Work/coding/ta/ta/vendor/codeigniter4/framework/system/CodeIgniter.php(412): CodeIgniter\CodeIgniter->runController()
#7 /media/disk/Work/coding/ta/ta/vendor/codeigniter4/framework/system/CodeIgniter.php(320): CodeIgniter\CodeIgniter->handleRequest()
#8 /media/disk/Work/coding/ta/ta/public/index.php(37): CodeIgniter\CodeIgniter->run()
#9 /media/disk/Work/coding/ta/ta/vendor/codeigniter4/framework/system/Commands/Server/rewrite.php(43): require_once('...')
#10 {main}
CRITICAL - 2022-03-19 09:26:25 --> Invalid file: admin/datadmin/edit.php
#0 /media/disk/Work/coding/ta/ta/vendor/codeigniter4/framework/system/View/View.php(198): CodeIgniter\Exceptions\FrameworkException::forInvalidFile()
#1 /media/disk/Work/coding/ta/ta/vendor/codeigniter4/framework/system/View/View.php(424): CodeIgniter\View\View->render()
#2 /media/disk/Work/coding/ta/ta/app/Views/admin/dataadmin/index.php(60): CodeIgniter\View\View->include()
#3 /media/disk/Work/coding/ta/ta/vendor/codeigniter4/framework/system/View/View.php(210): include('...')
#4 /media/disk/Work/coding/ta/ta/vendor/codeigniter4/framework/system/View/View.php(213): CodeIgniter\View\View->CodeIgniter\View\{closure}()
#5 /media/disk/Work/coding/ta/ta/vendor/codeigniter4/framework/system/Common.php(1089): CodeIgniter\View\View->render()
#6 /media/disk/Work/coding/ta/ta/app/Controllers/Admin/Dataadmin.php(25): view()
#7 /media/disk/Work/coding/ta/ta/vendor/codeigniter4/framework/system/CodeIgniter.php(825): App\Controllers\Admin\Dataadmin->index()
#8 /media/disk/Work/coding/ta/ta/vendor/codeigniter4/framework/system/CodeIgniter.php(412): CodeIgniter\CodeIgniter->runController()
#9 /media/disk/Work/coding/ta/ta/vendor/codeigniter4/framework/system/CodeIgniter.php(320): CodeIgniter\CodeIgniter->handleRequest()
#10 /media/disk/Work/coding/ta/ta/public/index.php(37): CodeIgniter\CodeIgniter->run()
#11 /media/disk/Work/coding/ta/ta/vendor/codeigniter4/framework/system/Commands/Server/rewrite.php(43): require_once('...')
#12 {main}
CRITICAL - 2022-03-19 09:40:35 --> Undefined array key "admin"
#0 /media/disk/Work/coding/ta/ta/app/Views/admin/dataadmin/edit.php(38): CodeIgniter\Debug\Exceptions->errorHandler()
#1 /media/disk/Work/coding/ta/ta/vendor/codeigniter4/framework/system/View/View.php(210): include('...')
#2 /media/disk/Work/coding/ta/ta/vendor/codeigniter4/framework/system/View/View.php(213): CodeIgniter\View\View->CodeIgniter\View\{closure}()
#3 /media/disk/Work/coding/ta/ta/vendor/codeigniter4/framework/system/View/View.php(424): CodeIgniter\View\View->render()
#4 /media/disk/Work/coding/ta/ta/app/Views/admin/dataadmin/index.php(62): CodeIgniter\View\View->include()
#5 /media/disk/Work/coding/ta/ta/vendor/codeigniter4/framework/system/View/View.php(210): include('...')
#6 /media/disk/Work/coding/ta/ta/vendor/codeigniter4/framework/system/View/View.php(213): CodeIgniter\View\View->CodeIgniter\View\{closure}()
#7 /media/disk/Work/coding/ta/ta/vendor/codeigniter4/framework/system/Common.php(1089): CodeIgniter\View\View->render()
#8 /media/disk/Work/coding/ta/ta/app/Controllers/Admin/Dataadmin.php(25): view()
#9 /media/disk/Work/coding/ta/ta/vendor/codeigniter4/framework/system/CodeIgniter.php(825): App\Controllers\Admin\Dataadmin->index()
#10 /media/disk/Work/coding/ta/ta/vendor/codeigniter4/framework/system/CodeIgniter.php(412): CodeIgniter\CodeIgniter->runController()
#11 /media/disk/Work/coding/ta/ta/vendor/codeigniter4/framework/system/CodeIgniter.php(320): CodeIgniter\CodeIgniter->handleRequest()
#12 /media/disk/Work/coding/ta/ta/public/index.php(37): CodeIgniter\CodeIgniter->run()
#13 /media/disk/Work/coding/ta/ta/vendor/codeigniter4/framework/system/Commands/Server/rewrite.php(43): require_once('...')
#14 {main}
CRITICAL - 2022-03-19 09:53:43 --> Trying to access array offset on value of type null
#0 /media/disk/Work/coding/ta/ta/app/Views/admin/dataadmin/editpassword.php(13): CodeIgniter\Debug\Exceptions->errorHandler()
#1 /media/disk/Work/coding/ta/ta/vendor/codeigniter4/framework/system/View/View.php(210): include('...')
#2 /media/disk/Work/coding/ta/ta/vendor/codeigniter4/framework/system/View/View.php(213): CodeIgniter\View\View->CodeIgniter\View\{closure}()
#3 /media/disk/Work/coding/ta/ta/vendor/codeigniter4/framework/system/View/View.php(424): CodeIgniter\View\View->render()
#4 /media/disk/Work/coding/ta/ta/app/Views/admin/dataadmin/index.php(66): CodeIgniter\View\View->include()
#5 /media/disk/Work/coding/ta/ta/vendor/codeigniter4/framework/system/View/View.php(210): include('...')
#6 /media/disk/Work/coding/ta/ta/vendor/codeigniter4/framework/system/View/View.php(213): CodeIgniter\View\View->CodeIgniter\View\{closure}()
#7 /media/disk/Work/coding/ta/ta/vendor/codeigniter4/framework/system/Common.php(1089): CodeIgniter\View\View->render()
#8 /media/disk/Work/coding/ta/ta/app/Controllers/Admin/Dataadmin.php(25): view()
#9 /media/disk/Work/coding/ta/ta/vendor/codeigniter4/framework/system/CodeIgniter.php(825): App\Controllers\Admin\Dataadmin->index()
#10 /media/disk/Work/coding/ta/ta/vendor/codeigniter4/framework/system/CodeIgniter.php(412): CodeIgniter\CodeIgniter->runController()
#11 /media/disk/Work/coding/ta/ta/vendor/codeigniter4/framework/system/CodeIgniter.php(320): CodeIgniter\CodeIgniter->handleRequest()
#12 /media/disk/Work/coding/ta/ta/public/index.php(37): CodeIgniter\CodeIgniter->run()
#13 /media/disk/Work/coding/ta/ta/vendor/codeigniter4/framework/system/Commands/Server/rewrite.php(43): require_once('...')
#14 {main}
CRITICAL - 2022-03-19 09:54:34 --> Trying to access array offset on value of type null
#0 /media/disk/Work/coding/ta/ta/app/Views/admin/dataadmin/editpassword.php(13): CodeIgniter\Debug\Exceptions->errorHandler()
#1 /media/disk/Work/coding/ta/ta/vendor/codeigniter4/framework/system/View/View.php(210): include('...')
#2 /media/disk/Work/coding/ta/ta/vendor/codeigniter4/framework/system/View/View.php(213): CodeIgniter\View\View->CodeIgniter\View\{closure}()
#3 /media/disk/Work/coding/ta/ta/vendor/codeigniter4/framework/system/View/View.php(424): CodeIgniter\View\View->render()
#4 /media/disk/Work/coding/ta/ta/app/Views/admin/dataadmin/index.php(66): CodeIgniter\View\View->include()
#5 /media/disk/Work/coding/ta/ta/vendor/codeigniter4/framework/system/View/View.php(210): include('...')
#6 /media/disk/Work/coding/ta/ta/vendor/codeigniter4/framework/system/View/View.php(213): CodeIgniter\View\View->CodeIgniter\View\{closure}()
#7 /media/disk/Work/coding/ta/ta/vendor/codeigniter4/framework/system/Common.php(1089): CodeIgniter\View\View->render()
#8 /media/disk/Work/coding/ta/ta/app/Controllers/Admin/Dataadmin.php(25): view()
#9 /media/disk/Work/coding/ta/ta/vendor/codeigniter4/framework/system/CodeIgniter.php(825): App\Controllers\Admin\Dataadmin->index()
#10 /media/disk/Work/coding/ta/ta/vendor/codeigniter4/framework/system/CodeIgniter.php(412): CodeIgniter\CodeIgniter->runController()
#11 /media/disk/Work/coding/ta/ta/vendor/codeigniter4/framework/system/CodeIgniter.php(320): CodeIgniter\CodeIgniter->handleRequest()
#12 /media/disk/Work/coding/ta/ta/public/index.php(37): CodeIgniter\CodeIgniter->run()
#13 /media/disk/Work/coding/ta/ta/vendor/codeigniter4/framework/system/Commands/Server/rewrite.php(43): require_once('...')
#14 {main}
CRITICAL - 2022-03-19 09:55:07 --> Trying to access array offset on value of type null
#0 /media/disk/Work/coding/ta/ta/app/Views/admin/dataadmin/editpassword.php(13): CodeIgniter\Debug\Exceptions->errorHandler()
#1 /media/disk/Work/coding/ta/ta/vendor/codeigniter4/framework/system/View/View.php(210): include('...')
#2 /media/disk/Work/coding/ta/ta/vendor/codeigniter4/framework/system/View/View.php(213): CodeIgniter\View\View->CodeIgniter\View\{closure}()
#3 /media/disk/Work/coding/ta/ta/vendor/codeigniter4/framework/system/View/View.php(424): CodeIgniter\View\View->render()
#4 /media/disk/Work/coding/ta/ta/app/Views/admin/dataadmin/index.php(66): CodeIgniter\View\View->include()
#5 /media/disk/Work/coding/ta/ta/vendor/codeigniter4/framework/system/View/View.php(210): include('...')
#6 /media/disk/Work/coding/ta/ta/vendor/codeigniter4/framework/system/View/View.php(213): CodeIgniter\View\View->CodeIgniter\View\{closure}()
#7 /media/disk/Work/coding/ta/ta/vendor/codeigniter4/framework/system/Common.php(1089): CodeIgniter\View\View->render()
#8 /media/disk/Work/coding/ta/ta/app/Controllers/Admin/Dataadmin.php(25): view()
#9 /media/disk/Work/coding/ta/ta/vendor/codeigniter4/framework/system/CodeIgniter.php(825): App\Controllers\Admin\Dataadmin->index()
#10 /media/disk/Work/coding/ta/ta/vendor/codeigniter4/framework/system/CodeIgniter.php(412): CodeIgniter\CodeIgniter->runController()
#11 /media/disk/Work/coding/ta/ta/vendor/codeigniter4/framework/system/CodeIgniter.php(320): CodeIgniter\CodeIgniter->handleRequest()
#12 /media/disk/Work/coding/ta/ta/public/index.php(37): CodeIgniter\CodeIgniter->run()
#13 /media/disk/Work/coding/ta/ta/vendor/codeigniter4/framework/system/Commands/Server/rewrite.php(43): require_once('...')
#14 {main}
CRITICAL - 2022-03-19 10:20:40 --> Trying to access array offset on value of type null
#0 /media/disk/Work/coding/ta/ta/app/Views/admin/dataadmin/editpassword.php(9): CodeIgniter\Debug\Exceptions->errorHandler()
#1 /media/disk/Work/coding/ta/ta/vendor/codeigniter4/framework/system/View/View.php(210): include('...')
#2 /media/disk/Work/coding/ta/ta/vendor/codeigniter4/framework/system/View/View.php(213): CodeIgniter\View\View->CodeIgniter\View\{closure}()
#3 /media/disk/Work/coding/ta/ta/vendor/codeigniter4/framework/system/View/View.php(424): CodeIgniter\View\View->render()
#4 /media/disk/Work/coding/ta/ta/app/Views/admin/dataadmin/index.php(66): CodeIgniter\View\View->include()
#5 /media/disk/Work/coding/ta/ta/vendor/codeigniter4/framework/system/View/View.php(210): include('...')
#6 /media/disk/Work/coding/ta/ta/vendor/codeigniter4/framework/system/View/View.php(213): CodeIgniter\View\View->CodeIgniter\View\{closure}()
#7 /media/disk/Work/coding/ta/ta/vendor/codeigniter4/framework/system/Common.php(1089): CodeIgniter\View\View->render()
#8 /media/disk/Work/coding/ta/ta/app/Controllers/Admin/Dataadmin.php(25): view()
#9 /media/disk/Work/coding/ta/ta/vendor/codeigniter4/framework/system/CodeIgniter.php(825): App\Controllers\Admin\Dataadmin->index()
#10 /media/disk/Work/coding/ta/ta/vendor/codeigniter4/framework/system/CodeIgniter.php(412): CodeIgniter\CodeIgniter->runController()
#11 /media/disk/Work/coding/ta/ta/vendor/codeigniter4/framework/system/CodeIgniter.php(320): CodeIgniter\CodeIgniter->handleRequest()
#12 /media/disk/Work/coding/ta/ta/public/index.php(37): CodeIgniter\CodeIgniter->run()
#13 /media/disk/Work/coding/ta/ta/vendor/codeigniter4/framework/system/Commands/Server/rewrite.php(43): require_once('...')
#14 {main}
CRITICAL - 2022-03-19 10:22:03 --> Trying to access array offset on value of type null
#0 /media/disk/Work/coding/ta/ta/app/Views/admin/dataadmin/editpassword.php(9): CodeIgniter\Debug\Exceptions->errorHandler()
#1 /media/disk/Work/coding/ta/ta/vendor/codeigniter4/framework/system/View/View.php(210): include('...')
#2 /media/disk/Work/coding/ta/ta/vendor/codeigniter4/framework/system/View/View.php(213): CodeIgniter\View\View->CodeIgniter\View\{closure}()
#3 /media/disk/Work/coding/ta/ta/vendor/codeigniter4/framework/system/View/View.php(424): CodeIgniter\View\View->render()
#4 /media/disk/Work/coding/ta/ta/app/Views/admin/dataadmin/index.php(66): CodeIgniter\View\View->include()
#5 /media/disk/Work/coding/ta/ta/vendor/codeigniter4/framework/system/View/View.php(210): include('...')
#6 /media/disk/Work/coding/ta/ta/vendor/codeigniter4/framework/system/View/View.php(213): CodeIgniter\View\View->CodeIgniter\View\{closure}()
#7 /media/disk/Work/coding/ta/ta/vendor/codeigniter4/framework/system/Common.php(1089): CodeIgniter\View\View->render()
#8 /media/disk/Work/coding/ta/ta/app/Controllers/Admin/Dataadmin.php(25): view()
#9 /media/disk/Work/coding/ta/ta/vendor/codeigniter4/framework/system/CodeIgniter.php(825): App\Controllers\Admin\Dataadmin->index()
#10 /media/disk/Work/coding/ta/ta/vendor/codeigniter4/framework/system/CodeIgniter.php(412): CodeIgniter\CodeIgniter->runController()
#11 /media/disk/Work/coding/ta/ta/vendor/codeigniter4/framework/system/CodeIgniter.php(320): CodeIgniter\CodeIgniter->handleRequest()
#12 /media/disk/Work/coding/ta/ta/public/index.php(37): CodeIgniter\CodeIgniter->run()
#13 /media/disk/Work/coding/ta/ta/vendor/codeigniter4/framework/system/Commands/Server/rewrite.php(43): require_once('...')
#14 {main}
CRITICAL - 2022-03-19 10:22:40 --> Trying to access array offset on value of type null
#0 /media/disk/Work/coding/ta/ta/app/Views/admin/dataadmin/editpassword.php(9): CodeIgniter\Debug\Exceptions->errorHandler()
#1 /media/disk/Work/coding/ta/ta/vendor/codeigniter4/framework/system/View/View.php(210): include('...')
#2 /media/disk/Work/coding/ta/ta/vendor/codeigniter4/framework/system/View/View.php(213): CodeIgniter\View\View->CodeIgniter\View\{closure}()
#3 /media/disk/Work/coding/ta/ta/vendor/codeigniter4/framework/system/View/View.php(424): CodeIgniter\View\View->render()
#4 /media/disk/Work/coding/ta/ta/app/Views/admin/dataadmin/index.php(66): CodeIgniter\View\View->include()
#5 /media/disk/Work/coding/ta/ta/vendor/codeigniter4/framework/system/View/View.php(210): include('...')
#6 /media/disk/Work/coding/ta/ta/vendor/codeigniter4/framework/system/View/View.php(213): CodeIgniter\View\View->CodeIgniter\View\{closure}()
#7 /media/disk/Work/coding/ta/ta/vendor/codeigniter4/framework/system/Common.php(1089): CodeIgniter\View\View->render()
#8 /media/disk/Work/coding/ta/ta/app/Controllers/Admin/Dataadmin.php(25): view()
#9 /media/disk/Work/coding/ta/ta/vendor/codeigniter4/framework/system/CodeIgniter.php(825): App\Controllers\Admin\Dataadmin->index()
#10 /media/disk/Work/coding/ta/ta/vendor/codeigniter4/framework/system/CodeIgniter.php(412): CodeIgniter\CodeIgniter->runController()
#11 /media/disk/Work/coding/ta/ta/vendor/codeigniter4/framework/system/CodeIgniter.php(320): CodeIgniter\CodeIgniter->handleRequest()
#12 /media/disk/Work/coding/ta/ta/public/index.php(37): CodeIgniter\CodeIgniter->run()
#13 /media/disk/Work/coding/ta/ta/vendor/codeigniter4/framework/system/Commands/Server/rewrite.php(43): require_once('...')
#14 {main}
CRITICAL - 2022-03-19 10:23:22 --> Trying to access array offset on value of type null
#0 /media/disk/Work/coding/ta/ta/app/Views/admin/dataadmin/editpassword.php(13): CodeIgniter\Debug\Exceptions->errorHandler()
#1 /media/disk/Work/coding/ta/ta/vendor/codeigniter4/framework/system/View/View.php(210): include('...')
#2 /media/disk/Work/coding/ta/ta/vendor/codeigniter4/framework/system/View/View.php(213): CodeIgniter\View\View->CodeIgniter\View\{closure}()
#3 /media/disk/Work/coding/ta/ta/vendor/codeigniter4/framework/system/View/View.php(424): CodeIgniter\View\View->render()
#4 /media/disk/Work/coding/ta/ta/app/Views/admin/dataadmin/index.php(66): CodeIgniter\View\View->include()
#5 /media/disk/Work/coding/ta/ta/vendor/codeigniter4/framework/system/View/View.php(210): include('...')
#6 /media/disk/Work/coding/ta/ta/vendor/codeigniter4/framework/system/View/View.php(213): CodeIgniter\View\View->CodeIgniter\View\{closure}()
#7 /media/disk/Work/coding/ta/ta/vendor/codeigniter4/framework/system/Common.php(1089): CodeIgniter\View\View->render()
#8 /media/disk/Work/coding/ta/ta/app/Controllers/Admin/Dataadmin.php(25): view()
#9 /media/disk/Work/coding/ta/ta/vendor/codeigniter4/framework/system/CodeIgniter.php(825): App\Controllers\Admin\Dataadmin->index()
#10 /media/disk/Work/coding/ta/ta/vendor/codeigniter4/framework/system/CodeIgniter.php(412): CodeIgniter\CodeIgniter->runController()
#11 /media/disk/Work/coding/ta/ta/vendor/codeigniter4/framework/system/CodeIgniter.php(320): CodeIgniter\CodeIgniter->handleRequest()
#12 /media/disk/Work/coding/ta/ta/public/index.php(37): CodeIgniter\CodeIgniter->run()
#13 /media/disk/Work/coding/ta/ta/vendor/codeigniter4/framework/system/Commands/Server/rewrite.php(43): require_once('...')
#14 {main}
CRITICAL - 2022-03-19 10:35:16 --> Cannot access protected property CodeIgniter\Validation\Validation::$errors
#0 /media/disk/Work/coding/ta/ta/vendor/codeigniter4/framework/system/CodeIgniter.php(825): App\Controllers\Admin\Dataadmin->simpanpassword()
#1 /media/disk/Work/coding/ta/ta/vendor/codeigniter4/framework/system/CodeIgniter.php(412): CodeIgniter\CodeIgniter->runController()
#2 /media/disk/Work/coding/ta/ta/vendor/codeigniter4/framework/system/CodeIgniter.php(320): CodeIgniter\CodeIgniter->handleRequest()
#3 /media/disk/Work/coding/ta/ta/public/index.php(37): CodeIgniter\CodeIgniter->run()
#4 /media/disk/Work/coding/ta/ta/vendor/codeigniter4/framework/system/Commands/Server/rewrite.php(43): require_once('...')
#5 {main}
CRITICAL - 2022-03-19 10:35:39 --> Cannot use object of type CodeIgniter\Validation\Validation as array
#0 /media/disk/Work/coding/ta/ta/vendor/codeigniter4/framework/system/CodeIgniter.php(825): App\Controllers\Admin\Dataadmin->simpanpassword()
#1 /media/disk/Work/coding/ta/ta/vendor/codeigniter4/framework/system/CodeIgniter.php(412): CodeIgniter\CodeIgniter->runController()
#2 /media/disk/Work/coding/ta/ta/vendor/codeigniter4/framework/system/CodeIgniter.php(320): CodeIgniter\CodeIgniter->handleRequest()
#3 /media/disk/Work/coding/ta/ta/public/index.php(37): CodeIgniter\CodeIgniter->run()
#4 /media/disk/Work/coding/ta/ta/vendor/codeigniter4/framework/system/Commands/Server/rewrite.php(43): require_once('...')
#5 {main}
CRITICAL - 2022-03-19 10:37:20 --> Cannot access protected property CodeIgniter\Validation\Validation::$errors
#0 /media/disk/Work/coding/ta/ta/vendor/codeigniter4/framework/system/CodeIgniter.php(825): App\Controllers\Admin\Dataadmin->simpanpassword()
#1 /media/disk/Work/coding/ta/ta/vendor/codeigniter4/framework/system/CodeIgniter.php(412): CodeIgniter\CodeIgniter->runController()
#2 /media/disk/Work/coding/ta/ta/vendor/codeigniter4/framework/system/CodeIgniter.php(320): CodeIgniter\CodeIgniter->handleRequest()
#3 /media/disk/Work/coding/ta/ta/public/index.php(37): CodeIgniter\CodeIgniter->run()
#4 /media/disk/Work/coding/ta/ta/vendor/codeigniter4/framework/system/Commands/Server/rewrite.php(43): require_once('...')
#5 {main}
CRITICAL - 2022-03-19 10:38:20 --> Cannot access protected property CodeIgniter\Validation\Validation::$errors
#0 /media/disk/Work/coding/ta/ta/vendor/codeigniter4/framework/system/CodeIgniter.php(825): App\Controllers\Admin\Dataadmin->simpanpassword()
#1 /media/disk/Work/coding/ta/ta/vendor/codeigniter4/framework/system/CodeIgniter.php(412): CodeIgniter\CodeIgniter->runController()
#2 /media/disk/Work/coding/ta/ta/vendor/codeigniter4/framework/system/CodeIgniter.php(320): CodeIgniter\CodeIgniter->handleRequest()
#3 /media/disk/Work/coding/ta/ta/public/index.php(37): CodeIgniter\CodeIgniter->run()
#4 /media/disk/Work/coding/ta/ta/vendor/codeigniter4/framework/system/Commands/Server/rewrite.php(43): require_once('...')
#5 {main}
CRITICAL - 2022-03-19 10:39:22 --> Cannot access protected property CodeIgniter\Validation\Validation::$errors
#0 /media/disk/Work/coding/ta/ta/vendor/codeigniter4/framework/system/CodeIgniter.php(825): App\Controllers\Admin\Dataadmin->simpanpassword()
#1 /media/disk/Work/coding/ta/ta/vendor/codeigniter4/framework/system/CodeIgniter.php(412): CodeIgniter\CodeIgniter->runController()
#2 /media/disk/Work/coding/ta/ta/vendor/codeigniter4/framework/system/CodeIgniter.php(320): CodeIgniter\CodeIgniter->handleRequest()
#3 /media/disk/Work/coding/ta/ta/public/index.php(37): CodeIgniter\CodeIgniter->run()
#4 /media/disk/Work/coding/ta/ta/vendor/codeigniter4/framework/system/Commands/Server/rewrite.php(43): require_once('...')
#5 {main}
CRITICAL - 2022-03-19 10:41:18 --> Undefined array key 0
#0 /media/disk/Work/coding/ta/ta/app/Controllers/Admin/Dataadmin.php(150): CodeIgniter\Debug\Exceptions->errorHandler()
#1 /media/disk/Work/coding/ta/ta/vendor/codeigniter4/framework/system/CodeIgniter.php(825): App\Controllers\Admin\Dataadmin->simpanpassword()
#2 /media/disk/Work/coding/ta/ta/vendor/codeigniter4/framework/system/CodeIgniter.php(412): CodeIgniter\CodeIgniter->runController()
#3 /media/disk/Work/coding/ta/ta/vendor/codeigniter4/framework/system/CodeIgniter.php(320): CodeIgniter\CodeIgniter->handleRequest()
#4 /media/disk/Work/coding/ta/ta/public/index.php(37): CodeIgniter\CodeIgniter->run()
#5 /media/disk/Work/coding/ta/ta/vendor/codeigniter4/framework/system/Commands/Server/rewrite.php(43): require_once('...')
#6 {main}
CRITICAL - 2022-03-19 10:41:29 --> Undefined array key 1
#0 /media/disk/Work/coding/ta/ta/app/Controllers/Admin/Dataadmin.php(150): CodeIgniter\Debug\Exceptions->errorHandler()
#1 /media/disk/Work/coding/ta/ta/vendor/codeigniter4/framework/system/CodeIgniter.php(825): App\Controllers\Admin\Dataadmin->simpanpassword()
#2 /media/disk/Work/coding/ta/ta/vendor/codeigniter4/framework/system/CodeIgniter.php(412): CodeIgniter\CodeIgniter->runController()
#3 /media/disk/Work/coding/ta/ta/vendor/codeigniter4/framework/system/CodeIgniter.php(320): CodeIgniter\CodeIgniter->handleRequest()
#4 /media/disk/Work/coding/ta/ta/public/index.php(37): CodeIgniter\CodeIgniter->run()
#5 /media/disk/Work/coding/ta/ta/vendor/codeigniter4/framework/system/Commands/Server/rewrite.php(43): require_once('...')
#6 {main}
CRITICAL - 2022-03-19 12:36:44 --> Undefined variable $validation
#0 /media/disk/Work/coding/ta/ta/app/Views/admin/dataguru/tambah.php(37): CodeIgniter\Debug\Exceptions->errorHandler()
#1 /media/disk/Work/coding/ta/ta/vendor/codeigniter4/framework/system/View/View.php(210): include('...')
#2 /media/disk/Work/coding/ta/ta/vendor/codeigniter4/framework/system/View/View.php(213): CodeIgniter\View\View->CodeIgniter\View\{closure}()
#3 /media/disk/Work/coding/ta/ta/vendor/codeigniter4/framework/system/View/View.php(424): CodeIgniter\View\View->render()
#4 /media/disk/Work/coding/ta/ta/app/Views/admin/dataguru/index.php(54): CodeIgniter\View\View->include()
#5 /media/disk/Work/coding/ta/ta/vendor/codeigniter4/framework/system/View/View.php(210): include('...')
#6 /media/disk/Work/coding/ta/ta/vendor/codeigniter4/framework/system/View/View.php(213): CodeIgniter\View\View->CodeIgniter\View\{closure}()
#7 /media/disk/Work/coding/ta/ta/vendor/codeigniter4/framework/system/Common.php(1089): CodeIgniter\View\View->render()
#8 /media/disk/Work/coding/ta/ta/app/Controllers/Admin/Dataguru.php(23): view()
#9 /media/disk/Work/coding/ta/ta/vendor/codeigniter4/framework/system/CodeIgniter.php(825): App\Controllers\Admin\Dataguru->index()
#10 /media/disk/Work/coding/ta/ta/vendor/codeigniter4/framework/system/CodeIgniter.php(412): CodeIgniter\CodeIgniter->runController()
#11 /media/disk/Work/coding/ta/ta/vendor/codeigniter4/framework/system/CodeIgniter.php(320): CodeIgniter\CodeIgniter->handleRequest()
#12 /media/disk/Work/coding/ta/ta/public/index.php(37): CodeIgniter\CodeIgniter->run()
#13 /media/disk/Work/coding/ta/ta/vendor/codeigniter4/framework/system/Commands/Server/rewrite.php(43): require_once('...')
#14 {main}
ERROR - 2022-03-19 12:41:59 --> Unknown column 'password' in 'field list'
CRITICAL - 2022-03-19 12:41:59 --> Unknown column 'password' in 'field list'
#0 /media/disk/Work/coding/ta/ta/vendor/codeigniter4/framework/system/Database/MySQLi/Connection.php(292): mysqli->query()
#1 /media/disk/Work/coding/ta/ta/vendor/codeigniter4/framework/system/Database/BaseConnection.php(670): CodeIgniter\Database\MySQLi\Connection->execute()
#2 /media/disk/Work/coding/ta/ta/vendor/codeigniter4/framework/system/Database/BaseConnection.php(598): CodeIgniter\Database\BaseConnection->simpleQuery()
#3 /media/disk/Work/coding/ta/ta/vendor/codeigniter4/framework/system/Database/BaseBuilder.php(1771): CodeIgniter\Database\BaseConnection->query()
#4 /media/disk/Work/coding/ta/ta/vendor/codeigniter4/framework/system/Model.php(239): CodeIgniter\Database\BaseBuilder->insert()
#5 /media/disk/Work/coding/ta/ta/vendor/codeigniter4/framework/system/BaseModel.php(738): CodeIgniter\Model->doInsert()
#6 /media/disk/Work/coding/ta/ta/vendor/codeigniter4/framework/system/Model.php(625): CodeIgniter\BaseModel->insert()
#7 /media/disk/Work/coding/ta/ta/vendor/codeigniter4/framework/system/BaseModel.php(658): CodeIgniter\Model->insert()
#8 /media/disk/Work/coding/ta/ta/app/Controllers/Admin/Dataguru.php(29): CodeIgniter\BaseModel->save()
#9 /media/disk/Work/coding/ta/ta/vendor/codeigniter4/framework/system/CodeIgniter.php(825): App\Controllers\Admin\Dataguru->tambah()
#10 /media/disk/Work/coding/ta/ta/vendor/codeigniter4/framework/system/CodeIgniter.php(412): CodeIgniter\CodeIgniter->runController()
#11 /media/disk/Work/coding/ta/ta/vendor/codeigniter4/framework/system/CodeIgniter.php(320): CodeIgniter\CodeIgniter->handleRequest()
#12 /media/disk/Work/coding/ta/ta/public/index.php(37): CodeIgniter\CodeIgniter->run()
#13 /media/disk/Work/coding/ta/ta/vendor/codeigniter4/framework/system/Commands/Server/rewrite.php(43): require_once('...')
#14 {main}
CRITICAL - 2022-03-19 13:35:51 --> Undefined variable $jadwal
#0 /media/disk/Work/coding/ta/ta/app/Views/admin/datajadwal/index.php(36): CodeIgniter\Debug\Exceptions->errorHandler()
#1 /media/disk/Work/coding/ta/ta/vendor/codeigniter4/framework/system/View/View.php(210): include('...')
#2 /media/disk/Work/coding/ta/ta/vendor/codeigniter4/framework/system/View/View.php(213): CodeIgniter\View\View->CodeIgniter\View\{closure}()
#3 /media/disk/Work/coding/ta/ta/vendor/codeigniter4/framework/system/Common.php(1089): CodeIgniter\View\View->render()
#4 /media/disk/Work/coding/ta/ta/app/Controllers/Admin/Datajadwal.php(57): view()
#5 /media/disk/Work/coding/ta/ta/vendor/codeigniter4/framework/system/CodeIgniter.php(825): App\Controllers\Admin\DataJadwal->index()
#6 /media/disk/Work/coding/ta/ta/vendor/codeigniter4/framework/system/CodeIgniter.php(412): CodeIgniter\CodeIgniter->runController()
#7 /media/disk/Work/coding/ta/ta/vendor/codeigniter4/framework/system/CodeIgniter.php(320): CodeIgniter\CodeIgniter->handleRequest()
#8 /media/disk/Work/coding/ta/ta/public/index.php(37): CodeIgniter\CodeIgniter->run()
#9 /media/disk/Work/coding/ta/ta/vendor/codeigniter4/framework/system/Commands/Server/rewrite.php(43): require_once('...')
#10 {main}
CRITICAL - 2022-03-19 13:37:17 --> Undefined variable $dj
#0 /media/disk/Work/coding/ta/ta/app/Views/admin/datajadwal/tambah.php(35): CodeIgniter\Debug\Exceptions->errorHandler()
#1 /media/disk/Work/coding/ta/ta/vendor/codeigniter4/framework/system/View/View.php(210): include('...')
#2 /media/disk/Work/coding/ta/ta/vendor/codeigniter4/framework/system/View/View.php(213): CodeIgniter\View\View->CodeIgniter\View\{closure}()
#3 /media/disk/Work/coding/ta/ta/vendor/codeigniter4/framework/system/View/View.php(424): CodeIgniter\View\View->render()
#4 /media/disk/Work/coding/ta/ta/app/Views/admin/datajadwal/index.php(59): CodeIgniter\View\View->include()
#5 /media/disk/Work/coding/ta/ta/vendor/codeigniter4/framework/system/View/View.php(210): include('...')
#6 /media/disk/Work/coding/ta/ta/vendor/codeigniter4/framework/system/View/View.php(213): CodeIgniter\View\View->CodeIgniter\View\{closure}()
#7 /media/disk/Work/coding/ta/ta/vendor/codeigniter4/framework/system/Common.php(1089): CodeIgniter\View\View->render()
#8 /media/disk/Work/coding/ta/ta/app/Controllers/Admin/Datajadwal.php(58): view()
#9 /media/disk/Work/coding/ta/ta/vendor/codeigniter4/framework/system/CodeIgniter.php(825): App\Controllers\Admin\DataJadwal->index()
#10 /media/disk/Work/coding/ta/ta/vendor/codeigniter4/framework/system/CodeIgniter.php(412): CodeIgniter\CodeIgniter->runController()
#11 /media/disk/Work/coding/ta/ta/vendor/codeigniter4/framework/system/CodeIgniter.php(320): CodeIgniter\CodeIgniter->handleRequest()
#12 /media/disk/Work/coding/ta/ta/public/index.php(37): CodeIgniter\CodeIgniter->run()
#13 /media/disk/Work/coding/ta/ta/vendor/codeigniter4/framework/system/Commands/Server/rewrite.php(43): require_once('...')
#14 {main}
ERROR - 2022-03-19 13:55:11 --> Column 'hari' cannot be null
CRITICAL - 2022-03-19 13:55:11 --> Column 'hari' cannot be null
#0 /media/disk/Work/coding/ta/ta/vendor/codeigniter4/framework/system/Database/MySQLi/Connection.php(292): mysqli->query()
#1 /media/disk/Work/coding/ta/ta/vendor/codeigniter4/framework/system/Database/BaseConnection.php(670): CodeIgniter\Database\MySQLi\Connection->execute()
#2 /media/disk/Work/coding/ta/ta/vendor/codeigniter4/framework/system/Database/BaseConnection.php(598): CodeIgniter\Database\BaseConnection->simpleQuery()
#3 /media/disk/Work/coding/ta/ta/vendor/codeigniter4/framework/system/Database/BaseBuilder.php(1771): CodeIgniter\Database\BaseConnection->query()
#4 /media/disk/Work/coding/ta/ta/vendor/codeigniter4/framework/system/Model.php(239): CodeIgniter\Database\BaseBuilder->insert()
#5 /media/disk/Work/coding/ta/ta/vendor/codeigniter4/framework/system/BaseModel.php(738): CodeIgniter\Model->doInsert()
#6 /media/disk/Work/coding/ta/ta/vendor/codeigniter4/framework/system/Model.php(625): CodeIgniter\BaseModel->insert()
#7 /media/disk/Work/coding/ta/ta/vendor/codeigniter4/framework/system/BaseModel.php(658): CodeIgniter\Model->insert()
#8 /media/disk/Work/coding/ta/ta/app/Controllers/Admin/Datajadwal.php(72): CodeIgniter\BaseModel->save()
#9 /media/disk/Work/coding/ta/ta/vendor/codeigniter4/framework/system/CodeIgniter.php(825): App\Controllers\Admin\DataJadwal->tambah()
#10 /media/disk/Work/coding/ta/ta/vendor/codeigniter4/framework/system/CodeIgniter.php(412): CodeIgniter\CodeIgniter->runController()
#11 /media/disk/Work/coding/ta/ta/vendor/codeigniter4/framework/system/CodeIgniter.php(320): CodeIgniter\CodeIgniter->handleRequest()
#12 /media/disk/Work/coding/ta/ta/public/index.php(37): CodeIgniter\CodeIgniter->run()
#13 /media/disk/Work/coding/ta/ta/vendor/codeigniter4/framework/system/Commands/Server/rewrite.php(43): require_once('...')
#14 {main}
CRITICAL - 2022-03-19 14:10:31 --> Unmatched '}'
#0 /media/disk/Work/coding/ta/ta/vendor/codeigniter4/framework/system/Router/Router.php(175): CodeIgniter\Router\Router->autoRoute()
#1 /media/disk/Work/coding/ta/ta/vendor/codeigniter4/framework/system/CodeIgniter.php(719): CodeIgniter\Router\Router->handle()
#2 /media/disk/Work/coding/ta/ta/vendor/codeigniter4/framework/system/CodeIgniter.php(361): CodeIgniter\CodeIgniter->tryToRouteIt()
#3 /media/disk/Work/coding/ta/ta/vendor/codeigniter4/framework/system/CodeIgniter.php(320): CodeIgniter\CodeIgniter->handleRequest()
#4 /media/disk/Work/coding/ta/ta/public/index.php(37): CodeIgniter\CodeIgniter->run()
#5 /media/disk/Work/coding/ta/ta/vendor/codeigniter4/framework/system/Commands/Server/rewrite.php(43): require_once('...')
#6 {main}
