ERROR - 2022-03-06 00:01:25 --> Table 'elearning.datainformasis' doesn't exist
CRITICAL - 2022-03-06 00:01:25 --> Table 'elearning.datainformasis' doesn't exist
#0 /media/disk/Work/coding/ta/ta/vendor/codeigniter4/framework/system/Database/MySQLi/Connection.php(292): mysqli->query()
#1 /media/disk/Work/coding/ta/ta/vendor/codeigniter4/framework/system/Database/BaseConnection.php(670): CodeIgniter\Database\MySQLi\Connection->execute()
#2 /media/disk/Work/coding/ta/ta/vendor/codeigniter4/framework/system/Database/BaseConnection.php(598): CodeIgniter\Database\BaseConnection->simpleQuery()
#3 /media/disk/Work/coding/ta/ta/vendor/codeigniter4/framework/system/Database/BaseBuilder.php(1455): CodeIgniter\Database\BaseConnection->query()
#4 /media/disk/Work/coding/ta/ta/vendor/codeigniter4/framework/system/Model.php(183): CodeIgniter\Database\BaseBuilder->get()
#5 /media/disk/Work/coding/ta/ta/vendor/codeigniter4/framework/system/BaseModel.php(584): CodeIgniter\Model->doFindAll()
#6 /media/disk/Work/coding/ta/ta/app/Controllers/Admin/Informasi.php(19): CodeIgniter\BaseModel->findAll()
#7 /media/disk/Work/coding/ta/ta/vendor/codeigniter4/framework/system/CodeIgniter.php(825): App\Controllers\Admin\Informasi->index()
#8 /media/disk/Work/coding/ta/ta/vendor/codeigniter4/framework/system/CodeIgniter.php(412): CodeIgniter\CodeIgniter->runController()
#9 /media/disk/Work/coding/ta/ta/vendor/codeigniter4/framework/system/CodeIgniter.php(320): CodeIgniter\CodeIgniter->handleRequest()
#10 /media/disk/Work/coding/ta/ta/public/index.php(37): CodeIgniter\CodeIgniter->run()
#11 /media/disk/Work/coding/ta/ta/vendor/codeigniter4/framework/system/Commands/Server/rewrite.php(43): require_once('...')
#12 {main}
CRITICAL - 2022-03-06 00:01:49 --> Undefined array key "nama"
#0 /media/disk/Work/coding/ta/ta/app/Views/admin/informasi/index.php(36): CodeIgniter\Debug\Exceptions->errorHandler()
#1 /media/disk/Work/coding/ta/ta/vendor/codeigniter4/framework/system/View/View.php(210): include('...')
#2 /media/disk/Work/coding/ta/ta/vendor/codeigniter4/framework/system/View/View.php(213): CodeIgniter\View\View->CodeIgniter\View\{closure}()
#3 /media/disk/Work/coding/ta/ta/vendor/codeigniter4/framework/system/Common.php(1089): CodeIgniter\View\View->render()
#4 /media/disk/Work/coding/ta/ta/app/Controllers/Admin/Informasi.php(22): view()
#5 /media/disk/Work/coding/ta/ta/vendor/codeigniter4/framework/system/CodeIgniter.php(825): App\Controllers\Admin\Informasi->index()
#6 /media/disk/Work/coding/ta/ta/vendor/codeigniter4/framework/system/CodeIgniter.php(412): CodeIgniter\CodeIgniter->runController()
#7 /media/disk/Work/coding/ta/ta/vendor/codeigniter4/framework/system/CodeIgniter.php(320): CodeIgniter\CodeIgniter->handleRequest()
#8 /media/disk/Work/coding/ta/ta/public/index.php(37): CodeIgniter\CodeIgniter->run()
#9 /media/disk/Work/coding/ta/ta/vendor/codeigniter4/framework/system/Commands/Server/rewrite.php(43): require_once('...')
#10 {main}
CRITICAL - 2022-03-06 00:03:18 --> Undefined array key "waktu"
#0 /media/disk/Work/coding/ta/ta/app/Views/admin/informasi/index.php(40): CodeIgniter\Debug\Exceptions->errorHandler()
#1 /media/disk/Work/coding/ta/ta/vendor/codeigniter4/framework/system/View/View.php(210): include('...')
#2 /media/disk/Work/coding/ta/ta/vendor/codeigniter4/framework/system/View/View.php(213): CodeIgniter\View\View->CodeIgniter\View\{closure}()
#3 /media/disk/Work/coding/ta/ta/vendor/codeigniter4/framework/system/Common.php(1089): CodeIgniter\View\View->render()
#4 /media/disk/Work/coding/ta/ta/app/Controllers/Admin/Informasi.php(22): view()
#5 /media/disk/Work/coding/ta/ta/vendor/codeigniter4/framework/system/CodeIgniter.php(825): App\Controllers\Admin\Informasi->index()
#6 /media/disk/Work/coding/ta/ta/vendor/codeigniter4/framework/system/CodeIgniter.php(412): CodeIgniter\CodeIgniter->runController()
#7 /media/disk/Work/coding/ta/ta/vendor/codeigniter4/framework/system/CodeIgniter.php(320): CodeIgniter\CodeIgniter->handleRequest()
#8 /media/disk/Work/coding/ta/ta/public/index.php(37): CodeIgniter\CodeIgniter->run()
#9 /media/disk/Work/coding/ta/ta/vendor/codeigniter4/framework/system/Commands/Server/rewrite.php(43): require_once('...')
#10 {main}
CRITICAL - 2022-03-06 00:03:20 --> Undefined array key "waktu"
#0 /media/disk/Work/coding/ta/ta/app/Views/admin/informasi/index.php(40): CodeIgniter\Debug\Exceptions->errorHandler()
#1 /media/disk/Work/coding/ta/ta/vendor/codeigniter4/framework/system/View/View.php(210): include('...')
#2 /media/disk/Work/coding/ta/ta/vendor/codeigniter4/framework/system/View/View.php(213): CodeIgniter\View\View->CodeIgniter\View\{closure}()
#3 /media/disk/Work/coding/ta/ta/vendor/codeigniter4/framework/system/Common.php(1089): CodeIgniter\View\View->render()
#4 /media/disk/Work/coding/ta/ta/app/Controllers/Admin/Informasi.php(22): view()
#5 /media/disk/Work/coding/ta/ta/vendor/codeigniter4/framework/system/CodeIgniter.php(825): App\Controllers\Admin\Informasi->index()
#6 /media/disk/Work/coding/ta/ta/vendor/codeigniter4/framework/system/CodeIgniter.php(412): CodeIgniter\CodeIgniter->runController()
#7 /media/disk/Work/coding/ta/ta/vendor/codeigniter4/framework/system/CodeIgniter.php(320): CodeIgniter\CodeIgniter->handleRequest()
#8 /media/disk/Work/coding/ta/ta/public/index.php(37): CodeIgniter\CodeIgniter->run()
#9 /media/disk/Work/coding/ta/ta/vendor/codeigniter4/framework/system/Commands/Server/rewrite.php(43): require_once('...')
#10 {main}
CRITICAL - 2022-03-06 00:05:33 --> syntax error, unexpected token "if"
#0 /media/disk/Work/coding/ta/ta/vendor/codeigniter4/framework/system/View/View.php(213): CodeIgniter\View\View->CodeIgniter\View\{closure}()
#1 /media/disk/Work/coding/ta/ta/vendor/codeigniter4/framework/system/Common.php(1089): CodeIgniter\View\View->render()
#2 /media/disk/Work/coding/ta/ta/app/Controllers/Admin/Informasi.php(22): view()
#3 /media/disk/Work/coding/ta/ta/vendor/codeigniter4/framework/system/CodeIgniter.php(825): App\Controllers\Admin\Informasi->index()
#4 /media/disk/Work/coding/ta/ta/vendor/codeigniter4/framework/system/CodeIgniter.php(412): CodeIgniter\CodeIgniter->runController()
#5 /media/disk/Work/coding/ta/ta/vendor/codeigniter4/framework/system/CodeIgniter.php(320): CodeIgniter\CodeIgniter->handleRequest()
#6 /media/disk/Work/coding/ta/ta/public/index.php(37): CodeIgniter\CodeIgniter->run()
#7 /media/disk/Work/coding/ta/ta/vendor/codeigniter4/framework/system/Commands/Server/rewrite.php(43): require_once('...')
#8 {main}
CRITICAL - 2022-03-06 00:10:00 --> Invalid file: admin/datainformasi/tambah.php
#0 /media/disk/Work/coding/ta/ta/vendor/codeigniter4/framework/system/View/View.php(198): CodeIgniter\Exceptions\FrameworkException::forInvalidFile()
#1 /media/disk/Work/coding/ta/ta/vendor/codeigniter4/framework/system/View/View.php(424): CodeIgniter\View\View->render()
#2 /media/disk/Work/coding/ta/ta/app/Views/admin/informasi/index.php(64): CodeIgniter\View\View->include()
#3 /media/disk/Work/coding/ta/ta/vendor/codeigniter4/framework/system/View/View.php(210): include('...')
#4 /media/disk/Work/coding/ta/ta/vendor/codeigniter4/framework/system/View/View.php(213): CodeIgniter\View\View->CodeIgniter\View\{closure}()
#5 /media/disk/Work/coding/ta/ta/vendor/codeigniter4/framework/system/Common.php(1089): CodeIgniter\View\View->render()
#6 /media/disk/Work/coding/ta/ta/app/Controllers/Admin/Informasi.php(22): view()
#7 /media/disk/Work/coding/ta/ta/vendor/codeigniter4/framework/system/CodeIgniter.php(825): App\Controllers\Admin\Informasi->index()
#8 /media/disk/Work/coding/ta/ta/vendor/codeigniter4/framework/system/CodeIgniter.php(412): CodeIgniter\CodeIgniter->runController()
#9 /media/disk/Work/coding/ta/ta/vendor/codeigniter4/framework/system/CodeIgniter.php(320): CodeIgniter\CodeIgniter->handleRequest()
#10 /media/disk/Work/coding/ta/ta/public/index.php(37): CodeIgniter\CodeIgniter->run()
#11 /media/disk/Work/coding/ta/ta/vendor/codeigniter4/framework/system/Commands/Server/rewrite.php(43): require_once('...')
#12 {main}
CRITICAL - 2022-03-06 00:10:10 --> Invalid file: admin/datainformasi/tambah.php
#0 /media/disk/Work/coding/ta/ta/vendor/codeigniter4/framework/system/View/View.php(198): CodeIgniter\Exceptions\FrameworkException::forInvalidFile()
#1 /media/disk/Work/coding/ta/ta/vendor/codeigniter4/framework/system/View/View.php(424): CodeIgniter\View\View->render()
#2 /media/disk/Work/coding/ta/ta/app/Views/admin/informasi/index.php(64): CodeIgniter\View\View->include()
#3 /media/disk/Work/coding/ta/ta/vendor/codeigniter4/framework/system/View/View.php(210): include('...')
#4 /media/disk/Work/coding/ta/ta/vendor/codeigniter4/framework/system/View/View.php(213): CodeIgniter\View\View->CodeIgniter\View\{closure}()
#5 /media/disk/Work/coding/ta/ta/vendor/codeigniter4/framework/system/Common.php(1089): CodeIgniter\View\View->render()
#6 /media/disk/Work/coding/ta/ta/app/Controllers/Admin/Informasi.php(22): view()
#7 /media/disk/Work/coding/ta/ta/vendor/codeigniter4/framework/system/CodeIgniter.php(825): App\Controllers\Admin\Informasi->index()
#8 /media/disk/Work/coding/ta/ta/vendor/codeigniter4/framework/system/CodeIgniter.php(412): CodeIgniter\CodeIgniter->runController()
#9 /media/disk/Work/coding/ta/ta/vendor/codeigniter4/framework/system/CodeIgniter.php(320): CodeIgniter\CodeIgniter->handleRequest()
#10 /media/disk/Work/coding/ta/ta/public/index.php(37): CodeIgniter\CodeIgniter->run()
#11 /media/disk/Work/coding/ta/ta/vendor/codeigniter4/framework/system/Commands/Server/rewrite.php(43): require_once('...')
#12 {main}
CRITICAL - 2022-03-06 00:11:12 --> Invalid file: admin/datainformasi/tambah.php
#0 /media/disk/Work/coding/ta/ta/vendor/codeigniter4/framework/system/View/View.php(198): CodeIgniter\Exceptions\FrameworkException::forInvalidFile()
#1 /media/disk/Work/coding/ta/ta/vendor/codeigniter4/framework/system/View/View.php(424): CodeIgniter\View\View->render()
#2 /media/disk/Work/coding/ta/ta/app/Views/admin/informasi/index.php(64): CodeIgniter\View\View->include()
#3 /media/disk/Work/coding/ta/ta/vendor/codeigniter4/framework/system/View/View.php(210): include('...')
#4 /media/disk/Work/coding/ta/ta/vendor/codeigniter4/framework/system/View/View.php(213): CodeIgniter\View\View->CodeIgniter\View\{closure}()
#5 /media/disk/Work/coding/ta/ta/vendor/codeigniter4/framework/system/Common.php(1089): CodeIgniter\View\View->render()
#6 /media/disk/Work/coding/ta/ta/app/Controllers/Admin/Informasi.php(22): view()
#7 /media/disk/Work/coding/ta/ta/vendor/codeigniter4/framework/system/CodeIgniter.php(825): App\Controllers\Admin\Informasi->index()
#8 /media/disk/Work/coding/ta/ta/vendor/codeigniter4/framework/system/CodeIgniter.php(412): CodeIgniter\CodeIgniter->runController()
#9 /media/disk/Work/coding/ta/ta/vendor/codeigniter4/framework/system/CodeIgniter.php(320): CodeIgniter\CodeIgniter->handleRequest()
#10 /media/disk/Work/coding/ta/ta/public/index.php(37): CodeIgniter\CodeIgniter->run()
#11 /media/disk/Work/coding/ta/ta/vendor/codeigniter4/framework/system/Commands/Server/rewrite.php(43): require_once('...')
#12 {main}
CRITICAL - 2022-03-06 00:18:38 --> Allowed fields must be specified for model: App\Models\Admin\Datainformasi
#0 /media/disk/Work/coding/ta/ta/vendor/codeigniter4/framework/system/BaseModel.php(1138): CodeIgniter\Database\Exceptions\DataException::forInvalidAllowedFields()
#1 /media/disk/Work/coding/ta/ta/vendor/codeigniter4/framework/system/BaseModel.php(713): CodeIgniter\BaseModel->doProtectFields()
#2 /media/disk/Work/coding/ta/ta/vendor/codeigniter4/framework/system/Model.php(625): CodeIgniter\BaseModel->insert()
#3 /media/disk/Work/coding/ta/ta/vendor/codeigniter4/framework/system/BaseModel.php(658): CodeIgniter\Model->insert()
#4 /media/disk/Work/coding/ta/ta/app/Controllers/Admin/Informasi.php(31): CodeIgniter\BaseModel->save()
#5 /media/disk/Work/coding/ta/ta/vendor/codeigniter4/framework/system/CodeIgniter.php(825): App\Controllers\Admin\Informasi->tambah()
#6 /media/disk/Work/coding/ta/ta/vendor/codeigniter4/framework/system/CodeIgniter.php(412): CodeIgniter\CodeIgniter->runController()
#7 /media/disk/Work/coding/ta/ta/vendor/codeigniter4/framework/system/CodeIgniter.php(320): CodeIgniter\CodeIgniter->handleRequest()
#8 /media/disk/Work/coding/ta/ta/public/index.php(37): CodeIgniter\CodeIgniter->run()
#9 /media/disk/Work/coding/ta/ta/vendor/codeigniter4/framework/system/Commands/Server/rewrite.php(43): require_once('...')
#10 {main}
CRITICAL - 2022-03-06 00:20:01 --> Allowed fields must be specified for model: App\Models\Admin\DataInformasi
#0 /media/disk/Work/coding/ta/ta/vendor/codeigniter4/framework/system/BaseModel.php(1138): CodeIgniter\Database\Exceptions\DataException::forInvalidAllowedFields()
#1 /media/disk/Work/coding/ta/ta/vendor/codeigniter4/framework/system/BaseModel.php(713): CodeIgniter\BaseModel->doProtectFields()
#2 /media/disk/Work/coding/ta/ta/vendor/codeigniter4/framework/system/Model.php(625): CodeIgniter\BaseModel->insert()
#3 /media/disk/Work/coding/ta/ta/vendor/codeigniter4/framework/system/BaseModel.php(658): CodeIgniter\Model->insert()
#4 /media/disk/Work/coding/ta/ta/app/Controllers/Admin/Informasi.php(31): CodeIgniter\BaseModel->save()
#5 /media/disk/Work/coding/ta/ta/vendor/codeigniter4/framework/system/CodeIgniter.php(825): App\Controllers\Admin\Informasi->tambah()
#6 /media/disk/Work/coding/ta/ta/vendor/codeigniter4/framework/system/CodeIgniter.php(412): CodeIgniter\CodeIgniter->runController()
#7 /media/disk/Work/coding/ta/ta/vendor/codeigniter4/framework/system/CodeIgniter.php(320): CodeIgniter\CodeIgniter->handleRequest()
#8 /media/disk/Work/coding/ta/ta/public/index.php(37): CodeIgniter\CodeIgniter->run()
#9 /media/disk/Work/coding/ta/ta/vendor/codeigniter4/framework/system/Commands/Server/rewrite.php(43): require_once('...')
#10 {main}
ERROR - 2022-03-06 00:20:44 --> Unknown column 'updated_at' in 'field list'
CRITICAL - 2022-03-06 00:20:44 --> Unknown column 'updated_at' in 'field list'
#0 /media/disk/Work/coding/ta/ta/vendor/codeigniter4/framework/system/Database/MySQLi/Connection.php(292): mysqli->query()
#1 /media/disk/Work/coding/ta/ta/vendor/codeigniter4/framework/system/Database/BaseConnection.php(670): CodeIgniter\Database\MySQLi\Connection->execute()
#2 /media/disk/Work/coding/ta/ta/vendor/codeigniter4/framework/system/Database/BaseConnection.php(598): CodeIgniter\Database\BaseConnection->simpleQuery()
#3 /media/disk/Work/coding/ta/ta/vendor/codeigniter4/framework/system/Database/BaseBuilder.php(1771): CodeIgniter\Database\BaseConnection->query()
#4 /media/disk/Work/coding/ta/ta/vendor/codeigniter4/framework/system/Model.php(239): CodeIgniter\Database\BaseBuilder->insert()
#5 /media/disk/Work/coding/ta/ta/vendor/codeigniter4/framework/system/BaseModel.php(738): CodeIgniter\Model->doInsert()
#6 /media/disk/Work/coding/ta/ta/vendor/codeigniter4/framework/system/Model.php(625): CodeIgniter\BaseModel->insert()
#7 /media/disk/Work/coding/ta/ta/vendor/codeigniter4/framework/system/BaseModel.php(658): CodeIgniter\Model->insert()
#8 /media/disk/Work/coding/ta/ta/app/Controllers/Admin/Informasi.php(31): CodeIgniter\BaseModel->save()
#9 /media/disk/Work/coding/ta/ta/vendor/codeigniter4/framework/system/CodeIgniter.php(825): App\Controllers\Admin\Informasi->tambah()
#10 /media/disk/Work/coding/ta/ta/vendor/codeigniter4/framework/system/CodeIgniter.php(412): CodeIgniter\CodeIgniter->runController()
#11 /media/disk/Work/coding/ta/ta/vendor/codeigniter4/framework/system/CodeIgniter.php(320): CodeIgniter\CodeIgniter->handleRequest()
#12 /media/disk/Work/coding/ta/ta/public/index.php(37): CodeIgniter\CodeIgniter->run()
#13 /media/disk/Work/coding/ta/ta/vendor/codeigniter4/framework/system/Commands/Server/rewrite.php(43): require_once('...')
#14 {main}
ERROR - 2022-03-06 00:21:55 --> Unknown column 'updated_at' in 'field list'
CRITICAL - 2022-03-06 00:21:55 --> Unknown column 'updated_at' in 'field list'
#0 /media/disk/Work/coding/ta/ta/vendor/codeigniter4/framework/system/Database/MySQLi/Connection.php(292): mysqli->query()
#1 /media/disk/Work/coding/ta/ta/vendor/codeigniter4/framework/system/Database/BaseConnection.php(670): CodeIgniter\Database\MySQLi\Connection->execute()
#2 /media/disk/Work/coding/ta/ta/vendor/codeigniter4/framework/system/Database/BaseConnection.php(598): CodeIgniter\Database\BaseConnection->simpleQuery()
#3 /media/disk/Work/coding/ta/ta/vendor/codeigniter4/framework/system/Database/BaseBuilder.php(1771): CodeIgniter\Database\BaseConnection->query()
#4 /media/disk/Work/coding/ta/ta/vendor/codeigniter4/framework/system/Model.php(239): CodeIgniter\Database\BaseBuilder->insert()
#5 /media/disk/Work/coding/ta/ta/vendor/codeigniter4/framework/system/BaseModel.php(738): CodeIgniter\Model->doInsert()
#6 /media/disk/Work/coding/ta/ta/vendor/codeigniter4/framework/system/Model.php(625): CodeIgniter\BaseModel->insert()
#7 /media/disk/Work/coding/ta/ta/vendor/codeigniter4/framework/system/BaseModel.php(658): CodeIgniter\Model->insert()
#8 /media/disk/Work/coding/ta/ta/app/Controllers/Admin/Informasi.php(31): CodeIgniter\BaseModel->save()
#9 /media/disk/Work/coding/ta/ta/vendor/codeigniter4/framework/system/CodeIgniter.php(825): App\Controllers\Admin\Informasi->tambah()
#10 /media/disk/Work/coding/ta/ta/vendor/codeigniter4/framework/system/CodeIgniter.php(412): CodeIgniter\CodeIgniter->runController()
#11 /media/disk/Work/coding/ta/ta/vendor/codeigniter4/framework/system/CodeIgniter.php(320): CodeIgniter\CodeIgniter->handleRequest()
#12 /media/disk/Work/coding/ta/ta/public/index.php(37): CodeIgniter\CodeIgniter->run()
#13 /media/disk/Work/coding/ta/ta/vendor/codeigniter4/framework/system/Commands/Server/rewrite.php(43): require_once('...')
#14 {main}
ERROR - 2022-03-06 00:22:08 --> Unknown column 'updated_at' in 'field list'
CRITICAL - 2022-03-06 00:22:08 --> Unknown column 'updated_at' in 'field list'
#0 /media/disk/Work/coding/ta/ta/vendor/codeigniter4/framework/system/Database/MySQLi/Connection.php(292): mysqli->query()
#1 /media/disk/Work/coding/ta/ta/vendor/codeigniter4/framework/system/Database/BaseConnection.php(670): CodeIgniter\Database\MySQLi\Connection->execute()
#2 /media/disk/Work/coding/ta/ta/vendor/codeigniter4/framework/system/Database/BaseConnection.php(598): CodeIgniter\Database\BaseConnection->simpleQuery()
#3 /media/disk/Work/coding/ta/ta/vendor/codeigniter4/framework/system/Database/BaseBuilder.php(1771): CodeIgniter\Database\BaseConnection->query()
#4 /media/disk/Work/coding/ta/ta/vendor/codeigniter4/framework/system/Model.php(239): CodeIgniter\Database\BaseBuilder->insert()
#5 /media/disk/Work/coding/ta/ta/vendor/codeigniter4/framework/system/BaseModel.php(738): CodeIgniter\Model->doInsert()
#6 /media/disk/Work/coding/ta/ta/vendor/codeigniter4/framework/system/Model.php(625): CodeIgniter\BaseModel->insert()
#7 /media/disk/Work/coding/ta/ta/vendor/codeigniter4/framework/system/BaseModel.php(658): CodeIgniter\Model->insert()
#8 /media/disk/Work/coding/ta/ta/app/Controllers/Admin/Informasi.php(31): CodeIgniter\BaseModel->save()
#9 /media/disk/Work/coding/ta/ta/vendor/codeigniter4/framework/system/CodeIgniter.php(825): App\Controllers\Admin\Informasi->tambah()
#10 /media/disk/Work/coding/ta/ta/vendor/codeigniter4/framework/system/CodeIgniter.php(412): CodeIgniter\CodeIgniter->runController()
#11 /media/disk/Work/coding/ta/ta/vendor/codeigniter4/framework/system/CodeIgniter.php(320): CodeIgniter\CodeIgniter->handleRequest()
#12 /media/disk/Work/coding/ta/ta/public/index.php(37): CodeIgniter\CodeIgniter->run()
#13 /media/disk/Work/coding/ta/ta/vendor/codeigniter4/framework/system/Commands/Server/rewrite.php(43): require_once('...')
#14 {main}
CRITICAL - 2022-03-06 00:35:50 --> Undefined property: CodeIgniter\View\View::$session
#0 /media/disk/Work/coding/ta/ta/app/Views/template/parsial/head.php(17): CodeIgniter\Debug\Exceptions->errorHandler()
#1 /media/disk/Work/coding/ta/ta/vendor/codeigniter4/framework/system/View/View.php(210): include('...')
#2 /media/disk/Work/coding/ta/ta/vendor/codeigniter4/framework/system/View/View.php(213): CodeIgniter\View\View->CodeIgniter\View\{closure}()
#3 /media/disk/Work/coding/ta/ta/vendor/codeigniter4/framework/system/View/View.php(424): CodeIgniter\View\View->render()
#4 /media/disk/Work/coding/ta/ta/app/Views/template/admin/adminTemplate.php(4): CodeIgniter\View\View->include()
#5 /media/disk/Work/coding/ta/ta/vendor/codeigniter4/framework/system/View/View.php(210): include('...')
#6 /media/disk/Work/coding/ta/ta/vendor/codeigniter4/framework/system/View/View.php(213): CodeIgniter\View\View->CodeIgniter\View\{closure}()
#7 /media/disk/Work/coding/ta/ta/vendor/codeigniter4/framework/system/View/View.php(226): CodeIgniter\View\View->render()
#8 /media/disk/Work/coding/ta/ta/vendor/codeigniter4/framework/system/Common.php(1089): CodeIgniter\View\View->render()
#9 /media/disk/Work/coding/ta/ta/app/Controllers/Admin/Informasi.php(22): view()
#10 /media/disk/Work/coding/ta/ta/vendor/codeigniter4/framework/system/CodeIgniter.php(825): App\Controllers\Admin\Informasi->index()
#11 /media/disk/Work/coding/ta/ta/vendor/codeigniter4/framework/system/CodeIgniter.php(412): CodeIgniter\CodeIgniter->runController()
#12 /media/disk/Work/coding/ta/ta/vendor/codeigniter4/framework/system/CodeIgniter.php(320): CodeIgniter\CodeIgniter->handleRequest()
#13 /media/disk/Work/coding/ta/ta/public/index.php(37): CodeIgniter\CodeIgniter->run()
#14 /media/disk/Work/coding/ta/ta/vendor/codeigniter4/framework/system/Commands/Server/rewrite.php(43): require_once('...')
#15 {main}
CRITICAL - 2022-03-06 00:39:06 --> syntax error, unexpected token ";"
#0 /media/disk/Work/coding/ta/ta/vendor/codeigniter4/framework/system/View/View.php(213): CodeIgniter\View\View->CodeIgniter\View\{closure}()
#1 /media/disk/Work/coding/ta/ta/vendor/codeigniter4/framework/system/View/View.php(424): CodeIgniter\View\View->render()
#2 /media/disk/Work/coding/ta/ta/app/Views/template/admin/adminTemplate.php(4): CodeIgniter\View\View->include()
#3 /media/disk/Work/coding/ta/ta/vendor/codeigniter4/framework/system/View/View.php(210): include('...')
#4 /media/disk/Work/coding/ta/ta/vendor/codeigniter4/framework/system/View/View.php(213): CodeIgniter\View\View->CodeIgniter\View\{closure}()
#5 /media/disk/Work/coding/ta/ta/vendor/codeigniter4/framework/system/View/View.php(226): CodeIgniter\View\View->render()
#6 /media/disk/Work/coding/ta/ta/vendor/codeigniter4/framework/system/Common.php(1089): CodeIgniter\View\View->render()
#7 /media/disk/Work/coding/ta/ta/app/Controllers/Admin/Informasi.php(22): view()
#8 /media/disk/Work/coding/ta/ta/vendor/codeigniter4/framework/system/CodeIgniter.php(825): App\Controllers\Admin\Informasi->index()
#9 /media/disk/Work/coding/ta/ta/vendor/codeigniter4/framework/system/CodeIgniter.php(412): CodeIgniter\CodeIgniter->runController()
#10 /media/disk/Work/coding/ta/ta/vendor/codeigniter4/framework/system/CodeIgniter.php(320): CodeIgniter\CodeIgniter->handleRequest()
#11 /media/disk/Work/coding/ta/ta/public/index.php(37): CodeIgniter\CodeIgniter->run()
#12 /media/disk/Work/coding/ta/ta/vendor/codeigniter4/framework/system/Commands/Server/rewrite.php(43): require_once('...')
#13 {main}
CRITICAL - 2022-03-06 00:39:19 --> Array to string conversion
#0 /media/disk/Work/coding/ta/ta/app/Views/template/parsial/head.php(20): CodeIgniter\Debug\Exceptions->errorHandler()
#1 /media/disk/Work/coding/ta/ta/vendor/codeigniter4/framework/system/View/View.php(210): include('...')
#2 /media/disk/Work/coding/ta/ta/vendor/codeigniter4/framework/system/View/View.php(213): CodeIgniter\View\View->CodeIgniter\View\{closure}()
#3 /media/disk/Work/coding/ta/ta/vendor/codeigniter4/framework/system/View/View.php(424): CodeIgniter\View\View->render()
#4 /media/disk/Work/coding/ta/ta/app/Views/template/admin/adminTemplate.php(4): CodeIgniter\View\View->include()
#5 /media/disk/Work/coding/ta/ta/vendor/codeigniter4/framework/system/View/View.php(210): include('...')
#6 /media/disk/Work/coding/ta/ta/vendor/codeigniter4/framework/system/View/View.php(213): CodeIgniter\View\View->CodeIgniter\View\{closure}()
#7 /media/disk/Work/coding/ta/ta/vendor/codeigniter4/framework/system/View/View.php(226): CodeIgniter\View\View->render()
#8 /media/disk/Work/coding/ta/ta/vendor/codeigniter4/framework/system/Common.php(1089): CodeIgniter\View\View->render()
#9 /media/disk/Work/coding/ta/ta/app/Controllers/Admin/Informasi.php(22): view()
#10 /media/disk/Work/coding/ta/ta/vendor/codeigniter4/framework/system/CodeIgniter.php(825): App\Controllers\Admin\Informasi->index()
#11 /media/disk/Work/coding/ta/ta/vendor/codeigniter4/framework/system/CodeIgniter.php(412): CodeIgniter\CodeIgniter->runController()
#12 /media/disk/Work/coding/ta/ta/vendor/codeigniter4/framework/system/CodeIgniter.php(320): CodeIgniter\CodeIgniter->handleRequest()
#13 /media/disk/Work/coding/ta/ta/public/index.php(37): CodeIgniter\CodeIgniter->run()
#14 /media/disk/Work/coding/ta/ta/vendor/codeigniter4/framework/system/Commands/Server/rewrite.php(43): require_once('...')
#15 {main}
CRITICAL - 2022-03-06 00:44:39 --> Trying to access array offset on value of type null
#0 /media/disk/Work/coding/ta/ta/app/Views/template/parsial/head.php(22): CodeIgniter\Debug\Exceptions->errorHandler()
#1 /media/disk/Work/coding/ta/ta/vendor/codeigniter4/framework/system/View/View.php(210): include('...')
#2 /media/disk/Work/coding/ta/ta/vendor/codeigniter4/framework/system/View/View.php(213): CodeIgniter\View\View->CodeIgniter\View\{closure}()
#3 /media/disk/Work/coding/ta/ta/vendor/codeigniter4/framework/system/View/View.php(424): CodeIgniter\View\View->render()
#4 /media/disk/Work/coding/ta/ta/app/Views/template/admin/adminTemplate.php(4): CodeIgniter\View\View->include()
#5 /media/disk/Work/coding/ta/ta/vendor/codeigniter4/framework/system/View/View.php(210): include('...')
#6 /media/disk/Work/coding/ta/ta/vendor/codeigniter4/framework/system/View/View.php(213): CodeIgniter\View\View->CodeIgniter\View\{closure}()
#7 /media/disk/Work/coding/ta/ta/vendor/codeigniter4/framework/system/View/View.php(226): CodeIgniter\View\View->render()
#8 /media/disk/Work/coding/ta/ta/vendor/codeigniter4/framework/system/Common.php(1089): CodeIgniter\View\View->render()
#9 /media/disk/Work/coding/ta/ta/app/Controllers/Admin/Informasi.php(22): view()
#10 /media/disk/Work/coding/ta/ta/vendor/codeigniter4/framework/system/CodeIgniter.php(825): App\Controllers\Admin\Informasi->index()
#11 /media/disk/Work/coding/ta/ta/vendor/codeigniter4/framework/system/CodeIgniter.php(412): CodeIgniter\CodeIgniter->runController()
#12 /media/disk/Work/coding/ta/ta/vendor/codeigniter4/framework/system/CodeIgniter.php(320): CodeIgniter\CodeIgniter->handleRequest()
#13 /media/disk/Work/coding/ta/ta/public/index.php(37): CodeIgniter\CodeIgniter->run()
#14 /media/disk/Work/coding/ta/ta/vendor/codeigniter4/framework/system/Commands/Server/rewrite.php(43): require_once('...')
#15 {main}
CRITICAL - 2022-03-06 00:48:21 --> Trying to access array offset on value of type null
#0 /media/disk/Work/coding/ta/ta/app/Views/template/parsial/script.php(40): CodeIgniter\Debug\Exceptions->errorHandler()
#1 /media/disk/Work/coding/ta/ta/vendor/codeigniter4/framework/system/View/View.php(210): include('...')
#2 /media/disk/Work/coding/ta/ta/vendor/codeigniter4/framework/system/View/View.php(213): CodeIgniter\View\View->CodeIgniter\View\{closure}()
#3 /media/disk/Work/coding/ta/ta/vendor/codeigniter4/framework/system/View/View.php(424): CodeIgniter\View\View->render()
#4 /media/disk/Work/coding/ta/ta/app/Views/template/admin/adminTemplate.php(29): CodeIgniter\View\View->include()
#5 /media/disk/Work/coding/ta/ta/vendor/codeigniter4/framework/system/View/View.php(210): include('...')
#6 /media/disk/Work/coding/ta/ta/vendor/codeigniter4/framework/system/View/View.php(213): CodeIgniter\View\View->CodeIgniter\View\{closure}()
#7 /media/disk/Work/coding/ta/ta/vendor/codeigniter4/framework/system/View/View.php(226): CodeIgniter\View\View->render()
#8 /media/disk/Work/coding/ta/ta/vendor/codeigniter4/framework/system/Common.php(1089): CodeIgniter\View\View->render()
#9 /media/disk/Work/coding/ta/ta/app/Controllers/Admin/Informasi.php(22): view()
#10 /media/disk/Work/coding/ta/ta/vendor/codeigniter4/framework/system/CodeIgniter.php(825): App\Controllers\Admin\Informasi->index()
#11 /media/disk/Work/coding/ta/ta/vendor/codeigniter4/framework/system/CodeIgniter.php(412): CodeIgniter\CodeIgniter->runController()
#12 /media/disk/Work/coding/ta/ta/vendor/codeigniter4/framework/system/CodeIgniter.php(320): CodeIgniter\CodeIgniter->handleRequest()
#13 /media/disk/Work/coding/ta/ta/public/index.php(37): CodeIgniter\CodeIgniter->run()
#14 /media/disk/Work/coding/ta/ta/vendor/codeigniter4/framework/system/Commands/Server/rewrite.php(43): require_once('...')
#15 {main}
CRITICAL - 2022-03-06 00:48:45 --> Trying to access array offset on value of type null
#0 /media/disk/Work/coding/ta/ta/app/Views/template/parsial/script.php(40): CodeIgniter\Debug\Exceptions->errorHandler()
#1 /media/disk/Work/coding/ta/ta/vendor/codeigniter4/framework/system/View/View.php(210): include('...')
#2 /media/disk/Work/coding/ta/ta/vendor/codeigniter4/framework/system/View/View.php(213): CodeIgniter\View\View->CodeIgniter\View\{closure}()
#3 /media/disk/Work/coding/ta/ta/vendor/codeigniter4/framework/system/View/View.php(424): CodeIgniter\View\View->render()
#4 /media/disk/Work/coding/ta/ta/app/Views/template/admin/adminTemplate.php(29): CodeIgniter\View\View->include()
#5 /media/disk/Work/coding/ta/ta/vendor/codeigniter4/framework/system/View/View.php(210): include('...')
#6 /media/disk/Work/coding/ta/ta/vendor/codeigniter4/framework/system/View/View.php(213): CodeIgniter\View\View->CodeIgniter\View\{closure}()
#7 /media/disk/Work/coding/ta/ta/vendor/codeigniter4/framework/system/View/View.php(226): CodeIgniter\View\View->render()
#8 /media/disk/Work/coding/ta/ta/vendor/codeigniter4/framework/system/Common.php(1089): CodeIgniter\View\View->render()
#9 /media/disk/Work/coding/ta/ta/app/Controllers/Admin/Informasi.php(22): view()
#10 /media/disk/Work/coding/ta/ta/vendor/codeigniter4/framework/system/CodeIgniter.php(825): App\Controllers\Admin\Informasi->index()
#11 /media/disk/Work/coding/ta/ta/vendor/codeigniter4/framework/system/CodeIgniter.php(412): CodeIgniter\CodeIgniter->runController()
#12 /media/disk/Work/coding/ta/ta/vendor/codeigniter4/framework/system/CodeIgniter.php(320): CodeIgniter\CodeIgniter->handleRequest()
#13 /media/disk/Work/coding/ta/ta/public/index.php(37): CodeIgniter\CodeIgniter->run()
#14 /media/disk/Work/coding/ta/ta/vendor/codeigniter4/framework/system/Commands/Server/rewrite.php(43): require_once('...')
#15 {main}
CRITICAL - 2022-03-06 01:36:04 --> Too few arguments to function App\Controllers\Admin\Informasi::edit(), 0 passed in /media/disk/Work/coding/ta/ta/vendor/codeigniter4/framework/system/CodeIgniter.php on line 825 and exactly 1 expected
#0 /media/disk/Work/coding/ta/ta/vendor/codeigniter4/framework/system/CodeIgniter.php(825): App\Controllers\Admin\Informasi->edit()
#1 /media/disk/Work/coding/ta/ta/vendor/codeigniter4/framework/system/CodeIgniter.php(412): CodeIgniter\CodeIgniter->runController()
#2 /media/disk/Work/coding/ta/ta/vendor/codeigniter4/framework/system/CodeIgniter.php(320): CodeIgniter\CodeIgniter->handleRequest()
#3 /media/disk/Work/coding/ta/ta/public/index.php(37): CodeIgniter\CodeIgniter->run()
#4 /media/disk/Work/coding/ta/ta/vendor/codeigniter4/framework/system/Commands/Server/rewrite.php(43): require_once('...')
#5 {main}
CRITICAL - 2022-03-06 02:48:25 --> Undefined array key 0
#0 /media/disk/Work/coding/ta/ta/app/Controllers/Admin/Informasi.php(68): CodeIgniter\Debug\Exceptions->errorHandler()
#1 /media/disk/Work/coding/ta/ta/vendor/codeigniter4/framework/system/CodeIgniter.php(825): App\Controllers\Admin\Informasi->edit()
#2 /media/disk/Work/coding/ta/ta/vendor/codeigniter4/framework/system/CodeIgniter.php(412): CodeIgniter\CodeIgniter->runController()
#3 /media/disk/Work/coding/ta/ta/vendor/codeigniter4/framework/system/CodeIgniter.php(320): CodeIgniter\CodeIgniter->handleRequest()
#4 /media/disk/Work/coding/ta/ta/public/index.php(37): CodeIgniter\CodeIgniter->run()
#5 /media/disk/Work/coding/ta/ta/vendor/codeigniter4/framework/system/Commands/Server/rewrite.php(43): require_once('...')
#6 {main}
CRITICAL - 2022-03-06 02:48:41 --> Undefined array key 0
#0 /media/disk/Work/coding/ta/ta/app/Controllers/Admin/Informasi.php(68): CodeIgniter\Debug\Exceptions->errorHandler()
#1 /media/disk/Work/coding/ta/ta/vendor/codeigniter4/framework/system/CodeIgniter.php(825): App\Controllers\Admin\Informasi->edit()
#2 /media/disk/Work/coding/ta/ta/vendor/codeigniter4/framework/system/CodeIgniter.php(412): CodeIgniter\CodeIgniter->runController()
#3 /media/disk/Work/coding/ta/ta/vendor/codeigniter4/framework/system/CodeIgniter.php(320): CodeIgniter\CodeIgniter->handleRequest()
#4 /media/disk/Work/coding/ta/ta/public/index.php(37): CodeIgniter\CodeIgniter->run()
#5 /media/disk/Work/coding/ta/ta/vendor/codeigniter4/framework/system/Commands/Server/rewrite.php(43): require_once('...')
#6 {main}
CRITICAL - 2022-03-06 02:54:56 --> Undefined array key 0
#0 /media/disk/Work/coding/ta/ta/app/Controllers/Admin/Informasi.php(68): CodeIgniter\Debug\Exceptions->errorHandler()
#1 /media/disk/Work/coding/ta/ta/vendor/codeigniter4/framework/system/CodeIgniter.php(825): App\Controllers\Admin\Informasi->edit()
#2 /media/disk/Work/coding/ta/ta/vendor/codeigniter4/framework/system/CodeIgniter.php(412): CodeIgniter\CodeIgniter->runController()
#3 /media/disk/Work/coding/ta/ta/vendor/codeigniter4/framework/system/CodeIgniter.php(320): CodeIgniter\CodeIgniter->handleRequest()
#4 /media/disk/Work/coding/ta/ta/public/index.php(37): CodeIgniter\CodeIgniter->run()
#5 /media/disk/Work/coding/ta/ta/vendor/codeigniter4/framework/system/Commands/Server/rewrite.php(43): require_once('...')
#6 {main}
CRITICAL - 2022-03-06 02:56:00 --> Undefined array key 0
#0 /media/disk/Work/coding/ta/ta/app/Controllers/Admin/Informasi.php(65): CodeIgniter\Debug\Exceptions->errorHandler()
#1 /media/disk/Work/coding/ta/ta/vendor/codeigniter4/framework/system/CodeIgniter.php(825): App\Controllers\Admin\Informasi->edit()
#2 /media/disk/Work/coding/ta/ta/vendor/codeigniter4/framework/system/CodeIgniter.php(412): CodeIgniter\CodeIgniter->runController()
#3 /media/disk/Work/coding/ta/ta/vendor/codeigniter4/framework/system/CodeIgniter.php(320): CodeIgniter\CodeIgniter->handleRequest()
#4 /media/disk/Work/coding/ta/ta/public/index.php(37): CodeIgniter\CodeIgniter->run()
#5 /media/disk/Work/coding/ta/ta/vendor/codeigniter4/framework/system/Commands/Server/rewrite.php(43): require_once('...')
#6 {main}
CRITICAL - 2022-03-06 02:56:24 --> Undefined array key 0
#0 /media/disk/Work/coding/ta/ta/app/Controllers/Admin/Informasi.php(65): CodeIgniter\Debug\Exceptions->errorHandler()
#1 /media/disk/Work/coding/ta/ta/vendor/codeigniter4/framework/system/CodeIgniter.php(825): App\Controllers\Admin\Informasi->edit()
#2 /media/disk/Work/coding/ta/ta/vendor/codeigniter4/framework/system/CodeIgniter.php(412): CodeIgniter\CodeIgniter->runController()
#3 /media/disk/Work/coding/ta/ta/vendor/codeigniter4/framework/system/CodeIgniter.php(320): CodeIgniter\CodeIgniter->handleRequest()
#4 /media/disk/Work/coding/ta/ta/public/index.php(37): CodeIgniter\CodeIgniter->run()
#5 /media/disk/Work/coding/ta/ta/vendor/codeigniter4/framework/system/Commands/Server/rewrite.php(43): require_once('...')
#6 {main}
CRITICAL - 2022-03-06 03:29:02 --> Too few arguments to function App\Controllers\Admin\Informasi::edit(), 0 passed in /media/disk/Work/coding/ta/ta/vendor/codeigniter4/framework/system/CodeIgniter.php on line 825 and exactly 1 expected
#0 /media/disk/Work/coding/ta/ta/vendor/codeigniter4/framework/system/CodeIgniter.php(825): App\Controllers\Admin\Informasi->edit()
#1 /media/disk/Work/coding/ta/ta/vendor/codeigniter4/framework/system/CodeIgniter.php(412): CodeIgniter\CodeIgniter->runController()
#2 /media/disk/Work/coding/ta/ta/vendor/codeigniter4/framework/system/CodeIgniter.php(320): CodeIgniter\CodeIgniter->handleRequest()
#3 /media/disk/Work/coding/ta/ta/public/index.php(37): CodeIgniter\CodeIgniter->run()
#4 /media/disk/Work/coding/ta/ta/vendor/codeigniter4/framework/system/Commands/Server/rewrite.php(43): require_once('...')
#5 {main}
CRITICAL - 2022-03-06 03:38:40 --> Too few arguments to function App\Controllers\Admin\Informasi::edit(), 0 passed in /media/disk/Work/coding/ta/ta/vendor/codeigniter4/framework/system/CodeIgniter.php on line 825 and exactly 1 expected
#0 /media/disk/Work/coding/ta/ta/vendor/codeigniter4/framework/system/CodeIgniter.php(825): App\Controllers\Admin\Informasi->edit()
#1 /media/disk/Work/coding/ta/ta/vendor/codeigniter4/framework/system/CodeIgniter.php(412): CodeIgniter\CodeIgniter->runController()
#2 /media/disk/Work/coding/ta/ta/vendor/codeigniter4/framework/system/CodeIgniter.php(320): CodeIgniter\CodeIgniter->handleRequest()
#3 /media/disk/Work/coding/ta/ta/public/index.php(37): CodeIgniter\CodeIgniter->run()
#4 /media/disk/Work/coding/ta/ta/vendor/codeigniter4/framework/system/Commands/Server/rewrite.php(43): require_once('...')
#5 {main}
CRITICAL - 2022-03-06 03:45:23 --> Too few arguments to function App\Controllers\Admin\Informasi::edit(), 0 passed in /media/disk/Work/coding/ta/ta/vendor/codeigniter4/framework/system/CodeIgniter.php on line 825 and exactly 1 expected
#0 /media/disk/Work/coding/ta/ta/vendor/codeigniter4/framework/system/CodeIgniter.php(825): App\Controllers\Admin\Informasi->edit()
#1 /media/disk/Work/coding/ta/ta/vendor/codeigniter4/framework/system/CodeIgniter.php(412): CodeIgniter\CodeIgniter->runController()
#2 /media/disk/Work/coding/ta/ta/vendor/codeigniter4/framework/system/CodeIgniter.php(320): CodeIgniter\CodeIgniter->handleRequest()
#3 /media/disk/Work/coding/ta/ta/public/index.php(37): CodeIgniter\CodeIgniter->run()
#4 /media/disk/Work/coding/ta/ta/vendor/codeigniter4/framework/system/Commands/Server/rewrite.php(43): require_once('...')
#5 {main}
CRITICAL - 2022-03-06 04:03:10 --> syntax error, unexpected token ";"
#0 /media/disk/Work/coding/ta/ta/vendor/codeigniter4/framework/system/View/View.php(213): CodeIgniter\View\View->CodeIgniter\View\{closure}()
#1 /media/disk/Work/coding/ta/ta/vendor/codeigniter4/framework/system/View/View.php(424): CodeIgniter\View\View->render()
#2 /media/disk/Work/coding/ta/ta/app/Views/admin/informasi/index.php(65): CodeIgniter\View\View->include()
#3 /media/disk/Work/coding/ta/ta/vendor/codeigniter4/framework/system/View/View.php(210): include('...')
#4 /media/disk/Work/coding/ta/ta/vendor/codeigniter4/framework/system/View/View.php(213): CodeIgniter\View\View->CodeIgniter\View\{closure}()
#5 /media/disk/Work/coding/ta/ta/vendor/codeigniter4/framework/system/Common.php(1089): CodeIgniter\View\View->render()
#6 /media/disk/Work/coding/ta/ta/app/Controllers/Admin/Informasi.php(26): view()
#7 /media/disk/Work/coding/ta/ta/vendor/codeigniter4/framework/system/CodeIgniter.php(825): App\Controllers\Admin\Informasi->index()
#8 /media/disk/Work/coding/ta/ta/vendor/codeigniter4/framework/system/CodeIgniter.php(412): CodeIgniter\CodeIgniter->runController()
#9 /media/disk/Work/coding/ta/ta/vendor/codeigniter4/framework/system/CodeIgniter.php(320): CodeIgniter\CodeIgniter->handleRequest()
#10 /media/disk/Work/coding/ta/ta/public/index.php(37): CodeIgniter\CodeIgniter->run()
#11 /media/disk/Work/coding/ta/ta/vendor/codeigniter4/framework/system/Commands/Server/rewrite.php(43): require_once('...')
#12 {main}
CRITICAL - 2022-03-06 04:03:40 --> syntax error, unexpected token ";"
#0 /media/disk/Work/coding/ta/ta/vendor/codeigniter4/framework/system/View/View.php(213): CodeIgniter\View\View->CodeIgniter\View\{closure}()
#1 /media/disk/Work/coding/ta/ta/vendor/codeigniter4/framework/system/View/View.php(424): CodeIgniter\View\View->render()
#2 /media/disk/Work/coding/ta/ta/app/Views/admin/informasi/index.php(65): CodeIgniter\View\View->include()
#3 /media/disk/Work/coding/ta/ta/vendor/codeigniter4/framework/system/View/View.php(210): include('...')
#4 /media/disk/Work/coding/ta/ta/vendor/codeigniter4/framework/system/View/View.php(213): CodeIgniter\View\View->CodeIgniter\View\{closure}()
#5 /media/disk/Work/coding/ta/ta/vendor/codeigniter4/framework/system/Common.php(1089): CodeIgniter\View\View->render()
#6 /media/disk/Work/coding/ta/ta/app/Controllers/Admin/Informasi.php(26): view()
#7 /media/disk/Work/coding/ta/ta/vendor/codeigniter4/framework/system/CodeIgniter.php(825): App\Controllers\Admin\Informasi->index()
#8 /media/disk/Work/coding/ta/ta/vendor/codeigniter4/framework/system/CodeIgniter.php(412): CodeIgniter\CodeIgniter->runController()
#9 /media/disk/Work/coding/ta/ta/vendor/codeigniter4/framework/system/CodeIgniter.php(320): CodeIgniter\CodeIgniter->handleRequest()
#10 /media/disk/Work/coding/ta/ta/public/index.php(37): CodeIgniter\CodeIgniter->run()
#11 /media/disk/Work/coding/ta/ta/vendor/codeigniter4/framework/system/Commands/Server/rewrite.php(43): require_once('...')
#12 {main}
CRITICAL - 2022-03-06 04:14:31 --> Undefined array key "judul"
#0 /media/disk/Work/coding/ta/ta/app/Views/admin/informasi/edit.php(14): CodeIgniter\Debug\Exceptions->errorHandler()
#1 /media/disk/Work/coding/ta/ta/vendor/codeigniter4/framework/system/View/View.php(210): include('...')
#2 /media/disk/Work/coding/ta/ta/vendor/codeigniter4/framework/system/View/View.php(213): CodeIgniter\View\View->CodeIgniter\View\{closure}()
#3 /media/disk/Work/coding/ta/ta/vendor/codeigniter4/framework/system/View/View.php(424): CodeIgniter\View\View->render()
#4 /media/disk/Work/coding/ta/ta/app/Views/admin/informasi/index.php(65): CodeIgniter\View\View->include()
#5 /media/disk/Work/coding/ta/ta/vendor/codeigniter4/framework/system/View/View.php(210): include('...')
#6 /media/disk/Work/coding/ta/ta/vendor/codeigniter4/framework/system/View/View.php(213): CodeIgniter\View\View->CodeIgniter\View\{closure}()
#7 /media/disk/Work/coding/ta/ta/vendor/codeigniter4/framework/system/Common.php(1089): CodeIgniter\View\View->render()
#8 /media/disk/Work/coding/ta/ta/app/Controllers/Admin/Informasi.php(26): view()
#9 /media/disk/Work/coding/ta/ta/vendor/codeigniter4/framework/system/CodeIgniter.php(825): App\Controllers\Admin\Informasi->index()
#10 /media/disk/Work/coding/ta/ta/vendor/codeigniter4/framework/system/CodeIgniter.php(412): CodeIgniter\CodeIgniter->runController()
#11 /media/disk/Work/coding/ta/ta/vendor/codeigniter4/framework/system/CodeIgniter.php(320): CodeIgniter\CodeIgniter->handleRequest()
#12 /media/disk/Work/coding/ta/ta/public/index.php(37): CodeIgniter\CodeIgniter->run()
#13 /media/disk/Work/coding/ta/ta/vendor/codeigniter4/framework/system/Commands/Server/rewrite.php(43): require_once('...')
#14 {main}
CRITICAL - 2022-03-06 04:14:34 --> Undefined array key "judul"
#0 /media/disk/Work/coding/ta/ta/app/Views/admin/informasi/edit.php(14): CodeIgniter\Debug\Exceptions->errorHandler()
#1 /media/disk/Work/coding/ta/ta/vendor/codeigniter4/framework/system/View/View.php(210): include('...')
#2 /media/disk/Work/coding/ta/ta/vendor/codeigniter4/framework/system/View/View.php(213): CodeIgniter\View\View->CodeIgniter\View\{closure}()
#3 /media/disk/Work/coding/ta/ta/vendor/codeigniter4/framework/system/View/View.php(424): CodeIgniter\View\View->render()
#4 /media/disk/Work/coding/ta/ta/app/Views/admin/informasi/index.php(65): CodeIgniter\View\View->include()
#5 /media/disk/Work/coding/ta/ta/vendor/codeigniter4/framework/system/View/View.php(210): include('...')
#6 /media/disk/Work/coding/ta/ta/vendor/codeigniter4/framework/system/View/View.php(213): CodeIgniter\View\View->CodeIgniter\View\{closure}()
#7 /media/disk/Work/coding/ta/ta/vendor/codeigniter4/framework/system/Common.php(1089): CodeIgniter\View\View->render()
#8 /media/disk/Work/coding/ta/ta/app/Controllers/Admin/Informasi.php(26): view()
#9 /media/disk/Work/coding/ta/ta/vendor/codeigniter4/framework/system/CodeIgniter.php(825): App\Controllers\Admin\Informasi->index()
#10 /media/disk/Work/coding/ta/ta/vendor/codeigniter4/framework/system/CodeIgniter.php(412): CodeIgniter\CodeIgniter->runController()
#11 /media/disk/Work/coding/ta/ta/vendor/codeigniter4/framework/system/CodeIgniter.php(320): CodeIgniter\CodeIgniter->handleRequest()
#12 /media/disk/Work/coding/ta/ta/public/index.php(37): CodeIgniter\CodeIgniter->run()
#13 /media/disk/Work/coding/ta/ta/vendor/codeigniter4/framework/system/Commands/Server/rewrite.php(43): require_once('...')
#14 {main}
CRITICAL - 2022-03-06 04:14:36 --> Undefined array key "judul"
#0 /media/disk/Work/coding/ta/ta/app/Views/admin/informasi/edit.php(14): CodeIgniter\Debug\Exceptions->errorHandler()
#1 /media/disk/Work/coding/ta/ta/vendor/codeigniter4/framework/system/View/View.php(210): include('...')
#2 /media/disk/Work/coding/ta/ta/vendor/codeigniter4/framework/system/View/View.php(213): CodeIgniter\View\View->CodeIgniter\View\{closure}()
#3 /media/disk/Work/coding/ta/ta/vendor/codeigniter4/framework/system/View/View.php(424): CodeIgniter\View\View->render()
#4 /media/disk/Work/coding/ta/ta/app/Views/admin/informasi/index.php(65): CodeIgniter\View\View->include()
#5 /media/disk/Work/coding/ta/ta/vendor/codeigniter4/framework/system/View/View.php(210): include('...')
#6 /media/disk/Work/coding/ta/ta/vendor/codeigniter4/framework/system/View/View.php(213): CodeIgniter\View\View->CodeIgniter\View\{closure}()
#7 /media/disk/Work/coding/ta/ta/vendor/codeigniter4/framework/system/Common.php(1089): CodeIgniter\View\View->render()
#8 /media/disk/Work/coding/ta/ta/app/Controllers/Admin/Informasi.php(26): view()
#9 /media/disk/Work/coding/ta/ta/vendor/codeigniter4/framework/system/CodeIgniter.php(825): App\Controllers\Admin\Informasi->index()
#10 /media/disk/Work/coding/ta/ta/vendor/codeigniter4/framework/system/CodeIgniter.php(412): CodeIgniter\CodeIgniter->runController()
#11 /media/disk/Work/coding/ta/ta/vendor/codeigniter4/framework/system/CodeIgniter.php(320): CodeIgniter\CodeIgniter->handleRequest()
#12 /media/disk/Work/coding/ta/ta/public/index.php(37): CodeIgniter\CodeIgniter->run()
#13 /media/disk/Work/coding/ta/ta/vendor/codeigniter4/framework/system/Commands/Server/rewrite.php(43): require_once('...')
#14 {main}
CRITICAL - 2022-03-06 04:14:38 --> Undefined array key "judul"
#0 /media/disk/Work/coding/ta/ta/app/Views/admin/informasi/edit.php(14): CodeIgniter\Debug\Exceptions->errorHandler()
#1 /media/disk/Work/coding/ta/ta/vendor/codeigniter4/framework/system/View/View.php(210): include('...')
#2 /media/disk/Work/coding/ta/ta/vendor/codeigniter4/framework/system/View/View.php(213): CodeIgniter\View\View->CodeIgniter\View\{closure}()
#3 /media/disk/Work/coding/ta/ta/vendor/codeigniter4/framework/system/View/View.php(424): CodeIgniter\View\View->render()
#4 /media/disk/Work/coding/ta/ta/app/Views/admin/informasi/index.php(65): CodeIgniter\View\View->include()
#5 /media/disk/Work/coding/ta/ta/vendor/codeigniter4/framework/system/View/View.php(210): include('...')
#6 /media/disk/Work/coding/ta/ta/vendor/codeigniter4/framework/system/View/View.php(213): CodeIgniter\View\View->CodeIgniter\View\{closure}()
#7 /media/disk/Work/coding/ta/ta/vendor/codeigniter4/framework/system/Common.php(1089): CodeIgniter\View\View->render()
#8 /media/disk/Work/coding/ta/ta/app/Controllers/Admin/Informasi.php(26): view()
#9 /media/disk/Work/coding/ta/ta/vendor/codeigniter4/framework/system/CodeIgniter.php(825): App\Controllers\Admin\Informasi->index()
#10 /media/disk/Work/coding/ta/ta/vendor/codeigniter4/framework/system/CodeIgniter.php(412): CodeIgniter\CodeIgniter->runController()
#11 /media/disk/Work/coding/ta/ta/vendor/codeigniter4/framework/system/CodeIgniter.php(320): CodeIgniter\CodeIgniter->handleRequest()
#12 /media/disk/Work/coding/ta/ta/public/index.php(37): CodeIgniter\CodeIgniter->run()
#13 /media/disk/Work/coding/ta/ta/vendor/codeigniter4/framework/system/Commands/Server/rewrite.php(43): require_once('...')
#14 {main}
CRITICAL - 2022-03-06 04:14:39 --> Undefined array key "judul"
#0 /media/disk/Work/coding/ta/ta/app/Views/admin/informasi/edit.php(14): CodeIgniter\Debug\Exceptions->errorHandler()
#1 /media/disk/Work/coding/ta/ta/vendor/codeigniter4/framework/system/View/View.php(210): include('...')
#2 /media/disk/Work/coding/ta/ta/vendor/codeigniter4/framework/system/View/View.php(213): CodeIgniter\View\View->CodeIgniter\View\{closure}()
#3 /media/disk/Work/coding/ta/ta/vendor/codeigniter4/framework/system/View/View.php(424): CodeIgniter\View\View->render()
#4 /media/disk/Work/coding/ta/ta/app/Views/admin/informasi/index.php(65): CodeIgniter\View\View->include()
#5 /media/disk/Work/coding/ta/ta/vendor/codeigniter4/framework/system/View/View.php(210): include('...')
#6 /media/disk/Work/coding/ta/ta/vendor/codeigniter4/framework/system/View/View.php(213): CodeIgniter\View\View->CodeIgniter\View\{closure}()
#7 /media/disk/Work/coding/ta/ta/vendor/codeigniter4/framework/system/Common.php(1089): CodeIgniter\View\View->render()
#8 /media/disk/Work/coding/ta/ta/app/Controllers/Admin/Informasi.php(26): view()
#9 /media/disk/Work/coding/ta/ta/vendor/codeigniter4/framework/system/CodeIgniter.php(825): App\Controllers\Admin\Informasi->index()
#10 /media/disk/Work/coding/ta/ta/vendor/codeigniter4/framework/system/CodeIgniter.php(412): CodeIgniter\CodeIgniter->runController()
#11 /media/disk/Work/coding/ta/ta/vendor/codeigniter4/framework/system/CodeIgniter.php(320): CodeIgniter\CodeIgniter->handleRequest()
#12 /media/disk/Work/coding/ta/ta/public/index.php(37): CodeIgniter\CodeIgniter->run()
#13 /media/disk/Work/coding/ta/ta/vendor/codeigniter4/framework/system/Commands/Server/rewrite.php(43): require_once('...')
#14 {main}
CRITICAL - 2022-03-06 04:14:40 --> Undefined array key "judul"
#0 /media/disk/Work/coding/ta/ta/app/Views/admin/informasi/edit.php(14): CodeIgniter\Debug\Exceptions->errorHandler()
#1 /media/disk/Work/coding/ta/ta/vendor/codeigniter4/framework/system/View/View.php(210): include('...')
#2 /media/disk/Work/coding/ta/ta/vendor/codeigniter4/framework/system/View/View.php(213): CodeIgniter\View\View->CodeIgniter\View\{closure}()
#3 /media/disk/Work/coding/ta/ta/vendor/codeigniter4/framework/system/View/View.php(424): CodeIgniter\View\View->render()
#4 /media/disk/Work/coding/ta/ta/app/Views/admin/informasi/index.php(65): CodeIgniter\View\View->include()
#5 /media/disk/Work/coding/ta/ta/vendor/codeigniter4/framework/system/View/View.php(210): include('...')
#6 /media/disk/Work/coding/ta/ta/vendor/codeigniter4/framework/system/View/View.php(213): CodeIgniter\View\View->CodeIgniter\View\{closure}()
#7 /media/disk/Work/coding/ta/ta/vendor/codeigniter4/framework/system/Common.php(1089): CodeIgniter\View\View->render()
#8 /media/disk/Work/coding/ta/ta/app/Controllers/Admin/Informasi.php(26): view()
#9 /media/disk/Work/coding/ta/ta/vendor/codeigniter4/framework/system/CodeIgniter.php(825): App\Controllers\Admin\Informasi->index()
#10 /media/disk/Work/coding/ta/ta/vendor/codeigniter4/framework/system/CodeIgniter.php(412): CodeIgniter\CodeIgniter->runController()
#11 /media/disk/Work/coding/ta/ta/vendor/codeigniter4/framework/system/CodeIgniter.php(320): CodeIgniter\CodeIgniter->handleRequest()
#12 /media/disk/Work/coding/ta/ta/public/index.php(37): CodeIgniter\CodeIgniter->run()
#13 /media/disk/Work/coding/ta/ta/vendor/codeigniter4/framework/system/Commands/Server/rewrite.php(43): require_once('...')
#14 {main}
CRITICAL - 2022-03-06 04:14:41 --> Undefined array key "judul"
#0 /media/disk/Work/coding/ta/ta/app/Views/admin/informasi/edit.php(14): CodeIgniter\Debug\Exceptions->errorHandler()
#1 /media/disk/Work/coding/ta/ta/vendor/codeigniter4/framework/system/View/View.php(210): include('...')
#2 /media/disk/Work/coding/ta/ta/vendor/codeigniter4/framework/system/View/View.php(213): CodeIgniter\View\View->CodeIgniter\View\{closure}()
#3 /media/disk/Work/coding/ta/ta/vendor/codeigniter4/framework/system/View/View.php(424): CodeIgniter\View\View->render()
#4 /media/disk/Work/coding/ta/ta/app/Views/admin/informasi/index.php(65): CodeIgniter\View\View->include()
#5 /media/disk/Work/coding/ta/ta/vendor/codeigniter4/framework/system/View/View.php(210): include('...')
#6 /media/disk/Work/coding/ta/ta/vendor/codeigniter4/framework/system/View/View.php(213): CodeIgniter\View\View->CodeIgniter\View\{closure}()
#7 /media/disk/Work/coding/ta/ta/vendor/codeigniter4/framework/system/Common.php(1089): CodeIgniter\View\View->render()
#8 /media/disk/Work/coding/ta/ta/app/Controllers/Admin/Informasi.php(26): view()
#9 /media/disk/Work/coding/ta/ta/vendor/codeigniter4/framework/system/CodeIgniter.php(825): App\Controllers\Admin\Informasi->index()
#10 /media/disk/Work/coding/ta/ta/vendor/codeigniter4/framework/system/CodeIgniter.php(412): CodeIgniter\CodeIgniter->runController()
#11 /media/disk/Work/coding/ta/ta/vendor/codeigniter4/framework/system/CodeIgniter.php(320): CodeIgniter\CodeIgniter->handleRequest()
#12 /media/disk/Work/coding/ta/ta/public/index.php(37): CodeIgniter\CodeIgniter->run()
#13 /media/disk/Work/coding/ta/ta/vendor/codeigniter4/framework/system/Commands/Server/rewrite.php(43): require_once('...')
#14 {main}
CRITICAL - 2022-03-06 04:14:41 --> Undefined array key "judul"
#0 /media/disk/Work/coding/ta/ta/app/Views/admin/informasi/edit.php(14): CodeIgniter\Debug\Exceptions->errorHandler()
#1 /media/disk/Work/coding/ta/ta/vendor/codeigniter4/framework/system/View/View.php(210): include('...')
#2 /media/disk/Work/coding/ta/ta/vendor/codeigniter4/framework/system/View/View.php(213): CodeIgniter\View\View->CodeIgniter\View\{closure}()
#3 /media/disk/Work/coding/ta/ta/vendor/codeigniter4/framework/system/View/View.php(424): CodeIgniter\View\View->render()
#4 /media/disk/Work/coding/ta/ta/app/Views/admin/informasi/index.php(65): CodeIgniter\View\View->include()
#5 /media/disk/Work/coding/ta/ta/vendor/codeigniter4/framework/system/View/View.php(210): include('...')
#6 /media/disk/Work/coding/ta/ta/vendor/codeigniter4/framework/system/View/View.php(213): CodeIgniter\View\View->CodeIgniter\View\{closure}()
#7 /media/disk/Work/coding/ta/ta/vendor/codeigniter4/framework/system/Common.php(1089): CodeIgniter\View\View->render()
#8 /media/disk/Work/coding/ta/ta/app/Controllers/Admin/Informasi.php(26): view()
#9 /media/disk/Work/coding/ta/ta/vendor/codeigniter4/framework/system/CodeIgniter.php(825): App\Controllers\Admin\Informasi->index()
#10 /media/disk/Work/coding/ta/ta/vendor/codeigniter4/framework/system/CodeIgniter.php(412): CodeIgniter\CodeIgniter->runController()
#11 /media/disk/Work/coding/ta/ta/vendor/codeigniter4/framework/system/CodeIgniter.php(320): CodeIgniter\CodeIgniter->handleRequest()
#12 /media/disk/Work/coding/ta/ta/public/index.php(37): CodeIgniter\CodeIgniter->run()
#13 /media/disk/Work/coding/ta/ta/vendor/codeigniter4/framework/system/Commands/Server/rewrite.php(43): require_once('...')
#14 {main}
CRITICAL - 2022-03-06 04:14:42 --> Undefined array key "judul"
#0 /media/disk/Work/coding/ta/ta/app/Views/admin/informasi/edit.php(14): CodeIgniter\Debug\Exceptions->errorHandler()
#1 /media/disk/Work/coding/ta/ta/vendor/codeigniter4/framework/system/View/View.php(210): include('...')
#2 /media/disk/Work/coding/ta/ta/vendor/codeigniter4/framework/system/View/View.php(213): CodeIgniter\View\View->CodeIgniter\View\{closure}()
#3 /media/disk/Work/coding/ta/ta/vendor/codeigniter4/framework/system/View/View.php(424): CodeIgniter\View\View->render()
#4 /media/disk/Work/coding/ta/ta/app/Views/admin/informasi/index.php(65): CodeIgniter\View\View->include()
#5 /media/disk/Work/coding/ta/ta/vendor/codeigniter4/framework/system/View/View.php(210): include('...')
#6 /media/disk/Work/coding/ta/ta/vendor/codeigniter4/framework/system/View/View.php(213): CodeIgniter\View\View->CodeIgniter\View\{closure}()
#7 /media/disk/Work/coding/ta/ta/vendor/codeigniter4/framework/system/Common.php(1089): CodeIgniter\View\View->render()
#8 /media/disk/Work/coding/ta/ta/app/Controllers/Admin/Informasi.php(26): view()
#9 /media/disk/Work/coding/ta/ta/vendor/codeigniter4/framework/system/CodeIgniter.php(825): App\Controllers\Admin\Informasi->index()
#10 /media/disk/Work/coding/ta/ta/vendor/codeigniter4/framework/system/CodeIgniter.php(412): CodeIgniter\CodeIgniter->runController()
#11 /media/disk/Work/coding/ta/ta/vendor/codeigniter4/framework/system/CodeIgniter.php(320): CodeIgniter\CodeIgniter->handleRequest()
#12 /media/disk/Work/coding/ta/ta/public/index.php(37): CodeIgniter\CodeIgniter->run()
#13 /media/disk/Work/coding/ta/ta/vendor/codeigniter4/framework/system/Commands/Server/rewrite.php(43): require_once('...')
#14 {main}
CRITICAL - 2022-03-06 04:16:21 --> Call to undefined method App\Controllers\Admin\Informasi::respond()
#0 /media/disk/Work/coding/ta/ta/vendor/codeigniter4/framework/system/CodeIgniter.php(825): App\Controllers\Admin\Informasi->edit()
#1 /media/disk/Work/coding/ta/ta/vendor/codeigniter4/framework/system/CodeIgniter.php(412): CodeIgniter\CodeIgniter->runController()
#2 /media/disk/Work/coding/ta/ta/vendor/codeigniter4/framework/system/CodeIgniter.php(320): CodeIgniter\CodeIgniter->handleRequest()
#3 /media/disk/Work/coding/ta/ta/public/index.php(37): CodeIgniter\CodeIgniter->run()
#4 /media/disk/Work/coding/ta/ta/vendor/codeigniter4/framework/system/Commands/Server/rewrite.php(43): require_once('...')
#5 {main}
CRITICAL - 2022-03-06 04:22:01 --> syntax error, unexpected token "}", expecting ";"
#0 /media/disk/Work/coding/ta/ta/vendor/codeigniter4/framework/system/Router/Router.php(175): CodeIgniter\Router\Router->autoRoute()
#1 /media/disk/Work/coding/ta/ta/vendor/codeigniter4/framework/system/CodeIgniter.php(719): CodeIgniter\Router\Router->handle()
#2 /media/disk/Work/coding/ta/ta/vendor/codeigniter4/framework/system/CodeIgniter.php(361): CodeIgniter\CodeIgniter->tryToRouteIt()
#3 /media/disk/Work/coding/ta/ta/vendor/codeigniter4/framework/system/CodeIgniter.php(320): CodeIgniter\CodeIgniter->handleRequest()
#4 /media/disk/Work/coding/ta/ta/public/index.php(37): CodeIgniter\CodeIgniter->run()
#5 /media/disk/Work/coding/ta/ta/vendor/codeigniter4/framework/system/Commands/Server/rewrite.php(43): require_once('...')
#6 {main}
CRITICAL - 2022-03-06 04:22:08 --> Undefined variable $title
#0 /media/disk/Work/coding/ta/ta/app/Views/admin/informasi/edit.php(6): CodeIgniter\Debug\Exceptions->errorHandler()
#1 /media/disk/Work/coding/ta/ta/vendor/codeigniter4/framework/system/View/View.php(210): include('...')
#2 /media/disk/Work/coding/ta/ta/vendor/codeigniter4/framework/system/View/View.php(213): CodeIgniter\View\View->CodeIgniter\View\{closure}()
#3 /media/disk/Work/coding/ta/ta/vendor/codeigniter4/framework/system/Common.php(1089): CodeIgniter\View\View->render()
#4 /media/disk/Work/coding/ta/ta/app/Controllers/Admin/Informasi.php(63): view()
#5 /media/disk/Work/coding/ta/ta/vendor/codeigniter4/framework/system/CodeIgniter.php(825): App\Controllers\Admin\Informasi->edit()
#6 /media/disk/Work/coding/ta/ta/vendor/codeigniter4/framework/system/CodeIgniter.php(412): CodeIgniter\CodeIgniter->runController()
#7 /media/disk/Work/coding/ta/ta/vendor/codeigniter4/framework/system/CodeIgniter.php(320): CodeIgniter\CodeIgniter->handleRequest()
#8 /media/disk/Work/coding/ta/ta/public/index.php(37): CodeIgniter\CodeIgniter->run()
#9 /media/disk/Work/coding/ta/ta/vendor/codeigniter4/framework/system/Commands/Server/rewrite.php(43): require_once('...')
#10 {main}
CRITICAL - 2022-03-06 04:22:33 --> Undefined variable $title
#0 /media/disk/Work/coding/ta/ta/app/Views/admin/informasi/edit.php(6): CodeIgniter\Debug\Exceptions->errorHandler()
#1 /media/disk/Work/coding/ta/ta/vendor/codeigniter4/framework/system/View/View.php(210): include('...')
#2 /media/disk/Work/coding/ta/ta/vendor/codeigniter4/framework/system/View/View.php(213): CodeIgniter\View\View->CodeIgniter\View\{closure}()
#3 /media/disk/Work/coding/ta/ta/vendor/codeigniter4/framework/system/Common.php(1089): CodeIgniter\View\View->render()
#4 /media/disk/Work/coding/ta/ta/app/Controllers/Admin/Informasi.php(63): view()
#5 /media/disk/Work/coding/ta/ta/vendor/codeigniter4/framework/system/CodeIgniter.php(825): App\Controllers\Admin\Informasi->edit()
#6 /media/disk/Work/coding/ta/ta/vendor/codeigniter4/framework/system/CodeIgniter.php(412): CodeIgniter\CodeIgniter->runController()
#7 /media/disk/Work/coding/ta/ta/vendor/codeigniter4/framework/system/CodeIgniter.php(320): CodeIgniter\CodeIgniter->handleRequest()
#8 /media/disk/Work/coding/ta/ta/public/index.php(37): CodeIgniter\CodeIgniter->run()
#9 /media/disk/Work/coding/ta/ta/vendor/codeigniter4/framework/system/Commands/Server/rewrite.php(43): require_once('...')
#10 {main}
CRITICAL - 2022-03-06 04:22:44 --> Undefined variable $title
#0 /media/disk/Work/coding/ta/ta/app/Views/admin/informasi/edit.php(6): CodeIgniter\Debug\Exceptions->errorHandler()
#1 /media/disk/Work/coding/ta/ta/vendor/codeigniter4/framework/system/View/View.php(210): include('...')
#2 /media/disk/Work/coding/ta/ta/vendor/codeigniter4/framework/system/View/View.php(213): CodeIgniter\View\View->CodeIgniter\View\{closure}()
#3 /media/disk/Work/coding/ta/ta/vendor/codeigniter4/framework/system/Common.php(1089): CodeIgniter\View\View->render()
#4 /media/disk/Work/coding/ta/ta/app/Controllers/Admin/Informasi.php(63): view()
#5 /media/disk/Work/coding/ta/ta/vendor/codeigniter4/framework/system/CodeIgniter.php(825): App\Controllers\Admin\Informasi->edit()
#6 /media/disk/Work/coding/ta/ta/vendor/codeigniter4/framework/system/CodeIgniter.php(412): CodeIgniter\CodeIgniter->runController()
#7 /media/disk/Work/coding/ta/ta/vendor/codeigniter4/framework/system/CodeIgniter.php(320): CodeIgniter\CodeIgniter->handleRequest()
#8 /media/disk/Work/coding/ta/ta/public/index.php(37): CodeIgniter\CodeIgniter->run()
#9 /media/disk/Work/coding/ta/ta/vendor/codeigniter4/framework/system/Commands/Server/rewrite.php(43): require_once('...')
#10 {main}
CRITICAL - 2022-03-06 04:23:06 --> Undefined variable $title
#0 /media/disk/Work/coding/ta/ta/app/Views/admin/informasi/edit.php(6): CodeIgniter\Debug\Exceptions->errorHandler()
#1 /media/disk/Work/coding/ta/ta/vendor/codeigniter4/framework/system/View/View.php(210): include('...')
#2 /media/disk/Work/coding/ta/ta/vendor/codeigniter4/framework/system/View/View.php(213): CodeIgniter\View\View->CodeIgniter\View\{closure}()
#3 /media/disk/Work/coding/ta/ta/vendor/codeigniter4/framework/system/Common.php(1089): CodeIgniter\View\View->render()
#4 /media/disk/Work/coding/ta/ta/app/Controllers/Admin/Informasi.php(63): view()
#5 /media/disk/Work/coding/ta/ta/vendor/codeigniter4/framework/system/CodeIgniter.php(825): App\Controllers\Admin\Informasi->edit()
#6 /media/disk/Work/coding/ta/ta/vendor/codeigniter4/framework/system/CodeIgniter.php(412): CodeIgniter\CodeIgniter->runController()
#7 /media/disk/Work/coding/ta/ta/vendor/codeigniter4/framework/system/CodeIgniter.php(320): CodeIgniter\CodeIgniter->handleRequest()
#8 /media/disk/Work/coding/ta/ta/public/index.php(37): CodeIgniter\CodeIgniter->run()
#9 /media/disk/Work/coding/ta/ta/vendor/codeigniter4/framework/system/Commands/Server/rewrite.php(43): require_once('...')
#10 {main}
CRITICAL - 2022-03-06 04:24:57 --> Too few arguments to function App\Controllers\Admin\Informasi::edit(), 0 passed in /media/disk/Work/coding/ta/ta/vendor/codeigniter4/framework/system/CodeIgniter.php on line 825 and exactly 1 expected
#0 /media/disk/Work/coding/ta/ta/vendor/codeigniter4/framework/system/CodeIgniter.php(825): App\Controllers\Admin\Informasi->edit()
#1 /media/disk/Work/coding/ta/ta/vendor/codeigniter4/framework/system/CodeIgniter.php(412): CodeIgniter\CodeIgniter->runController()
#2 /media/disk/Work/coding/ta/ta/vendor/codeigniter4/framework/system/CodeIgniter.php(320): CodeIgniter\CodeIgniter->handleRequest()
#3 /media/disk/Work/coding/ta/ta/public/index.php(37): CodeIgniter\CodeIgniter->run()
#4 /media/disk/Work/coding/ta/ta/vendor/codeigniter4/framework/system/Commands/Server/rewrite.php(43): require_once('...')
#5 {main}
CRITICAL - 2022-03-06 04:31:22 --> Undefined property: CodeIgniter\View\View::$session
#0 /media/disk/Work/coding/ta/ta/app/Views/admin/informasi/index.php(66): CodeIgniter\Debug\Exceptions->errorHandler()
#1 /media/disk/Work/coding/ta/ta/vendor/codeigniter4/framework/system/View/View.php(210): include('...')
#2 /media/disk/Work/coding/ta/ta/vendor/codeigniter4/framework/system/View/View.php(213): CodeIgniter\View\View->CodeIgniter\View\{closure}()
#3 /media/disk/Work/coding/ta/ta/vendor/codeigniter4/framework/system/Common.php(1089): CodeIgniter\View\View->render()
#4 /media/disk/Work/coding/ta/ta/app/Controllers/Admin/Informasi.php(22): view()
#5 /media/disk/Work/coding/ta/ta/vendor/codeigniter4/framework/system/CodeIgniter.php(825): App\Controllers\Admin\Informasi->index()
#6 /media/disk/Work/coding/ta/ta/vendor/codeigniter4/framework/system/CodeIgniter.php(412): CodeIgniter\CodeIgniter->runController()
#7 /media/disk/Work/coding/ta/ta/vendor/codeigniter4/framework/system/CodeIgniter.php(320): CodeIgniter\CodeIgniter->handleRequest()
#8 /media/disk/Work/coding/ta/ta/public/index.php(37): CodeIgniter\CodeIgniter->run()
#9 /media/disk/Work/coding/ta/ta/vendor/codeigniter4/framework/system/Commands/Server/rewrite.php(43): require_once('...')
#10 {main}
CRITICAL - 2022-03-06 04:32:49 --> Undefined array key "judul"
#0 /media/disk/Work/coding/ta/ta/app/Views/admin/informasi/edit.php(14): CodeIgniter\Debug\Exceptions->errorHandler()
#1 /media/disk/Work/coding/ta/ta/vendor/codeigniter4/framework/system/View/View.php(210): include('...')
#2 /media/disk/Work/coding/ta/ta/vendor/codeigniter4/framework/system/View/View.php(213): CodeIgniter\View\View->CodeIgniter\View\{closure}()
#3 /media/disk/Work/coding/ta/ta/vendor/codeigniter4/framework/system/View/View.php(424): CodeIgniter\View\View->render()
#4 /media/disk/Work/coding/ta/ta/app/Views/admin/informasi/index.php(70): CodeIgniter\View\View->include()
#5 /media/disk/Work/coding/ta/ta/vendor/codeigniter4/framework/system/View/View.php(210): include('...')
#6 /media/disk/Work/coding/ta/ta/vendor/codeigniter4/framework/system/View/View.php(213): CodeIgniter\View\View->CodeIgniter\View\{closure}()
#7 /media/disk/Work/coding/ta/ta/vendor/codeigniter4/framework/system/Common.php(1089): CodeIgniter\View\View->render()
#8 /media/disk/Work/coding/ta/ta/app/Controllers/Admin/Informasi.php(22): view()
#9 /media/disk/Work/coding/ta/ta/vendor/codeigniter4/framework/system/CodeIgniter.php(825): App\Controllers\Admin\Informasi->index()
#10 /media/disk/Work/coding/ta/ta/vendor/codeigniter4/framework/system/CodeIgniter.php(412): CodeIgniter\CodeIgniter->runController()
#11 /media/disk/Work/coding/ta/ta/vendor/codeigniter4/framework/system/CodeIgniter.php(320): CodeIgniter\CodeIgniter->handleRequest()
#12 /media/disk/Work/coding/ta/ta/public/index.php(37): CodeIgniter\CodeIgniter->run()
#13 /media/disk/Work/coding/ta/ta/vendor/codeigniter4/framework/system/Commands/Server/rewrite.php(43): require_once('...')
#14 {main}
CRITICAL - 2022-03-06 04:32:54 --> Undefined array key "judul"
#0 /media/disk/Work/coding/ta/ta/app/Views/admin/informasi/edit.php(14): CodeIgniter\Debug\Exceptions->errorHandler()
#1 /media/disk/Work/coding/ta/ta/vendor/codeigniter4/framework/system/View/View.php(210): include('...')
#2 /media/disk/Work/coding/ta/ta/vendor/codeigniter4/framework/system/View/View.php(213): CodeIgniter\View\View->CodeIgniter\View\{closure}()
#3 /media/disk/Work/coding/ta/ta/vendor/codeigniter4/framework/system/View/View.php(424): CodeIgniter\View\View->render()
#4 /media/disk/Work/coding/ta/ta/app/Views/admin/informasi/index.php(70): CodeIgniter\View\View->include()
#5 /media/disk/Work/coding/ta/ta/vendor/codeigniter4/framework/system/View/View.php(210): include('...')
#6 /media/disk/Work/coding/ta/ta/vendor/codeigniter4/framework/system/View/View.php(213): CodeIgniter\View\View->CodeIgniter\View\{closure}()
#7 /media/disk/Work/coding/ta/ta/vendor/codeigniter4/framework/system/Common.php(1089): CodeIgniter\View\View->render()
#8 /media/disk/Work/coding/ta/ta/app/Controllers/Admin/Informasi.php(22): view()
#9 /media/disk/Work/coding/ta/ta/vendor/codeigniter4/framework/system/CodeIgniter.php(825): App\Controllers\Admin\Informasi->index()
#10 /media/disk/Work/coding/ta/ta/vendor/codeigniter4/framework/system/CodeIgniter.php(412): CodeIgniter\CodeIgniter->runController()
#11 /media/disk/Work/coding/ta/ta/vendor/codeigniter4/framework/system/CodeIgniter.php(320): CodeIgniter\CodeIgniter->handleRequest()
#12 /media/disk/Work/coding/ta/ta/public/index.php(37): CodeIgniter\CodeIgniter->run()
#13 /media/disk/Work/coding/ta/ta/vendor/codeigniter4/framework/system/Commands/Server/rewrite.php(43): require_once('...')
#14 {main}
CRITICAL - 2022-03-06 04:32:58 --> Undefined array key "judul"
#0 /media/disk/Work/coding/ta/ta/app/Views/admin/informasi/edit.php(14): CodeIgniter\Debug\Exceptions->errorHandler()
#1 /media/disk/Work/coding/ta/ta/vendor/codeigniter4/framework/system/View/View.php(210): include('...')
#2 /media/disk/Work/coding/ta/ta/vendor/codeigniter4/framework/system/View/View.php(213): CodeIgniter\View\View->CodeIgniter\View\{closure}()
#3 /media/disk/Work/coding/ta/ta/vendor/codeigniter4/framework/system/View/View.php(424): CodeIgniter\View\View->render()
#4 /media/disk/Work/coding/ta/ta/app/Views/admin/informasi/index.php(70): CodeIgniter\View\View->include()
#5 /media/disk/Work/coding/ta/ta/vendor/codeigniter4/framework/system/View/View.php(210): include('...')
#6 /media/disk/Work/coding/ta/ta/vendor/codeigniter4/framework/system/View/View.php(213): CodeIgniter\View\View->CodeIgniter\View\{closure}()
#7 /media/disk/Work/coding/ta/ta/vendor/codeigniter4/framework/system/Common.php(1089): CodeIgniter\View\View->render()
#8 /media/disk/Work/coding/ta/ta/app/Controllers/Admin/Informasi.php(22): view()
#9 /media/disk/Work/coding/ta/ta/vendor/codeigniter4/framework/system/CodeIgniter.php(825): App\Controllers\Admin\Informasi->index()
#10 /media/disk/Work/coding/ta/ta/vendor/codeigniter4/framework/system/CodeIgniter.php(412): CodeIgniter\CodeIgniter->runController()
#11 /media/disk/Work/coding/ta/ta/vendor/codeigniter4/framework/system/CodeIgniter.php(320): CodeIgniter\CodeIgniter->handleRequest()
#12 /media/disk/Work/coding/ta/ta/public/index.php(37): CodeIgniter\CodeIgniter->run()
#13 /media/disk/Work/coding/ta/ta/vendor/codeigniter4/framework/system/Commands/Server/rewrite.php(43): require_once('...')
#14 {main}
CRITICAL - 2022-03-06 04:33:15 --> Undefined array key "judul"
#0 /media/disk/Work/coding/ta/ta/app/Views/admin/informasi/edit.php(14): CodeIgniter\Debug\Exceptions->errorHandler()
#1 /media/disk/Work/coding/ta/ta/vendor/codeigniter4/framework/system/View/View.php(210): include('...')
#2 /media/disk/Work/coding/ta/ta/vendor/codeigniter4/framework/system/View/View.php(213): CodeIgniter\View\View->CodeIgniter\View\{closure}()
#3 /media/disk/Work/coding/ta/ta/vendor/codeigniter4/framework/system/View/View.php(424): CodeIgniter\View\View->render()
#4 /media/disk/Work/coding/ta/ta/app/Views/admin/informasi/index.php(70): CodeIgniter\View\View->include()
#5 /media/disk/Work/coding/ta/ta/vendor/codeigniter4/framework/system/View/View.php(210): include('...')
#6 /media/disk/Work/coding/ta/ta/vendor/codeigniter4/framework/system/View/View.php(213): CodeIgniter\View\View->CodeIgniter\View\{closure}()
#7 /media/disk/Work/coding/ta/ta/vendor/codeigniter4/framework/system/Common.php(1089): CodeIgniter\View\View->render()
#8 /media/disk/Work/coding/ta/ta/app/Controllers/Admin/Informasi.php(22): view()
#9 /media/disk/Work/coding/ta/ta/vendor/codeigniter4/framework/system/CodeIgniter.php(825): App\Controllers\Admin\Informasi->index()
#10 /media/disk/Work/coding/ta/ta/vendor/codeigniter4/framework/system/CodeIgniter.php(412): CodeIgniter\CodeIgniter->runController()
#11 /media/disk/Work/coding/ta/ta/vendor/codeigniter4/framework/system/CodeIgniter.php(320): CodeIgniter\CodeIgniter->handleRequest()
#12 /media/disk/Work/coding/ta/ta/public/index.php(37): CodeIgniter\CodeIgniter->run()
#13 /media/disk/Work/coding/ta/ta/vendor/codeigniter4/framework/system/Commands/Server/rewrite.php(43): require_once('...')
#14 {main}
CRITICAL - 2022-03-06 04:34:27 --> Undefined array key "judul"
#0 /media/disk/Work/coding/ta/ta/app/Views/admin/informasi/edit.php(16): CodeIgniter\Debug\Exceptions->errorHandler()
#1 /media/disk/Work/coding/ta/ta/vendor/codeigniter4/framework/system/View/View.php(210): include('...')
#2 /media/disk/Work/coding/ta/ta/vendor/codeigniter4/framework/system/View/View.php(213): CodeIgniter\View\View->CodeIgniter\View\{closure}()
#3 /media/disk/Work/coding/ta/ta/vendor/codeigniter4/framework/system/View/View.php(424): CodeIgniter\View\View->render()
#4 /media/disk/Work/coding/ta/ta/app/Views/admin/informasi/index.php(70): CodeIgniter\View\View->include()
#5 /media/disk/Work/coding/ta/ta/vendor/codeigniter4/framework/system/View/View.php(210): include('...')
#6 /media/disk/Work/coding/ta/ta/vendor/codeigniter4/framework/system/View/View.php(213): CodeIgniter\View\View->CodeIgniter\View\{closure}()
#7 /media/disk/Work/coding/ta/ta/vendor/codeigniter4/framework/system/Common.php(1089): CodeIgniter\View\View->render()
#8 /media/disk/Work/coding/ta/ta/app/Controllers/Admin/Informasi.php(22): view()
#9 /media/disk/Work/coding/ta/ta/vendor/codeigniter4/framework/system/CodeIgniter.php(825): App\Controllers\Admin\Informasi->index()
#10 /media/disk/Work/coding/ta/ta/vendor/codeigniter4/framework/system/CodeIgniter.php(412): CodeIgniter\CodeIgniter->runController()
#11 /media/disk/Work/coding/ta/ta/vendor/codeigniter4/framework/system/CodeIgniter.php(320): CodeIgniter\CodeIgniter->handleRequest()
#12 /media/disk/Work/coding/ta/ta/public/index.php(37): CodeIgniter\CodeIgniter->run()
#13 /media/disk/Work/coding/ta/ta/vendor/codeigniter4/framework/system/Commands/Server/rewrite.php(43): require_once('...')
#14 {main}
CRITICAL - 2022-03-06 04:35:42 --> Undefined variable $data
#0 /media/disk/Work/coding/ta/ta/app/Views/admin/informasi/edit.php(2): CodeIgniter\Debug\Exceptions->errorHandler()
#1 /media/disk/Work/coding/ta/ta/vendor/codeigniter4/framework/system/View/View.php(210): include('...')
#2 /media/disk/Work/coding/ta/ta/vendor/codeigniter4/framework/system/View/View.php(213): CodeIgniter\View\View->CodeIgniter\View\{closure}()
#3 /media/disk/Work/coding/ta/ta/vendor/codeigniter4/framework/system/View/View.php(424): CodeIgniter\View\View->render()
#4 /media/disk/Work/coding/ta/ta/app/Views/admin/informasi/index.php(70): CodeIgniter\View\View->include()
#5 /media/disk/Work/coding/ta/ta/vendor/codeigniter4/framework/system/View/View.php(210): include('...')
#6 /media/disk/Work/coding/ta/ta/vendor/codeigniter4/framework/system/View/View.php(213): CodeIgniter\View\View->CodeIgniter\View\{closure}()
#7 /media/disk/Work/coding/ta/ta/vendor/codeigniter4/framework/system/Common.php(1089): CodeIgniter\View\View->render()
#8 /media/disk/Work/coding/ta/ta/app/Controllers/Admin/Informasi.php(22): view()
#9 /media/disk/Work/coding/ta/ta/vendor/codeigniter4/framework/system/CodeIgniter.php(825): App\Controllers\Admin\Informasi->index()
#10 /media/disk/Work/coding/ta/ta/vendor/codeigniter4/framework/system/CodeIgniter.php(412): CodeIgniter\CodeIgniter->runController()
#11 /media/disk/Work/coding/ta/ta/vendor/codeigniter4/framework/system/CodeIgniter.php(320): CodeIgniter\CodeIgniter->handleRequest()
#12 /media/disk/Work/coding/ta/ta/public/index.php(37): CodeIgniter\CodeIgniter->run()
#13 /media/disk/Work/coding/ta/ta/vendor/codeigniter4/framework/system/Commands/Server/rewrite.php(43): require_once('...')
#14 {main}
CRITICAL - 2022-03-06 04:36:25 --> Undefined variable $data
#0 /media/disk/Work/coding/ta/ta/app/Views/admin/informasi/edit.php(2): CodeIgniter\Debug\Exceptions->errorHandler()
#1 /media/disk/Work/coding/ta/ta/vendor/codeigniter4/framework/system/View/View.php(210): include('...')
#2 /media/disk/Work/coding/ta/ta/vendor/codeigniter4/framework/system/View/View.php(213): CodeIgniter\View\View->CodeIgniter\View\{closure}()
#3 /media/disk/Work/coding/ta/ta/vendor/codeigniter4/framework/system/View/View.php(424): CodeIgniter\View\View->render()
#4 /media/disk/Work/coding/ta/ta/app/Views/admin/informasi/index.php(70): CodeIgniter\View\View->include()
#5 /media/disk/Work/coding/ta/ta/vendor/codeigniter4/framework/system/View/View.php(210): include('...')
#6 /media/disk/Work/coding/ta/ta/vendor/codeigniter4/framework/system/View/View.php(213): CodeIgniter\View\View->CodeIgniter\View\{closure}()
#7 /media/disk/Work/coding/ta/ta/vendor/codeigniter4/framework/system/Common.php(1089): CodeIgniter\View\View->render()
#8 /media/disk/Work/coding/ta/ta/app/Controllers/Admin/Informasi.php(22): view()
#9 /media/disk/Work/coding/ta/ta/vendor/codeigniter4/framework/system/CodeIgniter.php(825): App\Controllers\Admin\Informasi->index()
#10 /media/disk/Work/coding/ta/ta/vendor/codeigniter4/framework/system/CodeIgniter.php(412): CodeIgniter\CodeIgniter->runController()
#11 /media/disk/Work/coding/ta/ta/vendor/codeigniter4/framework/system/CodeIgniter.php(320): CodeIgniter\CodeIgniter->handleRequest()
#12 /media/disk/Work/coding/ta/ta/public/index.php(37): CodeIgniter\CodeIgniter->run()
#13 /media/disk/Work/coding/ta/ta/vendor/codeigniter4/framework/system/Commands/Server/rewrite.php(43): require_once('...')
#14 {main}
CRITICAL - 2022-03-06 04:41:01 --> Undefined array key "judul"
#0 /media/disk/Work/coding/ta/ta/app/Views/admin/informasi/edit.php(14): CodeIgniter\Debug\Exceptions->errorHandler()
#1 /media/disk/Work/coding/ta/ta/vendor/codeigniter4/framework/system/View/View.php(210): include('...')
#2 /media/disk/Work/coding/ta/ta/vendor/codeigniter4/framework/system/View/View.php(213): CodeIgniter\View\View->CodeIgniter\View\{closure}()
#3 /media/disk/Work/coding/ta/ta/vendor/codeigniter4/framework/system/View/View.php(424): CodeIgniter\View\View->render()
#4 /media/disk/Work/coding/ta/ta/app/Views/admin/informasi/index.php(70): CodeIgniter\View\View->include()
#5 /media/disk/Work/coding/ta/ta/vendor/codeigniter4/framework/system/View/View.php(210): include('...')
#6 /media/disk/Work/coding/ta/ta/vendor/codeigniter4/framework/system/View/View.php(213): CodeIgniter\View\View->CodeIgniter\View\{closure}()
#7 /media/disk/Work/coding/ta/ta/vendor/codeigniter4/framework/system/Common.php(1089): CodeIgniter\View\View->render()
#8 /media/disk/Work/coding/ta/ta/app/Controllers/Admin/Informasi.php(22): view()
#9 /media/disk/Work/coding/ta/ta/vendor/codeigniter4/framework/system/CodeIgniter.php(825): App\Controllers\Admin\Informasi->index()
#10 /media/disk/Work/coding/ta/ta/vendor/codeigniter4/framework/system/CodeIgniter.php(412): CodeIgniter\CodeIgniter->runController()
#11 /media/disk/Work/coding/ta/ta/vendor/codeigniter4/framework/system/CodeIgniter.php(320): CodeIgniter\CodeIgniter->handleRequest()
#12 /media/disk/Work/coding/ta/ta/public/index.php(37): CodeIgniter\CodeIgniter->run()
#13 /media/disk/Work/coding/ta/ta/vendor/codeigniter4/framework/system/Commands/Server/rewrite.php(43): require_once('...')
#14 {main}
CRITICAL - 2022-03-06 04:45:33 --> Too few arguments to function App\Controllers\Admin\Informasi::edit(), 0 passed in /media/disk/Work/coding/ta/ta/vendor/codeigniter4/framework/system/CodeIgniter.php on line 825 and exactly 1 expected
#0 /media/disk/Work/coding/ta/ta/vendor/codeigniter4/framework/system/CodeIgniter.php(825): App\Controllers\Admin\Informasi->edit()
#1 /media/disk/Work/coding/ta/ta/vendor/codeigniter4/framework/system/CodeIgniter.php(412): CodeIgniter\CodeIgniter->runController()
#2 /media/disk/Work/coding/ta/ta/vendor/codeigniter4/framework/system/CodeIgniter.php(320): CodeIgniter\CodeIgniter->handleRequest()
#3 /media/disk/Work/coding/ta/ta/public/index.php(37): CodeIgniter\CodeIgniter->run()
#4 /media/disk/Work/coding/ta/ta/vendor/codeigniter4/framework/system/Commands/Server/rewrite.php(43): require_once('...')
#5 {main}
CRITICAL - 2022-03-06 04:45:53 --> Too few arguments to function App\Controllers\Admin\Informasi::edit(), 0 passed in /media/disk/Work/coding/ta/ta/vendor/codeigniter4/framework/system/CodeIgniter.php on line 825 and exactly 1 expected
#0 /media/disk/Work/coding/ta/ta/vendor/codeigniter4/framework/system/CodeIgniter.php(825): App\Controllers\Admin\Informasi->edit()
#1 /media/disk/Work/coding/ta/ta/vendor/codeigniter4/framework/system/CodeIgniter.php(412): CodeIgniter\CodeIgniter->runController()
#2 /media/disk/Work/coding/ta/ta/vendor/codeigniter4/framework/system/CodeIgniter.php(320): CodeIgniter\CodeIgniter->handleRequest()
#3 /media/disk/Work/coding/ta/ta/public/index.php(37): CodeIgniter\CodeIgniter->run()
#4 /media/disk/Work/coding/ta/ta/vendor/codeigniter4/framework/system/Commands/Server/rewrite.php(43): require_once('...')
#5 {main}
CRITICAL - 2022-03-06 04:49:44 --> Too few arguments to function App\Controllers\Admin\Informasi::simpan(), 0 passed in /media/disk/Work/coding/ta/ta/vendor/codeigniter4/framework/system/CodeIgniter.php on line 825 and exactly 1 expected
#0 /media/disk/Work/coding/ta/ta/vendor/codeigniter4/framework/system/CodeIgniter.php(825): App\Controllers\Admin\Informasi->simpan()
#1 /media/disk/Work/coding/ta/ta/vendor/codeigniter4/framework/system/CodeIgniter.php(412): CodeIgniter\CodeIgniter->runController()
#2 /media/disk/Work/coding/ta/ta/vendor/codeigniter4/framework/system/CodeIgniter.php(320): CodeIgniter\CodeIgniter->handleRequest()
#3 /media/disk/Work/coding/ta/ta/public/index.php(37): CodeIgniter\CodeIgniter->run()
#4 /media/disk/Work/coding/ta/ta/vendor/codeigniter4/framework/system/Commands/Server/rewrite.php(43): require_once('...')
#5 {main}
CRITICAL - 2022-03-06 06:28:23 --> Undefined property: App\Controllers\Admin\Datajurusan::$dataInformasi
#0 /media/disk/Work/coding/ta/ta/app/Controllers/Admin/Datajurusan.php(57): CodeIgniter\Debug\Exceptions->errorHandler()
#1 /media/disk/Work/coding/ta/ta/vendor/codeigniter4/framework/system/CodeIgniter.php(825): App\Controllers\Admin\Datajurusan->edit()
#2 /media/disk/Work/coding/ta/ta/vendor/codeigniter4/framework/system/CodeIgniter.php(412): CodeIgniter\CodeIgniter->runController()
#3 /media/disk/Work/coding/ta/ta/vendor/codeigniter4/framework/system/CodeIgniter.php(320): CodeIgniter\CodeIgniter->handleRequest()
#4 /media/disk/Work/coding/ta/ta/public/index.php(37): CodeIgniter\CodeIgniter->run()
#5 /media/disk/Work/coding/ta/ta/vendor/codeigniter4/framework/system/Commands/Server/rewrite.php(43): require_once('...')
#6 {main}
CRITICAL - 2022-03-06 06:34:35 --> Undefined array key "id"
#0 /media/disk/Work/coding/ta/ta/app/Views/admin/informasi/edit.php(14): CodeIgniter\Debug\Exceptions->errorHandler()
#1 /media/disk/Work/coding/ta/ta/vendor/codeigniter4/framework/system/View/View.php(210): include('...')
#2 /media/disk/Work/coding/ta/ta/vendor/codeigniter4/framework/system/View/View.php(213): CodeIgniter\View\View->CodeIgniter\View\{closure}()
#3 /media/disk/Work/coding/ta/ta/vendor/codeigniter4/framework/system/View/View.php(424): CodeIgniter\View\View->render()
#4 /media/disk/Work/coding/ta/ta/app/Views/admin/datajurusan/index.php(61): CodeIgniter\View\View->include()
#5 /media/disk/Work/coding/ta/ta/vendor/codeigniter4/framework/system/View/View.php(210): include('...')
#6 /media/disk/Work/coding/ta/ta/vendor/codeigniter4/framework/system/View/View.php(213): CodeIgniter\View\View->CodeIgniter\View\{closure}()
#7 /media/disk/Work/coding/ta/ta/vendor/codeigniter4/framework/system/Common.php(1089): CodeIgniter\View\View->render()
#8 /media/disk/Work/coding/ta/ta/app/Controllers/Admin/Datajurusan.php(21): view()
#9 /media/disk/Work/coding/ta/ta/vendor/codeigniter4/framework/system/CodeIgniter.php(825): App\Controllers\Admin\Datajurusan->index()
#10 /media/disk/Work/coding/ta/ta/vendor/codeigniter4/framework/system/CodeIgniter.php(412): CodeIgniter\CodeIgniter->runController()
#11 /media/disk/Work/coding/ta/ta/vendor/codeigniter4/framework/system/CodeIgniter.php(320): CodeIgniter\CodeIgniter->handleRequest()
#12 /media/disk/Work/coding/ta/ta/public/index.php(37): CodeIgniter\CodeIgniter->run()
#13 /media/disk/Work/coding/ta/ta/vendor/codeigniter4/framework/system/Commands/Server/rewrite.php(43): require_once('...')
#14 {main}
CRITICAL - 2022-03-06 06:54:07 --> Undefined array key "id_guru"
#0 /media/disk/Work/coding/ta/ta/app/Views/admin/dataguru/edit.php(15): CodeIgniter\Debug\Exceptions->errorHandler()
#1 /media/disk/Work/coding/ta/ta/vendor/codeigniter4/framework/system/View/View.php(210): include('...')
#2 /media/disk/Work/coding/ta/ta/vendor/codeigniter4/framework/system/View/View.php(213): CodeIgniter\View\View->CodeIgniter\View\{closure}()
#3 /media/disk/Work/coding/ta/ta/vendor/codeigniter4/framework/system/View/View.php(424): CodeIgniter\View\View->render()
#4 /media/disk/Work/coding/ta/ta/app/Views/admin/dataguru/index.php(60): CodeIgniter\View\View->include()
#5 /media/disk/Work/coding/ta/ta/vendor/codeigniter4/framework/system/View/View.php(210): include('...')
#6 /media/disk/Work/coding/ta/ta/vendor/codeigniter4/framework/system/View/View.php(213): CodeIgniter\View\View->CodeIgniter\View\{closure}()
#7 /media/disk/Work/coding/ta/ta/vendor/codeigniter4/framework/system/Common.php(1089): CodeIgniter\View\View->render()
#8 /media/disk/Work/coding/ta/ta/app/Controllers/Admin/Dataguru.php(22): view()
#9 /media/disk/Work/coding/ta/ta/vendor/codeigniter4/framework/system/CodeIgniter.php(825): App\Controllers\Admin\Dataguru->index()
#10 /media/disk/Work/coding/ta/ta/vendor/codeigniter4/framework/system/CodeIgniter.php(412): CodeIgniter\CodeIgniter->runController()
#11 /media/disk/Work/coding/ta/ta/vendor/codeigniter4/framework/system/CodeIgniter.php(320): CodeIgniter\CodeIgniter->handleRequest()
#12 /media/disk/Work/coding/ta/ta/public/index.php(37): CodeIgniter\CodeIgniter->run()
#13 /media/disk/Work/coding/ta/ta/vendor/codeigniter4/framework/system/Commands/Server/rewrite.php(43): require_once('...')
#14 {main}
