CRITICAL - 2022-03-12 00:57:26 --> Invalid file: admin/dataadmin/index.php
#0 /media/disk/Work/coding/ta/ta/vendor/codeigniter4/framework/system/View/View.php(198): CodeIgniter\Exceptions\FrameworkException::forInvalidFile()
#1 /media/disk/Work/coding/ta/ta/vendor/codeigniter4/framework/system/Common.php(1089): CodeIgniter\View\View->render()
#2 /media/disk/Work/coding/ta/ta/app/Controllers/Admin/Dataadmin.php(24): view()
#3 /media/disk/Work/coding/ta/ta/vendor/codeigniter4/framework/system/CodeIgniter.php(825): App\Controllers\Admin\Dataadmin->index()
#4 /media/disk/Work/coding/ta/ta/vendor/codeigniter4/framework/system/CodeIgniter.php(412): CodeIgniter\CodeIgniter->runController()
#5 /media/disk/Work/coding/ta/ta/vendor/codeigniter4/framework/system/CodeIgniter.php(320): CodeIgniter\CodeIgniter->handleRequest()
#6 /media/disk/Work/coding/ta/ta/public/index.php(37): CodeIgniter\CodeIgniter->run()
#7 /media/disk/Work/coding/ta/ta/vendor/codeigniter4/framework/system/Commands/Server/rewrite.php(43): require_once('...')
#8 {main}
CRITICAL - 2022-03-12 01:03:20 --> Undefined variable $title
#0 /media/disk/Work/coding/ta/ta/app/Views/admin/dataguru/index.php(10): CodeIgniter\Debug\Exceptions->errorHandler()
#1 /media/disk/Work/coding/ta/ta/vendor/codeigniter4/framework/system/View/View.php(210): include('...')
#2 /media/disk/Work/coding/ta/ta/vendor/codeigniter4/framework/system/View/View.php(213): CodeIgniter\View\View->CodeIgniter\View\{closure}()
#3 /media/disk/Work/coding/ta/ta/vendor/codeigniter4/framework/system/Common.php(1089): CodeIgniter\View\View->render()
#4 /media/disk/Work/coding/ta/ta/app/Controllers/Admin/Dataguru.php(30): view()
#5 /media/disk/Work/coding/ta/ta/vendor/codeigniter4/framework/system/CodeIgniter.php(825): App\Controllers\Admin\Dataguru->index()
#6 /media/disk/Work/coding/ta/ta/vendor/codeigniter4/framework/system/CodeIgniter.php(412): CodeIgniter\CodeIgniter->runController()
#7 /media/disk/Work/coding/ta/ta/vendor/codeigniter4/framework/system/CodeIgniter.php(320): CodeIgniter\CodeIgniter->handleRequest()
#8 /media/disk/Work/coding/ta/ta/public/index.php(37): CodeIgniter\CodeIgniter->run()
#9 /media/disk/Work/coding/ta/ta/vendor/codeigniter4/framework/system/Commands/Server/rewrite.php(43): require_once('...')
#10 {main}
CRITICAL - 2022-03-12 01:04:05 --> Undefined variable $title
#0 /media/disk/Work/coding/ta/ta/app/Views/admin/dataguru/index.php(10): CodeIgniter\Debug\Exceptions->errorHandler()
#1 /media/disk/Work/coding/ta/ta/vendor/codeigniter4/framework/system/View/View.php(210): include('...')
#2 /media/disk/Work/coding/ta/ta/vendor/codeigniter4/framework/system/View/View.php(213): CodeIgniter\View\View->CodeIgniter\View\{closure}()
#3 /media/disk/Work/coding/ta/ta/vendor/codeigniter4/framework/system/Common.php(1089): CodeIgniter\View\View->render()
#4 /media/disk/Work/coding/ta/ta/app/Controllers/Admin/Dataguru.php(30): view()
#5 /media/disk/Work/coding/ta/ta/vendor/codeigniter4/framework/system/CodeIgniter.php(825): App\Controllers\Admin\Dataguru->index()
#6 /media/disk/Work/coding/ta/ta/vendor/codeigniter4/framework/system/CodeIgniter.php(412): CodeIgniter\CodeIgniter->runController()
#7 /media/disk/Work/coding/ta/ta/vendor/codeigniter4/framework/system/CodeIgniter.php(320): CodeIgniter\CodeIgniter->handleRequest()
#8 /media/disk/Work/coding/ta/ta/public/index.php(37): CodeIgniter\CodeIgniter->run()
#9 /media/disk/Work/coding/ta/ta/vendor/codeigniter4/framework/system/Commands/Server/rewrite.php(43): require_once('...')
#10 {main}
CRITICAL - 2022-03-12 01:04:06 --> Undefined variable $title
#0 /media/disk/Work/coding/ta/ta/app/Views/admin/dataguru/index.php(10): CodeIgniter\Debug\Exceptions->errorHandler()
#1 /media/disk/Work/coding/ta/ta/vendor/codeigniter4/framework/system/View/View.php(210): include('...')
#2 /media/disk/Work/coding/ta/ta/vendor/codeigniter4/framework/system/View/View.php(213): CodeIgniter\View\View->CodeIgniter\View\{closure}()
#3 /media/disk/Work/coding/ta/ta/vendor/codeigniter4/framework/system/Common.php(1089): CodeIgniter\View\View->render()
#4 /media/disk/Work/coding/ta/ta/app/Controllers/Admin/Dataguru.php(30): view()
#5 /media/disk/Work/coding/ta/ta/vendor/codeigniter4/framework/system/CodeIgniter.php(825): App\Controllers\Admin\Dataguru->index()
#6 /media/disk/Work/coding/ta/ta/vendor/codeigniter4/framework/system/CodeIgniter.php(412): CodeIgniter\CodeIgniter->runController()
#7 /media/disk/Work/coding/ta/ta/vendor/codeigniter4/framework/system/CodeIgniter.php(320): CodeIgniter\CodeIgniter->handleRequest()
#8 /media/disk/Work/coding/ta/ta/public/index.php(37): CodeIgniter\CodeIgniter->run()
#9 /media/disk/Work/coding/ta/ta/vendor/codeigniter4/framework/system/Commands/Server/rewrite.php(43): require_once('...')
#10 {main}
CRITICAL - 2022-03-12 01:04:08 --> Undefined variable $title
#0 /media/disk/Work/coding/ta/ta/app/Views/admin/dataguru/index.php(10): CodeIgniter\Debug\Exceptions->errorHandler()
#1 /media/disk/Work/coding/ta/ta/vendor/codeigniter4/framework/system/View/View.php(210): include('...')
#2 /media/disk/Work/coding/ta/ta/vendor/codeigniter4/framework/system/View/View.php(213): CodeIgniter\View\View->CodeIgniter\View\{closure}()
#3 /media/disk/Work/coding/ta/ta/vendor/codeigniter4/framework/system/Common.php(1089): CodeIgniter\View\View->render()
#4 /media/disk/Work/coding/ta/ta/app/Controllers/Admin/Dataguru.php(30): view()
#5 /media/disk/Work/coding/ta/ta/vendor/codeigniter4/framework/system/CodeIgniter.php(825): App\Controllers\Admin\Dataguru->index()
#6 /media/disk/Work/coding/ta/ta/vendor/codeigniter4/framework/system/CodeIgniter.php(412): CodeIgniter\CodeIgniter->runController()
#7 /media/disk/Work/coding/ta/ta/vendor/codeigniter4/framework/system/CodeIgniter.php(320): CodeIgniter\CodeIgniter->handleRequest()
#8 /media/disk/Work/coding/ta/ta/public/index.php(37): CodeIgniter\CodeIgniter->run()
#9 /media/disk/Work/coding/ta/ta/vendor/codeigniter4/framework/system/Commands/Server/rewrite.php(43): require_once('...')
#10 {main}
CRITICAL - 2022-03-12 01:07:54 --> Undefined array key "id_guru"
#0 /media/disk/Work/coding/ta/ta/app/Views/admin/dataguru/edit.php(15): CodeIgniter\Debug\Exceptions->errorHandler()
#1 /media/disk/Work/coding/ta/ta/vendor/codeigniter4/framework/system/View/View.php(210): include('...')
#2 /media/disk/Work/coding/ta/ta/vendor/codeigniter4/framework/system/View/View.php(213): CodeIgniter\View\View->CodeIgniter\View\{closure}()
#3 /media/disk/Work/coding/ta/ta/vendor/codeigniter4/framework/system/View/View.php(424): CodeIgniter\View\View->render()
#4 /media/disk/Work/coding/ta/ta/app/Views/admin/dataguru/index.php(60): CodeIgniter\View\View->include()
#5 /media/disk/Work/coding/ta/ta/vendor/codeigniter4/framework/system/View/View.php(210): include('...')
#6 /media/disk/Work/coding/ta/ta/vendor/codeigniter4/framework/system/View/View.php(213): CodeIgniter\View\View->CodeIgniter\View\{closure}()
#7 /media/disk/Work/coding/ta/ta/vendor/codeigniter4/framework/system/Common.php(1089): CodeIgniter\View\View->render()
#8 /media/disk/Work/coding/ta/ta/app/Controllers/Admin/Dataguru.php(23): view()
#9 /media/disk/Work/coding/ta/ta/vendor/codeigniter4/framework/system/CodeIgniter.php(825): App\Controllers\Admin\Dataguru->index()
#10 /media/disk/Work/coding/ta/ta/vendor/codeigniter4/framework/system/CodeIgniter.php(412): CodeIgniter\CodeIgniter->runController()
#11 /media/disk/Work/coding/ta/ta/vendor/codeigniter4/framework/system/CodeIgniter.php(320): CodeIgniter\CodeIgniter->handleRequest()
#12 /media/disk/Work/coding/ta/ta/public/index.php(37): CodeIgniter\CodeIgniter->run()
#13 /media/disk/Work/coding/ta/ta/vendor/codeigniter4/framework/system/Commands/Server/rewrite.php(43): require_once('...')
#14 {main}
CRITICAL - 2022-03-12 01:13:51 --> Undefined property: App\Controllers\Admin\Dataguru::$dataInformasi
#0 /media/disk/Work/coding/ta/ta/app/Controllers/Admin/Dataguru.php(53): CodeIgniter\Debug\Exceptions->errorHandler()
#1 /media/disk/Work/coding/ta/ta/vendor/codeigniter4/framework/system/CodeIgniter.php(825): App\Controllers\Admin\Dataguru->simpan()
#2 /media/disk/Work/coding/ta/ta/vendor/codeigniter4/framework/system/CodeIgniter.php(412): CodeIgniter\CodeIgniter->runController()
#3 /media/disk/Work/coding/ta/ta/vendor/codeigniter4/framework/system/CodeIgniter.php(320): CodeIgniter\CodeIgniter->handleRequest()
#4 /media/disk/Work/coding/ta/ta/public/index.php(37): CodeIgniter\CodeIgniter->run()
#5 /media/disk/Work/coding/ta/ta/vendor/codeigniter4/framework/system/Commands/Server/rewrite.php(43): require_once('...')
#6 {main}
CRITICAL - 2022-03-12 01:36:17 --> Undefined property: App\Controllers\Admin\Datasiswa::$dataSiswa
#0 /media/disk/Work/coding/ta/ta/app/Controllers/Admin/Datasiswa.php(54): CodeIgniter\Debug\Exceptions->errorHandler()
#1 /media/disk/Work/coding/ta/ta/vendor/codeigniter4/framework/system/CodeIgniter.php(825): App\Controllers\Admin\Datasiswa->simpan()
#2 /media/disk/Work/coding/ta/ta/vendor/codeigniter4/framework/system/CodeIgniter.php(412): CodeIgniter\CodeIgniter->runController()
#3 /media/disk/Work/coding/ta/ta/vendor/codeigniter4/framework/system/CodeIgniter.php(320): CodeIgniter\CodeIgniter->handleRequest()
#4 /media/disk/Work/coding/ta/ta/public/index.php(37): CodeIgniter\CodeIgniter->run()
#5 /media/disk/Work/coding/ta/ta/vendor/codeigniter4/framework/system/Commands/Server/rewrite.php(43): require_once('...')
#6 {main}
CRITICAL - 2022-03-12 02:21:56 --> Invalid file: /admin/dataruangankelas/index.php
#0 /media/disk/Work/coding/ta/ta/vendor/codeigniter4/framework/system/View/View.php(198): CodeIgniter\Exceptions\FrameworkException::forInvalidFile()
#1 /media/disk/Work/coding/ta/ta/vendor/codeigniter4/framework/system/Common.php(1089): CodeIgniter\View\View->render()
#2 /media/disk/Work/coding/ta/ta/app/Controllers/Admin/Datakelas.php(15): view()
#3 /media/disk/Work/coding/ta/ta/vendor/codeigniter4/framework/system/CodeIgniter.php(825): App\Controllers\Admin\Datakelas->index()
#4 /media/disk/Work/coding/ta/ta/vendor/codeigniter4/framework/system/CodeIgniter.php(412): CodeIgniter\CodeIgniter->runController()
#5 /media/disk/Work/coding/ta/ta/vendor/codeigniter4/framework/system/CodeIgniter.php(320): CodeIgniter\CodeIgniter->handleRequest()
#6 /media/disk/Work/coding/ta/ta/public/index.php(37): CodeIgniter\CodeIgniter->run()
#7 /media/disk/Work/coding/ta/ta/vendor/codeigniter4/framework/system/Commands/Server/rewrite.php(43): require_once('...')
#8 {main}
CRITICAL - 2022-03-12 02:24:01 --> Undefined variable $dataInformasi
#0 /media/disk/Work/coding/ta/ta/app/Views/admin/dataruangankelas/index.php(33): CodeIgniter\Debug\Exceptions->errorHandler()
#1 /media/disk/Work/coding/ta/ta/vendor/codeigniter4/framework/system/View/View.php(210): include('...')
#2 /media/disk/Work/coding/ta/ta/vendor/codeigniter4/framework/system/View/View.php(213): CodeIgniter\View\View->CodeIgniter\View\{closure}()
#3 /media/disk/Work/coding/ta/ta/vendor/codeigniter4/framework/system/Common.php(1089): CodeIgniter\View\View->render()
#4 /media/disk/Work/coding/ta/ta/app/Controllers/Admin/Datakelas.php(15): view()
#5 /media/disk/Work/coding/ta/ta/vendor/codeigniter4/framework/system/CodeIgniter.php(825): App\Controllers\Admin\Datakelas->index()
#6 /media/disk/Work/coding/ta/ta/vendor/codeigniter4/framework/system/CodeIgniter.php(412): CodeIgniter\CodeIgniter->runController()
#7 /media/disk/Work/coding/ta/ta/vendor/codeigniter4/framework/system/CodeIgniter.php(320): CodeIgniter\CodeIgniter->handleRequest()
#8 /media/disk/Work/coding/ta/ta/public/index.php(37): CodeIgniter\CodeIgniter->run()
#9 /media/disk/Work/coding/ta/ta/vendor/codeigniter4/framework/system/Commands/Server/rewrite.php(43): require_once('...')
#10 {main}
ERROR - 2022-03-12 02:25:53 --> Table 'elearning.data_ruangankelas' doesn't exist
CRITICAL - 2022-03-12 02:25:53 --> Table 'elearning.data_ruangankelas' doesn't exist
#0 /media/disk/Work/coding/ta/ta/vendor/codeigniter4/framework/system/Database/MySQLi/Connection.php(292): mysqli->query()
#1 /media/disk/Work/coding/ta/ta/vendor/codeigniter4/framework/system/Database/BaseConnection.php(670): CodeIgniter\Database\MySQLi\Connection->execute()
#2 /media/disk/Work/coding/ta/ta/vendor/codeigniter4/framework/system/Database/BaseConnection.php(598): CodeIgniter\Database\BaseConnection->simpleQuery()
#3 /media/disk/Work/coding/ta/ta/vendor/codeigniter4/framework/system/Database/BaseBuilder.php(1455): CodeIgniter\Database\BaseConnection->query()
#4 /media/disk/Work/coding/ta/ta/vendor/codeigniter4/framework/system/Model.php(183): CodeIgniter\Database\BaseBuilder->get()
#5 /media/disk/Work/coding/ta/ta/vendor/codeigniter4/framework/system/BaseModel.php(584): CodeIgniter\Model->doFindAll()
#6 /media/disk/Work/coding/ta/ta/app/Controllers/Admin/Datakelas.php(19): CodeIgniter\BaseModel->findAll()
#7 /media/disk/Work/coding/ta/ta/vendor/codeigniter4/framework/system/CodeIgniter.php(825): App\Controllers\Admin\Datakelas->index()
#8 /media/disk/Work/coding/ta/ta/vendor/codeigniter4/framework/system/CodeIgniter.php(412): CodeIgniter\CodeIgniter->runController()
#9 /media/disk/Work/coding/ta/ta/vendor/codeigniter4/framework/system/CodeIgniter.php(320): CodeIgniter\CodeIgniter->handleRequest()
#10 /media/disk/Work/coding/ta/ta/public/index.php(37): CodeIgniter\CodeIgniter->run()
#11 /media/disk/Work/coding/ta/ta/vendor/codeigniter4/framework/system/Commands/Server/rewrite.php(43): require_once('...')
#12 {main}
CRITICAL - 2022-03-12 02:26:17 --> Undefined variable $dataInformasi
#0 /media/disk/Work/coding/ta/ta/app/Views/admin/dataruangankelas/index.php(33): CodeIgniter\Debug\Exceptions->errorHandler()
#1 /media/disk/Work/coding/ta/ta/vendor/codeigniter4/framework/system/View/View.php(210): include('...')
#2 /media/disk/Work/coding/ta/ta/vendor/codeigniter4/framework/system/View/View.php(213): CodeIgniter\View\View->CodeIgniter\View\{closure}()
#3 /media/disk/Work/coding/ta/ta/vendor/codeigniter4/framework/system/Common.php(1089): CodeIgniter\View\View->render()
#4 /media/disk/Work/coding/ta/ta/app/Controllers/Admin/Datakelas.php(22): view()
#5 /media/disk/Work/coding/ta/ta/vendor/codeigniter4/framework/system/CodeIgniter.php(825): App\Controllers\Admin\Datakelas->index()
#6 /media/disk/Work/coding/ta/ta/vendor/codeigniter4/framework/system/CodeIgniter.php(412): CodeIgniter\CodeIgniter->runController()
#7 /media/disk/Work/coding/ta/ta/vendor/codeigniter4/framework/system/CodeIgniter.php(320): CodeIgniter\CodeIgniter->handleRequest()
#8 /media/disk/Work/coding/ta/ta/public/index.php(37): CodeIgniter\CodeIgniter->run()
#9 /media/disk/Work/coding/ta/ta/vendor/codeigniter4/framework/system/Commands/Server/rewrite.php(43): require_once('...')
#10 {main}
CRITICAL - 2022-03-12 03:31:35 --> Undefined property: App\Controllers\Admin\Datakelas::$dataKelas
#0 /media/disk/Work/coding/ta/ta/app/Controllers/Admin/Datakelas.php(60): CodeIgniter\Debug\Exceptions->errorHandler()
#1 /media/disk/Work/coding/ta/ta/vendor/codeigniter4/framework/system/CodeIgniter.php(825): App\Controllers\Admin\Datakelas->hapus()
#2 /media/disk/Work/coding/ta/ta/vendor/codeigniter4/framework/system/CodeIgniter.php(412): CodeIgniter\CodeIgniter->runController()
#3 /media/disk/Work/coding/ta/ta/vendor/codeigniter4/framework/system/CodeIgniter.php(320): CodeIgniter\CodeIgniter->handleRequest()
#4 /media/disk/Work/coding/ta/ta/public/index.php(37): CodeIgniter\CodeIgniter->run()
#5 /media/disk/Work/coding/ta/ta/vendor/codeigniter4/framework/system/Commands/Server/rewrite.php(43): require_once('...')
#6 {main}
CRITICAL - 2022-03-12 03:32:37 --> Undefined property: App\Controllers\Admin\Datakelas::$dataKelas
#0 /media/disk/Work/coding/ta/ta/app/Controllers/Admin/Datakelas.php(60): CodeIgniter\Debug\Exceptions->errorHandler()
#1 /media/disk/Work/coding/ta/ta/vendor/codeigniter4/framework/system/CodeIgniter.php(825): App\Controllers\Admin\Datakelas->hapus()
#2 /media/disk/Work/coding/ta/ta/vendor/codeigniter4/framework/system/CodeIgniter.php(412): CodeIgniter\CodeIgniter->runController()
#3 /media/disk/Work/coding/ta/ta/vendor/codeigniter4/framework/system/CodeIgniter.php(320): CodeIgniter\CodeIgniter->handleRequest()
#4 /media/disk/Work/coding/ta/ta/public/index.php(37): CodeIgniter\CodeIgniter->run()
#5 /media/disk/Work/coding/ta/ta/vendor/codeigniter4/framework/system/Commands/Server/rewrite.php(43): require_once('...')
#6 {main}
CRITICAL - 2022-03-12 03:32:39 --> Undefined property: App\Controllers\Admin\Datakelas::$dataKelas
#0 /media/disk/Work/coding/ta/ta/app/Controllers/Admin/Datakelas.php(60): CodeIgniter\Debug\Exceptions->errorHandler()
#1 /media/disk/Work/coding/ta/ta/vendor/codeigniter4/framework/system/CodeIgniter.php(825): App\Controllers\Admin\Datakelas->hapus()
#2 /media/disk/Work/coding/ta/ta/vendor/codeigniter4/framework/system/CodeIgniter.php(412): CodeIgniter\CodeIgniter->runController()
#3 /media/disk/Work/coding/ta/ta/vendor/codeigniter4/framework/system/CodeIgniter.php(320): CodeIgniter\CodeIgniter->handleRequest()
#4 /media/disk/Work/coding/ta/ta/public/index.php(37): CodeIgniter\CodeIgniter->run()
#5 /media/disk/Work/coding/ta/ta/vendor/codeigniter4/framework/system/Commands/Server/rewrite.php(43): require_once('...')
#6 {main}
CRITICAL - 2022-03-12 03:32:48 --> Undefined property: App\Controllers\Admin\Datakelas::$dataKelas
#0 /media/disk/Work/coding/ta/ta/app/Controllers/Admin/Datakelas.php(60): CodeIgniter\Debug\Exceptions->errorHandler()
#1 /media/disk/Work/coding/ta/ta/vendor/codeigniter4/framework/system/CodeIgniter.php(825): App\Controllers\Admin\Datakelas->hapus()
#2 /media/disk/Work/coding/ta/ta/vendor/codeigniter4/framework/system/CodeIgniter.php(412): CodeIgniter\CodeIgniter->runController()
#3 /media/disk/Work/coding/ta/ta/vendor/codeigniter4/framework/system/CodeIgniter.php(320): CodeIgniter\CodeIgniter->handleRequest()
#4 /media/disk/Work/coding/ta/ta/public/index.php(37): CodeIgniter\CodeIgniter->run()
#5 /media/disk/Work/coding/ta/ta/vendor/codeigniter4/framework/system/Commands/Server/rewrite.php(43): require_once('...')
#6 {main}
CRITICAL - 2022-03-12 03:38:29 --> Invalid file: admin/dataruangankelas/edit.php
#0 /media/disk/Work/coding/ta/ta/vendor/codeigniter4/framework/system/View/View.php(198): CodeIgniter\Exceptions\FrameworkException::forInvalidFile()
#1 /media/disk/Work/coding/ta/ta/vendor/codeigniter4/framework/system/View/View.php(424): CodeIgniter\View\View->render()
#2 /media/disk/Work/coding/ta/ta/app/Views/admin/dataruangankelas/index.php(62): CodeIgniter\View\View->include()
#3 /media/disk/Work/coding/ta/ta/vendor/codeigniter4/framework/system/View/View.php(210): include('...')
#4 /media/disk/Work/coding/ta/ta/vendor/codeigniter4/framework/system/View/View.php(213): CodeIgniter\View\View->CodeIgniter\View\{closure}()
#5 /media/disk/Work/coding/ta/ta/vendor/codeigniter4/framework/system/Common.php(1089): CodeIgniter\View\View->render()
#6 /media/disk/Work/coding/ta/ta/app/Controllers/Admin/Datakelas.php(26): view()
#7 /media/disk/Work/coding/ta/ta/vendor/codeigniter4/framework/system/CodeIgniter.php(825): App\Controllers\Admin\Datakelas->index()
#8 /media/disk/Work/coding/ta/ta/vendor/codeigniter4/framework/system/CodeIgniter.php(412): CodeIgniter\CodeIgniter->runController()
#9 /media/disk/Work/coding/ta/ta/vendor/codeigniter4/framework/system/CodeIgniter.php(320): CodeIgniter\CodeIgniter->handleRequest()
#10 /media/disk/Work/coding/ta/ta/public/index.php(37): CodeIgniter\CodeIgniter->run()
#11 /media/disk/Work/coding/ta/ta/vendor/codeigniter4/framework/system/Commands/Server/rewrite.php(43): require_once('...')
#12 {main}
CRITICAL - 2022-03-12 04:16:35 --> Invalid file: /admin/datamapel/index.php
#0 /media/disk/Work/coding/ta/ta/vendor/codeigniter4/framework/system/View/View.php(198): CodeIgniter\Exceptions\FrameworkException::forInvalidFile()
#1 /media/disk/Work/coding/ta/ta/vendor/codeigniter4/framework/system/Common.php(1089): CodeIgniter\View\View->render()
#2 /media/disk/Work/coding/ta/ta/app/Controllers/Admin/Datamapel.php(23): view()
#3 /media/disk/Work/coding/ta/ta/vendor/codeigniter4/framework/system/CodeIgniter.php(825): App\Controllers\Admin\Datamapel->index()
#4 /media/disk/Work/coding/ta/ta/vendor/codeigniter4/framework/system/CodeIgniter.php(412): CodeIgniter\CodeIgniter->runController()
#5 /media/disk/Work/coding/ta/ta/vendor/codeigniter4/framework/system/CodeIgniter.php(320): CodeIgniter\CodeIgniter->handleRequest()
#6 /media/disk/Work/coding/ta/ta/public/index.php(37): CodeIgniter\CodeIgniter->run()
#7 /media/disk/Work/coding/ta/ta/vendor/codeigniter4/framework/system/Commands/Server/rewrite.php(43): require_once('...')
#8 {main}
CRITICAL - 2022-03-12 04:19:37 --> Invalid file: admin/datamapel/tambah.php
#0 /media/disk/Work/coding/ta/ta/vendor/codeigniter4/framework/system/View/View.php(198): CodeIgniter\Exceptions\FrameworkException::forInvalidFile()
#1 /media/disk/Work/coding/ta/ta/vendor/codeigniter4/framework/system/View/View.php(424): CodeIgniter\View\View->render()
#2 /media/disk/Work/coding/ta/ta/app/Views/admin/datamapel/index.php(52): CodeIgniter\View\View->include()
#3 /media/disk/Work/coding/ta/ta/vendor/codeigniter4/framework/system/View/View.php(210): include('...')
#4 /media/disk/Work/coding/ta/ta/vendor/codeigniter4/framework/system/View/View.php(213): CodeIgniter\View\View->CodeIgniter\View\{closure}()
#5 /media/disk/Work/coding/ta/ta/vendor/codeigniter4/framework/system/Common.php(1089): CodeIgniter\View\View->render()
#6 /media/disk/Work/coding/ta/ta/app/Controllers/Admin/Datamapel.php(23): view()
#7 /media/disk/Work/coding/ta/ta/vendor/codeigniter4/framework/system/CodeIgniter.php(825): App\Controllers\Admin\Datamapel->index()
#8 /media/disk/Work/coding/ta/ta/vendor/codeigniter4/framework/system/CodeIgniter.php(412): CodeIgniter\CodeIgniter->runController()
#9 /media/disk/Work/coding/ta/ta/vendor/codeigniter4/framework/system/CodeIgniter.php(320): CodeIgniter\CodeIgniter->handleRequest()
#10 /media/disk/Work/coding/ta/ta/public/index.php(37): CodeIgniter\CodeIgniter->run()
#11 /media/disk/Work/coding/ta/ta/vendor/codeigniter4/framework/system/Commands/Server/rewrite.php(43): require_once('...')
#12 {main}
CRITICAL - 2022-03-12 04:19:50 --> Invalid file: admin/datamapel/tambah.php
#0 /media/disk/Work/coding/ta/ta/vendor/codeigniter4/framework/system/View/View.php(198): CodeIgniter\Exceptions\FrameworkException::forInvalidFile()
#1 /media/disk/Work/coding/ta/ta/vendor/codeigniter4/framework/system/View/View.php(424): CodeIgniter\View\View->render()
#2 /media/disk/Work/coding/ta/ta/app/Views/admin/datamapel/index.php(52): CodeIgniter\View\View->include()
#3 /media/disk/Work/coding/ta/ta/vendor/codeigniter4/framework/system/View/View.php(210): include('...')
#4 /media/disk/Work/coding/ta/ta/vendor/codeigniter4/framework/system/View/View.php(213): CodeIgniter\View\View->CodeIgniter\View\{closure}()
#5 /media/disk/Work/coding/ta/ta/vendor/codeigniter4/framework/system/Common.php(1089): CodeIgniter\View\View->render()
#6 /media/disk/Work/coding/ta/ta/app/Controllers/Admin/Datamapel.php(23): view()
#7 /media/disk/Work/coding/ta/ta/vendor/codeigniter4/framework/system/CodeIgniter.php(825): App\Controllers\Admin\Datamapel->index()
#8 /media/disk/Work/coding/ta/ta/vendor/codeigniter4/framework/system/CodeIgniter.php(412): CodeIgniter\CodeIgniter->runController()
#9 /media/disk/Work/coding/ta/ta/vendor/codeigniter4/framework/system/CodeIgniter.php(320): CodeIgniter\CodeIgniter->handleRequest()
#10 /media/disk/Work/coding/ta/ta/public/index.php(37): CodeIgniter\CodeIgniter->run()
#11 /media/disk/Work/coding/ta/ta/vendor/codeigniter4/framework/system/Commands/Server/rewrite.php(43): require_once('...')
#12 {main}
CRITICAL - 2022-03-12 04:27:11 --> Invalid file: admin/datamapel/edit.php
#0 /media/disk/Work/coding/ta/ta/vendor/codeigniter4/framework/system/View/View.php(198): CodeIgniter\Exceptions\FrameworkException::forInvalidFile()
#1 /media/disk/Work/coding/ta/ta/vendor/codeigniter4/framework/system/View/View.php(424): CodeIgniter\View\View->render()
#2 /media/disk/Work/coding/ta/ta/app/Views/admin/datamapel/index.php(58): CodeIgniter\View\View->include()
#3 /media/disk/Work/coding/ta/ta/vendor/codeigniter4/framework/system/View/View.php(210): include('...')
#4 /media/disk/Work/coding/ta/ta/vendor/codeigniter4/framework/system/View/View.php(213): CodeIgniter\View\View->CodeIgniter\View\{closure}()
#5 /media/disk/Work/coding/ta/ta/vendor/codeigniter4/framework/system/Common.php(1089): CodeIgniter\View\View->render()
#6 /media/disk/Work/coding/ta/ta/app/Controllers/Admin/Datamapel.php(23): view()
#7 /media/disk/Work/coding/ta/ta/vendor/codeigniter4/framework/system/CodeIgniter.php(825): App\Controllers\Admin\Datamapel->index()
#8 /media/disk/Work/coding/ta/ta/vendor/codeigniter4/framework/system/CodeIgniter.php(412): CodeIgniter\CodeIgniter->runController()
#9 /media/disk/Work/coding/ta/ta/vendor/codeigniter4/framework/system/CodeIgniter.php(320): CodeIgniter\CodeIgniter->handleRequest()
#10 /media/disk/Work/coding/ta/ta/public/index.php(37): CodeIgniter\CodeIgniter->run()
#11 /media/disk/Work/coding/ta/ta/vendor/codeigniter4/framework/system/Commands/Server/rewrite.php(43): require_once('...')
#12 {main}
CRITICAL - 2022-03-12 05:13:22 --> Undefined variable $dataInformasi
#0 /media/disk/Work/coding/ta/ta/app/Views/admin/datajadwal/index.php(35): CodeIgniter\Debug\Exceptions->errorHandler()
#1 /media/disk/Work/coding/ta/ta/vendor/codeigniter4/framework/system/View/View.php(210): include('...')
#2 /media/disk/Work/coding/ta/ta/vendor/codeigniter4/framework/system/View/View.php(213): CodeIgniter\View\View->CodeIgniter\View\{closure}()
#3 /media/disk/Work/coding/ta/ta/vendor/codeigniter4/framework/system/Common.php(1089): CodeIgniter\View\View->render()
#4 /media/disk/Work/coding/ta/ta/app/Controllers/Admin/Datajadwal.php(22): view()
#5 /media/disk/Work/coding/ta/ta/vendor/codeigniter4/framework/system/CodeIgniter.php(825): App\Controllers\Admin\DataJadwal->index()
#6 /media/disk/Work/coding/ta/ta/vendor/codeigniter4/framework/system/CodeIgniter.php(412): CodeIgniter\CodeIgniter->runController()
#7 /media/disk/Work/coding/ta/ta/vendor/codeigniter4/framework/system/CodeIgniter.php(320): CodeIgniter\CodeIgniter->handleRequest()
#8 /media/disk/Work/coding/ta/ta/public/index.php(37): CodeIgniter\CodeIgniter->run()
#9 /media/disk/Work/coding/ta/ta/vendor/codeigniter4/framework/system/Commands/Server/rewrite.php(43): require_once('...')
#10 {main}
CRITICAL - 2022-03-12 05:13:37 --> Undefined variable $dataInformasi
#0 /media/disk/Work/coding/ta/ta/app/Views/admin/datajadwal/index.php(35): CodeIgniter\Debug\Exceptions->errorHandler()
#1 /media/disk/Work/coding/ta/ta/vendor/codeigniter4/framework/system/View/View.php(210): include('...')
#2 /media/disk/Work/coding/ta/ta/vendor/codeigniter4/framework/system/View/View.php(213): CodeIgniter\View\View->CodeIgniter\View\{closure}()
#3 /media/disk/Work/coding/ta/ta/vendor/codeigniter4/framework/system/Common.php(1089): CodeIgniter\View\View->render()
#4 /media/disk/Work/coding/ta/ta/app/Controllers/Admin/Datajadwal.php(22): view()
#5 /media/disk/Work/coding/ta/ta/vendor/codeigniter4/framework/system/CodeIgniter.php(825): App\Controllers\Admin\DataJadwal->index()
#6 /media/disk/Work/coding/ta/ta/vendor/codeigniter4/framework/system/CodeIgniter.php(412): CodeIgniter\CodeIgniter->runController()
#7 /media/disk/Work/coding/ta/ta/vendor/codeigniter4/framework/system/CodeIgniter.php(320): CodeIgniter\CodeIgniter->handleRequest()
#8 /media/disk/Work/coding/ta/ta/public/index.php(37): CodeIgniter\CodeIgniter->run()
#9 /media/disk/Work/coding/ta/ta/vendor/codeigniter4/framework/system/Commands/Server/rewrite.php(43): require_once('...')
#10 {main}
CRITICAL - 2022-03-12 05:13:40 --> Undefined variable $dataInformasi
#0 /media/disk/Work/coding/ta/ta/app/Views/admin/datajadwal/index.php(35): CodeIgniter\Debug\Exceptions->errorHandler()
#1 /media/disk/Work/coding/ta/ta/vendor/codeigniter4/framework/system/View/View.php(210): include('...')
#2 /media/disk/Work/coding/ta/ta/vendor/codeigniter4/framework/system/View/View.php(213): CodeIgniter\View\View->CodeIgniter\View\{closure}()
#3 /media/disk/Work/coding/ta/ta/vendor/codeigniter4/framework/system/Common.php(1089): CodeIgniter\View\View->render()
#4 /media/disk/Work/coding/ta/ta/app/Controllers/Admin/Datajadwal.php(22): view()
#5 /media/disk/Work/coding/ta/ta/vendor/codeigniter4/framework/system/CodeIgniter.php(825): App\Controllers\Admin\DataJadwal->index()
#6 /media/disk/Work/coding/ta/ta/vendor/codeigniter4/framework/system/CodeIgniter.php(412): CodeIgniter\CodeIgniter->runController()
#7 /media/disk/Work/coding/ta/ta/vendor/codeigniter4/framework/system/CodeIgniter.php(320): CodeIgniter\CodeIgniter->handleRequest()
#8 /media/disk/Work/coding/ta/ta/public/index.php(37): CodeIgniter\CodeIgniter->run()
#9 /media/disk/Work/coding/ta/ta/vendor/codeigniter4/framework/system/Commands/Server/rewrite.php(43): require_once('...')
#10 {main}
CRITICAL - 2022-03-12 05:13:58 --> Invalid file: admin/datajadwal/tambah.php
#0 /media/disk/Work/coding/ta/ta/vendor/codeigniter4/framework/system/View/View.php(198): CodeIgniter\Exceptions\FrameworkException::forInvalidFile()
#1 /media/disk/Work/coding/ta/ta/vendor/codeigniter4/framework/system/View/View.php(424): CodeIgniter\View\View->render()
#2 /media/disk/Work/coding/ta/ta/app/Views/admin/datajadwal/index.php(58): CodeIgniter\View\View->include()
#3 /media/disk/Work/coding/ta/ta/vendor/codeigniter4/framework/system/View/View.php(210): include('...')
#4 /media/disk/Work/coding/ta/ta/vendor/codeigniter4/framework/system/View/View.php(213): CodeIgniter\View\View->CodeIgniter\View\{closure}()
#5 /media/disk/Work/coding/ta/ta/vendor/codeigniter4/framework/system/Common.php(1089): CodeIgniter\View\View->render()
#6 /media/disk/Work/coding/ta/ta/app/Controllers/Admin/Datajadwal.php(22): view()
#7 /media/disk/Work/coding/ta/ta/vendor/codeigniter4/framework/system/CodeIgniter.php(825): App\Controllers\Admin\DataJadwal->index()
#8 /media/disk/Work/coding/ta/ta/vendor/codeigniter4/framework/system/CodeIgniter.php(412): CodeIgniter\CodeIgniter->runController()
#9 /media/disk/Work/coding/ta/ta/vendor/codeigniter4/framework/system/CodeIgniter.php(320): CodeIgniter\CodeIgniter->handleRequest()
#10 /media/disk/Work/coding/ta/ta/public/index.php(37): CodeIgniter\CodeIgniter->run()
#11 /media/disk/Work/coding/ta/ta/vendor/codeigniter4/framework/system/Commands/Server/rewrite.php(43): require_once('...')
#12 {main}
CRITICAL - 2022-03-12 06:07:31 --> Undefined property: App\Controllers\Admin\DataJadwal::$dataMapel
#0 /media/disk/Work/coding/ta/ta/app/Controllers/Admin/Datajadwal.php(28): CodeIgniter\Debug\Exceptions->errorHandler()
#1 /media/disk/Work/coding/ta/ta/vendor/codeigniter4/framework/system/CodeIgniter.php(825): App\Controllers\Admin\DataJadwal->index()
#2 /media/disk/Work/coding/ta/ta/vendor/codeigniter4/framework/system/CodeIgniter.php(412): CodeIgniter\CodeIgniter->runController()
#3 /media/disk/Work/coding/ta/ta/vendor/codeigniter4/framework/system/CodeIgniter.php(320): CodeIgniter\CodeIgniter->handleRequest()
#4 /media/disk/Work/coding/ta/ta/public/index.php(37): CodeIgniter\CodeIgniter->run()
#5 /media/disk/Work/coding/ta/ta/vendor/codeigniter4/framework/system/Commands/Server/rewrite.php(43): require_once('...')
#6 {main}
CRITICAL - 2022-03-12 06:08:26 --> Class "App\Database\Migrations\DataMapel" not found
#0 /media/disk/Work/coding/ta/ta/vendor/codeigniter4/framework/system/CodeIgniter.php(802): App\Controllers\Admin\DataJadwal->__construct()
#1 /media/disk/Work/coding/ta/ta/vendor/codeigniter4/framework/system/CodeIgniter.php(403): CodeIgniter\CodeIgniter->createController()
#2 /media/disk/Work/coding/ta/ta/vendor/codeigniter4/framework/system/CodeIgniter.php(320): CodeIgniter\CodeIgniter->handleRequest()
#3 /media/disk/Work/coding/ta/ta/public/index.php(37): CodeIgniter\CodeIgniter->run()
#4 /media/disk/Work/coding/ta/ta/vendor/codeigniter4/framework/system/Commands/Server/rewrite.php(43): require_once('...')
#5 {main}
CRITICAL - 2022-03-12 06:46:34 --> Object of class CodeIgniter\Database\MySQLi\Result could not be converted to string
#0 /media/disk/Work/coding/ta/ta/vendor/codeigniter4/framework/system/CodeIgniter.php(825): App\Controllers\Admin\DataJadwal->index()
#1 /media/disk/Work/coding/ta/ta/vendor/codeigniter4/framework/system/CodeIgniter.php(412): CodeIgniter\CodeIgniter->runController()
#2 /media/disk/Work/coding/ta/ta/vendor/codeigniter4/framework/system/CodeIgniter.php(320): CodeIgniter\CodeIgniter->handleRequest()
#3 /media/disk/Work/coding/ta/ta/public/index.php(37): CodeIgniter\CodeIgniter->run()
#4 /media/disk/Work/coding/ta/ta/vendor/codeigniter4/framework/system/Commands/Server/rewrite.php(43): require_once('...')
#5 {main}
CRITICAL - 2022-03-12 06:47:00 --> Object of class CodeIgniter\Database\MySQLi\Result could not be converted to string
#0 /media/disk/Work/coding/ta/ta/vendor/codeigniter4/framework/system/CodeIgniter.php(825): App\Controllers\Admin\DataJadwal->index()
#1 /media/disk/Work/coding/ta/ta/vendor/codeigniter4/framework/system/CodeIgniter.php(412): CodeIgniter\CodeIgniter->runController()
#2 /media/disk/Work/coding/ta/ta/vendor/codeigniter4/framework/system/CodeIgniter.php(320): CodeIgniter\CodeIgniter->handleRequest()
#3 /media/disk/Work/coding/ta/ta/public/index.php(37): CodeIgniter\CodeIgniter->run()
#4 /media/disk/Work/coding/ta/ta/vendor/codeigniter4/framework/system/Commands/Server/rewrite.php(43): require_once('...')
#5 {main}
CRITICAL - 2022-03-12 06:49:30 --> Call to undefined method CodeIgniter\Database\MySQLi\Result::result()
#0 /media/disk/Work/coding/ta/ta/vendor/codeigniter4/framework/system/CodeIgniter.php(825): App\Controllers\Admin\DataJadwal->index()
#1 /media/disk/Work/coding/ta/ta/vendor/codeigniter4/framework/system/CodeIgniter.php(412): CodeIgniter\CodeIgniter->runController()
#2 /media/disk/Work/coding/ta/ta/vendor/codeigniter4/framework/system/CodeIgniter.php(320): CodeIgniter\CodeIgniter->handleRequest()
#3 /media/disk/Work/coding/ta/ta/public/index.php(37): CodeIgniter\CodeIgniter->run()
#4 /media/disk/Work/coding/ta/ta/vendor/codeigniter4/framework/system/Commands/Server/rewrite.php(43): require_once('...')
#5 {main}
CRITICAL - 2022-03-12 06:50:25 --> Call to undefined method CodeIgniter\Database\MySQLi\Result::result()
#0 /media/disk/Work/coding/ta/ta/vendor/codeigniter4/framework/system/CodeIgniter.php(825): App\Controllers\Admin\DataJadwal->index()
#1 /media/disk/Work/coding/ta/ta/vendor/codeigniter4/framework/system/CodeIgniter.php(412): CodeIgniter\CodeIgniter->runController()
#2 /media/disk/Work/coding/ta/ta/vendor/codeigniter4/framework/system/CodeIgniter.php(320): CodeIgniter\CodeIgniter->handleRequest()
#3 /media/disk/Work/coding/ta/ta/public/index.php(37): CodeIgniter\CodeIgniter->run()
#4 /media/disk/Work/coding/ta/ta/vendor/codeigniter4/framework/system/Commands/Server/rewrite.php(43): require_once('...')
#5 {main}
CRITICAL - 2022-03-12 07:00:07 --> Undefined variable $query
#0 /media/disk/Work/coding/ta/ta/app/Controllers/Admin/Datajadwal.php(46): CodeIgniter\Debug\Exceptions->errorHandler()
#1 /media/disk/Work/coding/ta/ta/vendor/codeigniter4/framework/system/CodeIgniter.php(825): App\Controllers\Admin\DataJadwal->index()
#2 /media/disk/Work/coding/ta/ta/vendor/codeigniter4/framework/system/CodeIgniter.php(412): CodeIgniter\CodeIgniter->runController()
#3 /media/disk/Work/coding/ta/ta/vendor/codeigniter4/framework/system/CodeIgniter.php(320): CodeIgniter\CodeIgniter->handleRequest()
#4 /media/disk/Work/coding/ta/ta/public/index.php(37): CodeIgniter\CodeIgniter->run()
#5 /media/disk/Work/coding/ta/ta/vendor/codeigniter4/framework/system/Commands/Server/rewrite.php(43): require_once('...')
#6 {main}
CRITICAL - 2022-03-12 07:01:15 --> Undefined property: CodeIgniter\Database\MySQLi\Builder::$get
#0 /media/disk/Work/coding/ta/ta/app/Controllers/Admin/Datajadwal.php(36): CodeIgniter\Debug\Exceptions->errorHandler()
#1 /media/disk/Work/coding/ta/ta/vendor/codeigniter4/framework/system/CodeIgniter.php(825): App\Controllers\Admin\DataJadwal->index()
#2 /media/disk/Work/coding/ta/ta/vendor/codeigniter4/framework/system/CodeIgniter.php(412): CodeIgniter\CodeIgniter->runController()
#3 /media/disk/Work/coding/ta/ta/vendor/codeigniter4/framework/system/CodeIgniter.php(320): CodeIgniter\CodeIgniter->handleRequest()
#4 /media/disk/Work/coding/ta/ta/public/index.php(37): CodeIgniter\CodeIgniter->run()
#5 /media/disk/Work/coding/ta/ta/vendor/codeigniter4/framework/system/Commands/Server/rewrite.php(43): require_once('...')
#6 {main}
CRITICAL - 2022-03-12 07:01:20 --> Undefined property: CodeIgniter\Database\MySQLi\Builder::$get
#0 /media/disk/Work/coding/ta/ta/app/Controllers/Admin/Datajadwal.php(36): CodeIgniter\Debug\Exceptions->errorHandler()
#1 /media/disk/Work/coding/ta/ta/vendor/codeigniter4/framework/system/CodeIgniter.php(825): App\Controllers\Admin\DataJadwal->index()
#2 /media/disk/Work/coding/ta/ta/vendor/codeigniter4/framework/system/CodeIgniter.php(412): CodeIgniter\CodeIgniter->runController()
#3 /media/disk/Work/coding/ta/ta/vendor/codeigniter4/framework/system/CodeIgniter.php(320): CodeIgniter\CodeIgniter->handleRequest()
#4 /media/disk/Work/coding/ta/ta/public/index.php(37): CodeIgniter\CodeIgniter->run()
#5 /media/disk/Work/coding/ta/ta/vendor/codeigniter4/framework/system/Commands/Server/rewrite.php(43): require_once('...')
#6 {main}
CRITICAL - 2022-03-12 07:02:07 --> Undefined property: CodeIgniter\Database\MySQLi\Builder::$get
#0 /media/disk/Work/coding/ta/ta/app/Controllers/Admin/Datajadwal.php(37): CodeIgniter\Debug\Exceptions->errorHandler()
#1 /media/disk/Work/coding/ta/ta/vendor/codeigniter4/framework/system/CodeIgniter.php(825): App\Controllers\Admin\DataJadwal->index()
#2 /media/disk/Work/coding/ta/ta/vendor/codeigniter4/framework/system/CodeIgniter.php(412): CodeIgniter\CodeIgniter->runController()
#3 /media/disk/Work/coding/ta/ta/vendor/codeigniter4/framework/system/CodeIgniter.php(320): CodeIgniter\CodeIgniter->handleRequest()
#4 /media/disk/Work/coding/ta/ta/public/index.php(37): CodeIgniter\CodeIgniter->run()
#5 /media/disk/Work/coding/ta/ta/vendor/codeigniter4/framework/system/Commands/Server/rewrite.php(43): require_once('...')
#6 {main}
CRITICAL - 2022-03-12 07:03:18 --> CodeIgniter\Database\BaseBuilder::get(): Argument #1 ($limit) must be of type ?int, string given, called in /media/disk/Work/coding/ta/ta/app/Controllers/Admin/Datajadwal.php on line 35
#0 /media/disk/Work/coding/ta/ta/app/Controllers/Admin/Datajadwal.php(35): CodeIgniter\Database\BaseBuilder->get()
#1 /media/disk/Work/coding/ta/ta/vendor/codeigniter4/framework/system/CodeIgniter.php(825): App\Controllers\Admin\DataJadwal->index()
#2 /media/disk/Work/coding/ta/ta/vendor/codeigniter4/framework/system/CodeIgniter.php(412): CodeIgniter\CodeIgniter->runController()
#3 /media/disk/Work/coding/ta/ta/vendor/codeigniter4/framework/system/CodeIgniter.php(320): CodeIgniter\CodeIgniter->handleRequest()
#4 /media/disk/Work/coding/ta/ta/public/index.php(37): CodeIgniter\CodeIgniter->run()
#5 /media/disk/Work/coding/ta/ta/vendor/codeigniter4/framework/system/Commands/Server/rewrite.php(43): require_once('...')
#6 {main}
CRITICAL - 2022-03-12 07:04:54 --> CodeIgniter\Database\BaseBuilder::get(): Argument #1 ($limit) must be of type ?int, string given, called in /media/disk/Work/coding/ta/ta/app/Controllers/Admin/Datajadwal.php on line 35
#0 /media/disk/Work/coding/ta/ta/app/Controllers/Admin/Datajadwal.php(35): CodeIgniter\Database\BaseBuilder->get()
#1 /media/disk/Work/coding/ta/ta/vendor/codeigniter4/framework/system/CodeIgniter.php(825): App\Controllers\Admin\DataJadwal->index()
#2 /media/disk/Work/coding/ta/ta/vendor/codeigniter4/framework/system/CodeIgniter.php(412): CodeIgniter\CodeIgniter->runController()
#3 /media/disk/Work/coding/ta/ta/vendor/codeigniter4/framework/system/CodeIgniter.php(320): CodeIgniter\CodeIgniter->handleRequest()
#4 /media/disk/Work/coding/ta/ta/public/index.php(37): CodeIgniter\CodeIgniter->run()
#5 /media/disk/Work/coding/ta/ta/vendor/codeigniter4/framework/system/Commands/Server/rewrite.php(43): require_once('...')
#6 {main}
CRITICAL - 2022-03-12 07:09:35 --> Cannot use object of type stdClass as array
#0 /media/disk/Work/coding/ta/ta/vendor/codeigniter4/framework/system/CodeIgniter.php(825): App\Controllers\Admin\DataJadwal->index()
#1 /media/disk/Work/coding/ta/ta/vendor/codeigniter4/framework/system/CodeIgniter.php(412): CodeIgniter\CodeIgniter->runController()
#2 /media/disk/Work/coding/ta/ta/vendor/codeigniter4/framework/system/CodeIgniter.php(320): CodeIgniter\CodeIgniter->handleRequest()
#3 /media/disk/Work/coding/ta/ta/public/index.php(37): CodeIgniter\CodeIgniter->run()
#4 /media/disk/Work/coding/ta/ta/vendor/codeigniter4/framework/system/Commands/Server/rewrite.php(43): require_once('...')
#5 {main}
ERROR - 2022-03-12 07:12:14 --> Unknown column 'datakelas.nama' in 'field list'
CRITICAL - 2022-03-12 07:12:14 --> Unknown column 'datakelas.nama' in 'field list'
#0 /media/disk/Work/coding/ta/ta/vendor/codeigniter4/framework/system/Database/MySQLi/Connection.php(292): mysqli->query()
#1 /media/disk/Work/coding/ta/ta/vendor/codeigniter4/framework/system/Database/BaseConnection.php(670): CodeIgniter\Database\MySQLi\Connection->execute()
#2 /media/disk/Work/coding/ta/ta/vendor/codeigniter4/framework/system/Database/BaseConnection.php(598): CodeIgniter\Database\BaseConnection->simpleQuery()
#3 /media/disk/Work/coding/ta/ta/vendor/codeigniter4/framework/system/Database/BaseBuilder.php(1455): CodeIgniter\Database\BaseConnection->query()
#4 /media/disk/Work/coding/ta/ta/app/Controllers/Admin/Datajadwal.php(35): CodeIgniter\Database\BaseBuilder->get()
#5 /media/disk/Work/coding/ta/ta/vendor/codeigniter4/framework/system/CodeIgniter.php(825): App\Controllers\Admin\DataJadwal->index()
#6 /media/disk/Work/coding/ta/ta/vendor/codeigniter4/framework/system/CodeIgniter.php(412): CodeIgniter\CodeIgniter->runController()
#7 /media/disk/Work/coding/ta/ta/vendor/codeigniter4/framework/system/CodeIgniter.php(320): CodeIgniter\CodeIgniter->handleRequest()
#8 /media/disk/Work/coding/ta/ta/public/index.php(37): CodeIgniter\CodeIgniter->run()
#9 /media/disk/Work/coding/ta/ta/vendor/codeigniter4/framework/system/Commands/Server/rewrite.php(43): require_once('...')
#10 {main}
ERROR - 2022-03-12 07:12:39 --> Unknown column 'datakelas[nama]' in 'field list'
CRITICAL - 2022-03-12 07:12:39 --> Unknown column 'datakelas[nama]' in 'field list'
#0 /media/disk/Work/coding/ta/ta/vendor/codeigniter4/framework/system/Database/MySQLi/Connection.php(292): mysqli->query()
#1 /media/disk/Work/coding/ta/ta/vendor/codeigniter4/framework/system/Database/BaseConnection.php(670): CodeIgniter\Database\MySQLi\Connection->execute()
#2 /media/disk/Work/coding/ta/ta/vendor/codeigniter4/framework/system/Database/BaseConnection.php(598): CodeIgniter\Database\BaseConnection->simpleQuery()
#3 /media/disk/Work/coding/ta/ta/vendor/codeigniter4/framework/system/Database/BaseBuilder.php(1455): CodeIgniter\Database\BaseConnection->query()
#4 /media/disk/Work/coding/ta/ta/app/Controllers/Admin/Datajadwal.php(35): CodeIgniter\Database\BaseBuilder->get()
#5 /media/disk/Work/coding/ta/ta/vendor/codeigniter4/framework/system/CodeIgniter.php(825): App\Controllers\Admin\DataJadwal->index()
#6 /media/disk/Work/coding/ta/ta/vendor/codeigniter4/framework/system/CodeIgniter.php(412): CodeIgniter\CodeIgniter->runController()
#7 /media/disk/Work/coding/ta/ta/vendor/codeigniter4/framework/system/CodeIgniter.php(320): CodeIgniter\CodeIgniter->handleRequest()
#8 /media/disk/Work/coding/ta/ta/public/index.php(37): CodeIgniter\CodeIgniter->run()
#9 /media/disk/Work/coding/ta/ta/vendor/codeigniter4/framework/system/Commands/Server/rewrite.php(43): require_once('...')
#10 {main}
ERROR - 2022-03-12 07:12:53 --> Unknown column 'datakelas->nama' in 'field list'
CRITICAL - 2022-03-12 07:12:53 --> Unknown column 'datakelas->nama' in 'field list'
#0 /media/disk/Work/coding/ta/ta/vendor/codeigniter4/framework/system/Database/MySQLi/Connection.php(292): mysqli->query()
#1 /media/disk/Work/coding/ta/ta/vendor/codeigniter4/framework/system/Database/BaseConnection.php(670): CodeIgniter\Database\MySQLi\Connection->execute()
#2 /media/disk/Work/coding/ta/ta/vendor/codeigniter4/framework/system/Database/BaseConnection.php(598): CodeIgniter\Database\BaseConnection->simpleQuery()
#3 /media/disk/Work/coding/ta/ta/vendor/codeigniter4/framework/system/Database/BaseBuilder.php(1455): CodeIgniter\Database\BaseConnection->query()
#4 /media/disk/Work/coding/ta/ta/app/Controllers/Admin/Datajadwal.php(35): CodeIgniter\Database\BaseBuilder->get()
#5 /media/disk/Work/coding/ta/ta/vendor/codeigniter4/framework/system/CodeIgniter.php(825): App\Controllers\Admin\DataJadwal->index()
#6 /media/disk/Work/coding/ta/ta/vendor/codeigniter4/framework/system/CodeIgniter.php(412): CodeIgniter\CodeIgniter->runController()
#7 /media/disk/Work/coding/ta/ta/vendor/codeigniter4/framework/system/CodeIgniter.php(320): CodeIgniter\CodeIgniter->handleRequest()
#8 /media/disk/Work/coding/ta/ta/public/index.php(37): CodeIgniter\CodeIgniter->run()
#9 /media/disk/Work/coding/ta/ta/vendor/codeigniter4/framework/system/Commands/Server/rewrite.php(43): require_once('...')
#10 {main}
ERROR - 2022-03-12 07:15:46 --> Unknown column 'datakelas.nama' in 'field list'
CRITICAL - 2022-03-12 07:15:46 --> Unknown column 'datakelas.nama' in 'field list'
#0 /media/disk/Work/coding/ta/ta/vendor/codeigniter4/framework/system/Database/MySQLi/Connection.php(292): mysqli->query()
#1 /media/disk/Work/coding/ta/ta/vendor/codeigniter4/framework/system/Database/BaseConnection.php(670): CodeIgniter\Database\MySQLi\Connection->execute()
#2 /media/disk/Work/coding/ta/ta/vendor/codeigniter4/framework/system/Database/BaseConnection.php(598): CodeIgniter\Database\BaseConnection->simpleQuery()
#3 /media/disk/Work/coding/ta/ta/vendor/codeigniter4/framework/system/Database/BaseBuilder.php(1455): CodeIgniter\Database\BaseConnection->query()
#4 /media/disk/Work/coding/ta/ta/app/Controllers/Admin/Datajadwal.php(37): CodeIgniter\Database\BaseBuilder->get()
#5 /media/disk/Work/coding/ta/ta/vendor/codeigniter4/framework/system/CodeIgniter.php(825): App\Controllers\Admin\DataJadwal->index()
#6 /media/disk/Work/coding/ta/ta/vendor/codeigniter4/framework/system/CodeIgniter.php(412): CodeIgniter\CodeIgniter->runController()
#7 /media/disk/Work/coding/ta/ta/vendor/codeigniter4/framework/system/CodeIgniter.php(320): CodeIgniter\CodeIgniter->handleRequest()
#8 /media/disk/Work/coding/ta/ta/public/index.php(37): CodeIgniter\CodeIgniter->run()
#9 /media/disk/Work/coding/ta/ta/vendor/codeigniter4/framework/system/Commands/Server/rewrite.php(43): require_once('...')
#10 {main}
ERROR - 2022-03-12 07:15:47 --> Unknown column 'datakelas.nama' in 'field list'
CRITICAL - 2022-03-12 07:15:47 --> Unknown column 'datakelas.nama' in 'field list'
#0 /media/disk/Work/coding/ta/ta/vendor/codeigniter4/framework/system/Database/MySQLi/Connection.php(292): mysqli->query()
#1 /media/disk/Work/coding/ta/ta/vendor/codeigniter4/framework/system/Database/BaseConnection.php(670): CodeIgniter\Database\MySQLi\Connection->execute()
#2 /media/disk/Work/coding/ta/ta/vendor/codeigniter4/framework/system/Database/BaseConnection.php(598): CodeIgniter\Database\BaseConnection->simpleQuery()
#3 /media/disk/Work/coding/ta/ta/vendor/codeigniter4/framework/system/Database/BaseBuilder.php(1455): CodeIgniter\Database\BaseConnection->query()
#4 /media/disk/Work/coding/ta/ta/app/Controllers/Admin/Datajadwal.php(37): CodeIgniter\Database\BaseBuilder->get()
#5 /media/disk/Work/coding/ta/ta/vendor/codeigniter4/framework/system/CodeIgniter.php(825): App\Controllers\Admin\DataJadwal->index()
#6 /media/disk/Work/coding/ta/ta/vendor/codeigniter4/framework/system/CodeIgniter.php(412): CodeIgniter\CodeIgniter->runController()
#7 /media/disk/Work/coding/ta/ta/vendor/codeigniter4/framework/system/CodeIgniter.php(320): CodeIgniter\CodeIgniter->handleRequest()
#8 /media/disk/Work/coding/ta/ta/public/index.php(37): CodeIgniter\CodeIgniter->run()
#9 /media/disk/Work/coding/ta/ta/vendor/codeigniter4/framework/system/Commands/Server/rewrite.php(43): require_once('...')
#10 {main}
ERROR - 2022-03-12 07:15:47 --> Unknown column 'datakelas.nama' in 'field list'
CRITICAL - 2022-03-12 07:15:47 --> Unknown column 'datakelas.nama' in 'field list'
#0 /media/disk/Work/coding/ta/ta/vendor/codeigniter4/framework/system/Database/MySQLi/Connection.php(292): mysqli->query()
#1 /media/disk/Work/coding/ta/ta/vendor/codeigniter4/framework/system/Database/BaseConnection.php(670): CodeIgniter\Database\MySQLi\Connection->execute()
#2 /media/disk/Work/coding/ta/ta/vendor/codeigniter4/framework/system/Database/BaseConnection.php(598): CodeIgniter\Database\BaseConnection->simpleQuery()
#3 /media/disk/Work/coding/ta/ta/vendor/codeigniter4/framework/system/Database/BaseBuilder.php(1455): CodeIgniter\Database\BaseConnection->query()
#4 /media/disk/Work/coding/ta/ta/app/Controllers/Admin/Datajadwal.php(37): CodeIgniter\Database\BaseBuilder->get()
#5 /media/disk/Work/coding/ta/ta/vendor/codeigniter4/framework/system/CodeIgniter.php(825): App\Controllers\Admin\DataJadwal->index()
#6 /media/disk/Work/coding/ta/ta/vendor/codeigniter4/framework/system/CodeIgniter.php(412): CodeIgniter\CodeIgniter->runController()
#7 /media/disk/Work/coding/ta/ta/vendor/codeigniter4/framework/system/CodeIgniter.php(320): CodeIgniter\CodeIgniter->handleRequest()
#8 /media/disk/Work/coding/ta/ta/public/index.php(37): CodeIgniter\CodeIgniter->run()
#9 /media/disk/Work/coding/ta/ta/vendor/codeigniter4/framework/system/Commands/Server/rewrite.php(43): require_once('...')
#10 {main}
ERROR - 2022-03-12 07:15:47 --> Unknown column 'datakelas.nama' in 'field list'
CRITICAL - 2022-03-12 07:15:47 --> Unknown column 'datakelas.nama' in 'field list'
#0 /media/disk/Work/coding/ta/ta/vendor/codeigniter4/framework/system/Database/MySQLi/Connection.php(292): mysqli->query()
#1 /media/disk/Work/coding/ta/ta/vendor/codeigniter4/framework/system/Database/BaseConnection.php(670): CodeIgniter\Database\MySQLi\Connection->execute()
#2 /media/disk/Work/coding/ta/ta/vendor/codeigniter4/framework/system/Database/BaseConnection.php(598): CodeIgniter\Database\BaseConnection->simpleQuery()
#3 /media/disk/Work/coding/ta/ta/vendor/codeigniter4/framework/system/Database/BaseBuilder.php(1455): CodeIgniter\Database\BaseConnection->query()
#4 /media/disk/Work/coding/ta/ta/app/Controllers/Admin/Datajadwal.php(37): CodeIgniter\Database\BaseBuilder->get()
#5 /media/disk/Work/coding/ta/ta/vendor/codeigniter4/framework/system/CodeIgniter.php(825): App\Controllers\Admin\DataJadwal->index()
#6 /media/disk/Work/coding/ta/ta/vendor/codeigniter4/framework/system/CodeIgniter.php(412): CodeIgniter\CodeIgniter->runController()
#7 /media/disk/Work/coding/ta/ta/vendor/codeigniter4/framework/system/CodeIgniter.php(320): CodeIgniter\CodeIgniter->handleRequest()
#8 /media/disk/Work/coding/ta/ta/public/index.php(37): CodeIgniter\CodeIgniter->run()
#9 /media/disk/Work/coding/ta/ta/vendor/codeigniter4/framework/system/Commands/Server/rewrite.php(43): require_once('...')
#10 {main}
ERROR - 2022-03-12 07:15:47 --> Unknown column 'datakelas.nama' in 'field list'
CRITICAL - 2022-03-12 07:15:47 --> Unknown column 'datakelas.nama' in 'field list'
#0 /media/disk/Work/coding/ta/ta/vendor/codeigniter4/framework/system/Database/MySQLi/Connection.php(292): mysqli->query()
#1 /media/disk/Work/coding/ta/ta/vendor/codeigniter4/framework/system/Database/BaseConnection.php(670): CodeIgniter\Database\MySQLi\Connection->execute()
#2 /media/disk/Work/coding/ta/ta/vendor/codeigniter4/framework/system/Database/BaseConnection.php(598): CodeIgniter\Database\BaseConnection->simpleQuery()
#3 /media/disk/Work/coding/ta/ta/vendor/codeigniter4/framework/system/Database/BaseBuilder.php(1455): CodeIgniter\Database\BaseConnection->query()
#4 /media/disk/Work/coding/ta/ta/app/Controllers/Admin/Datajadwal.php(37): CodeIgniter\Database\BaseBuilder->get()
#5 /media/disk/Work/coding/ta/ta/vendor/codeigniter4/framework/system/CodeIgniter.php(825): App\Controllers\Admin\DataJadwal->index()
#6 /media/disk/Work/coding/ta/ta/vendor/codeigniter4/framework/system/CodeIgniter.php(412): CodeIgniter\CodeIgniter->runController()
#7 /media/disk/Work/coding/ta/ta/vendor/codeigniter4/framework/system/CodeIgniter.php(320): CodeIgniter\CodeIgniter->handleRequest()
#8 /media/disk/Work/coding/ta/ta/public/index.php(37): CodeIgniter\CodeIgniter->run()
#9 /media/disk/Work/coding/ta/ta/vendor/codeigniter4/framework/system/Commands/Server/rewrite.php(43): require_once('...')
#10 {main}
CRITICAL - 2022-03-12 07:18:56 --> Undefined array key "kelas"
#0 /media/disk/Work/coding/ta/ta/app/Views/admin/datajadwal/index.php(40): CodeIgniter\Debug\Exceptions->errorHandler()
#1 /media/disk/Work/coding/ta/ta/vendor/codeigniter4/framework/system/View/View.php(210): include('...')
#2 /media/disk/Work/coding/ta/ta/vendor/codeigniter4/framework/system/View/View.php(213): CodeIgniter\View\View->CodeIgniter\View\{closure}()
#3 /media/disk/Work/coding/ta/ta/vendor/codeigniter4/framework/system/Common.php(1089): CodeIgniter\View\View->render()
#4 /media/disk/Work/coding/ta/ta/app/Controllers/Admin/Datajadwal.php(52): view()
#5 /media/disk/Work/coding/ta/ta/vendor/codeigniter4/framework/system/CodeIgniter.php(825): App\Controllers\Admin\DataJadwal->index()
#6 /media/disk/Work/coding/ta/ta/vendor/codeigniter4/framework/system/CodeIgniter.php(412): CodeIgniter\CodeIgniter->runController()
#7 /media/disk/Work/coding/ta/ta/vendor/codeigniter4/framework/system/CodeIgniter.php(320): CodeIgniter\CodeIgniter->handleRequest()
#8 /media/disk/Work/coding/ta/ta/public/index.php(37): CodeIgniter\CodeIgniter->run()
#9 /media/disk/Work/coding/ta/ta/vendor/codeigniter4/framework/system/Commands/Server/rewrite.php(43): require_once('...')
#10 {main}
CRITICAL - 2022-03-12 07:19:33 --> Undefined array key "id"
#0 /media/disk/Work/coding/ta/ta/app/Views/admin/datajadwal/index.php(45): CodeIgniter\Debug\Exceptions->errorHandler()
#1 /media/disk/Work/coding/ta/ta/vendor/codeigniter4/framework/system/View/View.php(210): include('...')
#2 /media/disk/Work/coding/ta/ta/vendor/codeigniter4/framework/system/View/View.php(213): CodeIgniter\View\View->CodeIgniter\View\{closure}()
#3 /media/disk/Work/coding/ta/ta/vendor/codeigniter4/framework/system/Common.php(1089): CodeIgniter\View\View->render()
#4 /media/disk/Work/coding/ta/ta/app/Controllers/Admin/Datajadwal.php(52): view()
#5 /media/disk/Work/coding/ta/ta/vendor/codeigniter4/framework/system/CodeIgniter.php(825): App\Controllers\Admin\DataJadwal->index()
#6 /media/disk/Work/coding/ta/ta/vendor/codeigniter4/framework/system/CodeIgniter.php(412): CodeIgniter\CodeIgniter->runController()
#7 /media/disk/Work/coding/ta/ta/vendor/codeigniter4/framework/system/CodeIgniter.php(320): CodeIgniter\CodeIgniter->handleRequest()
#8 /media/disk/Work/coding/ta/ta/public/index.php(37): CodeIgniter\CodeIgniter->run()
#9 /media/disk/Work/coding/ta/ta/vendor/codeigniter4/framework/system/Commands/Server/rewrite.php(43): require_once('...')
#10 {main}
ERROR - 2022-03-12 07:20:00 --> Column 'id' in field list is ambiguous
CRITICAL - 2022-03-12 07:20:00 --> Column 'id' in field list is ambiguous
#0 /media/disk/Work/coding/ta/ta/vendor/codeigniter4/framework/system/Database/MySQLi/Connection.php(292): mysqli->query()
#1 /media/disk/Work/coding/ta/ta/vendor/codeigniter4/framework/system/Database/BaseConnection.php(670): CodeIgniter\Database\MySQLi\Connection->execute()
#2 /media/disk/Work/coding/ta/ta/vendor/codeigniter4/framework/system/Database/BaseConnection.php(598): CodeIgniter\Database\BaseConnection->simpleQuery()
#3 /media/disk/Work/coding/ta/ta/vendor/codeigniter4/framework/system/Database/BaseBuilder.php(1455): CodeIgniter\Database\BaseConnection->query()
#4 /media/disk/Work/coding/ta/ta/app/Controllers/Admin/Datajadwal.php(36): CodeIgniter\Database\BaseBuilder->get()
#5 /media/disk/Work/coding/ta/ta/vendor/codeigniter4/framework/system/CodeIgniter.php(825): App\Controllers\Admin\DataJadwal->index()
#6 /media/disk/Work/coding/ta/ta/vendor/codeigniter4/framework/system/CodeIgniter.php(412): CodeIgniter\CodeIgniter->runController()
#7 /media/disk/Work/coding/ta/ta/vendor/codeigniter4/framework/system/CodeIgniter.php(320): CodeIgniter\CodeIgniter->handleRequest()
#8 /media/disk/Work/coding/ta/ta/public/index.php(37): CodeIgniter\CodeIgniter->run()
#9 /media/disk/Work/coding/ta/ta/vendor/codeigniter4/framework/system/Commands/Server/rewrite.php(43): require_once('...')
#10 {main}
ERROR - 2022-03-12 07:21:13 --> Unknown column 'datajadwal' in 'field list'
CRITICAL - 2022-03-12 07:21:13 --> Unknown column 'datajadwal' in 'field list'
#0 /media/disk/Work/coding/ta/ta/vendor/codeigniter4/framework/system/Database/MySQLi/Connection.php(292): mysqli->query()
#1 /media/disk/Work/coding/ta/ta/vendor/codeigniter4/framework/system/Database/BaseConnection.php(670): CodeIgniter\Database\MySQLi\Connection->execute()
#2 /media/disk/Work/coding/ta/ta/vendor/codeigniter4/framework/system/Database/BaseConnection.php(598): CodeIgniter\Database\BaseConnection->simpleQuery()
#3 /media/disk/Work/coding/ta/ta/vendor/codeigniter4/framework/system/Database/BaseBuilder.php(1455): CodeIgniter\Database\BaseConnection->query()
#4 /media/disk/Work/coding/ta/ta/app/Controllers/Admin/Datajadwal.php(37): CodeIgniter\Database\BaseBuilder->get()
#5 /media/disk/Work/coding/ta/ta/vendor/codeigniter4/framework/system/CodeIgniter.php(825): App\Controllers\Admin\DataJadwal->index()
#6 /media/disk/Work/coding/ta/ta/vendor/codeigniter4/framework/system/CodeIgniter.php(412): CodeIgniter\CodeIgniter->runController()
#7 /media/disk/Work/coding/ta/ta/vendor/codeigniter4/framework/system/CodeIgniter.php(320): CodeIgniter\CodeIgniter->handleRequest()
#8 /media/disk/Work/coding/ta/ta/public/index.php(37): CodeIgniter\CodeIgniter->run()
#9 /media/disk/Work/coding/ta/ta/vendor/codeigniter4/framework/system/Commands/Server/rewrite.php(43): require_once('...')
#10 {main}
ERROR - 2022-03-12 07:21:28 --> Column 'id' in field list is ambiguous
CRITICAL - 2022-03-12 07:21:28 --> Column 'id' in field list is ambiguous
#0 /media/disk/Work/coding/ta/ta/vendor/codeigniter4/framework/system/Database/MySQLi/Connection.php(292): mysqli->query()
#1 /media/disk/Work/coding/ta/ta/vendor/codeigniter4/framework/system/Database/BaseConnection.php(670): CodeIgniter\Database\MySQLi\Connection->execute()
#2 /media/disk/Work/coding/ta/ta/vendor/codeigniter4/framework/system/Database/BaseConnection.php(598): CodeIgniter\Database\BaseConnection->simpleQuery()
#3 /media/disk/Work/coding/ta/ta/vendor/codeigniter4/framework/system/Database/BaseBuilder.php(1455): CodeIgniter\Database\BaseConnection->query()
#4 /media/disk/Work/coding/ta/ta/app/Controllers/Admin/Datajadwal.php(37): CodeIgniter\Database\BaseBuilder->get()
#5 /media/disk/Work/coding/ta/ta/vendor/codeigniter4/framework/system/CodeIgniter.php(825): App\Controllers\Admin\DataJadwal->index()
#6 /media/disk/Work/coding/ta/ta/vendor/codeigniter4/framework/system/CodeIgniter.php(412): CodeIgniter\CodeIgniter->runController()
#7 /media/disk/Work/coding/ta/ta/vendor/codeigniter4/framework/system/CodeIgniter.php(320): CodeIgniter\CodeIgniter->handleRequest()
#8 /media/disk/Work/coding/ta/ta/public/index.php(37): CodeIgniter\CodeIgniter->run()
#9 /media/disk/Work/coding/ta/ta/vendor/codeigniter4/framework/system/Commands/Server/rewrite.php(43): require_once('...')
#10 {main}
ERROR - 2022-03-12 07:22:54 --> Not unique table/alias: 'datajadwal'
CRITICAL - 2022-03-12 07:22:54 --> Not unique table/alias: 'datajadwal'
#0 /media/disk/Work/coding/ta/ta/vendor/codeigniter4/framework/system/Database/MySQLi/Connection.php(292): mysqli->query()
#1 /media/disk/Work/coding/ta/ta/vendor/codeigniter4/framework/system/Database/BaseConnection.php(670): CodeIgniter\Database\MySQLi\Connection->execute()
#2 /media/disk/Work/coding/ta/ta/vendor/codeigniter4/framework/system/Database/BaseConnection.php(598): CodeIgniter\Database\BaseConnection->simpleQuery()
#3 /media/disk/Work/coding/ta/ta/vendor/codeigniter4/framework/system/Database/BaseBuilder.php(1455): CodeIgniter\Database\BaseConnection->query()
#4 /media/disk/Work/coding/ta/ta/app/Controllers/Admin/Datajadwal.php(38): CodeIgniter\Database\BaseBuilder->get()
#5 /media/disk/Work/coding/ta/ta/vendor/codeigniter4/framework/system/CodeIgniter.php(825): App\Controllers\Admin\DataJadwal->index()
#6 /media/disk/Work/coding/ta/ta/vendor/codeigniter4/framework/system/CodeIgniter.php(412): CodeIgniter\CodeIgniter->runController()
#7 /media/disk/Work/coding/ta/ta/vendor/codeigniter4/framework/system/CodeIgniter.php(320): CodeIgniter\CodeIgniter->handleRequest()
#8 /media/disk/Work/coding/ta/ta/public/index.php(37): CodeIgniter\CodeIgniter->run()
#9 /media/disk/Work/coding/ta/ta/vendor/codeigniter4/framework/system/Commands/Server/rewrite.php(43): require_once('...')
#10 {main}
ERROR - 2022-03-12 07:22:55 --> Not unique table/alias: 'datajadwal'
CRITICAL - 2022-03-12 07:22:55 --> Not unique table/alias: 'datajadwal'
#0 /media/disk/Work/coding/ta/ta/vendor/codeigniter4/framework/system/Database/MySQLi/Connection.php(292): mysqli->query()
#1 /media/disk/Work/coding/ta/ta/vendor/codeigniter4/framework/system/Database/BaseConnection.php(670): CodeIgniter\Database\MySQLi\Connection->execute()
#2 /media/disk/Work/coding/ta/ta/vendor/codeigniter4/framework/system/Database/BaseConnection.php(598): CodeIgniter\Database\BaseConnection->simpleQuery()
#3 /media/disk/Work/coding/ta/ta/vendor/codeigniter4/framework/system/Database/BaseBuilder.php(1455): CodeIgniter\Database\BaseConnection->query()
#4 /media/disk/Work/coding/ta/ta/app/Controllers/Admin/Datajadwal.php(38): CodeIgniter\Database\BaseBuilder->get()
#5 /media/disk/Work/coding/ta/ta/vendor/codeigniter4/framework/system/CodeIgniter.php(825): App\Controllers\Admin\DataJadwal->index()
#6 /media/disk/Work/coding/ta/ta/vendor/codeigniter4/framework/system/CodeIgniter.php(412): CodeIgniter\CodeIgniter->runController()
#7 /media/disk/Work/coding/ta/ta/vendor/codeigniter4/framework/system/CodeIgniter.php(320): CodeIgniter\CodeIgniter->handleRequest()
#8 /media/disk/Work/coding/ta/ta/public/index.php(37): CodeIgniter\CodeIgniter->run()
#9 /media/disk/Work/coding/ta/ta/vendor/codeigniter4/framework/system/Commands/Server/rewrite.php(43): require_once('...')
#10 {main}
ERROR - 2022-03-12 07:22:55 --> Not unique table/alias: 'datajadwal'
CRITICAL - 2022-03-12 07:22:55 --> Not unique table/alias: 'datajadwal'
#0 /media/disk/Work/coding/ta/ta/vendor/codeigniter4/framework/system/Database/MySQLi/Connection.php(292): mysqli->query()
#1 /media/disk/Work/coding/ta/ta/vendor/codeigniter4/framework/system/Database/BaseConnection.php(670): CodeIgniter\Database\MySQLi\Connection->execute()
#2 /media/disk/Work/coding/ta/ta/vendor/codeigniter4/framework/system/Database/BaseConnection.php(598): CodeIgniter\Database\BaseConnection->simpleQuery()
#3 /media/disk/Work/coding/ta/ta/vendor/codeigniter4/framework/system/Database/BaseBuilder.php(1455): CodeIgniter\Database\BaseConnection->query()
#4 /media/disk/Work/coding/ta/ta/app/Controllers/Admin/Datajadwal.php(38): CodeIgniter\Database\BaseBuilder->get()
#5 /media/disk/Work/coding/ta/ta/vendor/codeigniter4/framework/system/CodeIgniter.php(825): App\Controllers\Admin\DataJadwal->index()
#6 /media/disk/Work/coding/ta/ta/vendor/codeigniter4/framework/system/CodeIgniter.php(412): CodeIgniter\CodeIgniter->runController()
#7 /media/disk/Work/coding/ta/ta/vendor/codeigniter4/framework/system/CodeIgniter.php(320): CodeIgniter\CodeIgniter->handleRequest()
#8 /media/disk/Work/coding/ta/ta/public/index.php(37): CodeIgniter\CodeIgniter->run()
#9 /media/disk/Work/coding/ta/ta/vendor/codeigniter4/framework/system/Commands/Server/rewrite.php(43): require_once('...')
#10 {main}
ERROR - 2022-03-12 07:23:29 --> Column 'id' in field list is ambiguous
CRITICAL - 2022-03-12 07:23:29 --> Column 'id' in field list is ambiguous
#0 /media/disk/Work/coding/ta/ta/vendor/codeigniter4/framework/system/Database/MySQLi/Connection.php(292): mysqli->query()
#1 /media/disk/Work/coding/ta/ta/vendor/codeigniter4/framework/system/Database/BaseConnection.php(670): CodeIgniter\Database\MySQLi\Connection->execute()
#2 /media/disk/Work/coding/ta/ta/vendor/codeigniter4/framework/system/Database/BaseConnection.php(598): CodeIgniter\Database\BaseConnection->simpleQuery()
#3 /media/disk/Work/coding/ta/ta/vendor/codeigniter4/framework/system/Database/BaseBuilder.php(1455): CodeIgniter\Database\BaseConnection->query()
#4 /media/disk/Work/coding/ta/ta/app/Controllers/Admin/Datajadwal.php(38): CodeIgniter\Database\BaseBuilder->get()
#5 /media/disk/Work/coding/ta/ta/vendor/codeigniter4/framework/system/CodeIgniter.php(825): App\Controllers\Admin\DataJadwal->index()
#6 /media/disk/Work/coding/ta/ta/vendor/codeigniter4/framework/system/CodeIgniter.php(412): CodeIgniter\CodeIgniter->runController()
#7 /media/disk/Work/coding/ta/ta/vendor/codeigniter4/framework/system/CodeIgniter.php(320): CodeIgniter\CodeIgniter->handleRequest()
#8 /media/disk/Work/coding/ta/ta/public/index.php(37): CodeIgniter\CodeIgniter->run()
#9 /media/disk/Work/coding/ta/ta/vendor/codeigniter4/framework/system/Commands/Server/rewrite.php(43): require_once('...')
#10 {main}
CRITICAL - 2022-03-12 07:31:22 --> Undefined variable $data
#0 /media/disk/Work/coding/ta/ta/app/Views/admin/datajadwal/tambah.php(29): CodeIgniter\Debug\Exceptions->errorHandler()
#1 /media/disk/Work/coding/ta/ta/vendor/codeigniter4/framework/system/View/View.php(210): include('...')
#2 /media/disk/Work/coding/ta/ta/vendor/codeigniter4/framework/system/View/View.php(213): CodeIgniter\View\View->CodeIgniter\View\{closure}()
#3 /media/disk/Work/coding/ta/ta/vendor/codeigniter4/framework/system/View/View.php(424): CodeIgniter\View\View->render()
#4 /media/disk/Work/coding/ta/ta/app/Views/admin/datajadwal/index.php(58): CodeIgniter\View\View->include()
#5 /media/disk/Work/coding/ta/ta/vendor/codeigniter4/framework/system/View/View.php(210): include('...')
#6 /media/disk/Work/coding/ta/ta/vendor/codeigniter4/framework/system/View/View.php(213): CodeIgniter\View\View->CodeIgniter\View\{closure}()
#7 /media/disk/Work/coding/ta/ta/vendor/codeigniter4/framework/system/Common.php(1089): CodeIgniter\View\View->render()
#8 /media/disk/Work/coding/ta/ta/app/Controllers/Admin/Datajadwal.php(56): view()
#9 /media/disk/Work/coding/ta/ta/vendor/codeigniter4/framework/system/CodeIgniter.php(825): App\Controllers\Admin\DataJadwal->index()
#10 /media/disk/Work/coding/ta/ta/vendor/codeigniter4/framework/system/CodeIgniter.php(412): CodeIgniter\CodeIgniter->runController()
#11 /media/disk/Work/coding/ta/ta/vendor/codeigniter4/framework/system/CodeIgniter.php(320): CodeIgniter\CodeIgniter->handleRequest()
#12 /media/disk/Work/coding/ta/ta/public/index.php(37): CodeIgniter\CodeIgniter->run()
#13 /media/disk/Work/coding/ta/ta/vendor/codeigniter4/framework/system/Commands/Server/rewrite.php(43): require_once('...')
#14 {main}
CRITICAL - 2022-03-12 07:32:01 --> Undefined array key "nama_kelas"
#0 /media/disk/Work/coding/ta/ta/app/Views/admin/datajadwal/tambah.php(29): CodeIgniter\Debug\Exceptions->errorHandler()
#1 /media/disk/Work/coding/ta/ta/vendor/codeigniter4/framework/system/View/View.php(210): include('...')
#2 /media/disk/Work/coding/ta/ta/vendor/codeigniter4/framework/system/View/View.php(213): CodeIgniter\View\View->CodeIgniter\View\{closure}()
#3 /media/disk/Work/coding/ta/ta/vendor/codeigniter4/framework/system/View/View.php(424): CodeIgniter\View\View->render()
#4 /media/disk/Work/coding/ta/ta/app/Views/admin/datajadwal/index.php(58): CodeIgniter\View\View->include()
#5 /media/disk/Work/coding/ta/ta/vendor/codeigniter4/framework/system/View/View.php(210): include('...')
#6 /media/disk/Work/coding/ta/ta/vendor/codeigniter4/framework/system/View/View.php(213): CodeIgniter\View\View->CodeIgniter\View\{closure}()
#7 /media/disk/Work/coding/ta/ta/vendor/codeigniter4/framework/system/Common.php(1089): CodeIgniter\View\View->render()
#8 /media/disk/Work/coding/ta/ta/app/Controllers/Admin/Datajadwal.php(56): view()
#9 /media/disk/Work/coding/ta/ta/vendor/codeigniter4/framework/system/CodeIgniter.php(825): App\Controllers\Admin\DataJadwal->index()
#10 /media/disk/Work/coding/ta/ta/vendor/codeigniter4/framework/system/CodeIgniter.php(412): CodeIgniter\CodeIgniter->runController()
#11 /media/disk/Work/coding/ta/ta/vendor/codeigniter4/framework/system/CodeIgniter.php(320): CodeIgniter\CodeIgniter->handleRequest()
#12 /media/disk/Work/coding/ta/ta/public/index.php(37): CodeIgniter\CodeIgniter->run()
#13 /media/disk/Work/coding/ta/ta/vendor/codeigniter4/framework/system/Commands/Server/rewrite.php(43): require_once('...')
#14 {main}
CRITICAL - 2022-03-12 07:32:02 --> Undefined array key "nama_kelas"
#0 /media/disk/Work/coding/ta/ta/app/Views/admin/datajadwal/tambah.php(29): CodeIgniter\Debug\Exceptions->errorHandler()
#1 /media/disk/Work/coding/ta/ta/vendor/codeigniter4/framework/system/View/View.php(210): include('...')
#2 /media/disk/Work/coding/ta/ta/vendor/codeigniter4/framework/system/View/View.php(213): CodeIgniter\View\View->CodeIgniter\View\{closure}()
#3 /media/disk/Work/coding/ta/ta/vendor/codeigniter4/framework/system/View/View.php(424): CodeIgniter\View\View->render()
#4 /media/disk/Work/coding/ta/ta/app/Views/admin/datajadwal/index.php(58): CodeIgniter\View\View->include()
#5 /media/disk/Work/coding/ta/ta/vendor/codeigniter4/framework/system/View/View.php(210): include('...')
#6 /media/disk/Work/coding/ta/ta/vendor/codeigniter4/framework/system/View/View.php(213): CodeIgniter\View\View->CodeIgniter\View\{closure}()
#7 /media/disk/Work/coding/ta/ta/vendor/codeigniter4/framework/system/Common.php(1089): CodeIgniter\View\View->render()
#8 /media/disk/Work/coding/ta/ta/app/Controllers/Admin/Datajadwal.php(56): view()
#9 /media/disk/Work/coding/ta/ta/vendor/codeigniter4/framework/system/CodeIgniter.php(825): App\Controllers\Admin\DataJadwal->index()
#10 /media/disk/Work/coding/ta/ta/vendor/codeigniter4/framework/system/CodeIgniter.php(412): CodeIgniter\CodeIgniter->runController()
#11 /media/disk/Work/coding/ta/ta/vendor/codeigniter4/framework/system/CodeIgniter.php(320): CodeIgniter\CodeIgniter->handleRequest()
#12 /media/disk/Work/coding/ta/ta/public/index.php(37): CodeIgniter\CodeIgniter->run()
#13 /media/disk/Work/coding/ta/ta/vendor/codeigniter4/framework/system/Commands/Server/rewrite.php(43): require_once('...')
#14 {main}
CRITICAL - 2022-03-12 07:36:06 --> Undefined array key 0
#0 /media/disk/Work/coding/ta/ta/app/Views/admin/datajadwal/tambah.php(29): CodeIgniter\Debug\Exceptions->errorHandler()
#1 /media/disk/Work/coding/ta/ta/vendor/codeigniter4/framework/system/View/View.php(210): include('...')
#2 /media/disk/Work/coding/ta/ta/vendor/codeigniter4/framework/system/View/View.php(213): CodeIgniter\View\View->CodeIgniter\View\{closure}()
#3 /media/disk/Work/coding/ta/ta/vendor/codeigniter4/framework/system/View/View.php(424): CodeIgniter\View\View->render()
#4 /media/disk/Work/coding/ta/ta/app/Views/admin/datajadwal/index.php(58): CodeIgniter\View\View->include()
#5 /media/disk/Work/coding/ta/ta/vendor/codeigniter4/framework/system/View/View.php(210): include('...')
#6 /media/disk/Work/coding/ta/ta/vendor/codeigniter4/framework/system/View/View.php(213): CodeIgniter\View\View->CodeIgniter\View\{closure}()
#7 /media/disk/Work/coding/ta/ta/vendor/codeigniter4/framework/system/Common.php(1089): CodeIgniter\View\View->render()
#8 /media/disk/Work/coding/ta/ta/app/Controllers/Admin/Datajadwal.php(56): view()
#9 /media/disk/Work/coding/ta/ta/vendor/codeigniter4/framework/system/CodeIgniter.php(825): App\Controllers\Admin\DataJadwal->index()
#10 /media/disk/Work/coding/ta/ta/vendor/codeigniter4/framework/system/CodeIgniter.php(412): CodeIgniter\CodeIgniter->runController()
#11 /media/disk/Work/coding/ta/ta/vendor/codeigniter4/framework/system/CodeIgniter.php(320): CodeIgniter\CodeIgniter->handleRequest()
#12 /media/disk/Work/coding/ta/ta/public/index.php(37): CodeIgniter\CodeIgniter->run()
#13 /media/disk/Work/coding/ta/ta/vendor/codeigniter4/framework/system/Commands/Server/rewrite.php(43): require_once('...')
#14 {main}
CRITICAL - 2022-03-12 07:36:07 --> Undefined array key 0
#0 /media/disk/Work/coding/ta/ta/app/Views/admin/datajadwal/tambah.php(29): CodeIgniter\Debug\Exceptions->errorHandler()
#1 /media/disk/Work/coding/ta/ta/vendor/codeigniter4/framework/system/View/View.php(210): include('...')
#2 /media/disk/Work/coding/ta/ta/vendor/codeigniter4/framework/system/View/View.php(213): CodeIgniter\View\View->CodeIgniter\View\{closure}()
#3 /media/disk/Work/coding/ta/ta/vendor/codeigniter4/framework/system/View/View.php(424): CodeIgniter\View\View->render()
#4 /media/disk/Work/coding/ta/ta/app/Views/admin/datajadwal/index.php(58): CodeIgniter\View\View->include()
#5 /media/disk/Work/coding/ta/ta/vendor/codeigniter4/framework/system/View/View.php(210): include('...')
#6 /media/disk/Work/coding/ta/ta/vendor/codeigniter4/framework/system/View/View.php(213): CodeIgniter\View\View->CodeIgniter\View\{closure}()
#7 /media/disk/Work/coding/ta/ta/vendor/codeigniter4/framework/system/Common.php(1089): CodeIgniter\View\View->render()
#8 /media/disk/Work/coding/ta/ta/app/Controllers/Admin/Datajadwal.php(56): view()
#9 /media/disk/Work/coding/ta/ta/vendor/codeigniter4/framework/system/CodeIgniter.php(825): App\Controllers\Admin\DataJadwal->index()
#10 /media/disk/Work/coding/ta/ta/vendor/codeigniter4/framework/system/CodeIgniter.php(412): CodeIgniter\CodeIgniter->runController()
#11 /media/disk/Work/coding/ta/ta/vendor/codeigniter4/framework/system/CodeIgniter.php(320): CodeIgniter\CodeIgniter->handleRequest()
#12 /media/disk/Work/coding/ta/ta/public/index.php(37): CodeIgniter\CodeIgniter->run()
#13 /media/disk/Work/coding/ta/ta/vendor/codeigniter4/framework/system/Commands/Server/rewrite.php(43): require_once('...')
#14 {main}
CRITICAL - 2022-03-12 07:36:33 --> Undefined array key 2
#0 /media/disk/Work/coding/ta/ta/app/Views/admin/datajadwal/tambah.php(29): CodeIgniter\Debug\Exceptions->errorHandler()
#1 /media/disk/Work/coding/ta/ta/vendor/codeigniter4/framework/system/View/View.php(210): include('...')
#2 /media/disk/Work/coding/ta/ta/vendor/codeigniter4/framework/system/View/View.php(213): CodeIgniter\View\View->CodeIgniter\View\{closure}()
#3 /media/disk/Work/coding/ta/ta/vendor/codeigniter4/framework/system/View/View.php(424): CodeIgniter\View\View->render()
#4 /media/disk/Work/coding/ta/ta/app/Views/admin/datajadwal/index.php(58): CodeIgniter\View\View->include()
#5 /media/disk/Work/coding/ta/ta/vendor/codeigniter4/framework/system/View/View.php(210): include('...')
#6 /media/disk/Work/coding/ta/ta/vendor/codeigniter4/framework/system/View/View.php(213): CodeIgniter\View\View->CodeIgniter\View\{closure}()
#7 /media/disk/Work/coding/ta/ta/vendor/codeigniter4/framework/system/Common.php(1089): CodeIgniter\View\View->render()
#8 /media/disk/Work/coding/ta/ta/app/Controllers/Admin/Datajadwal.php(56): view()
#9 /media/disk/Work/coding/ta/ta/vendor/codeigniter4/framework/system/CodeIgniter.php(825): App\Controllers\Admin\DataJadwal->index()
#10 /media/disk/Work/coding/ta/ta/vendor/codeigniter4/framework/system/CodeIgniter.php(412): CodeIgniter\CodeIgniter->runController()
#11 /media/disk/Work/coding/ta/ta/vendor/codeigniter4/framework/system/CodeIgniter.php(320): CodeIgniter\CodeIgniter->handleRequest()
#12 /media/disk/Work/coding/ta/ta/public/index.php(37): CodeIgniter\CodeIgniter->run()
#13 /media/disk/Work/coding/ta/ta/vendor/codeigniter4/framework/system/Commands/Server/rewrite.php(43): require_once('...')
#14 {main}
CRITICAL - 2022-03-12 07:38:06 --> Undefined variable $datajadwal
#0 /media/disk/Work/coding/ta/ta/app/Views/admin/datajadwal/tambah.php(29): CodeIgniter\Debug\Exceptions->errorHandler()
#1 /media/disk/Work/coding/ta/ta/vendor/codeigniter4/framework/system/View/View.php(210): include('...')
#2 /media/disk/Work/coding/ta/ta/vendor/codeigniter4/framework/system/View/View.php(213): CodeIgniter\View\View->CodeIgniter\View\{closure}()
#3 /media/disk/Work/coding/ta/ta/vendor/codeigniter4/framework/system/View/View.php(424): CodeIgniter\View\View->render()
#4 /media/disk/Work/coding/ta/ta/app/Views/admin/datajadwal/index.php(58): CodeIgniter\View\View->include()
#5 /media/disk/Work/coding/ta/ta/vendor/codeigniter4/framework/system/View/View.php(210): include('...')
#6 /media/disk/Work/coding/ta/ta/vendor/codeigniter4/framework/system/View/View.php(213): CodeIgniter\View\View->CodeIgniter\View\{closure}()
#7 /media/disk/Work/coding/ta/ta/vendor/codeigniter4/framework/system/Common.php(1089): CodeIgniter\View\View->render()
#8 /media/disk/Work/coding/ta/ta/app/Controllers/Admin/Datajadwal.php(56): view()
#9 /media/disk/Work/coding/ta/ta/vendor/codeigniter4/framework/system/CodeIgniter.php(825): App\Controllers\Admin\DataJadwal->index()
#10 /media/disk/Work/coding/ta/ta/vendor/codeigniter4/framework/system/CodeIgniter.php(412): CodeIgniter\CodeIgniter->runController()
#11 /media/disk/Work/coding/ta/ta/vendor/codeigniter4/framework/system/CodeIgniter.php(320): CodeIgniter\CodeIgniter->handleRequest()
#12 /media/disk/Work/coding/ta/ta/public/index.php(37): CodeIgniter\CodeIgniter->run()
#13 /media/disk/Work/coding/ta/ta/vendor/codeigniter4/framework/system/Commands/Server/rewrite.php(43): require_once('...')
#14 {main}
CRITICAL - 2022-03-12 07:38:14 --> Undefined variable $dk
#0 /media/disk/Work/coding/ta/ta/app/Views/admin/datajadwal/tambah.php(30): CodeIgniter\Debug\Exceptions->errorHandler()
#1 /media/disk/Work/coding/ta/ta/vendor/codeigniter4/framework/system/View/View.php(210): include('...')
#2 /media/disk/Work/coding/ta/ta/vendor/codeigniter4/framework/system/View/View.php(213): CodeIgniter\View\View->CodeIgniter\View\{closure}()
#3 /media/disk/Work/coding/ta/ta/vendor/codeigniter4/framework/system/View/View.php(424): CodeIgniter\View\View->render()
#4 /media/disk/Work/coding/ta/ta/app/Views/admin/datajadwal/index.php(58): CodeIgniter\View\View->include()
#5 /media/disk/Work/coding/ta/ta/vendor/codeigniter4/framework/system/View/View.php(210): include('...')
#6 /media/disk/Work/coding/ta/ta/vendor/codeigniter4/framework/system/View/View.php(213): CodeIgniter\View\View->CodeIgniter\View\{closure}()
#7 /media/disk/Work/coding/ta/ta/vendor/codeigniter4/framework/system/Common.php(1089): CodeIgniter\View\View->render()
#8 /media/disk/Work/coding/ta/ta/app/Controllers/Admin/Datajadwal.php(56): view()
#9 /media/disk/Work/coding/ta/ta/vendor/codeigniter4/framework/system/CodeIgniter.php(825): App\Controllers\Admin\DataJadwal->index()
#10 /media/disk/Work/coding/ta/ta/vendor/codeigniter4/framework/system/CodeIgniter.php(412): CodeIgniter\CodeIgniter->runController()
#11 /media/disk/Work/coding/ta/ta/vendor/codeigniter4/framework/system/CodeIgniter.php(320): CodeIgniter\CodeIgniter->handleRequest()
#12 /media/disk/Work/coding/ta/ta/public/index.php(37): CodeIgniter\CodeIgniter->run()
#13 /media/disk/Work/coding/ta/ta/vendor/codeigniter4/framework/system/Commands/Server/rewrite.php(43): require_once('...')
#14 {main}
CRITICAL - 2022-03-12 07:40:35 --> Undefined variable $dm
#0 /media/disk/Work/coding/ta/ta/app/Views/admin/datajadwal/tambah.php(47): CodeIgniter\Debug\Exceptions->errorHandler()
#1 /media/disk/Work/coding/ta/ta/vendor/codeigniter4/framework/system/View/View.php(210): include('...')
#2 /media/disk/Work/coding/ta/ta/vendor/codeigniter4/framework/system/View/View.php(213): CodeIgniter\View\View->CodeIgniter\View\{closure}()
#3 /media/disk/Work/coding/ta/ta/vendor/codeigniter4/framework/system/View/View.php(424): CodeIgniter\View\View->render()
#4 /media/disk/Work/coding/ta/ta/app/Views/admin/datajadwal/index.php(58): CodeIgniter\View\View->include()
#5 /media/disk/Work/coding/ta/ta/vendor/codeigniter4/framework/system/View/View.php(210): include('...')
#6 /media/disk/Work/coding/ta/ta/vendor/codeigniter4/framework/system/View/View.php(213): CodeIgniter\View\View->CodeIgniter\View\{closure}()
#7 /media/disk/Work/coding/ta/ta/vendor/codeigniter4/framework/system/Common.php(1089): CodeIgniter\View\View->render()
#8 /media/disk/Work/coding/ta/ta/app/Controllers/Admin/Datajadwal.php(56): view()
#9 /media/disk/Work/coding/ta/ta/vendor/codeigniter4/framework/system/CodeIgniter.php(825): App\Controllers\Admin\DataJadwal->index()
#10 /media/disk/Work/coding/ta/ta/vendor/codeigniter4/framework/system/CodeIgniter.php(412): CodeIgniter\CodeIgniter->runController()
#11 /media/disk/Work/coding/ta/ta/vendor/codeigniter4/framework/system/CodeIgniter.php(320): CodeIgniter\CodeIgniter->handleRequest()
#12 /media/disk/Work/coding/ta/ta/public/index.php(37): CodeIgniter\CodeIgniter->run()
#13 /media/disk/Work/coding/ta/ta/vendor/codeigniter4/framework/system/Commands/Server/rewrite.php(43): require_once('...')
#14 {main}
CRITICAL - 2022-03-12 07:43:45 --> Class "App\Database\Migrations\DataRuangankelas" not found
#0 /media/disk/Work/coding/ta/ta/vendor/codeigniter4/framework/system/CodeIgniter.php(802): App\Controllers\Admin\DataJadwal->__construct()
#1 /media/disk/Work/coding/ta/ta/vendor/codeigniter4/framework/system/CodeIgniter.php(403): CodeIgniter\CodeIgniter->createController()
#2 /media/disk/Work/coding/ta/ta/vendor/codeigniter4/framework/system/CodeIgniter.php(320): CodeIgniter\CodeIgniter->handleRequest()
#3 /media/disk/Work/coding/ta/ta/public/index.php(37): CodeIgniter\CodeIgniter->run()
#4 /media/disk/Work/coding/ta/ta/vendor/codeigniter4/framework/system/Commands/Server/rewrite.php(43): require_once('...')
#5 {main}
CRITICAL - 2022-03-12 07:44:15 --> Undefined array key "nama_kelas"
#0 /media/disk/Work/coding/ta/ta/app/Views/admin/datajadwal/tambah.php(32): CodeIgniter\Debug\Exceptions->errorHandler()
#1 /media/disk/Work/coding/ta/ta/vendor/codeigniter4/framework/system/View/View.php(210): include('...')
#2 /media/disk/Work/coding/ta/ta/vendor/codeigniter4/framework/system/View/View.php(213): CodeIgniter\View\View->CodeIgniter\View\{closure}()
#3 /media/disk/Work/coding/ta/ta/vendor/codeigniter4/framework/system/View/View.php(424): CodeIgniter\View\View->render()
#4 /media/disk/Work/coding/ta/ta/app/Views/admin/datajadwal/index.php(58): CodeIgniter\View\View->include()
#5 /media/disk/Work/coding/ta/ta/vendor/codeigniter4/framework/system/View/View.php(210): include('...')
#6 /media/disk/Work/coding/ta/ta/vendor/codeigniter4/framework/system/View/View.php(213): CodeIgniter\View\View->CodeIgniter\View\{closure}()
#7 /media/disk/Work/coding/ta/ta/vendor/codeigniter4/framework/system/Common.php(1089): CodeIgniter\View\View->render()
#8 /media/disk/Work/coding/ta/ta/app/Controllers/Admin/Datajadwal.php(57): view()
#9 /media/disk/Work/coding/ta/ta/vendor/codeigniter4/framework/system/CodeIgniter.php(825): App\Controllers\Admin\DataJadwal->index()
#10 /media/disk/Work/coding/ta/ta/vendor/codeigniter4/framework/system/CodeIgniter.php(412): CodeIgniter\CodeIgniter->runController()
#11 /media/disk/Work/coding/ta/ta/vendor/codeigniter4/framework/system/CodeIgniter.php(320): CodeIgniter\CodeIgniter->handleRequest()
#12 /media/disk/Work/coding/ta/ta/public/index.php(37): CodeIgniter\CodeIgniter->run()
#13 /media/disk/Work/coding/ta/ta/vendor/codeigniter4/framework/system/Commands/Server/rewrite.php(43): require_once('...')
#14 {main}
ERROR - 2022-03-12 07:45:08 --> Unknown column 'nama_kelas' in 'field list'
CRITICAL - 2022-03-12 07:45:08 --> Unknown column 'nama_kelas' in 'field list'
#0 /media/disk/Work/coding/ta/ta/vendor/codeigniter4/framework/system/Database/MySQLi/Connection.php(292): mysqli->query()
#1 /media/disk/Work/coding/ta/ta/vendor/codeigniter4/framework/system/Database/BaseConnection.php(670): CodeIgniter\Database\MySQLi\Connection->execute()
#2 /media/disk/Work/coding/ta/ta/vendor/codeigniter4/framework/system/Database/BaseConnection.php(598): CodeIgniter\Database\BaseConnection->simpleQuery()
#3 /media/disk/Work/coding/ta/ta/vendor/codeigniter4/framework/system/Database/BaseBuilder.php(1455): CodeIgniter\Database\BaseConnection->query()
#4 /media/disk/Work/coding/ta/ta/app/Controllers/Admin/Datajadwal.php(38): CodeIgniter\Database\BaseBuilder->get()
#5 /media/disk/Work/coding/ta/ta/vendor/codeigniter4/framework/system/CodeIgniter.php(825): App\Controllers\Admin\DataJadwal->index()
#6 /media/disk/Work/coding/ta/ta/vendor/codeigniter4/framework/system/CodeIgniter.php(412): CodeIgniter\CodeIgniter->runController()
#7 /media/disk/Work/coding/ta/ta/vendor/codeigniter4/framework/system/CodeIgniter.php(320): CodeIgniter\CodeIgniter->handleRequest()
#8 /media/disk/Work/coding/ta/ta/public/index.php(37): CodeIgniter\CodeIgniter->run()
#9 /media/disk/Work/coding/ta/ta/vendor/codeigniter4/framework/system/Commands/Server/rewrite.php(43): require_once('...')
#10 {main}
CRITICAL - 2022-03-12 07:46:28 --> Undefined array key "nama_kelas"
#0 /media/disk/Work/coding/ta/ta/app/Views/admin/datajadwal/tambah.php(32): CodeIgniter\Debug\Exceptions->errorHandler()
#1 /media/disk/Work/coding/ta/ta/vendor/codeigniter4/framework/system/View/View.php(210): include('...')
#2 /media/disk/Work/coding/ta/ta/vendor/codeigniter4/framework/system/View/View.php(213): CodeIgniter\View\View->CodeIgniter\View\{closure}()
#3 /media/disk/Work/coding/ta/ta/vendor/codeigniter4/framework/system/View/View.php(424): CodeIgniter\View\View->render()
#4 /media/disk/Work/coding/ta/ta/app/Views/admin/datajadwal/index.php(58): CodeIgniter\View\View->include()
#5 /media/disk/Work/coding/ta/ta/vendor/codeigniter4/framework/system/View/View.php(210): include('...')
#6 /media/disk/Work/coding/ta/ta/vendor/codeigniter4/framework/system/View/View.php(213): CodeIgniter\View\View->CodeIgniter\View\{closure}()
#7 /media/disk/Work/coding/ta/ta/vendor/codeigniter4/framework/system/Common.php(1089): CodeIgniter\View\View->render()
#8 /media/disk/Work/coding/ta/ta/app/Controllers/Admin/Datajadwal.php(57): view()
#9 /media/disk/Work/coding/ta/ta/vendor/codeigniter4/framework/system/CodeIgniter.php(825): App\Controllers\Admin\DataJadwal->index()
#10 /media/disk/Work/coding/ta/ta/vendor/codeigniter4/framework/system/CodeIgniter.php(412): CodeIgniter\CodeIgniter->runController()
#11 /media/disk/Work/coding/ta/ta/vendor/codeigniter4/framework/system/CodeIgniter.php(320): CodeIgniter\CodeIgniter->handleRequest()
#12 /media/disk/Work/coding/ta/ta/public/index.php(37): CodeIgniter\CodeIgniter->run()
#13 /media/disk/Work/coding/ta/ta/vendor/codeigniter4/framework/system/Commands/Server/rewrite.php(43): require_once('...')
#14 {main}
CRITICAL - 2022-03-12 07:47:15 --> Undefined array key "nama_kelas"
#0 /media/disk/Work/coding/ta/ta/app/Views/admin/datajadwal/tambah.php(32): CodeIgniter\Debug\Exceptions->errorHandler()
#1 /media/disk/Work/coding/ta/ta/vendor/codeigniter4/framework/system/View/View.php(210): include('...')
#2 /media/disk/Work/coding/ta/ta/vendor/codeigniter4/framework/system/View/View.php(213): CodeIgniter\View\View->CodeIgniter\View\{closure}()
#3 /media/disk/Work/coding/ta/ta/vendor/codeigniter4/framework/system/View/View.php(424): CodeIgniter\View\View->render()
#4 /media/disk/Work/coding/ta/ta/app/Views/admin/datajadwal/index.php(58): CodeIgniter\View\View->include()
#5 /media/disk/Work/coding/ta/ta/vendor/codeigniter4/framework/system/View/View.php(210): include('...')
#6 /media/disk/Work/coding/ta/ta/vendor/codeigniter4/framework/system/View/View.php(213): CodeIgniter\View\View->CodeIgniter\View\{closure}()
#7 /media/disk/Work/coding/ta/ta/vendor/codeigniter4/framework/system/Common.php(1089): CodeIgniter\View\View->render()
#8 /media/disk/Work/coding/ta/ta/app/Controllers/Admin/Datajadwal.php(57): view()
#9 /media/disk/Work/coding/ta/ta/vendor/codeigniter4/framework/system/CodeIgniter.php(825): App\Controllers\Admin\DataJadwal->index()
#10 /media/disk/Work/coding/ta/ta/vendor/codeigniter4/framework/system/CodeIgniter.php(412): CodeIgniter\CodeIgniter->runController()
#11 /media/disk/Work/coding/ta/ta/vendor/codeigniter4/framework/system/CodeIgniter.php(320): CodeIgniter\CodeIgniter->handleRequest()
#12 /media/disk/Work/coding/ta/ta/public/index.php(37): CodeIgniter\CodeIgniter->run()
#13 /media/disk/Work/coding/ta/ta/vendor/codeigniter4/framework/system/Commands/Server/rewrite.php(43): require_once('...')
#14 {main}
