CRITICAL - 2022-02-24 20:55:56 --> Undefined variable $dataUser
#0 /media/disk/Work/coding/ta/ta/app/Views/admin/user.php(36): CodeIgniter\Debug\Exceptions->errorHandler()
#1 /media/disk/Work/coding/ta/ta/vendor/codeigniter4/framework/system/View/View.php(210): include('...')
#2 /media/disk/Work/coding/ta/ta/vendor/codeigniter4/framework/system/View/View.php(213): CodeIgniter\View\View->CodeIgniter\View\{closure}()
#3 /media/disk/Work/coding/ta/ta/vendor/codeigniter4/framework/system/Common.php(1089): CodeIgniter\View\View->render()
#4 /media/disk/Work/coding/ta/ta/app/Controllers/Admin.php(58): view()
#5 /media/disk/Work/coding/ta/ta/vendor/codeigniter4/framework/system/CodeIgniter.php(825): App\Controllers\Admin->user()
#6 /media/disk/Work/coding/ta/ta/vendor/codeigniter4/framework/system/CodeIgniter.php(412): CodeIgniter\CodeIgniter->runController()
#7 /media/disk/Work/coding/ta/ta/vendor/codeigniter4/framework/system/CodeIgniter.php(320): CodeIgniter\CodeIgniter->handleRequest()
#8 /media/disk/Work/coding/ta/ta/public/index.php(37): CodeIgniter\CodeIgniter->run()
#9 /media/disk/Work/coding/ta/ta/vendor/codeigniter4/framework/system/Commands/Server/rewrite.php(43): require_once('...')
#10 {main}
CRITICAL - 2022-02-24 20:57:43 --> foreach() argument must be of type array|object, null given
#0 /media/disk/Work/coding/ta/ta/app/Views/admin/user.php(36): CodeIgniter\Debug\Exceptions->errorHandler()
#1 /media/disk/Work/coding/ta/ta/vendor/codeigniter4/framework/system/View/View.php(210): include('...')
#2 /media/disk/Work/coding/ta/ta/vendor/codeigniter4/framework/system/View/View.php(213): CodeIgniter\View\View->CodeIgniter\View\{closure}()
#3 /media/disk/Work/coding/ta/ta/vendor/codeigniter4/framework/system/Common.php(1089): CodeIgniter\View\View->render()
#4 /media/disk/Work/coding/ta/ta/app/Controllers/Admin.php(58): view()
#5 /media/disk/Work/coding/ta/ta/vendor/codeigniter4/framework/system/CodeIgniter.php(825): App\Controllers\Admin->user()
#6 /media/disk/Work/coding/ta/ta/vendor/codeigniter4/framework/system/CodeIgniter.php(412): CodeIgniter\CodeIgniter->runController()
#7 /media/disk/Work/coding/ta/ta/vendor/codeigniter4/framework/system/CodeIgniter.php(320): CodeIgniter\CodeIgniter->handleRequest()
#8 /media/disk/Work/coding/ta/ta/public/index.php(37): CodeIgniter\CodeIgniter->run()
#9 /media/disk/Work/coding/ta/ta/vendor/codeigniter4/framework/system/Commands/Server/rewrite.php(43): require_once('...')
#10 {main}
CRITICAL - 2022-02-24 21:09:26 --> Class "App\Models\AdminUserModel" not found
#0 /media/disk/Work/coding/ta/ta/vendor/codeigniter4/framework/system/CodeIgniter.php(825): App\Controllers\Admin->user()
#1 /media/disk/Work/coding/ta/ta/vendor/codeigniter4/framework/system/CodeIgniter.php(412): CodeIgniter\CodeIgniter->runController()
#2 /media/disk/Work/coding/ta/ta/vendor/codeigniter4/framework/system/CodeIgniter.php(320): CodeIgniter\CodeIgniter->handleRequest()
#3 /media/disk/Work/coding/ta/ta/public/index.php(37): CodeIgniter\CodeIgniter->run()
#4 /media/disk/Work/coding/ta/ta/vendor/codeigniter4/framework/system/Commands/Server/rewrite.php(43): require_once('...')
#5 {main}
CRITICAL - 2022-02-24 21:09:52 --> Class "App\Models\AdminUserModel" not found
#0 /media/disk/Work/coding/ta/ta/vendor/codeigniter4/framework/system/CodeIgniter.php(825): App\Controllers\Admin->user()
#1 /media/disk/Work/coding/ta/ta/vendor/codeigniter4/framework/system/CodeIgniter.php(412): CodeIgniter\CodeIgniter->runController()
#2 /media/disk/Work/coding/ta/ta/vendor/codeigniter4/framework/system/CodeIgniter.php(320): CodeIgniter\CodeIgniter->handleRequest()
#3 /media/disk/Work/coding/ta/ta/public/index.php(37): CodeIgniter\CodeIgniter->run()
#4 /media/disk/Work/coding/ta/ta/vendor/codeigniter4/framework/system/Commands/Server/rewrite.php(43): require_once('...')
#5 {main}
CRITICAL - 2022-02-24 21:09:53 --> Class "App\Models\AdminUserModel" not found
#0 /media/disk/Work/coding/ta/ta/vendor/codeigniter4/framework/system/CodeIgniter.php(825): App\Controllers\Admin->user()
#1 /media/disk/Work/coding/ta/ta/vendor/codeigniter4/framework/system/CodeIgniter.php(412): CodeIgniter\CodeIgniter->runController()
#2 /media/disk/Work/coding/ta/ta/vendor/codeigniter4/framework/system/CodeIgniter.php(320): CodeIgniter\CodeIgniter->handleRequest()
#3 /media/disk/Work/coding/ta/ta/public/index.php(37): CodeIgniter\CodeIgniter->run()
#4 /media/disk/Work/coding/ta/ta/vendor/codeigniter4/framework/system/Commands/Server/rewrite.php(43): require_once('...')
#5 {main}
CRITICAL - 2022-02-24 21:09:53 --> Class "App\Models\AdminUserModel" not found
#0 /media/disk/Work/coding/ta/ta/vendor/codeigniter4/framework/system/CodeIgniter.php(825): App\Controllers\Admin->user()
#1 /media/disk/Work/coding/ta/ta/vendor/codeigniter4/framework/system/CodeIgniter.php(412): CodeIgniter\CodeIgniter->runController()
#2 /media/disk/Work/coding/ta/ta/vendor/codeigniter4/framework/system/CodeIgniter.php(320): CodeIgniter\CodeIgniter->handleRequest()
#3 /media/disk/Work/coding/ta/ta/public/index.php(37): CodeIgniter\CodeIgniter->run()
#4 /media/disk/Work/coding/ta/ta/vendor/codeigniter4/framework/system/Commands/Server/rewrite.php(43): require_once('...')
#5 {main}
CRITICAL - 2022-02-24 21:09:53 --> Class "App\Models\AdminUserModel" not found
#0 /media/disk/Work/coding/ta/ta/vendor/codeigniter4/framework/system/CodeIgniter.php(825): App\Controllers\Admin->user()
#1 /media/disk/Work/coding/ta/ta/vendor/codeigniter4/framework/system/CodeIgniter.php(412): CodeIgniter\CodeIgniter->runController()
#2 /media/disk/Work/coding/ta/ta/vendor/codeigniter4/framework/system/CodeIgniter.php(320): CodeIgniter\CodeIgniter->handleRequest()
#3 /media/disk/Work/coding/ta/ta/public/index.php(37): CodeIgniter\CodeIgniter->run()
#4 /media/disk/Work/coding/ta/ta/vendor/codeigniter4/framework/system/Commands/Server/rewrite.php(43): require_once('...')
#5 {main}
CRITICAL - 2022-02-24 21:10:47 --> Cannot declare class App\Admin\Models\AdminUserModel, because the name is already in use
#0 [internal function]: CodeIgniter\Debug\Exceptions->shutdownHandler()
#1 {main}
CRITICAL - 2022-02-24 21:14:29 --> Cannot declare class App\Admin\Models\AdminUserModel, because the name is already in use
#0 [internal function]: CodeIgniter\Debug\Exceptions->shutdownHandler()
#1 {main}
CRITICAL - 2022-02-24 21:14:29 --> Cannot declare class App\Admin\Models\AdminUserModel, because the name is already in use
#0 [internal function]: CodeIgniter\Debug\Exceptions->shutdownHandler()
#1 {main}
CRITICAL - 2022-02-24 21:14:37 --> Cannot declare class App\Admin\Models\AdminUserModel, because the name is already in use
#0 [internal function]: CodeIgniter\Debug\Exceptions->shutdownHandler()
#1 {main}
CRITICAL - 2022-02-24 21:14:38 --> Cannot declare class App\Admin\Models\AdminUserModel, because the name is already in use
#0 [internal function]: CodeIgniter\Debug\Exceptions->shutdownHandler()
#1 {main}
CRITICAL - 2022-02-24 21:14:38 --> Cannot declare class App\Admin\Models\AdminUserModel, because the name is already in use
#0 [internal function]: CodeIgniter\Debug\Exceptions->shutdownHandler()
#1 {main}
CRITICAL - 2022-02-24 22:21:24 --> Class "App\Admin\Models\AdminGuruModel" not found
#0 /media/disk/Work/coding/ta/ta/vendor/codeigniter4/framework/system/CodeIgniter.php(825): App\Controllers\Admin->user()
#1 /media/disk/Work/coding/ta/ta/vendor/codeigniter4/framework/system/CodeIgniter.php(412): CodeIgniter\CodeIgniter->runController()
#2 /media/disk/Work/coding/ta/ta/vendor/codeigniter4/framework/system/CodeIgniter.php(320): CodeIgniter\CodeIgniter->handleRequest()
#3 /media/disk/Work/coding/ta/ta/public/index.php(37): CodeIgniter\CodeIgniter->run()
#4 /media/disk/Work/coding/ta/ta/vendor/codeigniter4/framework/system/Commands/Server/rewrite.php(43): require_once('...')
#5 {main}
CRITICAL - 2022-02-24 22:21:50 --> Class "App\Admin\Models\AdminUserModel" not found
#0 /media/disk/Work/coding/ta/ta/vendor/codeigniter4/framework/system/CodeIgniter.php(825): App\Controllers\Admin->user()
#1 /media/disk/Work/coding/ta/ta/vendor/codeigniter4/framework/system/CodeIgniter.php(412): CodeIgniter\CodeIgniter->runController()
#2 /media/disk/Work/coding/ta/ta/vendor/codeigniter4/framework/system/CodeIgniter.php(320): CodeIgniter\CodeIgniter->handleRequest()
#3 /media/disk/Work/coding/ta/ta/public/index.php(37): CodeIgniter\CodeIgniter->run()
#4 /media/disk/Work/coding/ta/ta/vendor/codeigniter4/framework/system/Commands/Server/rewrite.php(43): require_once('...')
#5 {main}
CRITICAL - 2022-02-24 22:25:07 --> Class "App\Admin\Models\AdminUserModel" not found
#0 /media/disk/Work/coding/ta/ta/vendor/codeigniter4/framework/system/CodeIgniter.php(825): App\Controllers\Admin->user()
#1 /media/disk/Work/coding/ta/ta/vendor/codeigniter4/framework/system/CodeIgniter.php(412): CodeIgniter\CodeIgniter->runController()
#2 /media/disk/Work/coding/ta/ta/vendor/codeigniter4/framework/system/CodeIgniter.php(320): CodeIgniter\CodeIgniter->handleRequest()
#3 /media/disk/Work/coding/ta/ta/public/index.php(37): CodeIgniter\CodeIgniter->run()
#4 /media/disk/Work/coding/ta/ta/vendor/codeigniter4/framework/system/Commands/Server/rewrite.php(43): require_once('...')
#5 {main}
CRITICAL - 2022-02-24 22:25:45 --> Class "Config\App\Models\Admin\AdminUserModel" not found
#0 /media/disk/Work/coding/ta/ta/vendor/codeigniter4/framework/system/CodeIgniter.php(825): App\Controllers\Admin->user()
#1 /media/disk/Work/coding/ta/ta/vendor/codeigniter4/framework/system/CodeIgniter.php(412): CodeIgniter\CodeIgniter->runController()
#2 /media/disk/Work/coding/ta/ta/vendor/codeigniter4/framework/system/CodeIgniter.php(320): CodeIgniter\CodeIgniter->handleRequest()
#3 /media/disk/Work/coding/ta/ta/public/index.php(37): CodeIgniter\CodeIgniter->run()
#4 /media/disk/Work/coding/ta/ta/vendor/codeigniter4/framework/system/Commands/Server/rewrite.php(43): require_once('...')
#5 {main}
