CRITICAL - 2022-05-20 21:55:18 --> Trying to access array offset on value of type null
#0 /media/fred/Work/coding/ta/ta/app/Controllers/Siswa/Tugas.php(31): CodeIgniter\Debug\Exceptions->errorHandler()
#1 /media/fred/Work/coding/ta/ta/vendor/codeigniter4/framework/system/CodeIgniter.php(825): App\Controllers\Siswa\Tugas->index()
#2 /media/fred/Work/coding/ta/ta/vendor/codeigniter4/framework/system/CodeIgniter.php(412): CodeIgniter\CodeIgniter->runController()
#3 /media/fred/Work/coding/ta/ta/vendor/codeigniter4/framework/system/CodeIgniter.php(320): CodeIgniter\CodeIgniter->handleRequest()
#4 /media/fred/Work/coding/ta/ta/public/index.php(37): CodeIgniter\CodeIgniter->run()
#5 /media/fred/Work/coding/ta/ta/vendor/codeigniter4/framework/system/Commands/Server/rewrite.php(43): require_once('...')
#6 {main}
CRITICAL - 2022-05-20 21:55:46 --> Trying to access array offset on value of type null
#0 /media/fred/Work/coding/ta/ta/app/Controllers/Siswa/Tugas.php(31): CodeIgniter\Debug\Exceptions->errorHandler()
#1 /media/fred/Work/coding/ta/ta/vendor/codeigniter4/framework/system/CodeIgniter.php(825): App\Controllers\Siswa\Tugas->index()
#2 /media/fred/Work/coding/ta/ta/vendor/codeigniter4/framework/system/CodeIgniter.php(412): CodeIgniter\CodeIgniter->runController()
#3 /media/fred/Work/coding/ta/ta/vendor/codeigniter4/framework/system/CodeIgniter.php(320): CodeIgniter\CodeIgniter->handleRequest()
#4 /media/fred/Work/coding/ta/ta/public/index.php(37): CodeIgniter\CodeIgniter->run()
#5 /media/fred/Work/coding/ta/ta/vendor/codeigniter4/framework/system/Commands/Server/rewrite.php(43): require_once('...')
#6 {main}
CRITICAL - 2022-05-20 21:56:27 --> Trying to access array offset on value of type null
#0 /media/fred/Work/coding/ta/ta/app/Controllers/Siswa/Tugas.php(31): CodeIgniter\Debug\Exceptions->errorHandler()
#1 /media/fred/Work/coding/ta/ta/vendor/codeigniter4/framework/system/CodeIgniter.php(825): App\Controllers\Siswa\Tugas->index()
#2 /media/fred/Work/coding/ta/ta/vendor/codeigniter4/framework/system/CodeIgniter.php(412): CodeIgniter\CodeIgniter->runController()
#3 /media/fred/Work/coding/ta/ta/vendor/codeigniter4/framework/system/CodeIgniter.php(320): CodeIgniter\CodeIgniter->handleRequest()
#4 /media/fred/Work/coding/ta/ta/public/index.php(37): CodeIgniter\CodeIgniter->run()
#5 /media/fred/Work/coding/ta/ta/vendor/codeigniter4/framework/system/Commands/Server/rewrite.php(43): require_once('...')
#6 {main}
CRITICAL - 2022-05-20 21:56:57 --> Trying to access array offset on value of type null
#0 /media/fred/Work/coding/ta/ta/app/Controllers/Siswa/Tugas.php(31): CodeIgniter\Debug\Exceptions->errorHandler()
#1 /media/fred/Work/coding/ta/ta/vendor/codeigniter4/framework/system/CodeIgniter.php(825): App\Controllers\Siswa\Tugas->index()
#2 /media/fred/Work/coding/ta/ta/vendor/codeigniter4/framework/system/CodeIgniter.php(412): CodeIgniter\CodeIgniter->runController()
#3 /media/fred/Work/coding/ta/ta/vendor/codeigniter4/framework/system/CodeIgniter.php(320): CodeIgniter\CodeIgniter->handleRequest()
#4 /media/fred/Work/coding/ta/ta/public/index.php(37): CodeIgniter\CodeIgniter->run()
#5 /media/fred/Work/coding/ta/ta/vendor/codeigniter4/framework/system/Commands/Server/rewrite.php(43): require_once('...')
#6 {main}
CRITICAL - 2022-05-20 22:08:41 --> Undefined array key "id"
#0 /media/fred/Work/coding/ta/ta/app/Views/siswa/tugas/index.php(35): CodeIgniter\Debug\Exceptions->errorHandler()
#1 /media/fred/Work/coding/ta/ta/vendor/codeigniter4/framework/system/View/View.php(210): include('...')
#2 /media/fred/Work/coding/ta/ta/vendor/codeigniter4/framework/system/View/View.php(213): CodeIgniter\View\View->CodeIgniter\View\{closure}()
#3 /media/fred/Work/coding/ta/ta/vendor/codeigniter4/framework/system/Common.php(1089): CodeIgniter\View\View->render()
#4 /media/fred/Work/coding/ta/ta/app/Controllers/Siswa/Tugas.php(41): view()
#5 /media/fred/Work/coding/ta/ta/vendor/codeigniter4/framework/system/CodeIgniter.php(825): App\Controllers\Siswa\Tugas->index()
#6 /media/fred/Work/coding/ta/ta/vendor/codeigniter4/framework/system/CodeIgniter.php(412): CodeIgniter\CodeIgniter->runController()
#7 /media/fred/Work/coding/ta/ta/vendor/codeigniter4/framework/system/CodeIgniter.php(320): CodeIgniter\CodeIgniter->handleRequest()
#8 /media/fred/Work/coding/ta/ta/public/index.php(37): CodeIgniter\CodeIgniter->run()
#9 /media/fred/Work/coding/ta/ta/vendor/codeigniter4/framework/system/Commands/Server/rewrite.php(43): require_once('...')
#10 {main}
CRITICAL - 2022-05-20 22:10:20 --> Call to undefined method CodeIgniter\View\View::extends()
#0 /media/fred/Work/coding/ta/ta/vendor/codeigniter4/framework/system/View/View.php(210): include()
#1 /media/fred/Work/coding/ta/ta/vendor/codeigniter4/framework/system/View/View.php(213): CodeIgniter\View\View->CodeIgniter\View\{closure}()
#2 /media/fred/Work/coding/ta/ta/vendor/codeigniter4/framework/system/Common.php(1089): CodeIgniter\View\View->render()
#3 /media/fred/Work/coding/ta/ta/app/Controllers/Siswa/Tugas.php(49): view()
#4 /media/fred/Work/coding/ta/ta/vendor/codeigniter4/framework/system/CodeIgniter.php(825): App\Controllers\Siswa\Tugas->kerjatugas()
#5 /media/fred/Work/coding/ta/ta/vendor/codeigniter4/framework/system/CodeIgniter.php(412): CodeIgniter\CodeIgniter->runController()
#6 /media/fred/Work/coding/ta/ta/vendor/codeigniter4/framework/system/CodeIgniter.php(320): CodeIgniter\CodeIgniter->handleRequest()
#7 /media/fred/Work/coding/ta/ta/public/index.php(37): CodeIgniter\CodeIgniter->run()
#8 /media/fred/Work/coding/ta/ta/vendor/codeigniter4/framework/system/Commands/Server/rewrite.php(43): require_once('...')
#9 {main}
CRITICAL - 2022-05-20 22:10:39 --> Invalid file: template/siswa/template.php
#0 /media/fred/Work/coding/ta/ta/vendor/codeigniter4/framework/system/View/View.php(198): CodeIgniter\Exceptions\FrameworkException::forInvalidFile()
#1 /media/fred/Work/coding/ta/ta/vendor/codeigniter4/framework/system/View/View.php(226): CodeIgniter\View\View->render()
#2 /media/fred/Work/coding/ta/ta/vendor/codeigniter4/framework/system/Common.php(1089): CodeIgniter\View\View->render()
#3 /media/fred/Work/coding/ta/ta/app/Controllers/Siswa/Tugas.php(49): view()
#4 /media/fred/Work/coding/ta/ta/vendor/codeigniter4/framework/system/CodeIgniter.php(825): App\Controllers\Siswa\Tugas->kerjatugas()
#5 /media/fred/Work/coding/ta/ta/vendor/codeigniter4/framework/system/CodeIgniter.php(412): CodeIgniter\CodeIgniter->runController()
#6 /media/fred/Work/coding/ta/ta/vendor/codeigniter4/framework/system/CodeIgniter.php(320): CodeIgniter\CodeIgniter->handleRequest()
#7 /media/fred/Work/coding/ta/ta/public/index.php(37): CodeIgniter\CodeIgniter->run()
#8 /media/fred/Work/coding/ta/ta/vendor/codeigniter4/framework/system/Commands/Server/rewrite.php(43): require_once('...')
#9 {main}
CRITICAL - 2022-05-20 22:10:56 --> Invalid file: template/siswa/siswTemplate.php
#0 /media/fred/Work/coding/ta/ta/vendor/codeigniter4/framework/system/View/View.php(198): CodeIgniter\Exceptions\FrameworkException::forInvalidFile()
#1 /media/fred/Work/coding/ta/ta/vendor/codeigniter4/framework/system/View/View.php(226): CodeIgniter\View\View->render()
#2 /media/fred/Work/coding/ta/ta/vendor/codeigniter4/framework/system/Common.php(1089): CodeIgniter\View\View->render()
#3 /media/fred/Work/coding/ta/ta/app/Controllers/Siswa/Tugas.php(49): view()
#4 /media/fred/Work/coding/ta/ta/vendor/codeigniter4/framework/system/CodeIgniter.php(825): App\Controllers\Siswa\Tugas->kerjatugas()
#5 /media/fred/Work/coding/ta/ta/vendor/codeigniter4/framework/system/CodeIgniter.php(412): CodeIgniter\CodeIgniter->runController()
#6 /media/fred/Work/coding/ta/ta/vendor/codeigniter4/framework/system/CodeIgniter.php(320): CodeIgniter\CodeIgniter->handleRequest()
#7 /media/fred/Work/coding/ta/ta/public/index.php(37): CodeIgniter\CodeIgniter->run()
#8 /media/fred/Work/coding/ta/ta/vendor/codeigniter4/framework/system/Commands/Server/rewrite.php(43): require_once('...')
#9 {main}
CRITICAL - 2022-05-20 22:11:08 --> Undefined variable $title
#0 /media/fred/Work/coding/ta/ta/app/Views/template/parsial/breadcrumb.php(1): CodeIgniter\Debug\Exceptions->errorHandler()
#1 /media/fred/Work/coding/ta/ta/vendor/codeigniter4/framework/system/View/View.php(210): include('...')
#2 /media/fred/Work/coding/ta/ta/vendor/codeigniter4/framework/system/View/View.php(213): CodeIgniter\View\View->CodeIgniter\View\{closure}()
#3 /media/fred/Work/coding/ta/ta/vendor/codeigniter4/framework/system/View/View.php(424): CodeIgniter\View\View->render()
#4 /media/fred/Work/coding/ta/ta/app/Views/template/siswa/siswaTemplate.php(19): CodeIgniter\View\View->include()
#5 /media/fred/Work/coding/ta/ta/vendor/codeigniter4/framework/system/View/View.php(210): include('...')
#6 /media/fred/Work/coding/ta/ta/vendor/codeigniter4/framework/system/View/View.php(213): CodeIgniter\View\View->CodeIgniter\View\{closure}()
#7 /media/fred/Work/coding/ta/ta/vendor/codeigniter4/framework/system/View/View.php(226): CodeIgniter\View\View->render()
#8 /media/fred/Work/coding/ta/ta/vendor/codeigniter4/framework/system/Common.php(1089): CodeIgniter\View\View->render()
#9 /media/fred/Work/coding/ta/ta/app/Controllers/Siswa/Tugas.php(49): view()
#10 /media/fred/Work/coding/ta/ta/vendor/codeigniter4/framework/system/CodeIgniter.php(825): App\Controllers\Siswa\Tugas->kerjatugas()
#11 /media/fred/Work/coding/ta/ta/vendor/codeigniter4/framework/system/CodeIgniter.php(412): CodeIgniter\CodeIgniter->runController()
#12 /media/fred/Work/coding/ta/ta/vendor/codeigniter4/framework/system/CodeIgniter.php(320): CodeIgniter\CodeIgniter->handleRequest()
#13 /media/fred/Work/coding/ta/ta/public/index.php(37): CodeIgniter\CodeIgniter->run()
#14 /media/fred/Work/coding/ta/ta/vendor/codeigniter4/framework/system/Commands/Server/rewrite.php(43): require_once('...')
#15 {main}
ERROR - 2022-05-20 22:16:55 --> Unknown column 'tugas' in 'field list'
CRITICAL - 2022-05-20 22:16:55 --> Unknown column 'tugas' in 'field list'
#0 /media/fred/Work/coding/ta/ta/vendor/codeigniter4/framework/system/Database/MySQLi/Connection.php(292): mysqli->query()
#1 /media/fred/Work/coding/ta/ta/vendor/codeigniter4/framework/system/Database/BaseConnection.php(670): CodeIgniter\Database\MySQLi\Connection->execute()
#2 /media/fred/Work/coding/ta/ta/vendor/codeigniter4/framework/system/Database/BaseConnection.php(598): CodeIgniter\Database\BaseConnection->simpleQuery()
#3 /media/fred/Work/coding/ta/ta/vendor/codeigniter4/framework/system/Database/BaseBuilder.php(1455): CodeIgniter\Database\BaseConnection->query()
#4 /media/fred/Work/coding/ta/ta/app/Controllers/Siswa/Tugas.php(60): CodeIgniter\Database\BaseBuilder->get()
#5 /media/fred/Work/coding/ta/ta/vendor/codeigniter4/framework/system/CodeIgniter.php(825): App\Controllers\Siswa\Tugas->kerjatugas()
#6 /media/fred/Work/coding/ta/ta/vendor/codeigniter4/framework/system/CodeIgniter.php(412): CodeIgniter\CodeIgniter->runController()
#7 /media/fred/Work/coding/ta/ta/vendor/codeigniter4/framework/system/CodeIgniter.php(320): CodeIgniter\CodeIgniter->handleRequest()
#8 /media/fred/Work/coding/ta/ta/public/index.php(37): CodeIgniter\CodeIgniter->run()
#9 /media/fred/Work/coding/ta/ta/vendor/codeigniter4/framework/system/Commands/Server/rewrite.php(43): require_once('...')
#10 {main}
ERROR - 2022-05-20 22:17:13 --> Unknown column 'tugas' in 'field list'
CRITICAL - 2022-05-20 22:17:13 --> Unknown column 'tugas' in 'field list'
#0 /media/fred/Work/coding/ta/ta/vendor/codeigniter4/framework/system/Database/MySQLi/Connection.php(292): mysqli->query()
#1 /media/fred/Work/coding/ta/ta/vendor/codeigniter4/framework/system/Database/BaseConnection.php(670): CodeIgniter\Database\MySQLi\Connection->execute()
#2 /media/fred/Work/coding/ta/ta/vendor/codeigniter4/framework/system/Database/BaseConnection.php(598): CodeIgniter\Database\BaseConnection->simpleQuery()
#3 /media/fred/Work/coding/ta/ta/vendor/codeigniter4/framework/system/Database/BaseBuilder.php(1455): CodeIgniter\Database\BaseConnection->query()
#4 /media/fred/Work/coding/ta/ta/app/Controllers/Siswa/Tugas.php(60): CodeIgniter\Database\BaseBuilder->get()
#5 /media/fred/Work/coding/ta/ta/vendor/codeigniter4/framework/system/CodeIgniter.php(825): App\Controllers\Siswa\Tugas->kerjatugas()
#6 /media/fred/Work/coding/ta/ta/vendor/codeigniter4/framework/system/CodeIgniter.php(412): CodeIgniter\CodeIgniter->runController()
#7 /media/fred/Work/coding/ta/ta/vendor/codeigniter4/framework/system/CodeIgniter.php(320): CodeIgniter\CodeIgniter->handleRequest()
#8 /media/fred/Work/coding/ta/ta/public/index.php(37): CodeIgniter\CodeIgniter->run()
#9 /media/fred/Work/coding/ta/ta/vendor/codeigniter4/framework/system/Commands/Server/rewrite.php(43): require_once('...')
#10 {main}
ERROR - 2022-05-20 22:17:14 --> Unknown column 'tugas' in 'field list'
CRITICAL - 2022-05-20 22:17:14 --> Unknown column 'tugas' in 'field list'
#0 /media/fred/Work/coding/ta/ta/vendor/codeigniter4/framework/system/Database/MySQLi/Connection.php(292): mysqli->query()
#1 /media/fred/Work/coding/ta/ta/vendor/codeigniter4/framework/system/Database/BaseConnection.php(670): CodeIgniter\Database\MySQLi\Connection->execute()
#2 /media/fred/Work/coding/ta/ta/vendor/codeigniter4/framework/system/Database/BaseConnection.php(598): CodeIgniter\Database\BaseConnection->simpleQuery()
#3 /media/fred/Work/coding/ta/ta/vendor/codeigniter4/framework/system/Database/BaseBuilder.php(1455): CodeIgniter\Database\BaseConnection->query()
#4 /media/fred/Work/coding/ta/ta/app/Controllers/Siswa/Tugas.php(60): CodeIgniter\Database\BaseBuilder->get()
#5 /media/fred/Work/coding/ta/ta/vendor/codeigniter4/framework/system/CodeIgniter.php(825): App\Controllers\Siswa\Tugas->kerjatugas()
#6 /media/fred/Work/coding/ta/ta/vendor/codeigniter4/framework/system/CodeIgniter.php(412): CodeIgniter\CodeIgniter->runController()
#7 /media/fred/Work/coding/ta/ta/vendor/codeigniter4/framework/system/CodeIgniter.php(320): CodeIgniter\CodeIgniter->handleRequest()
#8 /media/fred/Work/coding/ta/ta/public/index.php(37): CodeIgniter\CodeIgniter->run()
#9 /media/fred/Work/coding/ta/ta/vendor/codeigniter4/framework/system/Commands/Server/rewrite.php(43): require_once('...')
#10 {main}
ERROR - 2022-05-20 22:17:44 --> Unknown column 'tugas' in 'field list'
CRITICAL - 2022-05-20 22:17:44 --> Unknown column 'tugas' in 'field list'
#0 /media/fred/Work/coding/ta/ta/vendor/codeigniter4/framework/system/Database/MySQLi/Connection.php(292): mysqli->query()
#1 /media/fred/Work/coding/ta/ta/vendor/codeigniter4/framework/system/Database/BaseConnection.php(670): CodeIgniter\Database\MySQLi\Connection->execute()
#2 /media/fred/Work/coding/ta/ta/vendor/codeigniter4/framework/system/Database/BaseConnection.php(598): CodeIgniter\Database\BaseConnection->simpleQuery()
#3 /media/fred/Work/coding/ta/ta/vendor/codeigniter4/framework/system/Database/BaseBuilder.php(1455): CodeIgniter\Database\BaseConnection->query()
#4 /media/fred/Work/coding/ta/ta/app/Controllers/Siswa/Tugas.php(60): CodeIgniter\Database\BaseBuilder->get()
#5 /media/fred/Work/coding/ta/ta/vendor/codeigniter4/framework/system/CodeIgniter.php(825): App\Controllers\Siswa\Tugas->kerjatugas()
#6 /media/fred/Work/coding/ta/ta/vendor/codeigniter4/framework/system/CodeIgniter.php(412): CodeIgniter\CodeIgniter->runController()
#7 /media/fred/Work/coding/ta/ta/vendor/codeigniter4/framework/system/CodeIgniter.php(320): CodeIgniter\CodeIgniter->handleRequest()
#8 /media/fred/Work/coding/ta/ta/public/index.php(37): CodeIgniter\CodeIgniter->run()
#9 /media/fred/Work/coding/ta/ta/vendor/codeigniter4/framework/system/Commands/Server/rewrite.php(43): require_once('...')
#10 {main}
ERROR - 2022-05-20 22:17:45 --> Unknown column 'tugas' in 'field list'
CRITICAL - 2022-05-20 22:17:45 --> Unknown column 'tugas' in 'field list'
#0 /media/fred/Work/coding/ta/ta/vendor/codeigniter4/framework/system/Database/MySQLi/Connection.php(292): mysqli->query()
#1 /media/fred/Work/coding/ta/ta/vendor/codeigniter4/framework/system/Database/BaseConnection.php(670): CodeIgniter\Database\MySQLi\Connection->execute()
#2 /media/fred/Work/coding/ta/ta/vendor/codeigniter4/framework/system/Database/BaseConnection.php(598): CodeIgniter\Database\BaseConnection->simpleQuery()
#3 /media/fred/Work/coding/ta/ta/vendor/codeigniter4/framework/system/Database/BaseBuilder.php(1455): CodeIgniter\Database\BaseConnection->query()
#4 /media/fred/Work/coding/ta/ta/app/Controllers/Siswa/Tugas.php(60): CodeIgniter\Database\BaseBuilder->get()
#5 /media/fred/Work/coding/ta/ta/vendor/codeigniter4/framework/system/CodeIgniter.php(825): App\Controllers\Siswa\Tugas->kerjatugas()
#6 /media/fred/Work/coding/ta/ta/vendor/codeigniter4/framework/system/CodeIgniter.php(412): CodeIgniter\CodeIgniter->runController()
#7 /media/fred/Work/coding/ta/ta/vendor/codeigniter4/framework/system/CodeIgniter.php(320): CodeIgniter\CodeIgniter->handleRequest()
#8 /media/fred/Work/coding/ta/ta/public/index.php(37): CodeIgniter\CodeIgniter->run()
#9 /media/fred/Work/coding/ta/ta/vendor/codeigniter4/framework/system/Commands/Server/rewrite.php(43): require_once('...')
#10 {main}
ERROR - 2022-05-20 22:17:45 --> Unknown column 'tugas' in 'field list'
CRITICAL - 2022-05-20 22:17:45 --> Unknown column 'tugas' in 'field list'
#0 /media/fred/Work/coding/ta/ta/vendor/codeigniter4/framework/system/Database/MySQLi/Connection.php(292): mysqli->query()
#1 /media/fred/Work/coding/ta/ta/vendor/codeigniter4/framework/system/Database/BaseConnection.php(670): CodeIgniter\Database\MySQLi\Connection->execute()
#2 /media/fred/Work/coding/ta/ta/vendor/codeigniter4/framework/system/Database/BaseConnection.php(598): CodeIgniter\Database\BaseConnection->simpleQuery()
#3 /media/fred/Work/coding/ta/ta/vendor/codeigniter4/framework/system/Database/BaseBuilder.php(1455): CodeIgniter\Database\BaseConnection->query()
#4 /media/fred/Work/coding/ta/ta/app/Controllers/Siswa/Tugas.php(60): CodeIgniter\Database\BaseBuilder->get()
#5 /media/fred/Work/coding/ta/ta/vendor/codeigniter4/framework/system/CodeIgniter.php(825): App\Controllers\Siswa\Tugas->kerjatugas()
#6 /media/fred/Work/coding/ta/ta/vendor/codeigniter4/framework/system/CodeIgniter.php(412): CodeIgniter\CodeIgniter->runController()
#7 /media/fred/Work/coding/ta/ta/vendor/codeigniter4/framework/system/CodeIgniter.php(320): CodeIgniter\CodeIgniter->handleRequest()
#8 /media/fred/Work/coding/ta/ta/public/index.php(37): CodeIgniter\CodeIgniter->run()
#9 /media/fred/Work/coding/ta/ta/vendor/codeigniter4/framework/system/Commands/Server/rewrite.php(43): require_once('...')
#10 {main}
ERROR - 2022-05-20 22:17:45 --> Unknown column 'tugas' in 'field list'
CRITICAL - 2022-05-20 22:17:45 --> Unknown column 'tugas' in 'field list'
#0 /media/fred/Work/coding/ta/ta/vendor/codeigniter4/framework/system/Database/MySQLi/Connection.php(292): mysqli->query()
#1 /media/fred/Work/coding/ta/ta/vendor/codeigniter4/framework/system/Database/BaseConnection.php(670): CodeIgniter\Database\MySQLi\Connection->execute()
#2 /media/fred/Work/coding/ta/ta/vendor/codeigniter4/framework/system/Database/BaseConnection.php(598): CodeIgniter\Database\BaseConnection->simpleQuery()
#3 /media/fred/Work/coding/ta/ta/vendor/codeigniter4/framework/system/Database/BaseBuilder.php(1455): CodeIgniter\Database\BaseConnection->query()
#4 /media/fred/Work/coding/ta/ta/app/Controllers/Siswa/Tugas.php(60): CodeIgniter\Database\BaseBuilder->get()
#5 /media/fred/Work/coding/ta/ta/vendor/codeigniter4/framework/system/CodeIgniter.php(825): App\Controllers\Siswa\Tugas->kerjatugas()
#6 /media/fred/Work/coding/ta/ta/vendor/codeigniter4/framework/system/CodeIgniter.php(412): CodeIgniter\CodeIgniter->runController()
#7 /media/fred/Work/coding/ta/ta/vendor/codeigniter4/framework/system/CodeIgniter.php(320): CodeIgniter\CodeIgniter->handleRequest()
#8 /media/fred/Work/coding/ta/ta/public/index.php(37): CodeIgniter\CodeIgniter->run()
#9 /media/fred/Work/coding/ta/ta/vendor/codeigniter4/framework/system/Commands/Server/rewrite.php(43): require_once('...')
#10 {main}
ERROR - 2022-05-20 22:17:49 --> Unknown column 'tugas' in 'field list'
CRITICAL - 2022-05-20 22:17:49 --> Unknown column 'tugas' in 'field list'
#0 /media/fred/Work/coding/ta/ta/vendor/codeigniter4/framework/system/Database/MySQLi/Connection.php(292): mysqli->query()
#1 /media/fred/Work/coding/ta/ta/vendor/codeigniter4/framework/system/Database/BaseConnection.php(670): CodeIgniter\Database\MySQLi\Connection->execute()
#2 /media/fred/Work/coding/ta/ta/vendor/codeigniter4/framework/system/Database/BaseConnection.php(598): CodeIgniter\Database\BaseConnection->simpleQuery()
#3 /media/fred/Work/coding/ta/ta/vendor/codeigniter4/framework/system/Database/BaseBuilder.php(1455): CodeIgniter\Database\BaseConnection->query()
#4 /media/fred/Work/coding/ta/ta/app/Controllers/Siswa/Tugas.php(60): CodeIgniter\Database\BaseBuilder->get()
#5 /media/fred/Work/coding/ta/ta/vendor/codeigniter4/framework/system/CodeIgniter.php(825): App\Controllers\Siswa\Tugas->kerjatugas()
#6 /media/fred/Work/coding/ta/ta/vendor/codeigniter4/framework/system/CodeIgniter.php(412): CodeIgniter\CodeIgniter->runController()
#7 /media/fred/Work/coding/ta/ta/vendor/codeigniter4/framework/system/CodeIgniter.php(320): CodeIgniter\CodeIgniter->handleRequest()
#8 /media/fred/Work/coding/ta/ta/public/index.php(37): CodeIgniter\CodeIgniter->run()
#9 /media/fred/Work/coding/ta/ta/vendor/codeigniter4/framework/system/Commands/Server/rewrite.php(43): require_once('...')
#10 {main}
CRITICAL - 2022-05-20 22:18:21 --> Undefined array key ""
#0 /media/fred/Work/coding/ta/ta/app/Views/siswa/tugas/kerjatugas.php(9): CodeIgniter\Debug\Exceptions->errorHandler()
#1 /media/fred/Work/coding/ta/ta/vendor/codeigniter4/framework/system/View/View.php(210): include('...')
#2 /media/fred/Work/coding/ta/ta/vendor/codeigniter4/framework/system/View/View.php(213): CodeIgniter\View\View->CodeIgniter\View\{closure}()
#3 /media/fred/Work/coding/ta/ta/vendor/codeigniter4/framework/system/Common.php(1089): CodeIgniter\View\View->render()
#4 /media/fred/Work/coding/ta/ta/app/Controllers/Siswa/Tugas.php(70): view()
#5 /media/fred/Work/coding/ta/ta/vendor/codeigniter4/framework/system/CodeIgniter.php(825): App\Controllers\Siswa\Tugas->kerjatugas()
#6 /media/fred/Work/coding/ta/ta/vendor/codeigniter4/framework/system/CodeIgniter.php(412): CodeIgniter\CodeIgniter->runController()
#7 /media/fred/Work/coding/ta/ta/vendor/codeigniter4/framework/system/CodeIgniter.php(320): CodeIgniter\CodeIgniter->handleRequest()
#8 /media/fred/Work/coding/ta/ta/public/index.php(37): CodeIgniter\CodeIgniter->run()
#9 /media/fred/Work/coding/ta/ta/vendor/codeigniter4/framework/system/Commands/Server/rewrite.php(43): require_once('...')
#10 {main}
CRITICAL - 2022-05-20 22:18:54 --> Undefined array key "mapel"
#0 /media/fred/Work/coding/ta/ta/app/Views/siswa/tugas/kerjatugas.php(9): CodeIgniter\Debug\Exceptions->errorHandler()
#1 /media/fred/Work/coding/ta/ta/vendor/codeigniter4/framework/system/View/View.php(210): include('...')
#2 /media/fred/Work/coding/ta/ta/vendor/codeigniter4/framework/system/View/View.php(213): CodeIgniter\View\View->CodeIgniter\View\{closure}()
#3 /media/fred/Work/coding/ta/ta/vendor/codeigniter4/framework/system/Common.php(1089): CodeIgniter\View\View->render()
#4 /media/fred/Work/coding/ta/ta/app/Controllers/Siswa/Tugas.php(70): view()
#5 /media/fred/Work/coding/ta/ta/vendor/codeigniter4/framework/system/CodeIgniter.php(825): App\Controllers\Siswa\Tugas->kerjatugas()
#6 /media/fred/Work/coding/ta/ta/vendor/codeigniter4/framework/system/CodeIgniter.php(412): CodeIgniter\CodeIgniter->runController()
#7 /media/fred/Work/coding/ta/ta/vendor/codeigniter4/framework/system/CodeIgniter.php(320): CodeIgniter\CodeIgniter->handleRequest()
#8 /media/fred/Work/coding/ta/ta/public/index.php(37): CodeIgniter\CodeIgniter->run()
#9 /media/fred/Work/coding/ta/ta/vendor/codeigniter4/framework/system/Commands/Server/rewrite.php(43): require_once('...')
#10 {main}
CRITICAL - 2022-05-20 22:23:47 --> Undefined array key "ruangan"
#0 /media/fred/Work/coding/ta/ta/app/Controllers/Siswa/Tugas.php(57): CodeIgniter\Debug\Exceptions->errorHandler()
#1 /media/fred/Work/coding/ta/ta/vendor/codeigniter4/framework/system/CodeIgniter.php(825): App\Controllers\Siswa\Tugas->kerjatugas()
#2 /media/fred/Work/coding/ta/ta/vendor/codeigniter4/framework/system/CodeIgniter.php(412): CodeIgniter\CodeIgniter->runController()
#3 /media/fred/Work/coding/ta/ta/vendor/codeigniter4/framework/system/CodeIgniter.php(320): CodeIgniter\CodeIgniter->handleRequest()
#4 /media/fred/Work/coding/ta/ta/public/index.php(37): CodeIgniter\CodeIgniter->run()
#5 /media/fred/Work/coding/ta/ta/vendor/codeigniter4/framework/system/Commands/Server/rewrite.php(43): require_once('...')
#6 {main}
CRITICAL - 2022-05-20 22:52:21 --> Call to a member function move() on null
#0 /media/fred/Work/coding/ta/ta/vendor/codeigniter4/framework/system/CodeIgniter.php(825): App\Controllers\Siswa\Tugas->uploadtugas()
#1 /media/fred/Work/coding/ta/ta/vendor/codeigniter4/framework/system/CodeIgniter.php(412): CodeIgniter\CodeIgniter->runController()
#2 /media/fred/Work/coding/ta/ta/vendor/codeigniter4/framework/system/CodeIgniter.php(320): CodeIgniter\CodeIgniter->handleRequest()
#3 /media/fred/Work/coding/ta/ta/public/index.php(37): CodeIgniter\CodeIgniter->run()
#4 /media/fred/Work/coding/ta/ta/vendor/codeigniter4/framework/system/Commands/Server/rewrite.php(43): require_once('...')
#5 {main}
CRITICAL - 2022-05-20 22:52:38 --> Call to a member function move() on null
#0 /media/fred/Work/coding/ta/ta/vendor/codeigniter4/framework/system/CodeIgniter.php(825): App\Controllers\Siswa\Tugas->uploadtugas()
#1 /media/fred/Work/coding/ta/ta/vendor/codeigniter4/framework/system/CodeIgniter.php(412): CodeIgniter\CodeIgniter->runController()
#2 /media/fred/Work/coding/ta/ta/vendor/codeigniter4/framework/system/CodeIgniter.php(320): CodeIgniter\CodeIgniter->handleRequest()
#3 /media/fred/Work/coding/ta/ta/public/index.php(37): CodeIgniter\CodeIgniter->run()
#4 /media/fred/Work/coding/ta/ta/vendor/codeigniter4/framework/system/Commands/Server/rewrite.php(43): require_once('...')
#5 {main}
CRITICAL - 2022-05-20 22:54:34 --> Call to a member function move() on null
#0 /media/fred/Work/coding/ta/ta/vendor/codeigniter4/framework/system/CodeIgniter.php(825): App\Controllers\Siswa\Tugas->uploadtugas()
#1 /media/fred/Work/coding/ta/ta/vendor/codeigniter4/framework/system/CodeIgniter.php(412): CodeIgniter\CodeIgniter->runController()
#2 /media/fred/Work/coding/ta/ta/vendor/codeigniter4/framework/system/CodeIgniter.php(320): CodeIgniter\CodeIgniter->handleRequest()
#3 /media/fred/Work/coding/ta/ta/public/index.php(37): CodeIgniter\CodeIgniter->run()
#4 /media/fred/Work/coding/ta/ta/vendor/codeigniter4/framework/system/Commands/Server/rewrite.php(43): require_once('...')
#5 {main}
CRITICAL - 2022-05-20 22:54:37 --> Call to a member function move() on null
#0 /media/fred/Work/coding/ta/ta/vendor/codeigniter4/framework/system/CodeIgniter.php(825): App\Controllers\Siswa\Tugas->uploadtugas()
#1 /media/fred/Work/coding/ta/ta/vendor/codeigniter4/framework/system/CodeIgniter.php(412): CodeIgniter\CodeIgniter->runController()
#2 /media/fred/Work/coding/ta/ta/vendor/codeigniter4/framework/system/CodeIgniter.php(320): CodeIgniter\CodeIgniter->handleRequest()
#3 /media/fred/Work/coding/ta/ta/public/index.php(37): CodeIgniter\CodeIgniter->run()
#4 /media/fred/Work/coding/ta/ta/vendor/codeigniter4/framework/system/Commands/Server/rewrite.php(43): require_once('...')
#5 {main}
CRITICAL - 2022-05-20 22:55:18 --> Call to a member function move() on null
#0 /media/fred/Work/coding/ta/ta/vendor/codeigniter4/framework/system/CodeIgniter.php(825): App\Controllers\Siswa\Tugas->uploadtugas()
#1 /media/fred/Work/coding/ta/ta/vendor/codeigniter4/framework/system/CodeIgniter.php(412): CodeIgniter\CodeIgniter->runController()
#2 /media/fred/Work/coding/ta/ta/vendor/codeigniter4/framework/system/CodeIgniter.php(320): CodeIgniter\CodeIgniter->handleRequest()
#3 /media/fred/Work/coding/ta/ta/public/index.php(37): CodeIgniter\CodeIgniter->run()
#4 /media/fred/Work/coding/ta/ta/vendor/codeigniter4/framework/system/Commands/Server/rewrite.php(43): require_once('...')
#5 {main}
CRITICAL - 2022-05-20 22:55:20 --> Call to a member function move() on null
#0 /media/fred/Work/coding/ta/ta/vendor/codeigniter4/framework/system/CodeIgniter.php(825): App\Controllers\Siswa\Tugas->uploadtugas()
#1 /media/fred/Work/coding/ta/ta/vendor/codeigniter4/framework/system/CodeIgniter.php(412): CodeIgniter\CodeIgniter->runController()
#2 /media/fred/Work/coding/ta/ta/vendor/codeigniter4/framework/system/CodeIgniter.php(320): CodeIgniter\CodeIgniter->handleRequest()
#3 /media/fred/Work/coding/ta/ta/public/index.php(37): CodeIgniter\CodeIgniter->run()
#4 /media/fred/Work/coding/ta/ta/vendor/codeigniter4/framework/system/Commands/Server/rewrite.php(43): require_once('...')
#5 {main}
CRITICAL - 2022-05-20 22:55:22 --> Call to a member function move() on null
#0 /media/fred/Work/coding/ta/ta/vendor/codeigniter4/framework/system/CodeIgniter.php(825): App\Controllers\Siswa\Tugas->uploadtugas()
#1 /media/fred/Work/coding/ta/ta/vendor/codeigniter4/framework/system/CodeIgniter.php(412): CodeIgniter\CodeIgniter->runController()
#2 /media/fred/Work/coding/ta/ta/vendor/codeigniter4/framework/system/CodeIgniter.php(320): CodeIgniter\CodeIgniter->handleRequest()
#3 /media/fred/Work/coding/ta/ta/public/index.php(37): CodeIgniter\CodeIgniter->run()
#4 /media/fred/Work/coding/ta/ta/vendor/codeigniter4/framework/system/Commands/Server/rewrite.php(43): require_once('...')
#5 {main}
CRITICAL - 2022-05-20 22:56:15 --> Call to a member function move() on null
#0 /media/fred/Work/coding/ta/ta/vendor/codeigniter4/framework/system/CodeIgniter.php(825): App\Controllers\Siswa\Tugas->uploadtugas()
#1 /media/fred/Work/coding/ta/ta/vendor/codeigniter4/framework/system/CodeIgniter.php(412): CodeIgniter\CodeIgniter->runController()
#2 /media/fred/Work/coding/ta/ta/vendor/codeigniter4/framework/system/CodeIgniter.php(320): CodeIgniter\CodeIgniter->handleRequest()
#3 /media/fred/Work/coding/ta/ta/public/index.php(37): CodeIgniter\CodeIgniter->run()
#4 /media/fred/Work/coding/ta/ta/vendor/codeigniter4/framework/system/Commands/Server/rewrite.php(43): require_once('...')
#5 {main}
CRITICAL - 2022-05-20 22:56:31 --> Undefined array key "filetugas"
#0 /media/fred/Work/coding/ta/ta/app/Controllers/Siswa/Tugas.php(80): CodeIgniter\Debug\Exceptions->errorHandler()
#1 /media/fred/Work/coding/ta/ta/vendor/codeigniter4/framework/system/CodeIgniter.php(825): App\Controllers\Siswa\Tugas->uploadtugas()
#2 /media/fred/Work/coding/ta/ta/vendor/codeigniter4/framework/system/CodeIgniter.php(412): CodeIgniter\CodeIgniter->runController()
#3 /media/fred/Work/coding/ta/ta/vendor/codeigniter4/framework/system/CodeIgniter.php(320): CodeIgniter\CodeIgniter->handleRequest()
#4 /media/fred/Work/coding/ta/ta/public/index.php(37): CodeIgniter\CodeIgniter->run()
#5 /media/fred/Work/coding/ta/ta/vendor/codeigniter4/framework/system/Commands/Server/rewrite.php(43): require_once('...')
#6 {main}
CRITICAL - 2022-05-20 23:07:48 --> Undefined array key "guru"
#0 /media/fred/Work/coding/ta/ta/app/Views/siswa/tugas/kerjatugas.php(32): CodeIgniter\Debug\Exceptions->errorHandler()
#1 /media/fred/Work/coding/ta/ta/vendor/codeigniter4/framework/system/View/View.php(210): include('...')
#2 /media/fred/Work/coding/ta/ta/vendor/codeigniter4/framework/system/View/View.php(213): CodeIgniter\View\View->CodeIgniter\View\{closure}()
#3 /media/fred/Work/coding/ta/ta/vendor/codeigniter4/framework/system/Common.php(1089): CodeIgniter\View\View->render()
#4 /media/fred/Work/coding/ta/ta/app/Controllers/Siswa/Tugas.php(71): view()
#5 /media/fred/Work/coding/ta/ta/vendor/codeigniter4/framework/system/CodeIgniter.php(825): App\Controllers\Siswa\Tugas->kerjatugas()
#6 /media/fred/Work/coding/ta/ta/vendor/codeigniter4/framework/system/CodeIgniter.php(412): CodeIgniter\CodeIgniter->runController()
#7 /media/fred/Work/coding/ta/ta/vendor/codeigniter4/framework/system/CodeIgniter.php(320): CodeIgniter\CodeIgniter->handleRequest()
#8 /media/fred/Work/coding/ta/ta/public/index.php(37): CodeIgniter\CodeIgniter->run()
#9 /media/fred/Work/coding/ta/ta/vendor/codeigniter4/framework/system/Commands/Server/rewrite.php(43): require_once('...')
#10 {main}
CRITICAL - 2022-05-20 23:33:47 --> Undefined array key "ruangan"
#0 /media/fred/Work/coding/ta/ta/app/Controllers/Siswa/Tugas.php(58): CodeIgniter\Debug\Exceptions->errorHandler()
#1 /media/fred/Work/coding/ta/ta/vendor/codeigniter4/framework/system/CodeIgniter.php(825): App\Controllers\Siswa\Tugas->kerjatugas()
#2 /media/fred/Work/coding/ta/ta/vendor/codeigniter4/framework/system/CodeIgniter.php(412): CodeIgniter\CodeIgniter->runController()
#3 /media/fred/Work/coding/ta/ta/vendor/codeigniter4/framework/system/CodeIgniter.php(320): CodeIgniter\CodeIgniter->handleRequest()
#4 /media/fred/Work/coding/ta/ta/public/index.php(37): CodeIgniter\CodeIgniter->run()
#5 /media/fred/Work/coding/ta/ta/vendor/codeigniter4/framework/system/Commands/Server/rewrite.php(43): require_once('...')
#6 {main}
CRITICAL - 2022-05-20 23:43:40 --> Undefined array key "tugas"
#0 /media/fred/Work/coding/ta/ta/app/Controllers/Siswa/Tugas.php(68): CodeIgniter\Debug\Exceptions->errorHandler()
#1 /media/fred/Work/coding/ta/ta/vendor/codeigniter4/framework/system/CodeIgniter.php(825): App\Controllers\Siswa\Tugas->kerjatugas()
#2 /media/fred/Work/coding/ta/ta/vendor/codeigniter4/framework/system/CodeIgniter.php(412): CodeIgniter\CodeIgniter->runController()
#3 /media/fred/Work/coding/ta/ta/vendor/codeigniter4/framework/system/CodeIgniter.php(320): CodeIgniter\CodeIgniter->handleRequest()
#4 /media/fred/Work/coding/ta/ta/public/index.php(37): CodeIgniter\CodeIgniter->run()
#5 /media/fred/Work/coding/ta/ta/vendor/codeigniter4/framework/system/Commands/Server/rewrite.php(43): require_once('...')
#6 {main}
CRITICAL - 2022-05-20 23:45:11 --> Call to a member function where() on array
#0 /media/fred/Work/coding/ta/ta/vendor/codeigniter4/framework/system/CodeIgniter.php(825): App\Controllers\Siswa\Tugas->kerjatugas()
#1 /media/fred/Work/coding/ta/ta/vendor/codeigniter4/framework/system/CodeIgniter.php(412): CodeIgniter\CodeIgniter->runController()
#2 /media/fred/Work/coding/ta/ta/vendor/codeigniter4/framework/system/CodeIgniter.php(320): CodeIgniter\CodeIgniter->handleRequest()
#3 /media/fred/Work/coding/ta/ta/public/index.php(37): CodeIgniter\CodeIgniter->run()
#4 /media/fred/Work/coding/ta/ta/vendor/codeigniter4/framework/system/Commands/Server/rewrite.php(43): require_once('...')
#5 {main}
CRITICAL - 2022-05-20 23:49:26 --> Undefined array key "status"
#0 /media/fred/Work/coding/ta/ta/app/Controllers/Siswa/Tugas.php(71): CodeIgniter\Debug\Exceptions->errorHandler()
#1 /media/fred/Work/coding/ta/ta/vendor/codeigniter4/framework/system/CodeIgniter.php(825): App\Controllers\Siswa\Tugas->kerjatugas()
#2 /media/fred/Work/coding/ta/ta/vendor/codeigniter4/framework/system/CodeIgniter.php(412): CodeIgniter\CodeIgniter->runController()
#3 /media/fred/Work/coding/ta/ta/vendor/codeigniter4/framework/system/CodeIgniter.php(320): CodeIgniter\CodeIgniter->handleRequest()
#4 /media/fred/Work/coding/ta/ta/public/index.php(37): CodeIgniter\CodeIgniter->run()
#5 /media/fred/Work/coding/ta/ta/vendor/codeigniter4/framework/system/Commands/Server/rewrite.php(43): require_once('...')
#6 {main}
CRITICAL - 2022-05-20 23:51:02 --> Undefined array key "selesai"
#0 /media/fred/Work/coding/ta/ta/app/Views/siswa/tugas/kerjatugas.php(25): CodeIgniter\Debug\Exceptions->errorHandler()
#1 /media/fred/Work/coding/ta/ta/vendor/codeigniter4/framework/system/View/View.php(210): include('...')
#2 /media/fred/Work/coding/ta/ta/vendor/codeigniter4/framework/system/View/View.php(213): CodeIgniter\View\View->CodeIgniter\View\{closure}()
#3 /media/fred/Work/coding/ta/ta/vendor/codeigniter4/framework/system/Common.php(1089): CodeIgniter\View\View->render()
#4 /media/fred/Work/coding/ta/ta/app/Controllers/Siswa/Tugas.php(78): view()
#5 /media/fred/Work/coding/ta/ta/vendor/codeigniter4/framework/system/CodeIgniter.php(825): App\Controllers\Siswa\Tugas->kerjatugas()
#6 /media/fred/Work/coding/ta/ta/vendor/codeigniter4/framework/system/CodeIgniter.php(412): CodeIgniter\CodeIgniter->runController()
#7 /media/fred/Work/coding/ta/ta/vendor/codeigniter4/framework/system/CodeIgniter.php(320): CodeIgniter\CodeIgniter->handleRequest()
#8 /media/fred/Work/coding/ta/ta/public/index.php(37): CodeIgniter\CodeIgniter->run()
#9 /media/fred/Work/coding/ta/ta/vendor/codeigniter4/framework/system/Commands/Server/rewrite.php(43): require_once('...')
#10 {main}
CRITICAL - 2022-05-20 23:51:33 --> Undefined array key "selesai"
#0 /media/fred/Work/coding/ta/ta/app/Views/siswa/tugas/kerjatugas.php(25): CodeIgniter\Debug\Exceptions->errorHandler()
#1 /media/fred/Work/coding/ta/ta/vendor/codeigniter4/framework/system/View/View.php(210): include('...')
#2 /media/fred/Work/coding/ta/ta/vendor/codeigniter4/framework/system/View/View.php(213): CodeIgniter\View\View->CodeIgniter\View\{closure}()
#3 /media/fred/Work/coding/ta/ta/vendor/codeigniter4/framework/system/Common.php(1089): CodeIgniter\View\View->render()
#4 /media/fred/Work/coding/ta/ta/app/Controllers/Siswa/Tugas.php(80): view()
#5 /media/fred/Work/coding/ta/ta/vendor/codeigniter4/framework/system/CodeIgniter.php(825): App\Controllers\Siswa\Tugas->kerjatugas()
#6 /media/fred/Work/coding/ta/ta/vendor/codeigniter4/framework/system/CodeIgniter.php(412): CodeIgniter\CodeIgniter->runController()
#7 /media/fred/Work/coding/ta/ta/vendor/codeigniter4/framework/system/CodeIgniter.php(320): CodeIgniter\CodeIgniter->handleRequest()
#8 /media/fred/Work/coding/ta/ta/public/index.php(37): CodeIgniter\CodeIgniter->run()
#9 /media/fred/Work/coding/ta/ta/vendor/codeigniter4/framework/system/Commands/Server/rewrite.php(43): require_once('...')
#10 {main}
CRITICAL - 2022-05-20 23:51:35 --> Undefined array key "selesai"
#0 /media/fred/Work/coding/ta/ta/app/Views/siswa/tugas/kerjatugas.php(25): CodeIgniter\Debug\Exceptions->errorHandler()
#1 /media/fred/Work/coding/ta/ta/vendor/codeigniter4/framework/system/View/View.php(210): include('...')
#2 /media/fred/Work/coding/ta/ta/vendor/codeigniter4/framework/system/View/View.php(213): CodeIgniter\View\View->CodeIgniter\View\{closure}()
#3 /media/fred/Work/coding/ta/ta/vendor/codeigniter4/framework/system/Common.php(1089): CodeIgniter\View\View->render()
#4 /media/fred/Work/coding/ta/ta/app/Controllers/Siswa/Tugas.php(80): view()
#5 /media/fred/Work/coding/ta/ta/vendor/codeigniter4/framework/system/CodeIgniter.php(825): App\Controllers\Siswa\Tugas->kerjatugas()
#6 /media/fred/Work/coding/ta/ta/vendor/codeigniter4/framework/system/CodeIgniter.php(412): CodeIgniter\CodeIgniter->runController()
#7 /media/fred/Work/coding/ta/ta/vendor/codeigniter4/framework/system/CodeIgniter.php(320): CodeIgniter\CodeIgniter->handleRequest()
#8 /media/fred/Work/coding/ta/ta/public/index.php(37): CodeIgniter\CodeIgniter->run()
#9 /media/fred/Work/coding/ta/ta/vendor/codeigniter4/framework/system/Commands/Server/rewrite.php(43): require_once('...')
#10 {main}
CRITICAL - 2022-05-20 23:51:35 --> Undefined array key "selesai"
#0 /media/fred/Work/coding/ta/ta/app/Views/siswa/tugas/kerjatugas.php(25): CodeIgniter\Debug\Exceptions->errorHandler()
#1 /media/fred/Work/coding/ta/ta/vendor/codeigniter4/framework/system/View/View.php(210): include('...')
#2 /media/fred/Work/coding/ta/ta/vendor/codeigniter4/framework/system/View/View.php(213): CodeIgniter\View\View->CodeIgniter\View\{closure}()
#3 /media/fred/Work/coding/ta/ta/vendor/codeigniter4/framework/system/Common.php(1089): CodeIgniter\View\View->render()
#4 /media/fred/Work/coding/ta/ta/app/Controllers/Siswa/Tugas.php(80): view()
#5 /media/fred/Work/coding/ta/ta/vendor/codeigniter4/framework/system/CodeIgniter.php(825): App\Controllers\Siswa\Tugas->kerjatugas()
#6 /media/fred/Work/coding/ta/ta/vendor/codeigniter4/framework/system/CodeIgniter.php(412): CodeIgniter\CodeIgniter->runController()
#7 /media/fred/Work/coding/ta/ta/vendor/codeigniter4/framework/system/CodeIgniter.php(320): CodeIgniter\CodeIgniter->handleRequest()
#8 /media/fred/Work/coding/ta/ta/public/index.php(37): CodeIgniter\CodeIgniter->run()
#9 /media/fred/Work/coding/ta/ta/vendor/codeigniter4/framework/system/Commands/Server/rewrite.php(43): require_once('...')
#10 {main}
CRITICAL - 2022-05-20 23:52:16 --> Undefined variable $selesai
#0 /media/fred/Work/coding/ta/ta/app/Views/siswa/tugas/kerjatugas.php(25): CodeIgniter\Debug\Exceptions->errorHandler()
#1 /media/fred/Work/coding/ta/ta/vendor/codeigniter4/framework/system/View/View.php(210): include('...')
#2 /media/fred/Work/coding/ta/ta/vendor/codeigniter4/framework/system/View/View.php(213): CodeIgniter\View\View->CodeIgniter\View\{closure}()
#3 /media/fred/Work/coding/ta/ta/vendor/codeigniter4/framework/system/Common.php(1089): CodeIgniter\View\View->render()
#4 /media/fred/Work/coding/ta/ta/app/Controllers/Siswa/Tugas.php(80): view()
#5 /media/fred/Work/coding/ta/ta/vendor/codeigniter4/framework/system/CodeIgniter.php(825): App\Controllers\Siswa\Tugas->kerjatugas()
#6 /media/fred/Work/coding/ta/ta/vendor/codeigniter4/framework/system/CodeIgniter.php(412): CodeIgniter\CodeIgniter->runController()
#7 /media/fred/Work/coding/ta/ta/vendor/codeigniter4/framework/system/CodeIgniter.php(320): CodeIgniter\CodeIgniter->handleRequest()
#8 /media/fred/Work/coding/ta/ta/public/index.php(37): CodeIgniter\CodeIgniter->run()
#9 /media/fred/Work/coding/ta/ta/vendor/codeigniter4/framework/system/Commands/Server/rewrite.php(43): require_once('...')
#10 {main}
CRITICAL - 2022-05-20 23:52:32 --> Undefined variable $data
#0 /media/fred/Work/coding/ta/ta/app/Views/siswa/tugas/kerjatugas.php(25): CodeIgniter\Debug\Exceptions->errorHandler()
#1 /media/fred/Work/coding/ta/ta/vendor/codeigniter4/framework/system/View/View.php(210): include('...')
#2 /media/fred/Work/coding/ta/ta/vendor/codeigniter4/framework/system/View/View.php(213): CodeIgniter\View\View->CodeIgniter\View\{closure}()
#3 /media/fred/Work/coding/ta/ta/vendor/codeigniter4/framework/system/Common.php(1089): CodeIgniter\View\View->render()
#4 /media/fred/Work/coding/ta/ta/app/Controllers/Siswa/Tugas.php(80): view()
#5 /media/fred/Work/coding/ta/ta/vendor/codeigniter4/framework/system/CodeIgniter.php(825): App\Controllers\Siswa\Tugas->kerjatugas()
#6 /media/fred/Work/coding/ta/ta/vendor/codeigniter4/framework/system/CodeIgniter.php(412): CodeIgniter\CodeIgniter->runController()
#7 /media/fred/Work/coding/ta/ta/vendor/codeigniter4/framework/system/CodeIgniter.php(320): CodeIgniter\CodeIgniter->handleRequest()
#8 /media/fred/Work/coding/ta/ta/public/index.php(37): CodeIgniter\CodeIgniter->run()
#9 /media/fred/Work/coding/ta/ta/vendor/codeigniter4/framework/system/Commands/Server/rewrite.php(43): require_once('...')
#10 {main}
CRITICAL - 2022-05-20 23:53:03 --> Undefined variable $selesai
#0 /media/fred/Work/coding/ta/ta/app/Views/siswa/tugas/kerjatugas.php(25): CodeIgniter\Debug\Exceptions->errorHandler()
#1 /media/fred/Work/coding/ta/ta/vendor/codeigniter4/framework/system/View/View.php(210): include('...')
#2 /media/fred/Work/coding/ta/ta/vendor/codeigniter4/framework/system/View/View.php(213): CodeIgniter\View\View->CodeIgniter\View\{closure}()
#3 /media/fred/Work/coding/ta/ta/vendor/codeigniter4/framework/system/Common.php(1089): CodeIgniter\View\View->render()
#4 /media/fred/Work/coding/ta/ta/app/Controllers/Siswa/Tugas.php(80): view()
#5 /media/fred/Work/coding/ta/ta/vendor/codeigniter4/framework/system/CodeIgniter.php(825): App\Controllers\Siswa\Tugas->kerjatugas()
#6 /media/fred/Work/coding/ta/ta/vendor/codeigniter4/framework/system/CodeIgniter.php(412): CodeIgniter\CodeIgniter->runController()
#7 /media/fred/Work/coding/ta/ta/vendor/codeigniter4/framework/system/CodeIgniter.php(320): CodeIgniter\CodeIgniter->handleRequest()
#8 /media/fred/Work/coding/ta/ta/public/index.php(37): CodeIgniter\CodeIgniter->run()
#9 /media/fred/Work/coding/ta/ta/vendor/codeigniter4/framework/system/Commands/Server/rewrite.php(43): require_once('...')
#10 {main}
