CRITICAL - 2022-07-20 21:41:21 --> CodeIgniter\BaseModel::transformDataToArray(): Return value must be of type array, string returned
#0 /mnt/work/coding/ta/ta/vendor/codeigniter4/framework/system/BaseModel.php(704): CodeIgniter\BaseModel->transformDataToArray()
#1 /mnt/work/coding/ta/ta/vendor/codeigniter4/framework/system/Model.php(625): CodeIgniter\BaseModel->insert()
#2 /mnt/work/coding/ta/ta/vendor/codeigniter4/framework/system/BaseModel.php(658): CodeIgniter\Model->insert()
#3 /mnt/work/coding/ta/ta/app/Controllers/Guru/Absensi.php(56): CodeIgniter\BaseModel->save()
#4 /mnt/work/coding/ta/ta/vendor/codeigniter4/framework/system/CodeIgniter.php(825): App\Controllers\Guru\Absensi->updateabsensi()
#5 /mnt/work/coding/ta/ta/vendor/codeigniter4/framework/system/CodeIgniter.php(412): CodeIgniter\CodeIgniter->runController()
#6 /mnt/work/coding/ta/ta/vendor/codeigniter4/framework/system/CodeIgniter.php(320): CodeIgniter\CodeIgniter->handleRequest()
#7 /mnt/work/coding/ta/ta/public/index.php(37): CodeIgniter\CodeIgniter->run()
#8 /mnt/work/coding/ta/ta/vendor/codeigniter4/framework/system/Commands/Server/rewrite.php(43): require_once('...')
#9 {main}
CRITICAL - 2022-07-20 21:41:23 --> CodeIgniter\BaseModel::transformDataToArray(): Return value must be of type array, string returned
#0 /mnt/work/coding/ta/ta/vendor/codeigniter4/framework/system/BaseModel.php(704): CodeIgniter\BaseModel->transformDataToArray()
#1 /mnt/work/coding/ta/ta/vendor/codeigniter4/framework/system/Model.php(625): CodeIgniter\BaseModel->insert()
#2 /mnt/work/coding/ta/ta/vendor/codeigniter4/framework/system/BaseModel.php(658): CodeIgniter\Model->insert()
#3 /mnt/work/coding/ta/ta/app/Controllers/Guru/Absensi.php(56): CodeIgniter\BaseModel->save()
#4 /mnt/work/coding/ta/ta/vendor/codeigniter4/framework/system/CodeIgniter.php(825): App\Controllers\Guru\Absensi->updateabsensi()
#5 /mnt/work/coding/ta/ta/vendor/codeigniter4/framework/system/CodeIgniter.php(412): CodeIgniter\CodeIgniter->runController()
#6 /mnt/work/coding/ta/ta/vendor/codeigniter4/framework/system/CodeIgniter.php(320): CodeIgniter\CodeIgniter->handleRequest()
#7 /mnt/work/coding/ta/ta/public/index.php(37): CodeIgniter\CodeIgniter->run()
#8 /mnt/work/coding/ta/ta/vendor/codeigniter4/framework/system/Commands/Server/rewrite.php(43): require_once('...')
#9 {main}
CRITICAL - 2022-07-20 21:58:31 --> Undefined array key 19
#0 /mnt/work/coding/ta/ta/app/Views/guru/absensi/index.php(56): CodeIgniter\Debug\Exceptions->errorHandler()
#1 /mnt/work/coding/ta/ta/vendor/codeigniter4/framework/system/View/View.php(210): include('...')
#2 /mnt/work/coding/ta/ta/vendor/codeigniter4/framework/system/View/View.php(213): CodeIgniter\View\View->CodeIgniter\View\{closure}()
#3 /mnt/work/coding/ta/ta/vendor/codeigniter4/framework/system/Common.php(1089): CodeIgniter\View\View->render()
#4 /mnt/work/coding/ta/ta/app/Controllers/Guru/Absensi.php(26): view()
#5 /mnt/work/coding/ta/ta/vendor/codeigniter4/framework/system/CodeIgniter.php(825): App\Controllers\Guru\Absensi->index()
#6 /mnt/work/coding/ta/ta/vendor/codeigniter4/framework/system/CodeIgniter.php(412): CodeIgniter\CodeIgniter->runController()
#7 /mnt/work/coding/ta/ta/vendor/codeigniter4/framework/system/CodeIgniter.php(320): CodeIgniter\CodeIgniter->handleRequest()
#8 /mnt/work/coding/ta/ta/public/index.php(37): CodeIgniter\CodeIgniter->run()
#9 /mnt/work/coding/ta/ta/vendor/codeigniter4/framework/system/Commands/Server/rewrite.php(43): require_once('...')
#10 {main}
CRITICAL - 2022-07-20 21:58:45 --> Undefined array key 19
#0 /mnt/work/coding/ta/ta/app/Views/guru/absensi/index.php(56): CodeIgniter\Debug\Exceptions->errorHandler()
#1 /mnt/work/coding/ta/ta/vendor/codeigniter4/framework/system/View/View.php(210): include('...')
#2 /mnt/work/coding/ta/ta/vendor/codeigniter4/framework/system/View/View.php(213): CodeIgniter\View\View->CodeIgniter\View\{closure}()
#3 /mnt/work/coding/ta/ta/vendor/codeigniter4/framework/system/Common.php(1089): CodeIgniter\View\View->render()
#4 /mnt/work/coding/ta/ta/app/Controllers/Guru/Absensi.php(26): view()
#5 /mnt/work/coding/ta/ta/vendor/codeigniter4/framework/system/CodeIgniter.php(825): App\Controllers\Guru\Absensi->index()
#6 /mnt/work/coding/ta/ta/vendor/codeigniter4/framework/system/CodeIgniter.php(412): CodeIgniter\CodeIgniter->runController()
#7 /mnt/work/coding/ta/ta/vendor/codeigniter4/framework/system/CodeIgniter.php(320): CodeIgniter\CodeIgniter->handleRequest()
#8 /mnt/work/coding/ta/ta/public/index.php(37): CodeIgniter\CodeIgniter->run()
#9 /mnt/work/coding/ta/ta/vendor/codeigniter4/framework/system/Commands/Server/rewrite.php(43): require_once('...')
#10 {main}
CRITICAL - 2022-07-20 22:01:14 --> Undefined array key 19
#0 /mnt/work/coding/ta/ta/app/Views/guru/absensi/index.php(56): CodeIgniter\Debug\Exceptions->errorHandler()
#1 /mnt/work/coding/ta/ta/vendor/codeigniter4/framework/system/View/View.php(210): include('...')
#2 /mnt/work/coding/ta/ta/vendor/codeigniter4/framework/system/View/View.php(213): CodeIgniter\View\View->CodeIgniter\View\{closure}()
#3 /mnt/work/coding/ta/ta/vendor/codeigniter4/framework/system/Common.php(1089): CodeIgniter\View\View->render()
#4 /mnt/work/coding/ta/ta/app/Controllers/Guru/Absensi.php(26): view()
#5 /mnt/work/coding/ta/ta/vendor/codeigniter4/framework/system/CodeIgniter.php(825): App\Controllers\Guru\Absensi->index()
#6 /mnt/work/coding/ta/ta/vendor/codeigniter4/framework/system/CodeIgniter.php(412): CodeIgniter\CodeIgniter->runController()
#7 /mnt/work/coding/ta/ta/vendor/codeigniter4/framework/system/CodeIgniter.php(320): CodeIgniter\CodeIgniter->handleRequest()
#8 /mnt/work/coding/ta/ta/public/index.php(37): CodeIgniter\CodeIgniter->run()
#9 /mnt/work/coding/ta/ta/vendor/codeigniter4/framework/system/Commands/Server/rewrite.php(43): require_once('...')
#10 {main}
CRITICAL - 2022-07-20 22:01:14 --> Undefined array key 19
#0 /mnt/work/coding/ta/ta/app/Views/guru/absensi/index.php(56): CodeIgniter\Debug\Exceptions->errorHandler()
#1 /mnt/work/coding/ta/ta/vendor/codeigniter4/framework/system/View/View.php(210): include('...')
#2 /mnt/work/coding/ta/ta/vendor/codeigniter4/framework/system/View/View.php(213): CodeIgniter\View\View->CodeIgniter\View\{closure}()
#3 /mnt/work/coding/ta/ta/vendor/codeigniter4/framework/system/Common.php(1089): CodeIgniter\View\View->render()
#4 /mnt/work/coding/ta/ta/app/Controllers/Guru/Absensi.php(26): view()
#5 /mnt/work/coding/ta/ta/vendor/codeigniter4/framework/system/CodeIgniter.php(825): App\Controllers\Guru\Absensi->index()
#6 /mnt/work/coding/ta/ta/vendor/codeigniter4/framework/system/CodeIgniter.php(412): CodeIgniter\CodeIgniter->runController()
#7 /mnt/work/coding/ta/ta/vendor/codeigniter4/framework/system/CodeIgniter.php(320): CodeIgniter\CodeIgniter->handleRequest()
#8 /mnt/work/coding/ta/ta/public/index.php(37): CodeIgniter\CodeIgniter->run()
#9 /mnt/work/coding/ta/ta/vendor/codeigniter4/framework/system/Commands/Server/rewrite.php(43): require_once('...')
#10 {main}
CRITICAL - 2022-07-20 22:01:15 --> Undefined array key 19
#0 /mnt/work/coding/ta/ta/app/Views/guru/absensi/index.php(56): CodeIgniter\Debug\Exceptions->errorHandler()
#1 /mnt/work/coding/ta/ta/vendor/codeigniter4/framework/system/View/View.php(210): include('...')
#2 /mnt/work/coding/ta/ta/vendor/codeigniter4/framework/system/View/View.php(213): CodeIgniter\View\View->CodeIgniter\View\{closure}()
#3 /mnt/work/coding/ta/ta/vendor/codeigniter4/framework/system/Common.php(1089): CodeIgniter\View\View->render()
#4 /mnt/work/coding/ta/ta/app/Controllers/Guru/Absensi.php(26): view()
#5 /mnt/work/coding/ta/ta/vendor/codeigniter4/framework/system/CodeIgniter.php(825): App\Controllers\Guru\Absensi->index()
#6 /mnt/work/coding/ta/ta/vendor/codeigniter4/framework/system/CodeIgniter.php(412): CodeIgniter\CodeIgniter->runController()
#7 /mnt/work/coding/ta/ta/vendor/codeigniter4/framework/system/CodeIgniter.php(320): CodeIgniter\CodeIgniter->handleRequest()
#8 /mnt/work/coding/ta/ta/public/index.php(37): CodeIgniter\CodeIgniter->run()
#9 /mnt/work/coding/ta/ta/vendor/codeigniter4/framework/system/Commands/Server/rewrite.php(43): require_once('...')
#10 {main}
CRITICAL - 2022-07-20 22:01:15 --> Undefined array key 19
#0 /mnt/work/coding/ta/ta/app/Views/guru/absensi/index.php(56): CodeIgniter\Debug\Exceptions->errorHandler()
#1 /mnt/work/coding/ta/ta/vendor/codeigniter4/framework/system/View/View.php(210): include('...')
#2 /mnt/work/coding/ta/ta/vendor/codeigniter4/framework/system/View/View.php(213): CodeIgniter\View\View->CodeIgniter\View\{closure}()
#3 /mnt/work/coding/ta/ta/vendor/codeigniter4/framework/system/Common.php(1089): CodeIgniter\View\View->render()
#4 /mnt/work/coding/ta/ta/app/Controllers/Guru/Absensi.php(26): view()
#5 /mnt/work/coding/ta/ta/vendor/codeigniter4/framework/system/CodeIgniter.php(825): App\Controllers\Guru\Absensi->index()
#6 /mnt/work/coding/ta/ta/vendor/codeigniter4/framework/system/CodeIgniter.php(412): CodeIgniter\CodeIgniter->runController()
#7 /mnt/work/coding/ta/ta/vendor/codeigniter4/framework/system/CodeIgniter.php(320): CodeIgniter\CodeIgniter->handleRequest()
#8 /mnt/work/coding/ta/ta/public/index.php(37): CodeIgniter\CodeIgniter->run()
#9 /mnt/work/coding/ta/ta/vendor/codeigniter4/framework/system/Commands/Server/rewrite.php(43): require_once('...')
#10 {main}
CRITICAL - 2022-07-20 22:01:17 --> Undefined array key 19
#0 /mnt/work/coding/ta/ta/app/Views/guru/absensi/index.php(56): CodeIgniter\Debug\Exceptions->errorHandler()
#1 /mnt/work/coding/ta/ta/vendor/codeigniter4/framework/system/View/View.php(210): include('...')
#2 /mnt/work/coding/ta/ta/vendor/codeigniter4/framework/system/View/View.php(213): CodeIgniter\View\View->CodeIgniter\View\{closure}()
#3 /mnt/work/coding/ta/ta/vendor/codeigniter4/framework/system/Common.php(1089): CodeIgniter\View\View->render()
#4 /mnt/work/coding/ta/ta/app/Controllers/Guru/Absensi.php(26): view()
#5 /mnt/work/coding/ta/ta/vendor/codeigniter4/framework/system/CodeIgniter.php(825): App\Controllers\Guru\Absensi->index()
#6 /mnt/work/coding/ta/ta/vendor/codeigniter4/framework/system/CodeIgniter.php(412): CodeIgniter\CodeIgniter->runController()
#7 /mnt/work/coding/ta/ta/vendor/codeigniter4/framework/system/CodeIgniter.php(320): CodeIgniter\CodeIgniter->handleRequest()
#8 /mnt/work/coding/ta/ta/public/index.php(37): CodeIgniter\CodeIgniter->run()
#9 /mnt/work/coding/ta/ta/vendor/codeigniter4/framework/system/Commands/Server/rewrite.php(43): require_once('...')
#10 {main}
CRITICAL - 2022-07-20 22:02:29 --> Undefined array key 19
#0 /mnt/work/coding/ta/ta/app/Views/guru/absensi/index.php(56): CodeIgniter\Debug\Exceptions->errorHandler()
#1 /mnt/work/coding/ta/ta/vendor/codeigniter4/framework/system/View/View.php(210): include('...')
#2 /mnt/work/coding/ta/ta/vendor/codeigniter4/framework/system/View/View.php(213): CodeIgniter\View\View->CodeIgniter\View\{closure}()
#3 /mnt/work/coding/ta/ta/vendor/codeigniter4/framework/system/Common.php(1089): CodeIgniter\View\View->render()
#4 /mnt/work/coding/ta/ta/app/Controllers/Guru/Absensi.php(26): view()
#5 /mnt/work/coding/ta/ta/vendor/codeigniter4/framework/system/CodeIgniter.php(825): App\Controllers\Guru\Absensi->index()
#6 /mnt/work/coding/ta/ta/vendor/codeigniter4/framework/system/CodeIgniter.php(412): CodeIgniter\CodeIgniter->runController()
#7 /mnt/work/coding/ta/ta/vendor/codeigniter4/framework/system/CodeIgniter.php(320): CodeIgniter\CodeIgniter->handleRequest()
#8 /mnt/work/coding/ta/ta/public/index.php(37): CodeIgniter\CodeIgniter->run()
#9 /mnt/work/coding/ta/ta/vendor/codeigniter4/framework/system/Commands/Server/rewrite.php(43): require_once('...')
#10 {main}
CRITICAL - 2022-07-20 22:02:59 --> Undefined array key 19
#0 /mnt/work/coding/ta/ta/app/Views/guru/absensi/index.php(56): CodeIgniter\Debug\Exceptions->errorHandler()
#1 /mnt/work/coding/ta/ta/vendor/codeigniter4/framework/system/View/View.php(210): include('...')
#2 /mnt/work/coding/ta/ta/vendor/codeigniter4/framework/system/View/View.php(213): CodeIgniter\View\View->CodeIgniter\View\{closure}()
#3 /mnt/work/coding/ta/ta/vendor/codeigniter4/framework/system/Common.php(1089): CodeIgniter\View\View->render()
#4 /mnt/work/coding/ta/ta/app/Controllers/Guru/Absensi.php(26): view()
#5 /mnt/work/coding/ta/ta/vendor/codeigniter4/framework/system/CodeIgniter.php(825): App\Controllers\Guru\Absensi->index()
#6 /mnt/work/coding/ta/ta/vendor/codeigniter4/framework/system/CodeIgniter.php(412): CodeIgniter\CodeIgniter->runController()
#7 /mnt/work/coding/ta/ta/vendor/codeigniter4/framework/system/CodeIgniter.php(320): CodeIgniter\CodeIgniter->handleRequest()
#8 /mnt/work/coding/ta/ta/public/index.php(37): CodeIgniter\CodeIgniter->run()
#9 /mnt/work/coding/ta/ta/vendor/codeigniter4/framework/system/Commands/Server/rewrite.php(43): require_once('...')
#10 {main}
CRITICAL - 2022-07-20 22:16:47 --> Trying to access array offset on value of type bool
#0 /mnt/work/coding/ta/ta/app/Views/guru/absensi/index.php(59): CodeIgniter\Debug\Exceptions->errorHandler()
#1 /mnt/work/coding/ta/ta/vendor/codeigniter4/framework/system/View/View.php(210): include('...')
#2 /mnt/work/coding/ta/ta/vendor/codeigniter4/framework/system/View/View.php(213): CodeIgniter\View\View->CodeIgniter\View\{closure}()
#3 /mnt/work/coding/ta/ta/vendor/codeigniter4/framework/system/Common.php(1089): CodeIgniter\View\View->render()
#4 /mnt/work/coding/ta/ta/app/Controllers/Guru/Absensi.php(26): view()
#5 /mnt/work/coding/ta/ta/vendor/codeigniter4/framework/system/CodeIgniter.php(825): App\Controllers\Guru\Absensi->index()
#6 /mnt/work/coding/ta/ta/vendor/codeigniter4/framework/system/CodeIgniter.php(412): CodeIgniter\CodeIgniter->runController()
#7 /mnt/work/coding/ta/ta/vendor/codeigniter4/framework/system/CodeIgniter.php(320): CodeIgniter\CodeIgniter->handleRequest()
#8 /mnt/work/coding/ta/ta/public/index.php(37): CodeIgniter\CodeIgniter->run()
#9 /mnt/work/coding/ta/ta/vendor/codeigniter4/framework/system/Commands/Server/rewrite.php(43): require_once('...')
#10 {main}
CRITICAL - 2022-07-20 22:29:23 --> Undefined array key "id"
#0 /mnt/work/coding/ta/ta/app/Views/guru/absensi/index.php(56): CodeIgniter\Debug\Exceptions->errorHandler()
#1 /mnt/work/coding/ta/ta/vendor/codeigniter4/framework/system/View/View.php(210): include('...')
#2 /mnt/work/coding/ta/ta/vendor/codeigniter4/framework/system/View/View.php(213): CodeIgniter\View\View->CodeIgniter\View\{closure}()
#3 /mnt/work/coding/ta/ta/vendor/codeigniter4/framework/system/Common.php(1089): CodeIgniter\View\View->render()
#4 /mnt/work/coding/ta/ta/app/Controllers/Guru/Absensi.php(26): view()
#5 /mnt/work/coding/ta/ta/vendor/codeigniter4/framework/system/CodeIgniter.php(825): App\Controllers\Guru\Absensi->index()
#6 /mnt/work/coding/ta/ta/vendor/codeigniter4/framework/system/CodeIgniter.php(412): CodeIgniter\CodeIgniter->runController()
#7 /mnt/work/coding/ta/ta/vendor/codeigniter4/framework/system/CodeIgniter.php(320): CodeIgniter\CodeIgniter->handleRequest()
#8 /mnt/work/coding/ta/ta/public/index.php(37): CodeIgniter\CodeIgniter->run()
#9 /mnt/work/coding/ta/ta/vendor/codeigniter4/framework/system/Commands/Server/rewrite.php(43): require_once('...')
#10 {main}
CRITICAL - 2022-07-20 22:49:01 --> Undefined array key "id"
#0 /mnt/work/coding/ta/ta/app/Views/guru/absensi/index.php(115): CodeIgniter\Debug\Exceptions->errorHandler()
#1 /mnt/work/coding/ta/ta/vendor/codeigniter4/framework/system/View/View.php(210): include('...')
#2 /mnt/work/coding/ta/ta/vendor/codeigniter4/framework/system/View/View.php(213): CodeIgniter\View\View->CodeIgniter\View\{closure}()
#3 /mnt/work/coding/ta/ta/vendor/codeigniter4/framework/system/Common.php(1089): CodeIgniter\View\View->render()
#4 /mnt/work/coding/ta/ta/app/Controllers/Guru/Absensi.php(26): view()
#5 /mnt/work/coding/ta/ta/vendor/codeigniter4/framework/system/CodeIgniter.php(825): App\Controllers\Guru\Absensi->index()
#6 /mnt/work/coding/ta/ta/vendor/codeigniter4/framework/system/CodeIgniter.php(412): CodeIgniter\CodeIgniter->runController()
#7 /mnt/work/coding/ta/ta/vendor/codeigniter4/framework/system/CodeIgniter.php(320): CodeIgniter\CodeIgniter->handleRequest()
#8 /mnt/work/coding/ta/ta/public/index.php(37): CodeIgniter\CodeIgniter->run()
#9 /mnt/work/coding/ta/ta/vendor/codeigniter4/framework/system/Commands/Server/rewrite.php(43): require_once('...')
#10 {main}
CRITICAL - 2022-07-20 22:50:36 --> Undefined array key "id"
#0 /mnt/work/coding/ta/ta/app/Views/guru/absensi/index.php(114): CodeIgniter\Debug\Exceptions->errorHandler()
#1 /mnt/work/coding/ta/ta/vendor/codeigniter4/framework/system/View/View.php(210): include('...')
#2 /mnt/work/coding/ta/ta/vendor/codeigniter4/framework/system/View/View.php(213): CodeIgniter\View\View->CodeIgniter\View\{closure}()
#3 /mnt/work/coding/ta/ta/vendor/codeigniter4/framework/system/Common.php(1089): CodeIgniter\View\View->render()
#4 /mnt/work/coding/ta/ta/app/Controllers/Guru/Absensi.php(26): view()
#5 /mnt/work/coding/ta/ta/vendor/codeigniter4/framework/system/CodeIgniter.php(825): App\Controllers\Guru\Absensi->index()
#6 /mnt/work/coding/ta/ta/vendor/codeigniter4/framework/system/CodeIgniter.php(412): CodeIgniter\CodeIgniter->runController()
#7 /mnt/work/coding/ta/ta/vendor/codeigniter4/framework/system/CodeIgniter.php(320): CodeIgniter\CodeIgniter->handleRequest()
#8 /mnt/work/coding/ta/ta/public/index.php(37): CodeIgniter\CodeIgniter->run()
#9 /mnt/work/coding/ta/ta/vendor/codeigniter4/framework/system/Commands/Server/rewrite.php(43): require_once('...')
#10 {main}
CRITICAL - 2022-07-20 22:52:15 --> Undefined array key "id"
#0 /mnt/work/coding/ta/ta/app/Views/guru/absensi/index.php(114): CodeIgniter\Debug\Exceptions->errorHandler()
#1 /mnt/work/coding/ta/ta/vendor/codeigniter4/framework/system/View/View.php(210): include('...')
#2 /mnt/work/coding/ta/ta/vendor/codeigniter4/framework/system/View/View.php(213): CodeIgniter\View\View->CodeIgniter\View\{closure}()
#3 /mnt/work/coding/ta/ta/vendor/codeigniter4/framework/system/Common.php(1089): CodeIgniter\View\View->render()
#4 /mnt/work/coding/ta/ta/app/Controllers/Guru/Absensi.php(26): view()
#5 /mnt/work/coding/ta/ta/vendor/codeigniter4/framework/system/CodeIgniter.php(825): App\Controllers\Guru\Absensi->index()
#6 /mnt/work/coding/ta/ta/vendor/codeigniter4/framework/system/CodeIgniter.php(412): CodeIgniter\CodeIgniter->runController()
#7 /mnt/work/coding/ta/ta/vendor/codeigniter4/framework/system/CodeIgniter.php(320): CodeIgniter\CodeIgniter->handleRequest()
#8 /mnt/work/coding/ta/ta/public/index.php(37): CodeIgniter\CodeIgniter->run()
#9 /mnt/work/coding/ta/ta/vendor/codeigniter4/framework/system/Commands/Server/rewrite.php(43): require_once('...')
#10 {main}
CRITICAL - 2022-07-20 22:52:28 --> Undefined array key "id"
#0 /mnt/work/coding/ta/ta/app/Views/guru/absensi/index.php(114): CodeIgniter\Debug\Exceptions->errorHandler()
#1 /mnt/work/coding/ta/ta/vendor/codeigniter4/framework/system/View/View.php(210): include('...')
#2 /mnt/work/coding/ta/ta/vendor/codeigniter4/framework/system/View/View.php(213): CodeIgniter\View\View->CodeIgniter\View\{closure}()
#3 /mnt/work/coding/ta/ta/vendor/codeigniter4/framework/system/Common.php(1089): CodeIgniter\View\View->render()
#4 /mnt/work/coding/ta/ta/app/Controllers/Guru/Absensi.php(26): view()
#5 /mnt/work/coding/ta/ta/vendor/codeigniter4/framework/system/CodeIgniter.php(825): App\Controllers\Guru\Absensi->index()
#6 /mnt/work/coding/ta/ta/vendor/codeigniter4/framework/system/CodeIgniter.php(412): CodeIgniter\CodeIgniter->runController()
#7 /mnt/work/coding/ta/ta/vendor/codeigniter4/framework/system/CodeIgniter.php(320): CodeIgniter\CodeIgniter->handleRequest()
#8 /mnt/work/coding/ta/ta/public/index.php(37): CodeIgniter\CodeIgniter->run()
#9 /mnt/work/coding/ta/ta/vendor/codeigniter4/framework/system/Commands/Server/rewrite.php(43): require_once('...')
#10 {main}
CRITICAL - 2022-07-20 22:52:29 --> Undefined array key "id"
#0 /mnt/work/coding/ta/ta/app/Views/guru/absensi/index.php(114): CodeIgniter\Debug\Exceptions->errorHandler()
#1 /mnt/work/coding/ta/ta/vendor/codeigniter4/framework/system/View/View.php(210): include('...')
#2 /mnt/work/coding/ta/ta/vendor/codeigniter4/framework/system/View/View.php(213): CodeIgniter\View\View->CodeIgniter\View\{closure}()
#3 /mnt/work/coding/ta/ta/vendor/codeigniter4/framework/system/Common.php(1089): CodeIgniter\View\View->render()
#4 /mnt/work/coding/ta/ta/app/Controllers/Guru/Absensi.php(26): view()
#5 /mnt/work/coding/ta/ta/vendor/codeigniter4/framework/system/CodeIgniter.php(825): App\Controllers\Guru\Absensi->index()
#6 /mnt/work/coding/ta/ta/vendor/codeigniter4/framework/system/CodeIgniter.php(412): CodeIgniter\CodeIgniter->runController()
#7 /mnt/work/coding/ta/ta/vendor/codeigniter4/framework/system/CodeIgniter.php(320): CodeIgniter\CodeIgniter->handleRequest()
#8 /mnt/work/coding/ta/ta/public/index.php(37): CodeIgniter\CodeIgniter->run()
#9 /mnt/work/coding/ta/ta/vendor/codeigniter4/framework/system/Commands/Server/rewrite.php(43): require_once('...')
#10 {main}
CRITICAL - 2022-07-20 22:52:29 --> Undefined array key "id"
#0 /mnt/work/coding/ta/ta/app/Views/guru/absensi/index.php(114): CodeIgniter\Debug\Exceptions->errorHandler()
#1 /mnt/work/coding/ta/ta/vendor/codeigniter4/framework/system/View/View.php(210): include('...')
#2 /mnt/work/coding/ta/ta/vendor/codeigniter4/framework/system/View/View.php(213): CodeIgniter\View\View->CodeIgniter\View\{closure}()
#3 /mnt/work/coding/ta/ta/vendor/codeigniter4/framework/system/Common.php(1089): CodeIgniter\View\View->render()
#4 /mnt/work/coding/ta/ta/app/Controllers/Guru/Absensi.php(26): view()
#5 /mnt/work/coding/ta/ta/vendor/codeigniter4/framework/system/CodeIgniter.php(825): App\Controllers\Guru\Absensi->index()
#6 /mnt/work/coding/ta/ta/vendor/codeigniter4/framework/system/CodeIgniter.php(412): CodeIgniter\CodeIgniter->runController()
#7 /mnt/work/coding/ta/ta/vendor/codeigniter4/framework/system/CodeIgniter.php(320): CodeIgniter\CodeIgniter->handleRequest()
#8 /mnt/work/coding/ta/ta/public/index.php(37): CodeIgniter\CodeIgniter->run()
#9 /mnt/work/coding/ta/ta/vendor/codeigniter4/framework/system/Commands/Server/rewrite.php(43): require_once('...')
#10 {main}
CRITICAL - 2022-07-20 22:52:30 --> Undefined array key "id"
#0 /mnt/work/coding/ta/ta/app/Views/guru/absensi/index.php(114): CodeIgniter\Debug\Exceptions->errorHandler()
#1 /mnt/work/coding/ta/ta/vendor/codeigniter4/framework/system/View/View.php(210): include('...')
#2 /mnt/work/coding/ta/ta/vendor/codeigniter4/framework/system/View/View.php(213): CodeIgniter\View\View->CodeIgniter\View\{closure}()
#3 /mnt/work/coding/ta/ta/vendor/codeigniter4/framework/system/Common.php(1089): CodeIgniter\View\View->render()
#4 /mnt/work/coding/ta/ta/app/Controllers/Guru/Absensi.php(26): view()
#5 /mnt/work/coding/ta/ta/vendor/codeigniter4/framework/system/CodeIgniter.php(825): App\Controllers\Guru\Absensi->index()
#6 /mnt/work/coding/ta/ta/vendor/codeigniter4/framework/system/CodeIgniter.php(412): CodeIgniter\CodeIgniter->runController()
#7 /mnt/work/coding/ta/ta/vendor/codeigniter4/framework/system/CodeIgniter.php(320): CodeIgniter\CodeIgniter->handleRequest()
#8 /mnt/work/coding/ta/ta/public/index.php(37): CodeIgniter\CodeIgniter->run()
#9 /mnt/work/coding/ta/ta/vendor/codeigniter4/framework/system/Commands/Server/rewrite.php(43): require_once('...')
#10 {main}
CRITICAL - 2022-07-20 23:15:13 --> Undefined property: App\Controllers\Guru\Absensi::$absensiModel
#0 /mnt/work/coding/ta/ta/app/Controllers/Guru/Absensi.php(63): CodeIgniter\Debug\Exceptions->errorHandler()
#1 /mnt/work/coding/ta/ta/vendor/codeigniter4/framework/system/CodeIgniter.php(825): App\Controllers\Guru\Absensi->updateabsensi()
#2 /mnt/work/coding/ta/ta/vendor/codeigniter4/framework/system/CodeIgniter.php(412): CodeIgniter\CodeIgniter->runController()
#3 /mnt/work/coding/ta/ta/vendor/codeigniter4/framework/system/CodeIgniter.php(320): CodeIgniter\CodeIgniter->handleRequest()
#4 /mnt/work/coding/ta/ta/public/index.php(37): CodeIgniter\CodeIgniter->run()
#5 /mnt/work/coding/ta/ta/vendor/codeigniter4/framework/system/Commands/Server/rewrite.php(43): require_once('...')
#6 {main}
CRITICAL - 2022-07-20 23:15:56 --> Undefined property: App\Controllers\Guru\Absensi::$absensiModel
#0 /mnt/work/coding/ta/ta/app/Controllers/Guru/Absensi.php(63): CodeIgniter\Debug\Exceptions->errorHandler()
#1 /mnt/work/coding/ta/ta/vendor/codeigniter4/framework/system/CodeIgniter.php(825): App\Controllers\Guru\Absensi->updateabsensi()
#2 /mnt/work/coding/ta/ta/vendor/codeigniter4/framework/system/CodeIgniter.php(412): CodeIgniter\CodeIgniter->runController()
#3 /mnt/work/coding/ta/ta/vendor/codeigniter4/framework/system/CodeIgniter.php(320): CodeIgniter\CodeIgniter->handleRequest()
#4 /mnt/work/coding/ta/ta/public/index.php(37): CodeIgniter\CodeIgniter->run()
#5 /mnt/work/coding/ta/ta/vendor/codeigniter4/framework/system/Commands/Server/rewrite.php(43): require_once('...')
#6 {main}
CRITICAL - 2022-07-20 23:19:12 --> Undefined property: App\Controllers\Guru\Absensi::$absensiModel
#0 /mnt/work/coding/ta/ta/app/Controllers/Guru/Absensi.php(64): CodeIgniter\Debug\Exceptions->errorHandler()
#1 /mnt/work/coding/ta/ta/vendor/codeigniter4/framework/system/CodeIgniter.php(825): App\Controllers\Guru\Absensi->updateabsensi()
#2 /mnt/work/coding/ta/ta/vendor/codeigniter4/framework/system/CodeIgniter.php(412): CodeIgniter\CodeIgniter->runController()
#3 /mnt/work/coding/ta/ta/vendor/codeigniter4/framework/system/CodeIgniter.php(320): CodeIgniter\CodeIgniter->handleRequest()
#4 /mnt/work/coding/ta/ta/public/index.php(37): CodeIgniter\CodeIgniter->run()
#5 /mnt/work/coding/ta/ta/vendor/codeigniter4/framework/system/Commands/Server/rewrite.php(43): require_once('...')
#6 {main}
CRITICAL - 2022-07-20 23:19:17 --> Undefined property: App\Controllers\Guru\Absensi::$absensiModel
#0 /mnt/work/coding/ta/ta/app/Controllers/Guru/Absensi.php(64): CodeIgniter\Debug\Exceptions->errorHandler()
#1 /mnt/work/coding/ta/ta/vendor/codeigniter4/framework/system/CodeIgniter.php(825): App\Controllers\Guru\Absensi->updateabsensi()
#2 /mnt/work/coding/ta/ta/vendor/codeigniter4/framework/system/CodeIgniter.php(412): CodeIgniter\CodeIgniter->runController()
#3 /mnt/work/coding/ta/ta/vendor/codeigniter4/framework/system/CodeIgniter.php(320): CodeIgniter\CodeIgniter->handleRequest()
#4 /mnt/work/coding/ta/ta/public/index.php(37): CodeIgniter\CodeIgniter->run()
#5 /mnt/work/coding/ta/ta/vendor/codeigniter4/framework/system/Commands/Server/rewrite.php(43): require_once('...')
#6 {main}
CRITICAL - 2022-07-20 23:20:35 --> Undefined property: App\Controllers\Guru\Absensi::$absensiModel
#0 /mnt/work/coding/ta/ta/app/Controllers/Guru/Absensi.php(64): CodeIgniter\Debug\Exceptions->errorHandler()
#1 /mnt/work/coding/ta/ta/vendor/codeigniter4/framework/system/CodeIgniter.php(825): App\Controllers\Guru\Absensi->updateabsensi()
#2 /mnt/work/coding/ta/ta/vendor/codeigniter4/framework/system/CodeIgniter.php(412): CodeIgniter\CodeIgniter->runController()
#3 /mnt/work/coding/ta/ta/vendor/codeigniter4/framework/system/CodeIgniter.php(320): CodeIgniter\CodeIgniter->handleRequest()
#4 /mnt/work/coding/ta/ta/public/index.php(37): CodeIgniter\CodeIgniter->run()
#5 /mnt/work/coding/ta/ta/vendor/codeigniter4/framework/system/Commands/Server/rewrite.php(43): require_once('...')
#6 {main}
CRITICAL - 2022-07-20 23:21:37 --> Undefined property: App\Controllers\Guru\Absensi::$absensiModel
#0 /mnt/work/coding/ta/ta/app/Controllers/Guru/Absensi.php(64): CodeIgniter\Debug\Exceptions->errorHandler()
#1 /mnt/work/coding/ta/ta/vendor/codeigniter4/framework/system/CodeIgniter.php(825): App\Controllers\Guru\Absensi->updateabsensi()
#2 /mnt/work/coding/ta/ta/vendor/codeigniter4/framework/system/CodeIgniter.php(412): CodeIgniter\CodeIgniter->runController()
#3 /mnt/work/coding/ta/ta/vendor/codeigniter4/framework/system/CodeIgniter.php(320): CodeIgniter\CodeIgniter->handleRequest()
#4 /mnt/work/coding/ta/ta/public/index.php(37): CodeIgniter\CodeIgniter->run()
#5 /mnt/work/coding/ta/ta/vendor/codeigniter4/framework/system/Commands/Server/rewrite.php(43): require_once('...')
#6 {main}
CRITICAL - 2022-07-20 23:54:56 --> Call to undefined method App\Controllers\Guru\Absensi::respond()
#0 /mnt/work/coding/ta/ta/vendor/codeigniter4/framework/system/CodeIgniter.php(825): App\Controllers\Guru\Absensi->updateabsensi()
#1 /mnt/work/coding/ta/ta/vendor/codeigniter4/framework/system/CodeIgniter.php(412): CodeIgniter\CodeIgniter->runController()
#2 /mnt/work/coding/ta/ta/vendor/codeigniter4/framework/system/CodeIgniter.php(320): CodeIgniter\CodeIgniter->handleRequest()
#3 /mnt/work/coding/ta/ta/public/index.php(37): CodeIgniter\CodeIgniter->run()
#4 /mnt/work/coding/ta/ta/vendor/codeigniter4/framework/system/Commands/Server/rewrite.php(43): require_once('...')
#5 {main}
CRITICAL - 2022-07-20 23:55:09 --> Call to undefined method App\Controllers\Guru\Absensi::respond()
#0 /mnt/work/coding/ta/ta/vendor/codeigniter4/framework/system/CodeIgniter.php(825): App\Controllers\Guru\Absensi->updateabsensi()
#1 /mnt/work/coding/ta/ta/vendor/codeigniter4/framework/system/CodeIgniter.php(412): CodeIgniter\CodeIgniter->runController()
#2 /mnt/work/coding/ta/ta/vendor/codeigniter4/framework/system/CodeIgniter.php(320): CodeIgniter\CodeIgniter->handleRequest()
#3 /mnt/work/coding/ta/ta/public/index.php(37): CodeIgniter\CodeIgniter->run()
#4 /mnt/work/coding/ta/ta/vendor/codeigniter4/framework/system/Commands/Server/rewrite.php(43): require_once('...')
#5 {main}
CRITICAL - 2022-07-20 23:55:26 --> Call to undefined method App\Controllers\Guru\Absensi::respond()
#0 /mnt/work/coding/ta/ta/vendor/codeigniter4/framework/system/CodeIgniter.php(825): App\Controllers\Guru\Absensi->updateabsensi()
#1 /mnt/work/coding/ta/ta/vendor/codeigniter4/framework/system/CodeIgniter.php(412): CodeIgniter\CodeIgniter->runController()
#2 /mnt/work/coding/ta/ta/vendor/codeigniter4/framework/system/CodeIgniter.php(320): CodeIgniter\CodeIgniter->handleRequest()
#3 /mnt/work/coding/ta/ta/public/index.php(37): CodeIgniter\CodeIgniter->run()
#4 /mnt/work/coding/ta/ta/vendor/codeigniter4/framework/system/Commands/Server/rewrite.php(43): require_once('...')
#5 {main}
