CRITICAL - 2022-03-05 23:07:07 --> syntax error, unexpected token "}"
#0 /media/disk/Work/coding/ta/ta/vendor/codeigniter4/framework/system/Router/Router.php(175): CodeIgniter\Router\Router->autoRoute()
#1 /media/disk/Work/coding/ta/ta/vendor/codeigniter4/framework/system/CodeIgniter.php(719): CodeIgniter\Router\Router->handle()
#2 /media/disk/Work/coding/ta/ta/vendor/codeigniter4/framework/system/CodeIgniter.php(361): CodeIgniter\CodeIgniter->tryToRouteIt()
#3 /media/disk/Work/coding/ta/ta/vendor/codeigniter4/framework/system/CodeIgniter.php(320): CodeIgniter\CodeIgniter->handleRequest()
#4 /media/disk/Work/coding/ta/ta/public/index.php(37): CodeIgniter\CodeIgniter->run()
#5 /media/disk/Work/coding/ta/ta/vendor/codeigniter4/framework/system/Commands/Server/rewrite.php(43): require_once('...')
#6 {main}
CRITICAL - 2022-03-05 23:16:12 --> Undefined variable $jKelas
#0 /media/disk/Work/coding/ta/ta/app/Views/admin/index.php(41): CodeIgniter\Debug\Exceptions->errorHandler()
#1 /media/disk/Work/coding/ta/ta/vendor/codeigniter4/framework/system/View/View.php(210): include('...')
#2 /media/disk/Work/coding/ta/ta/vendor/codeigniter4/framework/system/View/View.php(213): CodeIgniter\View\View->CodeIgniter\View\{closure}()
#3 /media/disk/Work/coding/ta/ta/vendor/codeigniter4/framework/system/Common.php(1089): CodeIgniter\View\View->render()
#4 /media/disk/Work/coding/ta/ta/app/Controllers/Admin/Home.php(38): view()
#5 /media/disk/Work/coding/ta/ta/vendor/codeigniter4/framework/system/CodeIgniter.php(825): App\Controllers\Admin\Home->index()
#6 /media/disk/Work/coding/ta/ta/vendor/codeigniter4/framework/system/CodeIgniter.php(412): CodeIgniter\CodeIgniter->runController()
#7 /media/disk/Work/coding/ta/ta/vendor/codeigniter4/framework/system/CodeIgniter.php(320): CodeIgniter\CodeIgniter->handleRequest()
#8 /media/disk/Work/coding/ta/ta/public/index.php(37): CodeIgniter\CodeIgniter->run()
#9 /media/disk/Work/coding/ta/ta/vendor/codeigniter4/framework/system/Commands/Server/rewrite.php(43): require_once('...')
#10 {main}
CRITICAL - 2022-03-05 23:32:50 --> Invalid file: template/adminTemplate.php
#0 /media/disk/Work/coding/ta/ta/vendor/codeigniter4/framework/system/View/View.php(198): CodeIgniter\Exceptions\FrameworkException::forInvalidFile()
#1 /media/disk/Work/coding/ta/ta/vendor/codeigniter4/framework/system/View/View.php(226): CodeIgniter\View\View->render()
#2 /media/disk/Work/coding/ta/ta/vendor/codeigniter4/framework/system/Common.php(1089): CodeIgniter\View\View->render()
#3 /media/disk/Work/coding/ta/ta/app/Controllers/Admin/Profil.php(15): view()
#4 /media/disk/Work/coding/ta/ta/vendor/codeigniter4/framework/system/CodeIgniter.php(825): App\Controllers\Admin\Profil->index()
#5 /media/disk/Work/coding/ta/ta/vendor/codeigniter4/framework/system/CodeIgniter.php(412): CodeIgniter\CodeIgniter->runController()
#6 /media/disk/Work/coding/ta/ta/vendor/codeigniter4/framework/system/CodeIgniter.php(320): CodeIgniter\CodeIgniter->handleRequest()
#7 /media/disk/Work/coding/ta/ta/public/index.php(37): CodeIgniter\CodeIgniter->run()
#8 /media/disk/Work/coding/ta/ta/vendor/codeigniter4/framework/system/Commands/Server/rewrite.php(43): require_once('...')
#9 {main}
CRITICAL - 2022-03-05 23:42:16 --> Invalid file: admin/informasi.php
#0 /media/disk/Work/coding/ta/ta/vendor/codeigniter4/framework/system/View/View.php(198): CodeIgniter\Exceptions\FrameworkException::forInvalidFile()
#1 /media/disk/Work/coding/ta/ta/vendor/codeigniter4/framework/system/Common.php(1089): CodeIgniter\View\View->render()
#2 /media/disk/Work/coding/ta/ta/app/Controllers/Admin/Informasi.php(15): view()
#3 /media/disk/Work/coding/ta/ta/vendor/codeigniter4/framework/system/CodeIgniter.php(825): App\Controllers\Admin\Informasi->index()
#4 /media/disk/Work/coding/ta/ta/vendor/codeigniter4/framework/system/CodeIgniter.php(412): CodeIgniter\CodeIgniter->runController()
#5 /media/disk/Work/coding/ta/ta/vendor/codeigniter4/framework/system/CodeIgniter.php(320): CodeIgniter\CodeIgniter->handleRequest()
#6 /media/disk/Work/coding/ta/ta/public/index.php(37): CodeIgniter\CodeIgniter->run()
#7 /media/disk/Work/coding/ta/ta/vendor/codeigniter4/framework/system/Commands/Server/rewrite.php(43): require_once('...')
#8 {main}
CRITICAL - 2022-03-05 23:42:29 --> Invalid file: template/admin/admninTemplate.php
#0 /media/disk/Work/coding/ta/ta/vendor/codeigniter4/framework/system/View/View.php(198): CodeIgniter\Exceptions\FrameworkException::forInvalidFile()
#1 /media/disk/Work/coding/ta/ta/vendor/codeigniter4/framework/system/View/View.php(226): CodeIgniter\View\View->render()
#2 /media/disk/Work/coding/ta/ta/vendor/codeigniter4/framework/system/Common.php(1089): CodeIgniter\View\View->render()
#3 /media/disk/Work/coding/ta/ta/app/Controllers/Admin/Informasi.php(15): view()
#4 /media/disk/Work/coding/ta/ta/vendor/codeigniter4/framework/system/CodeIgniter.php(825): App\Controllers\Admin\Informasi->index()
#5 /media/disk/Work/coding/ta/ta/vendor/codeigniter4/framework/system/CodeIgniter.php(412): CodeIgniter\CodeIgniter->runController()
#6 /media/disk/Work/coding/ta/ta/vendor/codeigniter4/framework/system/CodeIgniter.php(320): CodeIgniter\CodeIgniter->handleRequest()
#7 /media/disk/Work/coding/ta/ta/public/index.php(37): CodeIgniter\CodeIgniter->run()
#8 /media/disk/Work/coding/ta/ta/vendor/codeigniter4/framework/system/Commands/Server/rewrite.php(43): require_once('...')
#9 {main}
CRITICAL - 2022-03-05 23:42:31 --> Invalid file: template/admin/admninTemplate.php
#0 /media/disk/Work/coding/ta/ta/vendor/codeigniter4/framework/system/View/View.php(198): CodeIgniter\Exceptions\FrameworkException::forInvalidFile()
#1 /media/disk/Work/coding/ta/ta/vendor/codeigniter4/framework/system/View/View.php(226): CodeIgniter\View\View->render()
#2 /media/disk/Work/coding/ta/ta/vendor/codeigniter4/framework/system/Common.php(1089): CodeIgniter\View\View->render()
#3 /media/disk/Work/coding/ta/ta/app/Controllers/Admin/Informasi.php(15): view()
#4 /media/disk/Work/coding/ta/ta/vendor/codeigniter4/framework/system/CodeIgniter.php(825): App\Controllers\Admin\Informasi->index()
#5 /media/disk/Work/coding/ta/ta/vendor/codeigniter4/framework/system/CodeIgniter.php(412): CodeIgniter\CodeIgniter->runController()
#6 /media/disk/Work/coding/ta/ta/vendor/codeigniter4/framework/system/CodeIgniter.php(320): CodeIgniter\CodeIgniter->handleRequest()
#7 /media/disk/Work/coding/ta/ta/public/index.php(37): CodeIgniter\CodeIgniter->run()
#8 /media/disk/Work/coding/ta/ta/vendor/codeigniter4/framework/system/Commands/Server/rewrite.php(43): require_once('...')
#9 {main}
CRITICAL - 2022-03-05 23:42:41 --> Undefined variable $title
#0 /media/disk/Work/coding/ta/ta/app/Views/template/parsial/breadcrumb.php(1): CodeIgniter\Debug\Exceptions->errorHandler()
#1 /media/disk/Work/coding/ta/ta/vendor/codeigniter4/framework/system/View/View.php(210): include('...')
#2 /media/disk/Work/coding/ta/ta/vendor/codeigniter4/framework/system/View/View.php(213): CodeIgniter\View\View->CodeIgniter\View\{closure}()
#3 /media/disk/Work/coding/ta/ta/vendor/codeigniter4/framework/system/View/View.php(424): CodeIgniter\View\View->render()
#4 /media/disk/Work/coding/ta/ta/app/Views/template/admin/adminTemplate.php(19): CodeIgniter\View\View->include()
#5 /media/disk/Work/coding/ta/ta/vendor/codeigniter4/framework/system/View/View.php(210): include('...')
#6 /media/disk/Work/coding/ta/ta/vendor/codeigniter4/framework/system/View/View.php(213): CodeIgniter\View\View->CodeIgniter\View\{closure}()
#7 /media/disk/Work/coding/ta/ta/vendor/codeigniter4/framework/system/View/View.php(226): CodeIgniter\View\View->render()
#8 /media/disk/Work/coding/ta/ta/vendor/codeigniter4/framework/system/Common.php(1089): CodeIgniter\View\View->render()
#9 /media/disk/Work/coding/ta/ta/app/Controllers/Admin/Informasi.php(15): view()
#10 /media/disk/Work/coding/ta/ta/vendor/codeigniter4/framework/system/CodeIgniter.php(825): App\Controllers\Admin\Informasi->index()
#11 /media/disk/Work/coding/ta/ta/vendor/codeigniter4/framework/system/CodeIgniter.php(412): CodeIgniter\CodeIgniter->runController()
#12 /media/disk/Work/coding/ta/ta/vendor/codeigniter4/framework/system/CodeIgniter.php(320): CodeIgniter\CodeIgniter->handleRequest()
#13 /media/disk/Work/coding/ta/ta/public/index.php(37): CodeIgniter\CodeIgniter->run()
#14 /media/disk/Work/coding/ta/ta/vendor/codeigniter4/framework/system/Commands/Server/rewrite.php(43): require_once('...')
#15 {main}
CRITICAL - 2022-03-05 23:44:43 --> Undefined variable $dataAdmin
#0 /media/disk/Work/coding/ta/ta/app/Views/admin/informasi/index.php(33): CodeIgniter\Debug\Exceptions->errorHandler()
#1 /media/disk/Work/coding/ta/ta/vendor/codeigniter4/framework/system/View/View.php(210): include('...')
#2 /media/disk/Work/coding/ta/ta/vendor/codeigniter4/framework/system/View/View.php(213): CodeIgniter\View\View->CodeIgniter\View\{closure}()
#3 /media/disk/Work/coding/ta/ta/vendor/codeigniter4/framework/system/Common.php(1089): CodeIgniter\View\View->render()
#4 /media/disk/Work/coding/ta/ta/app/Controllers/Admin/Informasi.php(15): view()
#5 /media/disk/Work/coding/ta/ta/vendor/codeigniter4/framework/system/CodeIgniter.php(825): App\Controllers\Admin\Informasi->index()
#6 /media/disk/Work/coding/ta/ta/vendor/codeigniter4/framework/system/CodeIgniter.php(412): CodeIgniter\CodeIgniter->runController()
#7 /media/disk/Work/coding/ta/ta/vendor/codeigniter4/framework/system/CodeIgniter.php(320): CodeIgniter\CodeIgniter->handleRequest()
#8 /media/disk/Work/coding/ta/ta/public/index.php(37): CodeIgniter\CodeIgniter->run()
#9 /media/disk/Work/coding/ta/ta/vendor/codeigniter4/framework/system/Commands/Server/rewrite.php(43): require_once('...')
#10 {main}
CRITICAL - 2022-03-05 23:46:51 --> syntax error, unexpected token "]"
#0 /media/disk/Work/coding/ta/ta/vendor/codeigniter4/framework/system/Router/Router.php(175): CodeIgniter\Router\Router->autoRoute()
#1 /media/disk/Work/coding/ta/ta/vendor/codeigniter4/framework/system/CodeIgniter.php(719): CodeIgniter\Router\Router->handle()
#2 /media/disk/Work/coding/ta/ta/vendor/codeigniter4/framework/system/CodeIgniter.php(361): CodeIgniter\CodeIgniter->tryToRouteIt()
#3 /media/disk/Work/coding/ta/ta/vendor/codeigniter4/framework/system/CodeIgniter.php(320): CodeIgniter\CodeIgniter->handleRequest()
#4 /media/disk/Work/coding/ta/ta/public/index.php(37): CodeIgniter\CodeIgniter->run()
#5 /media/disk/Work/coding/ta/ta/vendor/codeigniter4/framework/system/Commands/Server/rewrite.php(43): require_once('...')
#6 {main}
